<?xml version="1.0" encoding="UTF-8"?>
<testsuite xmlns:xsi="http://www.w3.org/2001/XMLSchema-instance" xsi:noNamespaceSchemaLocation="https://maven.apache.org/surefire/maven-surefire-plugin/xsd/surefire-test-report-3.0.xsd" version="3.0" name="ru.sberstart.finalproject.infrastructure.repostitory.UserRepositoryImplIntegrationTest" time="8.956" tests="4" errors="0" skipped="0" failures="0">
  <properties>
    <property name="java.specification.version" value="17"/>
    <property name="sun.cpu.isalist" value="amd64"/>
    <property name="sun.jnu.encoding" value="Cp1251"/>
    <property name="java.class.path" value="C:\Users\theLaptop\Desktop\sberstart-final-project\target\test-classes;C:\Users\theLaptop\Desktop\sberstart-final-project\target\classes;C:\Users\theLaptop\.m2\repository\org\springframework\boot\spring-boot-starter-web\3.3.3\spring-boot-starter-web-3.3.3.jar;C:\Users\theLaptop\.m2\repository\org\springframework\boot\spring-boot-starter\3.3.3\spring-boot-starter-3.3.3.jar;C:\Users\theLaptop\.m2\repository\org\springframework\boot\spring-boot\3.3.3\spring-boot-3.3.3.jar;C:\Users\theLaptop\.m2\repository\org\springframework\boot\spring-boot-autoconfigure\3.3.3\spring-boot-autoconfigure-3.3.3.jar;C:\Users\theLaptop\.m2\repository\org\springframework\boot\spring-boot-starter-logging\3.3.3\spring-boot-starter-logging-3.3.3.jar;C:\Users\theLaptop\.m2\repository\org\apache\logging\log4j\log4j-to-slf4j\2.23.1\log4j-to-slf4j-2.23.1.jar;C:\Users\theLaptop\.m2\repository\org\apache\logging\log4j\log4j-api\2.23.1\log4j-api-2.23.1.jar;C:\Users\theLaptop\.m2\repository\org\slf4j\jul-to-slf4j\2.0.16\jul-to-slf4j-2.0.16.jar;C:\Users\theLaptop\.m2\repository\org\springframework\boot\spring-boot-starter-json\3.3.3\spring-boot-starter-json-3.3.3.jar;C:\Users\theLaptop\.m2\repository\com\fasterxml\jackson\core\jackson-databind\2.17.2\jackson-databind-2.17.2.jar;C:\Users\theLaptop\.m2\repository\com\fasterxml\jackson\core\jackson-annotations\2.17.2\jackson-annotations-2.17.2.jar;C:\Users\theLaptop\.m2\repository\com\fasterxml\jackson\core\jackson-core\2.17.2\jackson-core-2.17.2.jar;C:\Users\theLaptop\.m2\repository\com\fasterxml\jackson\datatype\jackson-datatype-jdk8\2.17.2\jackson-datatype-jdk8-2.17.2.jar;C:\Users\theLaptop\.m2\repository\com\fasterxml\jackson\datatype\jackson-datatype-jsr310\2.17.2\jackson-datatype-jsr310-2.17.2.jar;C:\Users\theLaptop\.m2\repository\com\fasterxml\jackson\module\jackson-module-parameter-names\2.17.2\jackson-module-parameter-names-2.17.2.jar;C:\Users\theLaptop\.m2\repository\org\springframework\spring-web\6.1.12\spring-web-6.1.12.jar;C:\Users\theLaptop\.m2\repository\org\springframework\spring-webmvc\6.1.12\spring-webmvc-6.1.12.jar;C:\Users\theLaptop\.m2\repository\org\springframework\boot\spring-boot-starter-tomcat\3.3.3\spring-boot-starter-tomcat-3.3.3.jar;C:\Users\theLaptop\.m2\repository\jakarta\annotation\jakarta.annotation-api\2.1.1\jakarta.annotation-api-2.1.1.jar;C:\Users\theLaptop\.m2\repository\org\apache\tomcat\embed\tomcat-embed-core\10.1.28\tomcat-embed-core-10.1.28.jar;C:\Users\theLaptop\.m2\repository\org\apache\tomcat\embed\tomcat-embed-el\10.1.28\tomcat-embed-el-10.1.28.jar;C:\Users\theLaptop\.m2\repository\org\apache\tomcat\embed\tomcat-embed-websocket\10.1.28\tomcat-embed-websocket-10.1.28.jar;C:\Users\theLaptop\.m2\repository\org\springframework\boot\spring-boot-starter-test\3.3.3\spring-boot-starter-test-3.3.3.jar;C:\Users\theLaptop\.m2\repository\org\springframework\boot\spring-boot-test\3.3.3\spring-boot-test-3.3.3.jar;C:\Users\theLaptop\.m2\repository\org\springframework\boot\spring-boot-test-autoconfigure\3.3.3\spring-boot-test-autoconfigure-3.3.3.jar;C:\Users\theLaptop\.m2\repository\com\jayway\jsonpath\json-path\2.9.0\json-path-2.9.0.jar;C:\Users\theLaptop\.m2\repository\jakarta\xml\bind\jakarta.xml.bind-api\4.0.2\jakarta.xml.bind-api-4.0.2.jar;C:\Users\theLaptop\.m2\repository\jakarta\activation\jakarta.activation-api\2.1.3\jakarta.activation-api-2.1.3.jar;C:\Users\theLaptop\.m2\repository\net\minidev\json-smart\2.5.1\json-smart-2.5.1.jar;C:\Users\theLaptop\.m2\repository\net\minidev\accessors-smart\2.5.1\accessors-smart-2.5.1.jar;C:\Users\theLaptop\.m2\repository\org\ow2\asm\asm\9.6\asm-9.6.jar;C:\Users\theLaptop\.m2\repository\org\assertj\assertj-core\3.25.3\assertj-core-3.25.3.jar;C:\Users\theLaptop\.m2\repository\net\bytebuddy\byte-buddy\1.14.19\byte-buddy-1.14.19.jar;C:\Users\theLaptop\.m2\repository\org\awaitility\awaitility\4.2.2\awaitility-4.2.2.jar;C:\Users\theLaptop\.m2\repository\org\hamcrest\hamcrest\2.2\hamcrest-2.2.jar;C:\Users\theLaptop\.m2\repository\org\junit\jupiter\junit-jupiter\5.10.3\junit-jupiter-5.10.3.jar;C:\Users\theLaptop\.m2\repository\org\junit\jupiter\junit-jupiter-params\5.10.3\junit-jupiter-params-5.10.3.jar;C:\Users\theLaptop\.m2\repository\org\junit\jupiter\junit-jupiter-engine\5.10.3\junit-jupiter-engine-5.10.3.jar;C:\Users\theLaptop\.m2\repository\org\junit\platform\junit-platform-engine\1.10.3\junit-platform-engine-1.10.3.jar;C:\Users\theLaptop\.m2\repository\org\mockito\mockito-core\5.11.0\mockito-core-5.11.0.jar;C:\Users\theLaptop\.m2\repository\net\bytebuddy\byte-buddy-agent\1.14.19\byte-buddy-agent-1.14.19.jar;C:\Users\theLaptop\.m2\repository\org\objenesis\objenesis\3.3\objenesis-3.3.jar;C:\Users\theLaptop\.m2\repository\org\mockito\mockito-junit-jupiter\5.11.0\mockito-junit-jupiter-5.11.0.jar;C:\Users\theLaptop\.m2\repository\org\skyscreamer\jsonassert\1.5.3\jsonassert-1.5.3.jar;C:\Users\theLaptop\.m2\repository\com\vaadin\external\google\android-json\0.0.20131108.vaadin1\android-json-0.0.20131108.vaadin1.jar;C:\Users\theLaptop\.m2\repository\org\springframework\spring-core\6.1.12\spring-core-6.1.12.jar;C:\Users\theLaptop\.m2\repository\org\springframework\spring-jcl\6.1.12\spring-jcl-6.1.12.jar;C:\Users\theLaptop\.m2\repository\org\springframework\spring-test\6.1.12\spring-test-6.1.12.jar;C:\Users\theLaptop\.m2\repository\org\xmlunit\xmlunit-core\2.9.1\xmlunit-core-2.9.1.jar;C:\Users\theLaptop\.m2\repository\org\springframework\boot\spring-boot-starter-jdbc\3.3.3\spring-boot-starter-jdbc-3.3.3.jar;C:\Users\theLaptop\.m2\repository\com\zaxxer\HikariCP\5.1.0\HikariCP-5.1.0.jar;C:\Users\theLaptop\.m2\repository\org\springframework\spring-jdbc\6.1.12\spring-jdbc-6.1.12.jar;C:\Users\theLaptop\.m2\repository\org\springframework\boot\spring-boot-starter-jooq\3.3.3\spring-boot-starter-jooq-3.3.3.jar;C:\Users\theLaptop\.m2\repository\org\springframework\spring-tx\6.1.12\spring-tx-6.1.12.jar;C:\Users\theLaptop\.m2\repository\org\springframework\security\spring-security-web\6.3.3\spring-security-web-6.3.3.jar;C:\Users\theLaptop\.m2\repository\org\springframework\spring-aop\6.1.12\spring-aop-6.1.12.jar;C:\Users\theLaptop\.m2\repository\org\springframework\spring-beans\6.1.12\spring-beans-6.1.12.jar;C:\Users\theLaptop\.m2\repository\org\springframework\spring-context\6.1.12\spring-context-6.1.12.jar;C:\Users\theLaptop\.m2\repository\org\springframework\spring-expression\6.1.12\spring-expression-6.1.12.jar;C:\Users\theLaptop\.m2\repository\org\springframework\security\spring-security-core\6.3.3\spring-security-core-6.3.3.jar;C:\Users\theLaptop\.m2\repository\org\springframework\security\spring-security-crypto\6.3.3\spring-security-crypto-6.3.3.jar;C:\Users\theLaptop\.m2\repository\io\micrometer\micrometer-observation\1.13.3\micrometer-observation-1.13.3.jar;C:\Users\theLaptop\.m2\repository\io\micrometer\micrometer-commons\1.13.3\micrometer-commons-1.13.3.jar;C:\Users\theLaptop\.m2\repository\org\mapstruct\mapstruct\1.5.5.Final\mapstruct-1.5.5.Final.jar;C:\Users\theLaptop\.m2\repository\org\mapstruct\mapstruct-processor\1.5.5.Final\mapstruct-processor-1.5.5.Final.jar;C:\Users\theLaptop\.m2\repository\com\h2database\h2\2.2.224\h2-2.2.224.jar;C:\Users\theLaptop\.m2\repository\org\jooq\jooq\3.18.4\jooq-3.18.4.jar;C:\Users\theLaptop\.m2\repository\io\r2dbc\r2dbc-spi\1.0.0.RELEASE\r2dbc-spi-1.0.0.RELEASE.jar;C:\Users\theLaptop\.m2\repository\org\reactivestreams\reactive-streams\1.0.4\reactive-streams-1.0.4.jar;C:\Users\theLaptop\.m2\repository\org\liquibase\liquibase-core\4.23.0\liquibase-core-4.23.0.jar;C:\Users\theLaptop\.m2\repository\com\opencsv\opencsv\5.7.1\opencsv-5.7.1.jar;C:\Users\theLaptop\.m2\repository\org\apache\commons\commons-lang3\3.14.0\commons-lang3-3.14.0.jar;C:\Users\theLaptop\.m2\repository\org\apache\commons\commons-text\1.10.0\commons-text-1.10.0.jar;C:\Users\theLaptop\.m2\repository\org\apache\commons\commons-collections4\4.4\commons-collections4-4.4.jar;C:\Users\theLaptop\.m2\repository\org\yaml\snakeyaml\2.2\snakeyaml-2.2.jar;C:\Users\theLaptop\.m2\repository\javax\xml\bind\jaxb-api\2.3.1\jaxb-api-2.3.1.jar;C:\Users\theLaptop\.m2\repository\javax\activation\javax.activation-api\1.2.0\javax.activation-api-1.2.0.jar;C:\Users\theLaptop\.m2\repository\org\springdoc\springdoc-openapi-starter-webmvc-ui\2.6.0\springdoc-openapi-starter-webmvc-ui-2.6.0.jar;C:\Users\theLaptop\.m2\repository\org\springdoc\springdoc-openapi-starter-webmvc-api\2.6.0\springdoc-openapi-starter-webmvc-api-2.6.0.jar;C:\Users\theLaptop\.m2\repository\org\springdoc\springdoc-openapi-starter-common\2.6.0\springdoc-openapi-starter-common-2.6.0.jar;C:\Users\theLaptop\.m2\repository\io\swagger\core\v3\swagger-core-jakarta\2.2.22\swagger-core-jakarta-2.2.22.jar;C:\Users\theLaptop\.m2\repository\io\swagger\core\v3\swagger-annotations-jakarta\2.2.22\swagger-annotations-jakarta-2.2.22.jar;C:\Users\theLaptop\.m2\repository\io\swagger\core\v3\swagger-models-jakarta\2.2.22\swagger-models-jakarta-2.2.22.jar;C:\Users\theLaptop\.m2\repository\jakarta\validation\jakarta.validation-api\3.0.2\jakarta.validation-api-3.0.2.jar;C:\Users\theLaptop\.m2\repository\com\fasterxml\jackson\dataformat\jackson-dataformat-yaml\2.17.2\jackson-dataformat-yaml-2.17.2.jar;C:\Users\theLaptop\.m2\repository\org\webjars\swagger-ui\5.17.14\swagger-ui-5.17.14.jar;C:\Users\theLaptop\.m2\repository\org\jetbrains\annotations\19.0.0\annotations-19.0.0.jar;C:\Users\theLaptop\.m2\repository\junit\junit\4.13.1\junit-4.13.1.jar;C:\Users\theLaptop\.m2\repository\org\hamcrest\hamcrest-core\2.2\hamcrest-core-2.2.jar;C:\Users\theLaptop\.m2\repository\org\junit\jupiter\junit-jupiter-api\5.11.0\junit-jupiter-api-5.11.0.jar;C:\Users\theLaptop\.m2\repository\org\opentest4j\opentest4j\1.3.0\opentest4j-1.3.0.jar;C:\Users\theLaptop\.m2\repository\org\junit\platform\junit-platform-commons\1.10.3\junit-platform-commons-1.10.3.jar;C:\Users\theLaptop\.m2\repository\org\apiguardian\apiguardian-api\1.1.2\apiguardian-api-1.1.2.jar;C:\Users\theLaptop\.m2\repository\org\testng\testng\7.10.2\testng-7.10.2.jar;C:\Users\theLaptop\.m2\repository\org\slf4j\slf4j-api\2.0.16\slf4j-api-2.0.16.jar;C:\Users\theLaptop\.m2\repository\com\beust\jcommander\1.82\jcommander-1.82.jar;C:\Users\theLaptop\.m2\repository\org\webjars\jquery\3.7.1\jquery-3.7.1.jar;"/>
    <property name="java.vm.vendor" value="Amazon.com Inc."/>
    <property name="sun.arch.data.model" value="64"/>
    <property name="user.variant" value=""/>
    <property name="java.vendor.url" value="https://aws.amazon.com/corretto/"/>
    <property name="user.timezone" value="Europe/Moscow"/>
    <property name="os.name" value="Windows 11"/>
    <property name="java.vm.specification.version" value="17"/>
    <property name="sun.java.launcher" value="SUN_STANDARD"/>
    <property name="user.country" value="RU"/>
    <property name="sun.boot.library.path" value="C:\Users\theLaptop\.jdks\corretto-17.0.12\bin"/>
    <property name="sun.java.command" value="C:\Users\theLaptop\AppData\Local\Temp\surefire8169409310988344632\surefirebooter-20241010085430360_3.jar C:\Users\theLaptop\AppData\Local\Temp\surefire8169409310988344632 2024-10-10T08-54-30_080-jvmRun1 surefire-20241010085430360_1tmp surefire_0-20241010085430360_2tmp"/>
    <property name="jdk.debug" value="release"/>
    <property name="surefire.test.class.path" value="C:\Users\theLaptop\Desktop\sberstart-final-project\target\test-classes;C:\Users\theLaptop\Desktop\sberstart-final-project\target\classes;C:\Users\theLaptop\.m2\repository\org\springframework\boot\spring-boot-starter-web\3.3.3\spring-boot-starter-web-3.3.3.jar;C:\Users\theLaptop\.m2\repository\org\springframework\boot\spring-boot-starter\3.3.3\spring-boot-starter-3.3.3.jar;C:\Users\theLaptop\.m2\repository\org\springframework\boot\spring-boot\3.3.3\spring-boot-3.3.3.jar;C:\Users\theLaptop\.m2\repository\org\springframework\boot\spring-boot-autoconfigure\3.3.3\spring-boot-autoconfigure-3.3.3.jar;C:\Users\theLaptop\.m2\repository\org\springframework\boot\spring-boot-starter-logging\3.3.3\spring-boot-starter-logging-3.3.3.jar;C:\Users\theLaptop\.m2\repository\org\apache\logging\log4j\log4j-to-slf4j\2.23.1\log4j-to-slf4j-2.23.1.jar;C:\Users\theLaptop\.m2\repository\org\apache\logging\log4j\log4j-api\2.23.1\log4j-api-2.23.1.jar;C:\Users\theLaptop\.m2\repository\org\slf4j\jul-to-slf4j\2.0.16\jul-to-slf4j-2.0.16.jar;C:\Users\theLaptop\.m2\repository\org\springframework\boot\spring-boot-starter-json\3.3.3\spring-boot-starter-json-3.3.3.jar;C:\Users\theLaptop\.m2\repository\com\fasterxml\jackson\core\jackson-databind\2.17.2\jackson-databind-2.17.2.jar;C:\Users\theLaptop\.m2\repository\com\fasterxml\jackson\core\jackson-annotations\2.17.2\jackson-annotations-2.17.2.jar;C:\Users\theLaptop\.m2\repository\com\fasterxml\jackson\core\jackson-core\2.17.2\jackson-core-2.17.2.jar;C:\Users\theLaptop\.m2\repository\com\fasterxml\jackson\datatype\jackson-datatype-jdk8\2.17.2\jackson-datatype-jdk8-2.17.2.jar;C:\Users\theLaptop\.m2\repository\com\fasterxml\jackson\datatype\jackson-datatype-jsr310\2.17.2\jackson-datatype-jsr310-2.17.2.jar;C:\Users\theLaptop\.m2\repository\com\fasterxml\jackson\module\jackson-module-parameter-names\2.17.2\jackson-module-parameter-names-2.17.2.jar;C:\Users\theLaptop\.m2\repository\org\springframework\spring-web\6.1.12\spring-web-6.1.12.jar;C:\Users\theLaptop\.m2\repository\org\springframework\spring-webmvc\6.1.12\spring-webmvc-6.1.12.jar;C:\Users\theLaptop\.m2\repository\org\springframework\boot\spring-boot-starter-tomcat\3.3.3\spring-boot-starter-tomcat-3.3.3.jar;C:\Users\theLaptop\.m2\repository\jakarta\annotation\jakarta.annotation-api\2.1.1\jakarta.annotation-api-2.1.1.jar;C:\Users\theLaptop\.m2\repository\org\apache\tomcat\embed\tomcat-embed-core\10.1.28\tomcat-embed-core-10.1.28.jar;C:\Users\theLaptop\.m2\repository\org\apache\tomcat\embed\tomcat-embed-el\10.1.28\tomcat-embed-el-10.1.28.jar;C:\Users\theLaptop\.m2\repository\org\apache\tomcat\embed\tomcat-embed-websocket\10.1.28\tomcat-embed-websocket-10.1.28.jar;C:\Users\theLaptop\.m2\repository\org\springframework\boot\spring-boot-starter-test\3.3.3\spring-boot-starter-test-3.3.3.jar;C:\Users\theLaptop\.m2\repository\org\springframework\boot\spring-boot-test\3.3.3\spring-boot-test-3.3.3.jar;C:\Users\theLaptop\.m2\repository\org\springframework\boot\spring-boot-test-autoconfigure\3.3.3\spring-boot-test-autoconfigure-3.3.3.jar;C:\Users\theLaptop\.m2\repository\com\jayway\jsonpath\json-path\2.9.0\json-path-2.9.0.jar;C:\Users\theLaptop\.m2\repository\jakarta\xml\bind\jakarta.xml.bind-api\4.0.2\jakarta.xml.bind-api-4.0.2.jar;C:\Users\theLaptop\.m2\repository\jakarta\activation\jakarta.activation-api\2.1.3\jakarta.activation-api-2.1.3.jar;C:\Users\theLaptop\.m2\repository\net\minidev\json-smart\2.5.1\json-smart-2.5.1.jar;C:\Users\theLaptop\.m2\repository\net\minidev\accessors-smart\2.5.1\accessors-smart-2.5.1.jar;C:\Users\theLaptop\.m2\repository\org\ow2\asm\asm\9.6\asm-9.6.jar;C:\Users\theLaptop\.m2\repository\org\assertj\assertj-core\3.25.3\assertj-core-3.25.3.jar;C:\Users\theLaptop\.m2\repository\net\bytebuddy\byte-buddy\1.14.19\byte-buddy-1.14.19.jar;C:\Users\theLaptop\.m2\repository\org\awaitility\awaitility\4.2.2\awaitility-4.2.2.jar;C:\Users\theLaptop\.m2\repository\org\hamcrest\hamcrest\2.2\hamcrest-2.2.jar;C:\Users\theLaptop\.m2\repository\org\junit\jupiter\junit-jupiter\5.10.3\junit-jupiter-5.10.3.jar;C:\Users\theLaptop\.m2\repository\org\junit\jupiter\junit-jupiter-params\5.10.3\junit-jupiter-params-5.10.3.jar;C:\Users\theLaptop\.m2\repository\org\junit\jupiter\junit-jupiter-engine\5.10.3\junit-jupiter-engine-5.10.3.jar;C:\Users\theLaptop\.m2\repository\org\junit\platform\junit-platform-engine\1.10.3\junit-platform-engine-1.10.3.jar;C:\Users\theLaptop\.m2\repository\org\mockito\mockito-core\5.11.0\mockito-core-5.11.0.jar;C:\Users\theLaptop\.m2\repository\net\bytebuddy\byte-buddy-agent\1.14.19\byte-buddy-agent-1.14.19.jar;C:\Users\theLaptop\.m2\repository\org\objenesis\objenesis\3.3\objenesis-3.3.jar;C:\Users\theLaptop\.m2\repository\org\mockito\mockito-junit-jupiter\5.11.0\mockito-junit-jupiter-5.11.0.jar;C:\Users\theLaptop\.m2\repository\org\skyscreamer\jsonassert\1.5.3\jsonassert-1.5.3.jar;C:\Users\theLaptop\.m2\repository\com\vaadin\external\google\android-json\0.0.20131108.vaadin1\android-json-0.0.20131108.vaadin1.jar;C:\Users\theLaptop\.m2\repository\org\springframework\spring-core\6.1.12\spring-core-6.1.12.jar;C:\Users\theLaptop\.m2\repository\org\springframework\spring-jcl\6.1.12\spring-jcl-6.1.12.jar;C:\Users\theLaptop\.m2\repository\org\springframework\spring-test\6.1.12\spring-test-6.1.12.jar;C:\Users\theLaptop\.m2\repository\org\xmlunit\xmlunit-core\2.9.1\xmlunit-core-2.9.1.jar;C:\Users\theLaptop\.m2\repository\org\springframework\boot\spring-boot-starter-jdbc\3.3.3\spring-boot-starter-jdbc-3.3.3.jar;C:\Users\theLaptop\.m2\repository\com\zaxxer\HikariCP\5.1.0\HikariCP-5.1.0.jar;C:\Users\theLaptop\.m2\repository\org\springframework\spring-jdbc\6.1.12\spring-jdbc-6.1.12.jar;C:\Users\theLaptop\.m2\repository\org\springframework\boot\spring-boot-starter-jooq\3.3.3\spring-boot-starter-jooq-3.3.3.jar;C:\Users\theLaptop\.m2\repository\org\springframework\spring-tx\6.1.12\spring-tx-6.1.12.jar;C:\Users\theLaptop\.m2\repository\org\springframework\security\spring-security-web\6.3.3\spring-security-web-6.3.3.jar;C:\Users\theLaptop\.m2\repository\org\springframework\spring-aop\6.1.12\spring-aop-6.1.12.jar;C:\Users\theLaptop\.m2\repository\org\springframework\spring-beans\6.1.12\spring-beans-6.1.12.jar;C:\Users\theLaptop\.m2\repository\org\springframework\spring-context\6.1.12\spring-context-6.1.12.jar;C:\Users\theLaptop\.m2\repository\org\springframework\spring-expression\6.1.12\spring-expression-6.1.12.jar;C:\Users\theLaptop\.m2\repository\org\springframework\security\spring-security-core\6.3.3\spring-security-core-6.3.3.jar;C:\Users\theLaptop\.m2\repository\org\springframework\security\spring-security-crypto\6.3.3\spring-security-crypto-6.3.3.jar;C:\Users\theLaptop\.m2\repository\io\micrometer\micrometer-observation\1.13.3\micrometer-observation-1.13.3.jar;C:\Users\theLaptop\.m2\repository\io\micrometer\micrometer-commons\1.13.3\micrometer-commons-1.13.3.jar;C:\Users\theLaptop\.m2\repository\org\mapstruct\mapstruct\1.5.5.Final\mapstruct-1.5.5.Final.jar;C:\Users\theLaptop\.m2\repository\org\mapstruct\mapstruct-processor\1.5.5.Final\mapstruct-processor-1.5.5.Final.jar;C:\Users\theLaptop\.m2\repository\com\h2database\h2\2.2.224\h2-2.2.224.jar;C:\Users\theLaptop\.m2\repository\org\jooq\jooq\3.18.4\jooq-3.18.4.jar;C:\Users\theLaptop\.m2\repository\io\r2dbc\r2dbc-spi\1.0.0.RELEASE\r2dbc-spi-1.0.0.RELEASE.jar;C:\Users\theLaptop\.m2\repository\org\reactivestreams\reactive-streams\1.0.4\reactive-streams-1.0.4.jar;C:\Users\theLaptop\.m2\repository\org\liquibase\liquibase-core\4.23.0\liquibase-core-4.23.0.jar;C:\Users\theLaptop\.m2\repository\com\opencsv\opencsv\5.7.1\opencsv-5.7.1.jar;C:\Users\theLaptop\.m2\repository\org\apache\commons\commons-lang3\3.14.0\commons-lang3-3.14.0.jar;C:\Users\theLaptop\.m2\repository\org\apache\commons\commons-text\1.10.0\commons-text-1.10.0.jar;C:\Users\theLaptop\.m2\repository\org\apache\commons\commons-collections4\4.4\commons-collections4-4.4.jar;C:\Users\theLaptop\.m2\repository\org\yaml\snakeyaml\2.2\snakeyaml-2.2.jar;C:\Users\theLaptop\.m2\repository\javax\xml\bind\jaxb-api\2.3.1\jaxb-api-2.3.1.jar;C:\Users\theLaptop\.m2\repository\javax\activation\javax.activation-api\1.2.0\javax.activation-api-1.2.0.jar;C:\Users\theLaptop\.m2\repository\org\springdoc\springdoc-openapi-starter-webmvc-ui\2.6.0\springdoc-openapi-starter-webmvc-ui-2.6.0.jar;C:\Users\theLaptop\.m2\repository\org\springdoc\springdoc-openapi-starter-webmvc-api\2.6.0\springdoc-openapi-starter-webmvc-api-2.6.0.jar;C:\Users\theLaptop\.m2\repository\org\springdoc\springdoc-openapi-starter-common\2.6.0\springdoc-openapi-starter-common-2.6.0.jar;C:\Users\theLaptop\.m2\repository\io\swagger\core\v3\swagger-core-jakarta\2.2.22\swagger-core-jakarta-2.2.22.jar;C:\Users\theLaptop\.m2\repository\io\swagger\core\v3\swagger-annotations-jakarta\2.2.22\swagger-annotations-jakarta-2.2.22.jar;C:\Users\theLaptop\.m2\repository\io\swagger\core\v3\swagger-models-jakarta\2.2.22\swagger-models-jakarta-2.2.22.jar;C:\Users\theLaptop\.m2\repository\jakarta\validation\jakarta.validation-api\3.0.2\jakarta.validation-api-3.0.2.jar;C:\Users\theLaptop\.m2\repository\com\fasterxml\jackson\dataformat\jackson-dataformat-yaml\2.17.2\jackson-dataformat-yaml-2.17.2.jar;C:\Users\theLaptop\.m2\repository\org\webjars\swagger-ui\5.17.14\swagger-ui-5.17.14.jar;C:\Users\theLaptop\.m2\repository\org\jetbrains\annotations\19.0.0\annotations-19.0.0.jar;C:\Users\theLaptop\.m2\repository\junit\junit\4.13.1\junit-4.13.1.jar;C:\Users\theLaptop\.m2\repository\org\hamcrest\hamcrest-core\2.2\hamcrest-core-2.2.jar;C:\Users\theLaptop\.m2\repository\org\junit\jupiter\junit-jupiter-api\5.11.0\junit-jupiter-api-5.11.0.jar;C:\Users\theLaptop\.m2\repository\org\opentest4j\opentest4j\1.3.0\opentest4j-1.3.0.jar;C:\Users\theLaptop\.m2\repository\org\junit\platform\junit-platform-commons\1.10.3\junit-platform-commons-1.10.3.jar;C:\Users\theLaptop\.m2\repository\org\apiguardian\apiguardian-api\1.1.2\apiguardian-api-1.1.2.jar;C:\Users\theLaptop\.m2\repository\org\testng\testng\7.10.2\testng-7.10.2.jar;C:\Users\theLaptop\.m2\repository\org\slf4j\slf4j-api\2.0.16\slf4j-api-2.0.16.jar;C:\Users\theLaptop\.m2\repository\com\beust\jcommander\1.82\jcommander-1.82.jar;C:\Users\theLaptop\.m2\repository\org\webjars\jquery\3.7.1\jquery-3.7.1.jar;"/>
    <property name="sun.cpu.endian" value="little"/>
    <property name="user.home" value="C:\Users\theLaptop"/>
    <property name="user.language" value="ru"/>
    <property name="java.specification.vendor" value="Oracle Corporation"/>
    <property name="java.version.date" value="2024-07-16"/>
    <property name="java.home" value="C:\Users\theLaptop\.jdks\corretto-17.0.12"/>
    <property name="file.separator" value="\"/>
    <property name="basedir" value="C:\Users\theLaptop\Desktop\sberstart-final-project"/>
    <property name="java.vm.compressedOopsMode" value="Zero based"/>
    <property name="line.separator" value="&#10;"/>
    <property name="java.vm.specification.vendor" value="Oracle Corporation"/>
    <property name="java.specification.name" value="Java Platform API Specification"/>
    <property name="FILE_LOG_CHARSET" value="UTF-8"/>
    <property name="java.awt.headless" value="true"/>
    <property name="surefire.real.class.path" value="C:\Users\theLaptop\AppData\Local\Temp\surefire8169409310988344632\surefirebooter-20241010085430360_3.jar"/>
    <property name="user.script" value=""/>
    <property name="sun.management.compiler" value="HotSpot 64-Bit Tiered Compilers"/>
    <property name="java.runtime.version" value="17.0.12+7-LTS"/>
    <property name="user.name" value="theLaptop"/>
    <property name="path.separator" value=";"/>
    <property name="os.version" value="10.0"/>
    <property name="java.runtime.name" value="OpenJDK Runtime Environment"/>
    <property name="file.encoding" value="Cp1251"/>
    <property name="java.vm.name" value="OpenJDK 64-Bit Server VM"/>
    <property name="java.vendor.version" value="Corretto-17.0.12.7.1"/>
    <property name="localRepository" value="C:\Users\theLaptop\.m2\repository"/>
    <property name="java.vendor.url.bug" value="https://github.com/corretto/corretto-17/issues/"/>
    <property name="java.io.tmpdir" value="C:\Users\THELAP~1\AppData\Local\Temp\"/>
    <property name="idea.version" value="2024.1"/>
    <property name="com.zaxxer.hikari.pool_number" value="2"/>
    <property name="java.version" value="17.0.12"/>
    <property name="user.dir" value="C:\Users\theLaptop\Desktop\sberstart-final-project"/>
    <property name="os.arch" value="amd64"/>
    <property name="java.vm.specification.name" value="Java Virtual Machine Specification"/>
    <property name="PID" value="18528"/>
    <property name="sun.os.patch.level" value=""/>
    <property name="CONSOLE_LOG_CHARSET" value="UTF-8"/>
    <property name="native.encoding" value="Cp1251"/>
    <property name="java.library.path" value="C:\Users\theLaptop\.jdks\corretto-17.0.12\bin;C:\WINDOWS\Sun\Java\bin;C:\WINDOWS\system32;C:\WINDOWS;C:\Apache\maven\bin;C:\Windows\system32;C:\Windows;C:\Windows\System32\Wbem;C:\Windows\System32\WindowsPowerShell\v1.0\;C:\Windows\System32\OpenSSH\;C:\Program Files (x86)\NVIDIA Corporation\PhysX\Common;C:\WINDOWS\system32;C:\WINDOWS;C:\WINDOWS\System32\Wbem;C:\WINDOWS\System32\WindowsPowerShell\v1.0\;C:\WINDOWS\System32\OpenSSH\;C:\Program Files\Common Files\Oracle\Java\javapath;C:\Program Files\NVIDIA Corporation\NVIDIA NvDLISR;C:\Program Files\Git\cmd;C:\Program Files\Java\jdk-17\bin;C:\Program Files\Docker\Docker\resources\bin;C:\Program Files\Docker\Docker\resources\bin;C:\Program Files\Java\jdk-17\bin;C:\Apache\maven\bin;C:\Users\theLaptop\AppData\Local\Microsoft\WindowsApps;C:\Program Files\JetBrains\IntelliJ IDEA 2024.1\bin;;C:\Program Files\PostgreSQL\16\bin;C:\Program Files\PostgreSQL\16\lib;;."/>
    <property name="java.vm.info" value="mixed mode, sharing"/>
    <property name="java.vendor" value="Amazon.com Inc."/>
    <property name="java.vm.version" value="17.0.12+7-LTS"/>
    <property name="sun.io.unicode.encoding" value="UnicodeLittle"/>
    <property name="java.class.version" value="61.0"/>
    <property name="LOGGED_APPLICATION_NAME" value="[final-project] "/>
  </properties>
  <testcase name="updateUserFields" classname="ru.sberstart.finalproject.infrastructure.repostitory.UserRepositoryImplIntegrationTest" time="0.744">
    <system-out><![CDATA[
  .   ____          _            __ _ _
 /\\ / ___'_ __ _ _(_)_ __  __ _ \ \ \ \
( ( )\___ | '_ | '_| | '_ \/ _` | \ \ \ \
 \\/  ___)| |_)| | | | | || (_| |  ) ) ) )
  '  |____| .__|_| |_|_| |_\__, | / / / /
 =========|_|==============|___/=/_/_/_/

 :: Spring Boot ::                (v3.3.3)

Database is up to date, no changesets to execute

UPDATE SUMMARY
Run:                          0
Previously run:               3
Filtered out:                 0
-------------------------------
Total change sets:            3

HikariCP is being used.
Hikari Pool Size: 10
Обнаружен и добавлен файл с именем: .\src\test\resources\setup\BankAccounts.txt
Обнаружен и добавлен файл с именем: .\src\test\resources\setup\Banks.txt
Обнаружен и добавлен файл с именем: .\src\test\resources\setup\Cards.txt
Обнаружен и добавлен файл с именем: .\src\test\resources\setup\CardSecrets.txt
Обнаружен и добавлен файл с именем: .\src\test\resources\setup\Users.txt
Bank{id=b2a3b28c-df7a-4c49-bfa3-53ff4e0e6a92, name='ПАО Сбербанк', identityNumber='104395867'}
Bank{id=9ac627f8-6f6a-4c4b-8183-bd07d6c0b9e6, name='АО Альфа Банк', identityNumber='958374620'}
Bank{id=3c637348-0cd0-4f56-a569-40ef4ccbb648, name='АО ВТБ', identityNumber='837920561'}
Bank{id=17dbf82d-7fd9-4a5c-83f1-e946d609a42c, name='АО Россельхозбанк', identityNumber='203957184'}
Bank{id=f382026a-2acb-45d9-b720-567d3af72935, name='ПАО Газпромбанк', identityNumber='509274836'}
Bank{id=7b3dc27c-7e70-4d85-b6b5-9b85fa3343cc, name='ПАО МКБ', identityNumber='832947615'}
Bank{id=e4be2d13-d837-4893-94d9-83874034586b, name='АО Ренессанс Кредит', identityNumber='637920458'}
Bank{id=77ff3b5e-2dd4-4d28-b519-40859c40f4f2, name='АО Промсвязьбанк', identityNumber='905732648'}
Bank{id=9b6756c7-6e71-46ff-a924-7e4e74e3fa19, name='ПАО Банк Санкт-Петербург', identityNumber='123405678'}
Bank{id=5c3825f1-babc-4028-a5c6-61d6758ffb60, name='ООО Райффайзенбанк', identityNumber='984362570'}
Bank{id=ed0d6d2f-869b-4f93-a703-6a34e4578a92, name='АО ЮниКредит Банк', identityNumber='302945671'}
Bank{id=2c356f80-e576-4d98-8519-b8e72e023bf0, name='ПАО Совкомбанк', identityNumber='937204658'}
Bank{id=f8cde45b-c60f-41c5-88a7-13ae9d6db2d8, name='ПАО Открытие', identityNumber='592847103'}
Bank{id=b9b87f44-bde8-4b1d-8bc3-03f12d24cc63, name='ООО Москоммерцбанк', identityNumber='284791530'}
Bank{id=f15c5d5e-3894-450d-bc39-8b60a5a4b32e, name='АО Тинькофф Банк', identityNumber='375926408'}
User{id=e4e09391-58ea-4dc8-bc39-ddbf5fbf09a4, name='Дмитрий', surname='Петров', birthdate=1968-02-13, phoneNumber='9372589142', passportNumber='5481627390', roles=[USER], status=REGISTERED}
User{id=65ef8d69-ec98-43a7-8348-5b55b368efc7, name='Мария', surname='Козлова', birthdate=1991-11-25, phoneNumber='9342675821', passportNumber='8462519376', roles=[USER], status=REGISTERED}
User{id=0dedb12f-9959-49e2-9ef0-52571b93e7cd, name='Андрей', surname='Смирнов', birthdate=1973-05-19, phoneNumber='9651837945', passportNumber='1934678205', roles=[USER], status=REGISTERED}
User{id=71f3bf9a-ff2c-408d-a847-86655d19573c, name='Елена', surname='Фролова', birthdate=1987-09-10, phoneNumber='9432857194', passportNumber='8302719452', roles=[USER], status=REGISTERED}
User{id=e944e7bb-85b4-4108-b355-d09f99855e41, name='Сергей', surname='Воробьев', birthdate=1983-06-14, phoneNumber='9451729365', passportNumber='6491857301', roles=[USER], status=REGISTERED}
User{id=0d4c8710-a291-436c-a398-b7d1fb625059, name='Алексей', surname='Иванов', birthdate=1978-03-21, phoneNumber='9471836592', passportNumber='8364910273', roles=[USER], status=REGISTERED}
User{id=393e9cc8-ab38-45d4-9f82-08be06163d26, name='Анна', surname='Сидорова', birthdate=1992-12-08, phoneNumber='9492751830', passportNumber='5623497104', roles=[USER], status=REGISTERED}
User{id=a29046e1-8cd3-4cdf-8681-083c5402ccd2, name='Ольга', surname='Морозова', birthdate=1985-07-09, phoneNumber='9537281943', passportNumber='9041837265', roles=[USER], status=REGISTERED}
User{id=a0f8e328-4ec8-42d1-adcc-bb312f0a7c00, name='Наталья', surname='Михайлова', birthdate=1975-11-30, phoneNumber='9571829463', passportNumber='6237849120', roles=[USER], status=REGISTERED}
User{id=14c969c6-8eec-4176-b2fa-32d308e534af, name='Игорь', surname='Кузнецов', birthdate=1980-01-17, phoneNumber='9627384159', passportNumber='9872316405', roles=[USER], status=REGISTERED}
User{id=90e293a4-f90e-4869-ba9c-7a095fd72069, name='Татьяна', surname='Попова', birthdate=1994-09-23, phoneNumber='9631948275', passportNumber='4837162093', roles=[USER], status=REGISTERED}
User{id=f0e2bc0c-576e-4dfb-a337-7e00d62eabb9, name='Максим', surname='Соколова', birthdate=1988-04-06, phoneNumber='9673182950', passportNumber='9173846502', roles=[USER], status=REGISTERED}
User{id=56652869-3d0c-4853-9f41-324f9c8aa2dd, name='Владимир', surname='Лебедев', birthdate=1976-10-28, phoneNumber='9732461809', passportNumber='8762534910', roles=[USER], status=REGISTERED}
User{id=de356cf1-e54c-4995-98a9-244412e4a974, name='Кирилл', surname='Новиков', birthdate=1984-08-11, phoneNumber='9748193627', passportNumber='9284615720', roles=[USER], status=REGISTERED}
User{id=1a72e1c7-b695-4bfb-bd52-8caaf28a8723, name='Ирина', surname='Федорова', birthdate=1993-05-22, phoneNumber='9761823946', passportNumber='1043827695', roles=[USER], status=REGISTERED}
User{id=21f2dbbc-4259-4251-bdd8-b7040538bd11, name='Евгений', surname='Кравцов', birthdate=1990-07-03, phoneNumber='9772635410', passportNumber='9051723846', roles=[USER], status=REGISTERED}
User{id=5151f4cb-0ec1-4074-83a1-6ba4e1698856, name='Анастасия', surname='Волкова', birthdate=1974-09-04, phoneNumber='9781463205', passportNumber='2938475610', roles=[USER], status=REGISTERED}
User{id=49f21058-ec06-4200-a399-10b080ba4c66, name='Николай', surname='Зайцев', birthdate=1969-06-27, phoneNumber='9813462974', passportNumber='4561837294', roles=[USER], status=REGISTERED}
User{id=957e1d70-a53e-4365-a50d-5146df832b58, name='Екатерина', surname='Семенова', birthdate=1982-02-18, phoneNumber='9841928735', passportNumber='7268345901', roles=[USER], status=REGISTERED}
User{id=d50cd767-439b-4ff7-8c8c-8a3dd0a53843, name='Виталий', surname='Ковалев', birthdate=1995-03-10, phoneNumber='9867341250', passportNumber='9137462850', roles=[USER], status=REGISTERED}
User{id=b097a878-3e4c-4037-ba2b-da05c245cb3b, name='Юлия', surname='Павлова', birthdate=1977-12-25, phoneNumber='9873164592', passportNumber='5361742893', roles=[USER], status=REGISTERED}
User{id=827133e1-a796-4c87-8ec1-836bf8bfe536, name='Артем', surname='Голубев', birthdate=1989-08-09, phoneNumber='9912837645', passportNumber='3275184906', roles=[USER], status=REGISTERED}
User{id=f7ae78bd-0d85-4511-a8b0-9a083b3a3cb1, name='Александр', surname='Романов', birthdate=1986-11-05, phoneNumber='9934182756', passportNumber='8023946571', roles=[USER], status=REGISTERED}
User{id=8a32c8f9-8d40-4611-a29a-83c92855984d, name='Виктория', surname='Карпова', birthdate=1998-04-12, phoneNumber='9942837164', passportNumber='9481625301', roles=[USER], status=REGISTERED}
User{id=07593f6a-14bd-4009-a00b-db54b8681f38, name='Павел', surname='Никифоров', birthdate=1971-06-15, phoneNumber='9973641820', passportNumber='5092836174', roles=[USER], status=REGISTERED}
User{id=b5fcacf7-98a3-4702-8810-17b7777a54af, name='Ксения', surname='Герасимова', birthdate=1972-01-19, phoneNumber='9998273164', passportNumber='8149276530', roles=[USER], status=REGISTERED}
User{id=376ecfa2-ca1c-4d08-8d90-4c34253cb3f7, name='Олег', surname='Ершов', birthdate=1981-09-27, phoneNumber='9351748291', passportNumber='8371625049', roles=[USER], status=REGISTERED}
User{id=b359edc8-00d4-4a7b-86f0-cabb7b3fff89, name='Владислав', surname='Григорьев', birthdate=1967-05-23, phoneNumber='9376258317', passportNumber='3651948720', roles=[USER], status=REGISTERED}
User{id=2e7b4136-1904-427c-8007-bbb4fddf6e8d, name='Вера', surname='Мельникова', birthdate=1997-03-05, phoneNumber='9381527469', passportNumber='8204937165', roles=[USER], status=REGISTERED}
User{id=7108b36a-e22e-4416-8dbc-752b7e8d5e65, name='Марина', surname='Калашникова', birthdate=1982-10-31, phoneNumber='9421837461', passportNumber='9173642508', roles=[USER], status=REGISTERED}
User{id=2efe3922-f69e-42ce-be77-17bea5576dbd, name='Юрий', surname='Зубков', birthdate=1990-04-08, phoneNumber='9436258174', passportNumber='8264173950', roles=[USER], status=REGISTERED}
User{id=9f1c806a-69bd-43bc-bd61-303f07410c4e, name='Лариса', surname='Борисова', birthdate=1986-09-16, phoneNumber='9451728490', passportNumber='1937482650', roles=[USER], status=REGISTERED}
User{id=aace4314-c4e8-4c1b-8a4d-1fcc8bb07077, name='Денис', surname='Мартынов', birthdate=1991-08-03, phoneNumber='9482653174', passportNumber='7601834925', roles=[USER], status=REGISTERED}
User{id=0cad4a17-1c6e-4e5e-bd3a-7e4cd7ccc9d1, name='Александр', surname='Лазарев', birthdate=1975-12-19, phoneNumber='9492718563', passportNumber='3294176509', roles=[USER], status=REGISTERED}
User{id=d321c437-36ba-4c6e-9190-d2c016d7cb8d, name='Виктор', surname='Горшков', birthdate=1983-06-07, phoneNumber='9528374165', passportNumber='7209183654', roles=[USER], status=REGISTERED}
User{id=6f6875ce-ba6f-4b72-8fbe-1a6bfe4105ed, name='Светлана', surname='Демидова', birthdate=1987-11-01, phoneNumber='9532746185', passportNumber='9301854276', roles=[USER], status=REGISTERED}
User{id=563b7b7d-f15c-4db5-8174-145f31d45013, name='Алина', surname='Матвеева', birthdate=1992-07-20, phoneNumber='9573849201', passportNumber='5829173461', roles=[USER], status=REGISTERED}
User{id=cb51e591-ec3b-46c4-b0e3-7eabac762a73, name='Геннадий', surname='Николаев', birthdate=1974-05-09, phoneNumber='9601438267', passportNumber='7491283506', roles=[USER], status=REGISTERED}
User{id=9c49b8e7-d858-4ed7-8fed-879e65852dd4, name='Екатерина', surname='Беляева', birthdate=1993-08-25, phoneNumber='9632718490', passportNumber='8349105672', roles=[USER], status=REGISTERED}
User{id=aadcc6d7-001d-43fd-8535-261b9cb6f7e2, name='Анатолий', surname='Титов', birthdate=1968-01-15, phoneNumber='9647268159', passportNumber='1947582036', roles=[USER], status=REGISTERED}
User{id=07f4609e-c1a2-4fa5-9d03-bcc55cc581f3, name='Антон', surname='Маслов', birthdate=1990-06-11, phoneNumber='9651832749', passportNumber='3951748206', roles=[USER], status=REGISTERED}
User{id=1fa4f8cf-35ae-4fbd-ac09-cbb7dc080be1, name='Зоя', surname='Васильева', birthdate=1988-02-22, phoneNumber='9681425370', passportNumber='5298346172', roles=[USER], status=REGISTERED}
User{id=b3215b51-bbe5-4ee9-975e-5d1afd574e82, name='Петр', surname='Орлов', birthdate=1985-07-18, phoneNumber='9692741638', passportNumber='3805274169', roles=[USER], status=REGISTERED}
User{id=8b3364b9-8607-428b-9f46-6e8d88870bee, name='Людмила', surname='Киселева', birthdate=1971-11-09, phoneNumber='9712863497', passportNumber='6501937480', roles=[USER], status=REGISTERED}
User{id=008f9d17-f817-468b-b992-d668d588caad, name='Василий', surname='Савин', birthdate=1997-12-14, phoneNumber='9736284910', passportNumber='1702948365', roles=[USER], status=REGISTERED}
User{id=145988f9-d05a-4172-b38e-c53da596462d, name='Оксана', surname='Рябова', birthdate=1976-03-30, phoneNumber='9768241590', passportNumber='5271384906', roles=[USER], status=REGISTERED}
User{id=021b3ed1-7948-4ea2-b7ef-6d226dd26ebb, name='Дмитрий', surname='Чернышов', birthdate=1979-05-05, phoneNumber='9783742165', passportNumber='1284953701', roles=[USER], status=REGISTERED}
User{id=308c4aa2-f401-412c-ae36-763c862e38c1, name='Наталья', surname='Панова', birthdate=1995-06-23, phoneNumber='9813758264', passportNumber='6241375982', roles=[USER], status=REGISTERED}
User{id=3ac23a0d-171c-4d00-9e9b-591d5997d455, name='Ольга', surname='Миронова', birthdate=1983-04-29, phoneNumber='9831468270', passportNumber='9851726409', roles=[USER], status=REGISTERED}
User{id=f486f2ad-22a6-4161-a497-37896174834d, name='Игорь', surname='Фролов', birthdate=1974-11-03, phoneNumber='9842715394', passportNumber='9138571206', roles=[USER], status=REGISTERED}
User{id=94eb6060-273a-40ad-92a3-bf64a394725f, name='Галина', surname='Афанасьева', birthdate=1980-09-22, phoneNumber='9874152639', passportNumber='4619820375', roles=[USER], status=REGISTERED}
User{id=bab24c7c-5779-4958-af6b-a1da47e4a004, name='Степан', surname='Родионов', birthdate=1992-05-01, phoneNumber='9893274851', passportNumber='8410756329', roles=[USER], status=REGISTERED}
User{id=ae4558ad-8f67-4323-aa30-b84da341ccad, name='Ольга', surname='Гаврилова', birthdate=1969-03-15, phoneNumber='9902374816', passportNumber='3751940286', roles=[USER], status=REGISTERED}
User{id=7e06d4f1-0fa5-4efc-9965-26a315084a41, name='Евгения', surname='Капустина', birthdate=1998-12-07, phoneNumber='9928463715', passportNumber='9023715846', roles=[USER], status=REGISTERED}
User{id=4af8c446-601d-4334-a351-3c23e70edadc, name='Геннадий', surname='Кузьмичев', birthdate=1991-02-03, phoneNumber='9931728405', passportNumber='4871653094', roles=[USER], status=REGISTERED}
User{id=4d5a0fd2-33de-4bea-be34-e930e53e9198, name='Надежда', surname='Рожкова', birthdate=1989-07-12, phoneNumber='9943618570', passportNumber='3274819057', roles=[USER], status=REGISTERED}
User{id=bea77a10-deb9-4007-a1c2-3a8264eefe9d, name='Виктор', surname='Сафонов', birthdate=1983-10-25, phoneNumber='9958734619', passportNumber='9821376054', roles=[USER], status=REGISTERED}
User{id=365851be-44a5-4b15-93fd-548dc2d2a4f9, name='Сергей', surname='Шилов', birthdate=1984-08-18, phoneNumber='9963721480', passportNumber='6304182957', roles=[USER], status=REGISTERED}
User{id=add04931-6fe8-4dd0-b199-681f39c144f2, name='Ирина', surname='Трофимова', birthdate=1992-03-29, phoneNumber='9971843265', passportNumber='5210738649', roles=[USER], status=REGISTERED}
User{id=d0c964ae-d977-42ef-ac50-dff55b7e259f, name='Кирилл', surname='Гусев', birthdate=1993-09-02, phoneNumber='9992748516', passportNumber='7831650247', roles=[USER], status=REGISTERED}
User{id=ab5b3a8a-860a-46b5-88fe-e9339c2f89ec, name='Марина', surname='Барсукова', birthdate=1985-05-04, phoneNumber='9348725163', passportNumber='4821396075', roles=[USER], status=REGISTERED}
User{id=6b5d150a-ccd7-45e0-b13d-9cda47c3a7f2, name='Людмила', surname='Нечаева', birthdate=1974-08-31, phoneNumber='9357482105', passportNumber='7103829456', roles=[USER], status=REGISTERED}
User{id=3507d013-d6b0-4e89-8c3e-726914ed77c8, name='Владимир', surname='Яковлев', birthdate=1969-12-28, phoneNumber='9384725910', passportNumber='8927163540', roles=[USER], status=REGISTERED}
User{id=c157b57d-5374-4d45-a1ea-e906cd344a11, name='Екатерина', surname='Логинова', birthdate=1990-06-20, phoneNumber='9393851726', passportNumber='1739482065', roles=[USER], status=REGISTERED}
User{id=cc7782d3-5bf6-4b41-b948-86fe3a7fc710, name='Андрей', surname='Шестаков', birthdate=1988-01-14, phoneNumber='9417835264', passportNumber='2746381957', roles=[USER], status=REGISTERED}
User{id=32d4e049-d51a-4619-90f0-8528b53b8904, name='Наталья', surname='Селезнева', birthdate=1977-09-18, phoneNumber='9428391672', passportNumber='8157293046', roles=[USER], status=REGISTERED}
User{id=4aafaf9c-a220-4a53-bb18-b749e98ce485, name='Татьяна', surname='Ефимова', birthdate=1985-03-11, phoneNumber='9448216394', passportNumber='2345179860', roles=[USER], status=REGISTERED}
User{id=f910b41e-5930-4ddc-97da-a24fd0d8c073, name='Олег', surname='Козлов', birthdate=1978-11-22, phoneNumber='9461928375', passportNumber='8275319408', roles=[USER], status=REGISTERED}
User{id=6d1c7921-2c8c-4bd0-91e5-fc9762b7976a, name='Владислав', surname='Петров', birthdate=1994-06-09, phoneNumber='9472857163', passportNumber='6231948075', roles=[USER], status=REGISTERED}
User{id=5776b39e-0bba-4652-b8b9-3440ba5c07d4, name='Галина', surname='Игнатова', birthdate=1997-04-24, phoneNumber='9497261835', passportNumber='9402718536', roles=[USER], status=REGISTERED}
User{id=a19fd877-609e-4f5c-a049-2b5e4667ec2e, name='Иван', surname='Бобров', birthdate=1995-05-30, phoneNumber='9521837562', passportNumber='3184957026', roles=[USER], status=REGISTERED}
User{id=604961c3-1f81-466b-8d1d-02906e5d978c, name='Антон', surname='Волков', birthdate=1989-10-10, phoneNumber='9532168790', passportNumber='2495386710', roles=[USER], status=REGISTERED}
User{id=3fdc215b-036c-462f-9140-e8b580f4cc68, name='Елена', surname='Медведева', birthdate=1986-02-07, phoneNumber='9542837165', passportNumber='5302917486', roles=[USER], status=REGISTERED}
User{id=69017ffa-e3bf-4b78-96a3-fee3dd97cc1b, name='Алексей', surname='Громов', birthdate=1971-07-15, phoneNumber='9571836490', passportNumber='6281345071', roles=[USER], status=REGISTERED}
User{id=e11bf53c-c355-4bd0-9110-d48978e54a2f, name='Евгений', surname='Макаров', birthdate=1982-12-06, phoneNumber='9582735614', passportNumber='1936748520', roles=[USER], status=REGISTERED}
User{id=33c1b828-ea1a-4c8d-9c8f-3d2cc2249782, name='Оксана', surname='Киселева', birthdate=1993-08-17, phoneNumber='9612857394', passportNumber='7503184629', roles=[USER], status=REGISTERED}
User{id=8eedc271-e724-4a19-adb0-547312cfaadd, name='Татьяна', surname='Коваленко', birthdate=1973-10-23, phoneNumber='9627481925', passportNumber='9345271604', roles=[USER], status=REGISTERED}
User{id=f3e50816-bd95-4abc-b71c-3ef0c44a598d, name='Мария', surname='Малышева', birthdate=1998-01-05, phoneNumber='9639174823', passportNumber='7023948567', roles=[USER], status=REGISTERED}
User{id=77699b90-4c78-46bb-a4d3-487e2520eaa0, name='Валентина', surname='Быкова', birthdate=1980-06-16, phoneNumber='9652847365', passportNumber='8294751632', roles=[USER], status=REGISTERED}
User{id=44439bbf-da31-4be0-a32b-f8846d3ef000, name='Владимир', surname='Царев', birthdate=1984-05-12, phoneNumber='9675283416', passportNumber='5318479601', roles=[USER], status=REGISTERED}
User{id=f8f16f36-a3bb-4819-8a77-3bd2a36861c1, name='Ольга', surname='Жукова', birthdate=1996-11-26, phoneNumber='9683749152', passportNumber='6279145802', roles=[USER], status=REGISTERED}
User{id=696c0131-a9ea-49aa-80e7-a0421eace6cd, name='Валерий', surname='Семёнов', birthdate=1972-07-19, phoneNumber='9692837164', passportNumber='8590734615', roles=[USER], status=REGISTERED}
User{id=671771d9-a2a3-4607-ac40-4ec48837ea22, name='Анна', surname='Плотникова', birthdate=1981-10-08, phoneNumber='9714827395', passportNumber='9465283107', roles=[USER], status=REGISTERED}
User{id=dba8cce1-7b26-4ddc-a5db-e28918f056c5, name='Екатерина', surname='Чернова', birthdate=1999-06-13, phoneNumber='9726518390', passportNumber='7301948562', roles=[USER], status=REGISTERED}
User{id=051aa95d-b676-4b6d-8f4f-3a1f07a964a9, name='Иван', surname='Гончаров', birthdate=1977-02-25, phoneNumber='9738274156', passportNumber='6492071385', roles=[USER], status=REGISTERED}
User{id=f2bc3a9e-56c8-4c56-a95a-6f73bcaf13a8, name='Ольга', surname='Щербакова', birthdate=1990-04-19, phoneNumber='9743625817', passportNumber='8316492075', roles=[USER], status=REGISTERED}
User{id=70cade34-fbd1-4541-b9a0-0c9ec2a88890, name='Кристина', surname='Румянцева', birthdate=1994-09-29, phoneNumber='9758234615', passportNumber='5927438016', roles=[USER], status=REGISTERED}
User{id=ee03a948-9399-474e-9c34-1ec2682a2c72, name='Александр', surname='Юдин', birthdate=1986-12-14, phoneNumber='9783651280', passportNumber='1349586701', roles=[USER], status=REGISTERED}
User{id=f6ba4adb-dae5-4e28-984a-d52a59535d1c, name='Игорь', surname='Савельев', birthdate=1979-01-06, phoneNumber='9802948175', passportNumber='3752941860', roles=[USER], status=REGISTERED}
User{id=b248471e-12e5-4820-9866-9e9ad074cf44, name='Вера', surname='Коновалова', birthdate=1983-08-05, phoneNumber='9813765829', passportNumber='9438217604', roles=[USER], status=REGISTERED}
User{id=5cb236e2-1a68-4627-a9b5-d440498d25b0, name='Тимур', surname='Петухов', birthdate=1992-06-21, phoneNumber='9824153768', passportNumber='8612950347', roles=[USER], status=REGISTERED}
User{id=8d30bee9-69bf-4fc2-b323-41d13f5b5040, name='Олеся', surname='Гусева', birthdate=1987-09-12, phoneNumber='9836278415', passportNumber='4721938650', roles=[USER], status=REGISTERED}
User{id=906a4e17-7b7e-4ba4-87cb-f08019611630, name='Екатерина', surname='Фомина', birthdate=1995-10-03, phoneNumber='9851748206', passportNumber='9134627805', roles=[USER], status=REGISTERED}
User{id=1d256b30-9ea1-4ed8-8f33-75da86213276, name='Николай', surname='Князев', birthdate=1988-04-26, phoneNumber='9865812943', passportNumber='3841057629', roles=[USER], status=REGISTERED}
User{id=0b283503-8db1-4dbc-98d4-3bd27265fade, name='Елена', surname='Маслова', birthdate=1991-11-17, phoneNumber='9872153468', passportNumber='6723481059', roles=[USER], status=REGISTERED}
User{id=4730f3c3-f7a8-42e5-8f19-f5c9b004d81d, name='Игорь', surname='Панкратов', birthdate=1980-02-08, phoneNumber='9886723814', passportNumber='2038471560', roles=[USER], status=REGISTERED}
User{id=4956ab80-e42e-46e6-bdf1-c0bda5ed651c, name='Татьяна', surname='Титова', birthdate=1973-05-19, phoneNumber='9901827564', passportNumber='5829104736', roles=[USER], status=REGISTERED}
User{id=f3d5922b-bbff-47a4-97c0-f8903f654a27, name='Евгений', surname='Зуев', birthdate=1993-03-22, phoneNumber='9923648157', passportNumber='4827159032', roles=[USER], status=REGISTERED}
User{id=0621278f-a984-4aff-b523-3f0c42af06d7, name='Леонид', surname='Тихонов', birthdate=1986-07-05, phoneNumber='9938127406', passportNumber='9132748501', roles=[USER], status=REGISTERED}
User{id=dd35c162-797f-4be4-8f74-ef9b6522d7dd, name='Анна', surname='Журавлева', birthdate=1984-02-14, phoneNumber='9941873564', passportNumber='5102739648', roles=[USER], status=REGISTERED}
User{id=7b57a0ef-d6f5-4712-9952-a7b568cd91e8, name='Денис', surname='Поляков', birthdate=1972-09-11, phoneNumber='9954281736', passportNumber='3842951706', roles=[USER], status=REGISTERED}
User{id=aea5f6ed-efa0-4307-9c3a-e0ef906df16c, name='Олег', surname='Лобанов', birthdate=1990-05-16, phoneNumber='9961723485', passportNumber='6503941728', roles=[USER], status=REGISTERED}
User{id=54d84633-84ce-4174-94c3-3b1f82efffe2, name='Александра', surname='Ларионова', birthdate=1995-10-24, phoneNumber='9975618230', passportNumber='7814520937', roles=[USER], status=REGISTERED}
User{id=9f37925d-1104-474a-8692-3636eed7b22b, name='Владимир', surname='Тарасов', birthdate=1973-12-07, phoneNumber='9992738514', passportNumber='9284163057', roles=[USER], status=REGISTERED}
User{id=19e1498c-cee3-4e19-9539-b606cb53784e, name='Наталья', surname='Кудрявцева', birthdate=1994-11-30, phoneNumber='9327481936', passportNumber='5723810495', roles=[USER], status=REGISTERED}
User{id=6b701a22-821a-4066-8063-e2a25b21e893, name='Виктор', surname='Колесников', birthdate=1989-07-19, phoneNumber='9348173529', passportNumber='8204751936', roles=[USER], status=REGISTERED}
User{id=c036068d-98d6-4298-ba11-c701273905e6, name='Екатерина', surname='Румянцева', birthdate=1981-06-22, phoneNumber='9352648173', passportNumber='9415283076', roles=[USER], status=REGISTERED}
User{id=333125d0-5a89-42e4-be9d-a3e47f5dd347, name='Анатолий', surname='Сысоев', birthdate=1975-03-29, phoneNumber='9365178240', passportNumber='2384195736', roles=[USER], status=REGISTERED}
User{id=2aa39441-8edd-4b5d-b290-c7ae9384a5bc, name='Марина', surname='Дорофеева', birthdate=1978-08-27, phoneNumber='9374165823', passportNumber='7162938405', roles=[USER], status=REGISTERED}
User{id=2d92c8d6-df07-475f-9dec-7466238eea27, name='Вячеслав', surname='Кузьмин', birthdate=1982-10-18, phoneNumber='9387294158', passportNumber='6274810593', roles=[USER], status=REGISTERED}
User{id=a8f8379b-6927-4f59-a70e-b508187b13f7, name='Елена', surname='Прохорова', birthdate=1993-09-25, phoneNumber='9391745823', passportNumber='5041832976', roles=[USER], status=REGISTERED}
User{id=31208609-1e1f-44a9-b80c-f0164ae7d7f6, name='Антон', surname='Калинин', birthdate=1979-04-08, phoneNumber='9407261538', passportNumber='1298345072', roles=[USER], status=REGISTERED}
User{id=49a5198c-4903-430e-aff7-013ecc9d1f57, name='Тимофей', surname='Рыбаков', birthdate=1991-01-18, phoneNumber='9412853749', passportNumber='8271495038', roles=[USER], status=REGISTERED}
User{id=6630d101-f32b-44fa-b477-f3158b7fc294, name='Надежда', surname='Пономарева', birthdate=1986-11-27, phoneNumber='9421578349', passportNumber='6583941726', roles=[USER], status=REGISTERED}
User{id=827d8bde-0ee7-4f09-8d92-247df4a3bac1, name='Игорь', surname='Филиппов', birthdate=1983-03-31, phoneNumber='9438716492', passportNumber='8134972059', roles=[USER], status=REGISTERED}
User{id=0591bb74-331b-4721-9bf2-1dcf7bdef806, name='Иван', surname='Лыткин', birthdate=1980-08-24, phoneNumber='9442173859', passportNumber='1493278605', roles=[USER], status=REGISTERED}
User{id=6454ae22-aaa9-48ab-9efe-80603362eded, name='Ольга', surname='Киселёва', birthdate=1976-09-17, phoneNumber='9458162347', passportNumber='5072936184', roles=[USER], status=REGISTERED}
User{id=a49fb4a6-f217-4927-abaf-fc779e7465fe, name='Алексей', surname='Зуев', birthdate=1996-07-12, phoneNumber='9472183659', passportNumber='6938574012', roles=[USER], status=REGISTERED}
User{id=89aed994-a47a-4ed8-80bd-036463148970, name='Маргарита', surname='Яшина', birthdate=1997-05-30, phoneNumber='9485273641', passportNumber='4103972856', roles=[USER], status=REGISTERED}
User{id=87319c74-f2a2-4fca-bd96-892cdc14a99c, name='Сергей', surname='Лукин', birthdate=1991-03-13, phoneNumber='9498735612', passportNumber='7123854907', roles=[USER], status=REGISTERED}
User{id=3aa8f685-b754-477c-92dc-987659eee405, name='Виктория', surname='Королева', birthdate=1995-08-20, phoneNumber='9502841735', passportNumber='5387201946', roles=[USER], status=REGISTERED}
User{id=2e7897ac-b432-461d-91e5-03f0fca6d4f7, name='Евгений', surname='Калугин', birthdate=1984-11-21, phoneNumber='9527384659', passportNumber='8235971402', roles=[USER], status=REGISTERED}
User{id=a7689b9c-891d-40ca-b5b5-d0d6e813647a, name='Юлия', surname='Яковлева', birthdate=1987-12-09, phoneNumber='9534718263', passportNumber='6234917580', roles=[USER], status=REGISTERED}
User{id=b5f297ec-64ce-4b7b-b4d2-d33fdeae0e8a, name='Людмила', surname='Михайлова', birthdate=1979-04-02, phoneNumber='9541298374', passportNumber='7401835629', roles=[USER], status=REGISTERED}
User{id=825c4b9e-3cee-4198-871a-bea1fd48b2d0, name='Никита', surname='Григорьев', birthdate=1985-03-25, phoneNumber='9558174329', passportNumber='1936487520', roles=[USER], status=REGISTERED}
User{id=2dbcc5fb-278b-4661-b954-bd54f354104d, name='Светлана', surname='Кузьмина', birthdate=1992-02-05, phoneNumber='9578349120', passportNumber='3049752168', roles=[USER], status=REGISTERED}
User{id=23281b54-ec35-467b-9a93-b196b3ba73c7, name='Игорь', surname='Артемьев', birthdate=1988-06-19, phoneNumber='9591482763', passportNumber='5293048716', roles=[USER], status=REGISTERED}
User{id=5a1b82b4-923e-4c40-9e62-fbc255466c61, name='Валентина', surname='Зиновьева', birthdate=1994-09-03, phoneNumber='9604137582', passportNumber='6483917250', roles=[USER], status=REGISTERED}
User{id=fcc50afc-e747-45b9-a4ac-e1d3665c1918, name='Олеся', surname='Жданова', birthdate=1990-01-29, phoneNumber='9618473052', passportNumber='4719386051', roles=[USER], status=REGISTERED}
User{id=5fe23457-d8ac-41b1-a001-a35137cf9fe7, name='Максим', surname='Афанасьев', birthdate=1982-07-27, phoneNumber='9625187439', passportNumber='8372516093', roles=[USER], status=REGISTERED}
User{id=ebd1b370-2fdd-48e1-9000-7889539c5cc4, name='Ирина', surname='Мельникова', birthdate=1989-10-15, phoneNumber='9637481052', passportNumber='5127938460', roles=[USER], status=REGISTERED}
User{id=8964276b-3091-4672-bfb6-e5bb8ee98cfe, name='Владимир', surname='Федоров', birthdate=1981-11-23, phoneNumber='9643128597', passportNumber='7304921768', roles=[USER], status=REGISTERED}
User{id=ae723a16-c46c-41fa-8b23-9c21727ff1bd, name='Геннадий', surname='Сазонов', birthdate=1997-03-31, phoneNumber='9657812349', passportNumber='3198574206', roles=[USER], status=REGISTERED}
User{id=986c4cf7-189b-4c3c-8ae7-e9b324e9bc00, name='Екатерина', surname='Моисеева', birthdate=1992-05-17, phoneNumber='9671842036', passportNumber='2847591306', roles=[USER], status=REGISTERED}
User{id=29777227-47cf-452a-981d-507033f5c70e, name='Кирилл', surname='Щукин', birthdate=1978-02-11, phoneNumber='9682734618', passportNumber='9304127586', roles=[USER], status=REGISTERED}
User{id=e0b130c8-ca4c-428d-bc74-c1cdf271ab54, name='Елена', surname='Никитина', birthdate=1983-04-21, phoneNumber='9691752438', passportNumber='6412759038', roles=[USER], status=REGISTERED}
User{id=e098bd87-5bc4-4b2d-ae05-c58f6a5bfbc0, name='Павел', surname='Гаврилов', birthdate=1974-01-14, phoneNumber='9703468295', passportNumber='3528194607', roles=[USER], status=REGISTERED}
User{id=560b4896-1f55-40cf-be80-8880e4acf2e7, name='Татьяна', surname='Белоусова', birthdate=1976-06-30, phoneNumber='9715278340', passportNumber='5407283169', roles=[USER], status=REGISTERED}
User{id=a4dcfe19-6384-4859-a61c-ba2f43fe39c6, name='Андрей', surname='Захаров', birthdate=1987-08-07, phoneNumber='9731283654', passportNumber='8216374905', roles=[USER], status=REGISTERED}
User{id=6588c530-0a5c-415e-a599-274591b3714b, name='Оксана', surname='Шишкина', birthdate=1996-04-11, phoneNumber='9748591427', passportNumber='9047215386', roles=[USER], status=REGISTERED}
User{id=fb200cff-9aee-4e71-9a78-b7d7d01cd2d7, name='Юрий', surname='Елисеев', birthdate=1993-12-16, phoneNumber='9753186490', passportNumber='7204195830', roles=[USER], status=REGISTERED}
User{id=035b16b4-3227-410c-9597-a48a91842a9d, name='Тимур', surname='Черкасов', birthdate=1995-02-28, phoneNumber='9762735841', passportNumber='8234109576', roles=[USER], status=REGISTERED}
User{id=39957e5e-9a95-4473-93da-84ece08a893f, name='Марина', surname='Галкина', birthdate=1984-03-23, phoneNumber='9774821539', passportNumber='7305619487', roles=[USER], status=REGISTERED}
User{id=0a46c2b5-ab05-40f4-9bdf-60aa2dc8fefc, name='Анатолий', surname='Беспалов', birthdate=1992-10-06, phoneNumber='9785943267', passportNumber='6842951038', roles=[USER], status=REGISTERED}
User{id=a3358ab7-fe5a-4660-a12f-6049bcf5dc86, name='Елена', surname='Короткова', birthdate=1980-09-14, phoneNumber='9796384752', passportNumber='9173246581', roles=[USER], status=REGISTERED}
User{id=fc9267a4-06a7-4420-8463-332de9def32f, name='Сергей', surname='Пестов', birthdate=1993-05-04, phoneNumber='9802164395', passportNumber='3105847296', roles=[USER], status=REGISTERED}
User{id=3e14335e-20e3-463c-8b1f-966345a1cf38, name='Виктория', surname='Тетерина', birthdate=1986-11-11, phoneNumber='9817453206', passportNumber='5781329640', roles=[USER], status=REGISTERED}
User{id=f42217d9-4a01-4ff4-8108-350d65c07a48, name='Иван', surname='Ковалев', birthdate=1977-06-18, phoneNumber='9836148295', passportNumber='9358172046', roles=[USER], status=REGISTERED}
User{id=dd6b96b4-77f0-4ef9-8ccf-1f02318927f3, name='Андрей', surname='Горбунов', birthdate=1988-12-09, phoneNumber='9843725168', passportNumber='4109382751', roles=[USER], status=REGISTERED}
User{id=aa742417-d64b-4fac-8806-43ad54aee638, name='Анна', surname='Мишина', birthdate=1991-01-22, phoneNumber='9852641837', passportNumber='6129384750', roles=[USER], status=REGISTERED}
BankAccount{id=68b06905-df8a-451f-a49c-8571ca038642, bankId=e4be2d13-d837-4893-94d9-83874034586b, userId=56652869-3d0c-4853-9f41-324f9c8aa2dd, registryDate=2020-11-15, number='20201115-56652869-3d0c-4853-9f41-324f9c8aa2dd', balance=3240.06, state=ACTIVE}
BankAccount{id=f032c543-af04-4743-a2f7-671b1ceb5f96, bankId=5c3825f1-babc-4028-a5c6-61d6758ffb60, userId=7108b36a-e22e-4416-8dbc-752b7e8d5e65, registryDate=2020-04-03, number='20200403-7108b36a-e22e-4416-8dbc-752b7e8d5e65', balance=6354.22, state=CLOSED}
BankAccount{id=cf2dcb94-7449-4dc5-ad52-36d540e3343d, bankId=17dbf82d-7fd9-4a5c-83f1-e946d609a42c, userId=b359edc8-00d4-4a7b-86f0-cabb7b3fff89, registryDate=2020-09-09, number='20200909-b359edc8-00d4-4a7b-86f0-cabb7b3fff89', balance=44633.22, state=CLOSED}
BankAccount{id=354ef7d5-6ca2-4ae1-b41a-f296603b6b19, bankId=f382026a-2acb-45d9-b720-567d3af72935, userId=9f1c806a-69bd-43bc-bd61-303f07410c4e, registryDate=2021-02-11, number='20210211-9f1c806a-69bd-43bc-bd61-303f07410c4e', balance=80547.65, state=CLOSED}
BankAccount{id=4826f176-2c25-4723-b669-be2fa46f073a, bankId=77ff3b5e-2dd4-4d28-b519-40859c40f4f2, userId=21f2dbbc-4259-4251-bdd8-b7040538bd11, registryDate=2023-03-01, number='20230301-21f2dbbc-4259-4251-bdd8-b7040538bd11', balance=42968.39, state=CREATED}
BankAccount{id=72eebb7e-9bb1-4f1a-9587-eac179a6be33, bankId=9b6756c7-6e71-46ff-a924-7e4e74e3fa19, userId=56652869-3d0c-4853-9f41-324f9c8aa2dd, registryDate=2021-03-09, number='20210309-56652869-3d0c-4853-9f41-324f9c8aa2dd', balance=72212.86, state=CLOSED}
BankAccount{id=5f006fef-5c67-4c69-b617-c427df546a72, bankId=e4be2d13-d837-4893-94d9-83874034586b, userId=b359edc8-00d4-4a7b-86f0-cabb7b3fff89, registryDate=2022-09-25, number='20220925-b359edc8-00d4-4a7b-86f0-cabb7b3fff89', balance=84462.27, state=STOPPED}
BankAccount{id=1f00d019-72c8-4644-92b3-2ee4bbceb274, bankId=9ac627f8-6f6a-4c4b-8183-bd07d6c0b9e6, userId=de356cf1-e54c-4995-98a9-244412e4a974, registryDate=2023-03-20, number='20230320-de356cf1-e54c-4995-98a9-244412e4a974', balance=91714.35, state=STOPPED}
BankAccount{id=5ec72c70-aae7-4a56-b2ff-87b00aad7f15, bankId=9b6756c7-6e71-46ff-a924-7e4e74e3fa19, userId=376ecfa2-ca1c-4d08-8d90-4c34253cb3f7, registryDate=2023-02-07, number='20230207-376ecfa2-ca1c-4d08-8d90-4c34253cb3f7', balance=24018.42, state=CLOSED}
BankAccount{id=b7fb449a-79ca-4446-b73f-8eb36a4dd0d4, bankId=5c3825f1-babc-4028-a5c6-61d6758ffb60, userId=393e9cc8-ab38-45d4-9f82-08be06163d26, registryDate=2024-01-18, number='20240118-393e9cc8-ab38-45d4-9f82-08be06163d26', balance=98255.79, state=CLOSED}
BankAccount{id=e52b1eb0-0b23-4ce1-a6ee-bcb6e5226dba, bankId=7b3dc27c-7e70-4d85-b6b5-9b85fa3343cc, userId=957e1d70-a53e-4365-a50d-5146df832b58, registryDate=2020-03-23, number='20200323-957e1d70-a53e-4365-a50d-5146df832b58', balance=91591.19, state=ACTIVE}
BankAccount{id=a87edcdc-439c-4458-8b30-4895d0ea1cfd, bankId=2c356f80-e576-4d98-8519-b8e72e023bf0, userId=de356cf1-e54c-4995-98a9-244412e4a974, registryDate=2020-05-09, number='20200509-de356cf1-e54c-4995-98a9-244412e4a974', balance=11845.93, state=CREATED}
BankAccount{id=ebdad818-0276-46b3-bd3d-e259f6325882, bankId=b2a3b28c-df7a-4c49-bfa3-53ff4e0e6a92, userId=07593f6a-14bd-4009-a00b-db54b8681f38, registryDate=2024-07-14, number='20240714-07593f6a-14bd-4009-a00b-db54b8681f38', balance=47543.38, state=CREATED}
BankAccount{id=3ae4f78c-9c41-4c34-a615-dfb9dea560f9, bankId=f15c5d5e-3894-450d-bc39-8b60a5a4b32e, userId=65ef8d69-ec98-43a7-8348-5b55b368efc7, registryDate=2024-05-17, number='20240517-65ef8d69-ec98-43a7-8348-5b55b368efc7', balance=56270.63, state=ACTIVE}
BankAccount{id=1d4fbd04-83db-4651-86d3-29e613b0aa56, bankId=9ac627f8-6f6a-4c4b-8183-bd07d6c0b9e6, userId=a0f8e328-4ec8-42d1-adcc-bb312f0a7c00, registryDate=2020-10-20, number='20201020-a0f8e328-4ec8-42d1-adcc-bb312f0a7c00', balance=63528.93, state=ACTIVE}
BankAccount{id=5c7d4cd7-a44f-4432-a250-c68ba271f2e3, bankId=b2a3b28c-df7a-4c49-bfa3-53ff4e0e6a92, userId=b359edc8-00d4-4a7b-86f0-cabb7b3fff89, registryDate=2023-06-01, number='20230601-b359edc8-00d4-4a7b-86f0-cabb7b3fff89', balance=21349.05, state=STOPPED}
BankAccount{id=6e11e175-9bde-4231-bb48-11b5f3e5384a, bankId=9b6756c7-6e71-46ff-a924-7e4e74e3fa19, userId=de356cf1-e54c-4995-98a9-244412e4a974, registryDate=2023-10-26, number='20231026-de356cf1-e54c-4995-98a9-244412e4a974', balance=1382.82, state=CREATED}
BankAccount{id=3f96f7ce-6c29-4543-88a2-142b908139f0, bankId=f8cde45b-c60f-41c5-88a7-13ae9d6db2d8, userId=aace4314-c4e8-4c1b-8a4d-1fcc8bb07077, registryDate=2021-05-27, number='20210527-aace4314-c4e8-4c1b-8a4d-1fcc8bb07077', balance=27334.57, state=STOPPED}
BankAccount{id=15f38363-02dc-4d0a-97f8-0ec75b375a9a, bankId=e4be2d13-d837-4893-94d9-83874034586b, userId=2e7b4136-1904-427c-8007-bbb4fddf6e8d, registryDate=2024-02-08, number='20240208-2e7b4136-1904-427c-8007-bbb4fddf6e8d', balance=60968.66, state=STOPPED}
BankAccount{id=f85f9589-f6ae-4f79-be5f-2d70b187a1ac, bankId=2c356f80-e576-4d98-8519-b8e72e023bf0, userId=b097a878-3e4c-4037-ba2b-da05c245cb3b, registryDate=2023-10-08, number='20231008-b097a878-3e4c-4037-ba2b-da05c245cb3b', balance=39879.20, state=CREATED}
BankAccount{id=0861bd01-eb64-4b76-8e32-5d16472e6f9f, bankId=17dbf82d-7fd9-4a5c-83f1-e946d609a42c, userId=f0e2bc0c-576e-4dfb-a337-7e00d62eabb9, registryDate=2022-04-21, number='20220421-f0e2bc0c-576e-4dfb-a337-7e00d62eabb9', balance=80179.50, state=CREATED}
BankAccount{id=14b2cb47-4135-40a5-9fa0-f9a7d5ffc422, bankId=f382026a-2acb-45d9-b720-567d3af72935, userId=49f21058-ec06-4200-a399-10b080ba4c66, registryDate=2020-03-14, number='20200314-49f21058-ec06-4200-a399-10b080ba4c66', balance=78966.19, state=CLOSED}
BankAccount{id=c1a9eddf-56fd-4a61-ace1-336cea3c6748, bankId=f15c5d5e-3894-450d-bc39-8b60a5a4b32e, userId=827133e1-a796-4c87-8ec1-836bf8bfe536, registryDate=2020-02-02, number='20200202-827133e1-a796-4c87-8ec1-836bf8bfe536', balance=62770.23, state=ACTIVE}
BankAccount{id=7d25fdce-3d3f-4636-8a6f-fbe668b6bd07, bankId=ed0d6d2f-869b-4f93-a703-6a34e4578a92, userId=8a32c8f9-8d40-4611-a29a-83c92855984d, registryDate=2023-07-18, number='20230718-8a32c8f9-8d40-4611-a29a-83c92855984d', balance=16055.63, state=STOPPED}
BankAccount{id=9e1ddbc8-d88c-415d-88e0-fb1193eda005, bankId=7b3dc27c-7e70-4d85-b6b5-9b85fa3343cc, userId=393e9cc8-ab38-45d4-9f82-08be06163d26, registryDate=2020-01-16, number='20200116-393e9cc8-ab38-45d4-9f82-08be06163d26', balance=76658.53, state=ACTIVE}
BankAccount{id=325852d9-31c0-41ac-af3c-52a053d7919f, bankId=77ff3b5e-2dd4-4d28-b519-40859c40f4f2, userId=90e293a4-f90e-4869-ba9c-7a095fd72069, registryDate=2020-06-22, number='20200622-90e293a4-f90e-4869-ba9c-7a095fd72069', balance=54915.77, state=CREATED}
BankAccount{id=629cf24e-b768-4258-b007-a8dcd79e75c5, bankId=9b6756c7-6e71-46ff-a924-7e4e74e3fa19, userId=90e293a4-f90e-4869-ba9c-7a095fd72069, registryDate=2021-11-09, number='20211109-90e293a4-f90e-4869-ba9c-7a095fd72069', balance=15168.28, state=STOPPED}
BankAccount{id=b519ad49-fa60-4d94-9cb9-8fb7e54e217e, bankId=f8cde45b-c60f-41c5-88a7-13ae9d6db2d8, userId=2efe3922-f69e-42ce-be77-17bea5576dbd, registryDate=2022-12-28, number='20221228-2efe3922-f69e-42ce-be77-17bea5576dbd', balance=22351.24, state=ACTIVE}
BankAccount{id=87b89496-7ed0-4297-9044-ba9c97e72f0b, bankId=f15c5d5e-3894-450d-bc39-8b60a5a4b32e, userId=49f21058-ec06-4200-a399-10b080ba4c66, registryDate=2020-12-23, number='20201223-49f21058-ec06-4200-a399-10b080ba4c66', balance=34151.05, state=CLOSED}
BankAccount{id=d54bfc84-6c52-40b4-84c0-9b941d5918fd, bankId=f382026a-2acb-45d9-b720-567d3af72935, userId=5151f4cb-0ec1-4074-83a1-6ba4e1698856, registryDate=2020-03-26, number='20200326-5151f4cb-0ec1-4074-83a1-6ba4e1698856', balance=18394.95, state=ACTIVE}
BankAccount{id=f50e2d46-3212-475f-906a-3ee1cd24db70, bankId=b9b87f44-bde8-4b1d-8bc3-03f12d24cc63, userId=2e7b4136-1904-427c-8007-bbb4fddf6e8d, registryDate=2024-03-07, number='20240307-2e7b4136-1904-427c-8007-bbb4fddf6e8d', balance=23233.94, state=CREATED}
BankAccount{id=8b86beb4-2a84-4229-8204-e183599b79a2, bankId=9b6756c7-6e71-46ff-a924-7e4e74e3fa19, userId=827133e1-a796-4c87-8ec1-836bf8bfe536, registryDate=2023-07-17, number='20230717-827133e1-a796-4c87-8ec1-836bf8bfe536', balance=1648.55, state=STOPPED}
BankAccount{id=c3d0e8d2-eb74-4b11-8343-3a7eb634afa3, bankId=77ff3b5e-2dd4-4d28-b519-40859c40f4f2, userId=0d4c8710-a291-436c-a398-b7d1fb625059, registryDate=2024-08-13, number='20240813-0d4c8710-a291-436c-a398-b7d1fb625059', balance=82338.70, state=ACTIVE}
BankAccount{id=81cb25e4-f51a-41c7-a3d6-1e7e54a5f30f, bankId=b9b87f44-bde8-4b1d-8bc3-03f12d24cc63, userId=7108b36a-e22e-4416-8dbc-752b7e8d5e65, registryDate=2024-01-18, number='20240118-7108b36a-e22e-4416-8dbc-752b7e8d5e65', balance=33174.69, state=ACTIVE}
BankAccount{id=97d2dd1d-6aea-48cf-a75d-9d48c41eb66e, bankId=5c3825f1-babc-4028-a5c6-61d6758ffb60, userId=376ecfa2-ca1c-4d08-8d90-4c34253cb3f7, registryDate=2022-05-07, number='20220507-376ecfa2-ca1c-4d08-8d90-4c34253cb3f7', balance=44024.13, state=CREATED}
BankAccount{id=d8aa2716-b230-4de2-98b2-c59c0c5e7b4e, bankId=9b6756c7-6e71-46ff-a924-7e4e74e3fa19, userId=b359edc8-00d4-4a7b-86f0-cabb7b3fff89, registryDate=2021-01-07, number='20210107-b359edc8-00d4-4a7b-86f0-cabb7b3fff89', balance=80556.54, state=CLOSED}
BankAccount{id=e61e31ec-bd79-40b6-878b-acec1e04a7da, bankId=17dbf82d-7fd9-4a5c-83f1-e946d609a42c, userId=21f2dbbc-4259-4251-bdd8-b7040538bd11, registryDate=2022-05-17, number='20220517-21f2dbbc-4259-4251-bdd8-b7040538bd11', balance=76560.16, state=ACTIVE}
BankAccount{id=d61fe543-2780-4442-af40-264e6f3a5be3, bankId=ed0d6d2f-869b-4f93-a703-6a34e4578a92, userId=f7ae78bd-0d85-4511-a8b0-9a083b3a3cb1, registryDate=2023-08-21, number='20230821-f7ae78bd-0d85-4511-a8b0-9a083b3a3cb1', balance=59643.94, state=CLOSED}
BankAccount{id=492d13cb-8af8-459d-8739-3f03e0f80229, bankId=5c3825f1-babc-4028-a5c6-61d6758ffb60, userId=0d4c8710-a291-436c-a398-b7d1fb625059, registryDate=2020-12-11, number='20201211-0d4c8710-a291-436c-a398-b7d1fb625059', balance=15643.32, state=CREATED}
BankAccount{id=de2f500a-c335-4bc1-9c5f-635039aa5e81, bankId=9ac627f8-6f6a-4c4b-8183-bd07d6c0b9e6, userId=2e7b4136-1904-427c-8007-bbb4fddf6e8d, registryDate=2024-02-28, number='20240228-2e7b4136-1904-427c-8007-bbb4fddf6e8d', balance=57718.82, state=ACTIVE}
BankAccount{id=41bcb58b-5969-42ec-a6ed-5443fe9c19f1, bankId=9b6756c7-6e71-46ff-a924-7e4e74e3fa19, userId=f7ae78bd-0d85-4511-a8b0-9a083b3a3cb1, registryDate=2022-02-04, number='20220204-f7ae78bd-0d85-4511-a8b0-9a083b3a3cb1', balance=6157.12, state=STOPPED}
BankAccount{id=e65d8471-6b04-4f94-a598-29970857bdf4, bankId=2c356f80-e576-4d98-8519-b8e72e023bf0, userId=a29046e1-8cd3-4cdf-8681-083c5402ccd2, registryDate=2020-06-03, number='20200603-a29046e1-8cd3-4cdf-8681-083c5402ccd2', balance=45668.58, state=STOPPED}
BankAccount{id=27eec30f-ffe7-4e33-89fc-3c0c1110caae, bankId=77ff3b5e-2dd4-4d28-b519-40859c40f4f2, userId=e4e09391-58ea-4dc8-bc39-ddbf5fbf09a4, registryDate=2021-07-12, number='20210712-e4e09391-58ea-4dc8-bc39-ddbf5fbf09a4', balance=36902.50, state=STOPPED}
BankAccount{id=839e77ce-2a58-4e55-8103-682d877b20a3, bankId=ed0d6d2f-869b-4f93-a703-6a34e4578a92, userId=0cad4a17-1c6e-4e5e-bd3a-7e4cd7ccc9d1, registryDate=2021-06-19, number='20210619-0cad4a17-1c6e-4e5e-bd3a-7e4cd7ccc9d1', balance=2293.04, state=CREATED}
BankAccount{id=74592c00-b891-4aba-a605-4ffeb019d669, bankId=f8cde45b-c60f-41c5-88a7-13ae9d6db2d8, userId=8a32c8f9-8d40-4611-a29a-83c92855984d, registryDate=2020-12-21, number='20201221-8a32c8f9-8d40-4611-a29a-83c92855984d', balance=22443.01, state=CLOSED}
BankAccount{id=440919d5-d494-4ccb-8347-ebda64dc727b, bankId=ed0d6d2f-869b-4f93-a703-6a34e4578a92, userId=e944e7bb-85b4-4108-b355-d09f99855e41, registryDate=2024-04-08, number='20240408-e944e7bb-85b4-4108-b355-d09f99855e41', balance=31911.11, state=STOPPED}
BankAccount{id=c0de581d-a0aa-4453-883b-6633d0b22545, bankId=f15c5d5e-3894-450d-bc39-8b60a5a4b32e, userId=7108b36a-e22e-4416-8dbc-752b7e8d5e65, registryDate=2024-01-04, number='20240104-7108b36a-e22e-4416-8dbc-752b7e8d5e65', balance=89485.67, state=ACTIVE}
BankAccount{id=dc11e624-623f-4b56-9e23-65ea4892b0da, bankId=f382026a-2acb-45d9-b720-567d3af72935, userId=07593f6a-14bd-4009-a00b-db54b8681f38, registryDate=2023-03-19, number='20230319-07593f6a-14bd-4009-a00b-db54b8681f38', balance=658.52, state=STOPPED}
BankAccount{id=fa31b7d0-bfc7-4337-9e85-11014f814577, bankId=9ac627f8-6f6a-4c4b-8183-bd07d6c0b9e6, userId=90e293a4-f90e-4869-ba9c-7a095fd72069, registryDate=2023-07-08, number='20230708-90e293a4-f90e-4869-ba9c-7a095fd72069', balance=37404.74, state=CREATED}
BankAccount{id=31dfd7f7-bb93-454d-ada9-0abe8b980385, bankId=3c637348-0cd0-4f56-a569-40ef4ccbb648, userId=f0e2bc0c-576e-4dfb-a337-7e00d62eabb9, registryDate=2020-06-10, number='20200610-f0e2bc0c-576e-4dfb-a337-7e00d62eabb9', balance=39895.40, state=ACTIVE}
BankAccount{id=ff8ffcf5-7dd8-476c-80cd-affe0efb7eec, bankId=17dbf82d-7fd9-4a5c-83f1-e946d609a42c, userId=21f2dbbc-4259-4251-bdd8-b7040538bd11, registryDate=2023-10-04, number='20231004-21f2dbbc-4259-4251-bdd8-b7040538bd11', balance=41672.32, state=ACTIVE}
BankAccount{id=1395e728-362f-4e61-944c-be057f4fabf6, bankId=77ff3b5e-2dd4-4d28-b519-40859c40f4f2, userId=b5fcacf7-98a3-4702-8810-17b7777a54af, registryDate=2020-05-24, number='20200524-b5fcacf7-98a3-4702-8810-17b7777a54af', balance=25445.70, state=ACTIVE}
BankAccount{id=5c244510-2bc4-40f6-81b2-259624ade2f6, bankId=b2a3b28c-df7a-4c49-bfa3-53ff4e0e6a92, userId=5151f4cb-0ec1-4074-83a1-6ba4e1698856, registryDate=2024-09-12, number='20240912-5151f4cb-0ec1-4074-83a1-6ba4e1698856', balance=2208.44, state=CREATED}
BankAccount{id=b7606bcc-1352-43ee-b3d7-0b89784ceeea, bankId=7b3dc27c-7e70-4d85-b6b5-9b85fa3343cc, userId=957e1d70-a53e-4365-a50d-5146df832b58, registryDate=2023-02-01, number='20230201-957e1d70-a53e-4365-a50d-5146df832b58', balance=66011.41, state=CREATED}
BankAccount{id=916326ad-acd7-44d7-9b17-38bde5be4b24, bankId=17dbf82d-7fd9-4a5c-83f1-e946d609a42c, userId=9f1c806a-69bd-43bc-bd61-303f07410c4e, registryDate=2023-05-13, number='20230513-9f1c806a-69bd-43bc-bd61-303f07410c4e', balance=68699.87, state=STOPPED}
BankAccount{id=eed2f1b8-8b96-4dba-9f4e-f13eb4c3e750, bankId=9b6756c7-6e71-46ff-a924-7e4e74e3fa19, userId=376ecfa2-ca1c-4d08-8d90-4c34253cb3f7, registryDate=2021-05-19, number='20210519-376ecfa2-ca1c-4d08-8d90-4c34253cb3f7', balance=77516.40, state=CREATED}
BankAccount{id=5fea7af9-151b-4d88-9393-7f43b2e039f8, bankId=e4be2d13-d837-4893-94d9-83874034586b, userId=07593f6a-14bd-4009-a00b-db54b8681f38, registryDate=2022-03-14, number='20220314-07593f6a-14bd-4009-a00b-db54b8681f38', balance=69161.37, state=ACTIVE}
BankAccount{id=0dee34f0-6199-4c28-b6b4-df0b5812454e, bankId=f382026a-2acb-45d9-b720-567d3af72935, userId=f7ae78bd-0d85-4511-a8b0-9a083b3a3cb1, registryDate=2024-01-31, number='20240131-f7ae78bd-0d85-4511-a8b0-9a083b3a3cb1', balance=40028.93, state=ACTIVE}
BankAccount{id=67be1edc-4fc3-4951-8c04-02e713547b40, bankId=e4be2d13-d837-4893-94d9-83874034586b, userId=f7ae78bd-0d85-4511-a8b0-9a083b3a3cb1, registryDate=2020-07-11, number='20200711-f7ae78bd-0d85-4511-a8b0-9a083b3a3cb1', balance=47225.16, state=CREATED}
BankAccount{id=aa3682de-a535-4537-8dbf-14dc0961efa9, bankId=b2a3b28c-df7a-4c49-bfa3-53ff4e0e6a92, userId=f0e2bc0c-576e-4dfb-a337-7e00d62eabb9, registryDate=2022-03-23, number='20220323-f0e2bc0c-576e-4dfb-a337-7e00d62eabb9', balance=30235.31, state=CREATED}
BankAccount{id=d60f8b8e-9e2f-445c-923b-a06dcbb20b26, bankId=f382026a-2acb-45d9-b720-567d3af72935, userId=07593f6a-14bd-4009-a00b-db54b8681f38, registryDate=2023-12-17, number='20231217-07593f6a-14bd-4009-a00b-db54b8681f38', balance=8886.32, state=CLOSED}
BankAccount{id=db18e1d8-8f36-419c-9774-afe301e6c255, bankId=17dbf82d-7fd9-4a5c-83f1-e946d609a42c, userId=b359edc8-00d4-4a7b-86f0-cabb7b3fff89, registryDate=2020-05-30, number='20200530-b359edc8-00d4-4a7b-86f0-cabb7b3fff89', balance=66296.97, state=STOPPED}
BankAccount{id=47aa74b7-a820-4b35-b088-b2b7f38bc9cf, bankId=77ff3b5e-2dd4-4d28-b519-40859c40f4f2, userId=aace4314-c4e8-4c1b-8a4d-1fcc8bb07077, registryDate=2023-02-18, number='20230218-aace4314-c4e8-4c1b-8a4d-1fcc8bb07077', balance=19562.96, state=ACTIVE}
BankAccount{id=fd800382-dbb3-4035-abde-164cde244d5a, bankId=f8cde45b-c60f-41c5-88a7-13ae9d6db2d8, userId=07593f6a-14bd-4009-a00b-db54b8681f38, registryDate=2021-08-20, number='20210820-07593f6a-14bd-4009-a00b-db54b8681f38', balance=4935.64, state=ACTIVE}
BankAccount{id=73df60dd-ffc9-4a98-ad07-66d93bd31a1b, bankId=77ff3b5e-2dd4-4d28-b519-40859c40f4f2, userId=827133e1-a796-4c87-8ec1-836bf8bfe536, registryDate=2021-08-14, number='20210814-827133e1-a796-4c87-8ec1-836bf8bfe536', balance=39559.25, state=CLOSED}
BankAccount{id=a701b045-2d53-42ab-a90c-1b34d702d001, bankId=9b6756c7-6e71-46ff-a924-7e4e74e3fa19, userId=d50cd767-439b-4ff7-8c8c-8a3dd0a53843, registryDate=2022-02-26, number='20220226-d50cd767-439b-4ff7-8c8c-8a3dd0a53843', balance=51810.69, state=ACTIVE}
BankAccount{id=3c9e79a8-7ff1-43c4-a3a3-d8ee80509b72, bankId=7b3dc27c-7e70-4d85-b6b5-9b85fa3343cc, userId=f7ae78bd-0d85-4511-a8b0-9a083b3a3cb1, registryDate=2020-10-30, number='20201030-f7ae78bd-0d85-4511-a8b0-9a083b3a3cb1', balance=83887.40, state=STOPPED}
BankAccount{id=c51ecd0e-c564-4313-bb6b-0f1b9b92d2aa, bankId=b2a3b28c-df7a-4c49-bfa3-53ff4e0e6a92, userId=07593f6a-14bd-4009-a00b-db54b8681f38, registryDate=2020-12-06, number='20201206-07593f6a-14bd-4009-a00b-db54b8681f38', balance=79743.79, state=ACTIVE}
BankAccount{id=ed3165ef-f5df-42ea-a1d8-a4e65adcbd5b, bankId=77ff3b5e-2dd4-4d28-b519-40859c40f4f2, userId=0d4c8710-a291-436c-a398-b7d1fb625059, registryDate=2021-09-03, number='20210903-0d4c8710-a291-436c-a398-b7d1fb625059', balance=70527.62, state=CREATED}
BankAccount{id=0c044e6c-d703-42e4-a07e-af0204c06bcd, bankId=3c637348-0cd0-4f56-a569-40ef4ccbb648, userId=aace4314-c4e8-4c1b-8a4d-1fcc8bb07077, registryDate=2022-04-29, number='20220429-aace4314-c4e8-4c1b-8a4d-1fcc8bb07077', balance=2737.39, state=ACTIVE}
BankAccount{id=74c73c19-108c-4da1-8493-ae3ca3488574, bankId=9ac627f8-6f6a-4c4b-8183-bd07d6c0b9e6, userId=0cad4a17-1c6e-4e5e-bd3a-7e4cd7ccc9d1, registryDate=2024-02-03, number='20240203-0cad4a17-1c6e-4e5e-bd3a-7e4cd7ccc9d1', balance=2850.56, state=CREATED}
BankAccount{id=a4afcc72-20d8-49ea-b523-42702fd3ebf7, bankId=f8cde45b-c60f-41c5-88a7-13ae9d6db2d8, userId=1a72e1c7-b695-4bfb-bd52-8caaf28a8723, registryDate=2024-08-31, number='20240831-1a72e1c7-b695-4bfb-bd52-8caaf28a8723', balance=54684.81, state=CLOSED}
BankAccount{id=43149f93-24cf-4e6a-be8c-277633b33ee6, bankId=f382026a-2acb-45d9-b720-567d3af72935, userId=07593f6a-14bd-4009-a00b-db54b8681f38, registryDate=2020-10-19, number='20201019-07593f6a-14bd-4009-a00b-db54b8681f38', balance=30784.02, state=CREATED}
BankAccount{id=9f301946-d2a2-4c19-85d0-2650c1cb272e, bankId=f15c5d5e-3894-450d-bc39-8b60a5a4b32e, userId=376ecfa2-ca1c-4d08-8d90-4c34253cb3f7, registryDate=2023-05-17, number='20230517-376ecfa2-ca1c-4d08-8d90-4c34253cb3f7', balance=59351.36, state=CREATED}
BankAccount{id=45cb9109-cef4-4166-b6ee-b2e04231fbb3, bankId=f15c5d5e-3894-450d-bc39-8b60a5a4b32e, userId=14c969c6-8eec-4176-b2fa-32d308e534af, registryDate=2023-07-24, number='20230724-14c969c6-8eec-4176-b2fa-32d308e534af', balance=81783.72, state=STOPPED}
BankAccount{id=e5411b10-ebfc-4ce5-89c0-a5e5ef7942e0, bankId=ed0d6d2f-869b-4f93-a703-6a34e4578a92, userId=7108b36a-e22e-4416-8dbc-752b7e8d5e65, registryDate=2020-07-21, number='20200721-7108b36a-e22e-4416-8dbc-752b7e8d5e65', balance=68865.63, state=CLOSED}
BankAccount{id=d93319bb-539c-46c3-a6ef-9d6ca69a566a, bankId=5c3825f1-babc-4028-a5c6-61d6758ffb60, userId=376ecfa2-ca1c-4d08-8d90-4c34253cb3f7, registryDate=2024-01-12, number='20240112-376ecfa2-ca1c-4d08-8d90-4c34253cb3f7', balance=96912.86, state=ACTIVE}
BankAccount{id=7e5bbf75-0b8b-4c7b-92d4-24af30ab3276, bankId=77ff3b5e-2dd4-4d28-b519-40859c40f4f2, userId=1a72e1c7-b695-4bfb-bd52-8caaf28a8723, registryDate=2021-01-08, number='20210108-1a72e1c7-b695-4bfb-bd52-8caaf28a8723', balance=22519.29, state=ACTIVE}
BankAccount{id=026722e5-15ac-454d-85f9-3cd28ba1874c, bankId=e4be2d13-d837-4893-94d9-83874034586b, userId=e944e7bb-85b4-4108-b355-d09f99855e41, registryDate=2021-10-03, number='20211003-e944e7bb-85b4-4108-b355-d09f99855e41', balance=78928.72, state=STOPPED}
BankAccount{id=55af9373-6a3d-43f7-8e3f-019fbdbd7dd6, bankId=17dbf82d-7fd9-4a5c-83f1-e946d609a42c, userId=90e293a4-f90e-4869-ba9c-7a095fd72069, registryDate=2020-12-28, number='20201228-90e293a4-f90e-4869-ba9c-7a095fd72069', balance=65877.56, state=STOPPED}
BankAccount{id=11a203a2-0232-4c32-a447-0bbd71ac7106, bankId=f382026a-2acb-45d9-b720-567d3af72935, userId=b359edc8-00d4-4a7b-86f0-cabb7b3fff89, registryDate=2022-06-02, number='20220602-b359edc8-00d4-4a7b-86f0-cabb7b3fff89', balance=96855.43, state=CREATED}
BankAccount{id=b97e3842-c3ea-48cb-a4e8-70e786b24174, bankId=b9b87f44-bde8-4b1d-8bc3-03f12d24cc63, userId=8a32c8f9-8d40-4611-a29a-83c92855984d, registryDate=2024-02-19, number='20240219-8a32c8f9-8d40-4611-a29a-83c92855984d', balance=60891.21, state=ACTIVE}
BankAccount{id=e2da5778-928b-45a7-ae80-d35ac7250d20, bankId=b2a3b28c-df7a-4c49-bfa3-53ff4e0e6a92, userId=f0e2bc0c-576e-4dfb-a337-7e00d62eabb9, registryDate=2020-09-10, number='20200910-f0e2bc0c-576e-4dfb-a337-7e00d62eabb9', balance=15823.59, state=STOPPED}
BankAccount{id=c3e8ffcf-1b96-4634-a6f2-cd5fa7ada882, bankId=e4be2d13-d837-4893-94d9-83874034586b, userId=49f21058-ec06-4200-a399-10b080ba4c66, registryDate=2022-12-25, number='20221225-49f21058-ec06-4200-a399-10b080ba4c66', balance=10703.85, state=CREATED}
BankAccount{id=a351625a-505f-48e0-9ed7-8074889ab567, bankId=17dbf82d-7fd9-4a5c-83f1-e946d609a42c, userId=b359edc8-00d4-4a7b-86f0-cabb7b3fff89, registryDate=2024-06-21, number='20240621-b359edc8-00d4-4a7b-86f0-cabb7b3fff89', balance=99078.91, state=CLOSED}
BankAccount{id=8b599f96-67e7-474c-adfe-49c02360b6eb, bankId=f382026a-2acb-45d9-b720-567d3af72935, userId=8a32c8f9-8d40-4611-a29a-83c92855984d, registryDate=2021-12-28, number='20211228-8a32c8f9-8d40-4611-a29a-83c92855984d', balance=60607.60, state=CREATED}
BankAccount{id=dae97337-4147-42f7-b395-f53d12ec16a0, bankId=f8cde45b-c60f-41c5-88a7-13ae9d6db2d8, userId=2efe3922-f69e-42ce-be77-17bea5576dbd, registryDate=2023-07-04, number='20230704-2efe3922-f69e-42ce-be77-17bea5576dbd', balance=14535.77, state=STOPPED}
BankAccount{id=fab69bc6-4aac-47ae-9d6e-86f5d2c22b55, bankId=f8cde45b-c60f-41c5-88a7-13ae9d6db2d8, userId=b5fcacf7-98a3-4702-8810-17b7777a54af, registryDate=2021-11-28, number='20211128-b5fcacf7-98a3-4702-8810-17b7777a54af', balance=17125.09, state=CREATED}
BankAccount{id=dd999741-6106-4ba5-8764-7ebf8d912483, bankId=ed0d6d2f-869b-4f93-a703-6a34e4578a92, userId=b097a878-3e4c-4037-ba2b-da05c245cb3b, registryDate=2021-07-06, number='20210706-b097a878-3e4c-4037-ba2b-da05c245cb3b', balance=71062.45, state=STOPPED}
BankAccount{id=5abd6608-a11d-4daa-8270-243fce1bad08, bankId=b9b87f44-bde8-4b1d-8bc3-03f12d24cc63, userId=a0f8e328-4ec8-42d1-adcc-bb312f0a7c00, registryDate=2022-09-14, number='20220914-a0f8e328-4ec8-42d1-adcc-bb312f0a7c00', balance=68837.74, state=CLOSED}
BankAccount{id=fe7e85b3-a6a4-4d0d-af5d-4ceb283f8c74, bankId=17dbf82d-7fd9-4a5c-83f1-e946d609a42c, userId=b5fcacf7-98a3-4702-8810-17b7777a54af, registryDate=2024-09-05, number='20240905-b5fcacf7-98a3-4702-8810-17b7777a54af', balance=12602.89, state=STOPPED}
BankAccount{id=2d703557-7960-43e3-ac09-0ed2dfd409b5, bankId=9ac627f8-6f6a-4c4b-8183-bd07d6c0b9e6, userId=393e9cc8-ab38-45d4-9f82-08be06163d26, registryDate=2023-07-25, number='20230725-393e9cc8-ab38-45d4-9f82-08be06163d26', balance=55261.74, state=CREATED}
BankAccount{id=6042fd8a-49f6-45cc-8cd5-ddf719b9c316, bankId=f382026a-2acb-45d9-b720-567d3af72935, userId=f0e2bc0c-576e-4dfb-a337-7e00d62eabb9, registryDate=2021-07-08, number='20210708-f0e2bc0c-576e-4dfb-a337-7e00d62eabb9', balance=72117.72, state=STOPPED}
BankAccount{id=63211c5d-fc93-4cb2-b793-ebb723b72b29, bankId=b2a3b28c-df7a-4c49-bfa3-53ff4e0e6a92, userId=a0f8e328-4ec8-42d1-adcc-bb312f0a7c00, registryDate=2024-01-21, number='20240121-a0f8e328-4ec8-42d1-adcc-bb312f0a7c00', balance=18177.06, state=ACTIVE}
BankAccount{id=1c5d0ad9-b5eb-42f6-b2f2-df8c0187ffb0, bankId=9b6756c7-6e71-46ff-a924-7e4e74e3fa19, userId=376ecfa2-ca1c-4d08-8d90-4c34253cb3f7, registryDate=2023-06-18, number='20230618-376ecfa2-ca1c-4d08-8d90-4c34253cb3f7', balance=59807.16, state=CLOSED}
BankAccount{id=e26a1f53-72e4-46c1-849f-560b6be1648c, bankId=b9b87f44-bde8-4b1d-8bc3-03f12d24cc63, userId=376ecfa2-ca1c-4d08-8d90-4c34253cb3f7, registryDate=2023-05-06, number='20230506-376ecfa2-ca1c-4d08-8d90-4c34253cb3f7', balance=642.38, state=STOPPED}
BankAccount{id=e115e6ac-035a-4add-abb6-3c63bc921921, bankId=b9b87f44-bde8-4b1d-8bc3-03f12d24cc63, userId=2e7b4136-1904-427c-8007-bbb4fddf6e8d, registryDate=2020-07-07, number='20200707-2e7b4136-1904-427c-8007-bbb4fddf6e8d', balance=55528.58, state=CREATED}
BankAccount{id=6a1e7791-3967-4d19-9b70-9a82dbe20ac1, bankId=7b3dc27c-7e70-4d85-b6b5-9b85fa3343cc, userId=de356cf1-e54c-4995-98a9-244412e4a974, registryDate=2021-03-06, number='20210306-de356cf1-e54c-4995-98a9-244412e4a974', balance=12152.73, state=ACTIVE}
BankAccount{id=6e3b2e6c-6a14-405b-80d5-cda9ca27bc30, bankId=9b6756c7-6e71-46ff-a924-7e4e74e3fa19, userId=21f2dbbc-4259-4251-bdd8-b7040538bd11, registryDate=2022-03-26, number='20220326-21f2dbbc-4259-4251-bdd8-b7040538bd11', balance=94470.09, state=ACTIVE}
BankAccount{id=a19bc46c-5508-4c69-abb3-86748ea95694, bankId=2c356f80-e576-4d98-8519-b8e72e023bf0, userId=56652869-3d0c-4853-9f41-324f9c8aa2dd, registryDate=2024-05-09, number='20240509-56652869-3d0c-4853-9f41-324f9c8aa2dd', balance=47168.11, state=CREATED}
BankAccount{id=4db11e14-5d37-4d57-8652-a6379298b8f6, bankId=9ac627f8-6f6a-4c4b-8183-bd07d6c0b9e6, userId=f0e2bc0c-576e-4dfb-a337-7e00d62eabb9, registryDate=2023-06-01, number='20230601-f0e2bc0c-576e-4dfb-a337-7e00d62eabb9', balance=94440.99, state=STOPPED}
BankAccount{id=af784bf4-06a5-4aa2-9f9a-f6e6957fb354, bankId=3c637348-0cd0-4f56-a569-40ef4ccbb648, userId=de356cf1-e54c-4995-98a9-244412e4a974, registryDate=2023-10-10, number='20231010-de356cf1-e54c-4995-98a9-244412e4a974', balance=66254.55, state=CREATED}
BankAccount{id=d18c128a-d3a5-4037-8689-a083c59c05c3, bankId=e4be2d13-d837-4893-94d9-83874034586b, userId=21f2dbbc-4259-4251-bdd8-b7040538bd11, registryDate=2022-08-13, number='20220813-21f2dbbc-4259-4251-bdd8-b7040538bd11', balance=41780.85, state=STOPPED}
BankAccount{id=38b2576d-f505-4b30-9e71-96dfbdb7a6b2, bankId=f8cde45b-c60f-41c5-88a7-13ae9d6db2d8, userId=827133e1-a796-4c87-8ec1-836bf8bfe536, registryDate=2020-07-28, number='20200728-827133e1-a796-4c87-8ec1-836bf8bfe536', balance=82934.14, state=CREATED}
BankAccount{id=20f5fe23-e8ce-4454-b9c2-d6beeadd9ea1, bankId=2c356f80-e576-4d98-8519-b8e72e023bf0, userId=56652869-3d0c-4853-9f41-324f9c8aa2dd, registryDate=2023-06-05, number='20230605-56652869-3d0c-4853-9f41-324f9c8aa2dd', balance=40136.74, state=ACTIVE}
BankAccount{id=22da55c5-7256-4a1f-a0cb-7c800a3cddc1, bankId=5c3825f1-babc-4028-a5c6-61d6758ffb60, userId=0dedb12f-9959-49e2-9ef0-52571b93e7cd, registryDate=2021-03-30, number='20210330-0dedb12f-9959-49e2-9ef0-52571b93e7cd', balance=45986.28, state=STOPPED}
BankAccount{id=c7eecf68-2409-4f61-8909-7684c886cf9a, bankId=9ac627f8-6f6a-4c4b-8183-bd07d6c0b9e6, userId=7108b36a-e22e-4416-8dbc-752b7e8d5e65, registryDate=2020-03-04, number='20200304-7108b36a-e22e-4416-8dbc-752b7e8d5e65', balance=27719.79, state=CREATED}
BankAccount{id=bcf63b7a-738d-4d9e-b0e6-4d3e44dbbda8, bankId=5c3825f1-babc-4028-a5c6-61d6758ffb60, userId=65ef8d69-ec98-43a7-8348-5b55b368efc7, registryDate=2024-01-31, number='20240131-65ef8d69-ec98-43a7-8348-5b55b368efc7', balance=10942.67, state=CLOSED}
BankAccount{id=35d75aba-a9cd-4a49-9640-c9b5d59183cb, bankId=5c3825f1-babc-4028-a5c6-61d6758ffb60, userId=0dedb12f-9959-49e2-9ef0-52571b93e7cd, registryDate=2020-09-01, number='20200901-0dedb12f-9959-49e2-9ef0-52571b93e7cd', balance=19281.69, state=CLOSED}
BankAccount{id=628f6c05-8aa2-4ca8-91cf-ccf5b53eff90, bankId=b2a3b28c-df7a-4c49-bfa3-53ff4e0e6a92, userId=aace4314-c4e8-4c1b-8a4d-1fcc8bb07077, registryDate=2023-03-21, number='20230321-aace4314-c4e8-4c1b-8a4d-1fcc8bb07077', balance=24831.09, state=CLOSED}
BankAccount{id=53720964-440a-4804-8761-0b864682c0c2, bankId=f8cde45b-c60f-41c5-88a7-13ae9d6db2d8, userId=aace4314-c4e8-4c1b-8a4d-1fcc8bb07077, registryDate=2024-02-22, number='20240222-aace4314-c4e8-4c1b-8a4d-1fcc8bb07077', balance=79656.19, state=CLOSED}
BankAccount{id=390270d4-e285-4594-b5c6-7a0a80256785, bankId=ed0d6d2f-869b-4f93-a703-6a34e4578a92, userId=0d4c8710-a291-436c-a398-b7d1fb625059, registryDate=2020-09-06, number='20200906-0d4c8710-a291-436c-a398-b7d1fb625059', balance=21551.67, state=CLOSED}
BankAccount{id=5a151de0-2c60-40b2-9eb3-0c88ef3d10a4, bankId=77ff3b5e-2dd4-4d28-b519-40859c40f4f2, userId=5151f4cb-0ec1-4074-83a1-6ba4e1698856, registryDate=2022-04-25, number='20220425-5151f4cb-0ec1-4074-83a1-6ba4e1698856', balance=30970.14, state=CREATED}
BankAccount{id=bc5e41b5-370f-4375-b02b-52eda7f2f38b, bankId=ed0d6d2f-869b-4f93-a703-6a34e4578a92, userId=0dedb12f-9959-49e2-9ef0-52571b93e7cd, registryDate=2024-08-05, number='20240805-0dedb12f-9959-49e2-9ef0-52571b93e7cd', balance=22544.75, state=CLOSED}
BankAccount{id=e07658ec-e545-4370-9632-0b6788081648, bankId=9ac627f8-6f6a-4c4b-8183-bd07d6c0b9e6, userId=49f21058-ec06-4200-a399-10b080ba4c66, registryDate=2024-06-16, number='20240616-49f21058-ec06-4200-a399-10b080ba4c66', balance=97828.65, state=ACTIVE}
BankAccount{id=1fcf6bad-7dc8-402e-a46f-296b231e2586, bankId=2c356f80-e576-4d98-8519-b8e72e023bf0, userId=aace4314-c4e8-4c1b-8a4d-1fcc8bb07077, registryDate=2022-11-19, number='20221119-aace4314-c4e8-4c1b-8a4d-1fcc8bb07077', balance=70248.74, state=ACTIVE}
BankAccount{id=63038f4f-85b3-42b6-9a6b-7de8e72bb8bd, bankId=ed0d6d2f-869b-4f93-a703-6a34e4578a92, userId=5151f4cb-0ec1-4074-83a1-6ba4e1698856, registryDate=2021-05-08, number='20210508-5151f4cb-0ec1-4074-83a1-6ba4e1698856', balance=6377.56, state=CLOSED}
BankAccount{id=063c9c47-f56b-4fb3-8e34-a8271a0749d1, bankId=77ff3b5e-2dd4-4d28-b519-40859c40f4f2, userId=0cad4a17-1c6e-4e5e-bd3a-7e4cd7ccc9d1, registryDate=2023-07-02, number='20230702-0cad4a17-1c6e-4e5e-bd3a-7e4cd7ccc9d1', balance=47730.78, state=ACTIVE}
BankAccount{id=c5968337-7d01-4a00-964c-fe92062bb972, bankId=f15c5d5e-3894-450d-bc39-8b60a5a4b32e, userId=56652869-3d0c-4853-9f41-324f9c8aa2dd, registryDate=2020-12-21, number='20201221-56652869-3d0c-4853-9f41-324f9c8aa2dd', balance=38802.41, state=ACTIVE}
BankAccount{id=597b448b-36e3-4f4f-ae8d-6e5791e57239, bankId=e4be2d13-d837-4893-94d9-83874034586b, userId=21f2dbbc-4259-4251-bdd8-b7040538bd11, registryDate=2024-06-22, number='20240622-21f2dbbc-4259-4251-bdd8-b7040538bd11', balance=32294.06, state=ACTIVE}
BankAccount{id=ad8dfbef-a892-44b0-b273-4b06cfd35f6d, bankId=2c356f80-e576-4d98-8519-b8e72e023bf0, userId=de356cf1-e54c-4995-98a9-244412e4a974, registryDate=2021-03-26, number='20210326-de356cf1-e54c-4995-98a9-244412e4a974', balance=33466.50, state=ACTIVE}
BankAccount{id=c17147e5-17d5-4009-b98a-bb0b410726bf, bankId=2c356f80-e576-4d98-8519-b8e72e023bf0, userId=393e9cc8-ab38-45d4-9f82-08be06163d26, registryDate=2022-07-14, number='20220714-393e9cc8-ab38-45d4-9f82-08be06163d26', balance=50869.60, state=STOPPED}
BankAccount{id=16143175-9315-491e-8734-64a09f904e58, bankId=f15c5d5e-3894-450d-bc39-8b60a5a4b32e, userId=1a72e1c7-b695-4bfb-bd52-8caaf28a8723, registryDate=2022-03-05, number='20220305-1a72e1c7-b695-4bfb-bd52-8caaf28a8723', balance=42355.31, state=CREATED}
BankAccount{id=4d317a44-74ec-4e69-89b3-69a0e8026fc6, bankId=b2a3b28c-df7a-4c49-bfa3-53ff4e0e6a92, userId=e4e09391-58ea-4dc8-bc39-ddbf5fbf09a4, registryDate=2022-04-02, number='20220402-e4e09391-58ea-4dc8-bc39-ddbf5fbf09a4', balance=8356.26, state=CLOSED}
BankAccount{id=e1e53ef3-a7c7-4b21-8f02-4cfd131acab7, bankId=b2a3b28c-df7a-4c49-bfa3-53ff4e0e6a92, userId=e944e7bb-85b4-4108-b355-d09f99855e41, registryDate=2022-03-23, number='20220323-e944e7bb-85b4-4108-b355-d09f99855e41', balance=13289.23, state=ACTIVE}
BankAccount{id=8f0d873e-841e-4773-a86b-36067c55374b, bankId=7b3dc27c-7e70-4d85-b6b5-9b85fa3343cc, userId=aace4314-c4e8-4c1b-8a4d-1fcc8bb07077, registryDate=2024-02-28, number='20240228-aace4314-c4e8-4c1b-8a4d-1fcc8bb07077', balance=50941.61, state=CREATED}
BankAccount{id=385401af-7e11-40af-97ba-438192a1d449, bankId=77ff3b5e-2dd4-4d28-b519-40859c40f4f2, userId=0dedb12f-9959-49e2-9ef0-52571b93e7cd, registryDate=2022-06-06, number='20220606-0dedb12f-9959-49e2-9ef0-52571b93e7cd', balance=96690.15, state=CLOSED}
BankAccount{id=d75a314d-e491-41d4-ad59-15758a1c8a9d, bankId=b9b87f44-bde8-4b1d-8bc3-03f12d24cc63, userId=f7ae78bd-0d85-4511-a8b0-9a083b3a3cb1, registryDate=2022-12-22, number='20221222-f7ae78bd-0d85-4511-a8b0-9a083b3a3cb1', balance=86594.29, state=ACTIVE}
BankAccount{id=724d6d6c-1a12-41e4-b13c-756608034a33, bankId=f15c5d5e-3894-450d-bc39-8b60a5a4b32e, userId=e4e09391-58ea-4dc8-bc39-ddbf5fbf09a4, registryDate=2023-06-08, number='20230608-e4e09391-58ea-4dc8-bc39-ddbf5fbf09a4', balance=34681.67, state=CREATED}
BankAccount{id=a0066721-6096-4991-89cd-f82a7068281f, bankId=f382026a-2acb-45d9-b720-567d3af72935, userId=aace4314-c4e8-4c1b-8a4d-1fcc8bb07077, registryDate=2020-12-31, number='20201231-aace4314-c4e8-4c1b-8a4d-1fcc8bb07077', balance=56275.79, state=ACTIVE}
BankAccount{id=40acca67-96ac-4dd2-b684-fda346f80fc2, bankId=e4be2d13-d837-4893-94d9-83874034586b, userId=e4e09391-58ea-4dc8-bc39-ddbf5fbf09a4, registryDate=2020-12-10, number='20201210-e4e09391-58ea-4dc8-bc39-ddbf5fbf09a4', balance=49102.98, state=STOPPED}
BankAccount{id=25612244-fbd8-440d-814b-8a0f5124e770, bankId=5c3825f1-babc-4028-a5c6-61d6758ffb60, userId=0dedb12f-9959-49e2-9ef0-52571b93e7cd, registryDate=2022-03-20, number='20220320-0dedb12f-9959-49e2-9ef0-52571b93e7cd', balance=6245.44, state=ACTIVE}
BankAccount{id=0bbd887c-c58f-4176-afa4-94fe06302126, bankId=9b6756c7-6e71-46ff-a924-7e4e74e3fa19, userId=49f21058-ec06-4200-a399-10b080ba4c66, registryDate=2022-02-16, number='20220216-49f21058-ec06-4200-a399-10b080ba4c66', balance=22446.42, state=STOPPED}
BankAccount{id=ecfeeb1a-f7d7-478e-8bff-d1faa5617ac1, bankId=2c356f80-e576-4d98-8519-b8e72e023bf0, userId=56652869-3d0c-4853-9f41-324f9c8aa2dd, registryDate=2020-05-04, number='20200504-56652869-3d0c-4853-9f41-324f9c8aa2dd', balance=22251.67, state=STOPPED}
BankAccount{id=41ccc789-99d2-4407-ab3a-df1aef6580a0, bankId=9b6756c7-6e71-46ff-a924-7e4e74e3fa19, userId=56652869-3d0c-4853-9f41-324f9c8aa2dd, registryDate=2023-08-23, number='20230823-56652869-3d0c-4853-9f41-324f9c8aa2dd', balance=69862.92, state=CREATED}
BankAccount{id=de13365b-9408-48b8-9ad8-dfe859fb216b, bankId=e4be2d13-d837-4893-94d9-83874034586b, userId=9f1c806a-69bd-43bc-bd61-303f07410c4e, registryDate=2022-04-23, number='20220423-9f1c806a-69bd-43bc-bd61-303f07410c4e', balance=14451.68, state=CREATED}
BankAccount{id=8c80b794-ea33-4120-9b6a-0d4ac5a376b2, bankId=2c356f80-e576-4d98-8519-b8e72e023bf0, userId=65ef8d69-ec98-43a7-8348-5b55b368efc7, registryDate=2023-05-03, number='20230503-65ef8d69-ec98-43a7-8348-5b55b368efc7', balance=2360.17, state=STOPPED}
BankAccount{id=0ce6558f-174b-4cb0-ae32-302af874ee4e, bankId=77ff3b5e-2dd4-4d28-b519-40859c40f4f2, userId=2e7b4136-1904-427c-8007-bbb4fddf6e8d, registryDate=2020-07-10, number='20200710-2e7b4136-1904-427c-8007-bbb4fddf6e8d', balance=7154.76, state=CREATED}
BankAccount{id=42d78036-2712-4218-8340-b6cdd720ab57, bankId=9b6756c7-6e71-46ff-a924-7e4e74e3fa19, userId=14c969c6-8eec-4176-b2fa-32d308e534af, registryDate=2021-01-12, number='20210112-14c969c6-8eec-4176-b2fa-32d308e534af', balance=53630.58, state=ACTIVE}
BankAccount{id=dfb6e926-e4ce-4f45-9cea-4453190795df, bankId=5c3825f1-babc-4028-a5c6-61d6758ffb60, userId=8a32c8f9-8d40-4611-a29a-83c92855984d, registryDate=2022-02-11, number='20220211-8a32c8f9-8d40-4611-a29a-83c92855984d', balance=63724.45, state=CREATED}
BankAccount{id=e7dc23ec-0604-42fa-89ff-5d2f3e3d23d7, bankId=b9b87f44-bde8-4b1d-8bc3-03f12d24cc63, userId=71f3bf9a-ff2c-408d-a847-86655d19573c, registryDate=2021-12-07, number='20211207-71f3bf9a-ff2c-408d-a847-86655d19573c', balance=81370.46, state=STOPPED}
BankAccount{id=1c4ce847-8ca0-4888-94ca-2dfa1782ad5c, bankId=5c3825f1-babc-4028-a5c6-61d6758ffb60, userId=b097a878-3e4c-4037-ba2b-da05c245cb3b, registryDate=2022-08-11, number='20220811-b097a878-3e4c-4037-ba2b-da05c245cb3b', balance=60301.42, state=STOPPED}
BankAccount{id=9ff1aa56-2da3-4299-a320-8fab7cf43a33, bankId=9b6756c7-6e71-46ff-a924-7e4e74e3fa19, userId=d50cd767-439b-4ff7-8c8c-8a3dd0a53843, registryDate=2024-06-26, number='20240626-d50cd767-439b-4ff7-8c8c-8a3dd0a53843', balance=98057.50, state=CLOSED}
BankAccount{id=b64e9324-be81-476d-814b-a4e30b9514a6, bankId=f382026a-2acb-45d9-b720-567d3af72935, userId=a0f8e328-4ec8-42d1-adcc-bb312f0a7c00, registryDate=2022-11-05, number='20221105-a0f8e328-4ec8-42d1-adcc-bb312f0a7c00', balance=44673.52, state=CREATED}
BankAccount{id=a77a159d-989b-44f5-9a2b-72c8e75de35f, bankId=2c356f80-e576-4d98-8519-b8e72e023bf0, userId=56652869-3d0c-4853-9f41-324f9c8aa2dd, registryDate=2022-04-02, number='20220402-56652869-3d0c-4853-9f41-324f9c8aa2dd', balance=79185.39, state=STOPPED}
BankAccount{id=b3079840-a04b-4e3b-b328-e4b98d55302b, bankId=7b3dc27c-7e70-4d85-b6b5-9b85fa3343cc, userId=f7ae78bd-0d85-4511-a8b0-9a083b3a3cb1, registryDate=2021-01-16, number='20210116-f7ae78bd-0d85-4511-a8b0-9a083b3a3cb1', balance=11865.02, state=STOPPED}
BankAccount{id=efc48115-d3b3-469a-911b-f9b1e0e2dfaa, bankId=f8cde45b-c60f-41c5-88a7-13ae9d6db2d8, userId=9f1c806a-69bd-43bc-bd61-303f07410c4e, registryDate=2020-04-10, number='20200410-9f1c806a-69bd-43bc-bd61-303f07410c4e', balance=9752.89, state=CLOSED}
BankAccount{id=6131b098-14d4-4f82-abe4-6041b3381b16, bankId=9b6756c7-6e71-46ff-a924-7e4e74e3fa19, userId=de356cf1-e54c-4995-98a9-244412e4a974, registryDate=2020-11-03, number='20201103-de356cf1-e54c-4995-98a9-244412e4a974', balance=30011.44, state=STOPPED}
BankAccount{id=d4c00faa-9274-4642-a7c5-4d40b9f13389, bankId=17dbf82d-7fd9-4a5c-83f1-e946d609a42c, userId=f7ae78bd-0d85-4511-a8b0-9a083b3a3cb1, registryDate=2020-05-12, number='20200512-f7ae78bd-0d85-4511-a8b0-9a083b3a3cb1', balance=41677.14, state=ACTIVE}
BankAccount{id=042c8d7e-e423-454e-bb6a-ee91b54739fc, bankId=ed0d6d2f-869b-4f93-a703-6a34e4578a92, userId=7108b36a-e22e-4416-8dbc-752b7e8d5e65, registryDate=2020-09-19, number='20200919-7108b36a-e22e-4416-8dbc-752b7e8d5e65', balance=75221.90, state=STOPPED}
BankAccount{id=11c13314-0176-451b-a5a6-1f5face97b8c, bankId=9b6756c7-6e71-46ff-a924-7e4e74e3fa19, userId=49f21058-ec06-4200-a399-10b080ba4c66, registryDate=2023-09-25, number='20230925-49f21058-ec06-4200-a399-10b080ba4c66', balance=91056.76, state=CLOSED}
BankAccount{id=cc1801d6-0853-4a03-80c8-bfab774c247c, bankId=f382026a-2acb-45d9-b720-567d3af72935, userId=f7ae78bd-0d85-4511-a8b0-9a083b3a3cb1, registryDate=2020-09-04, number='20200904-f7ae78bd-0d85-4511-a8b0-9a083b3a3cb1', balance=55455.22, state=CREATED}
BankAccount{id=837e0372-59d6-4cbb-bed6-db1aa016e58e, bankId=e4be2d13-d837-4893-94d9-83874034586b, userId=de356cf1-e54c-4995-98a9-244412e4a974, registryDate=2024-08-15, number='20240815-de356cf1-e54c-4995-98a9-244412e4a974', balance=69938.49, state=ACTIVE}
BankAccount{id=d5f99e28-7a23-488c-9c86-674f4f8cce0a, bankId=2c356f80-e576-4d98-8519-b8e72e023bf0, userId=56652869-3d0c-4853-9f41-324f9c8aa2dd, registryDate=2023-04-16, number='20230416-56652869-3d0c-4853-9f41-324f9c8aa2dd', balance=26294.05, state=ACTIVE}
BankAccount{id=93657acb-17ad-4c54-9140-b0599a2c059a, bankId=f15c5d5e-3894-450d-bc39-8b60a5a4b32e, userId=14c969c6-8eec-4176-b2fa-32d308e534af, registryDate=2022-01-03, number='20220103-14c969c6-8eec-4176-b2fa-32d308e534af', balance=20744.77, state=CLOSED}
BankAccount{id=e1e7375a-7f0f-4ec3-ac6b-727208147861, bankId=2c356f80-e576-4d98-8519-b8e72e023bf0, userId=f7ae78bd-0d85-4511-a8b0-9a083b3a3cb1, registryDate=2021-02-21, number='20210221-f7ae78bd-0d85-4511-a8b0-9a083b3a3cb1', balance=2649.13, state=CREATED}
BankAccount{id=3a407d9a-39ad-4eda-8dd4-1d6059754bca, bankId=f8cde45b-c60f-41c5-88a7-13ae9d6db2d8, userId=0d4c8710-a291-436c-a398-b7d1fb625059, registryDate=2021-12-04, number='20211204-0d4c8710-a291-436c-a398-b7d1fb625059', balance=39768.59, state=STOPPED}
BankAccount{id=ca15e1f6-1c94-48bb-a0a9-0307042423bb, bankId=f382026a-2acb-45d9-b720-567d3af72935, userId=49f21058-ec06-4200-a399-10b080ba4c66, registryDate=2021-06-11, number='20210611-49f21058-ec06-4200-a399-10b080ba4c66', balance=20266.26, state=STOPPED}
BankAccount{id=6f8e9383-574e-4a1f-ae66-4d168356f12e, bankId=f15c5d5e-3894-450d-bc39-8b60a5a4b32e, userId=b097a878-3e4c-4037-ba2b-da05c245cb3b, registryDate=2024-10-06, number='20241006-b097a878-3e4c-4037-ba2b-da05c245cb3b', balance=7592.23, state=CREATED}
BankAccount{id=5c3e6436-80e6-483b-9394-9d1e52711683, bankId=9b6756c7-6e71-46ff-a924-7e4e74e3fa19, userId=827133e1-a796-4c87-8ec1-836bf8bfe536, registryDate=2022-11-19, number='20221119-827133e1-a796-4c87-8ec1-836bf8bfe536', balance=98716.25, state=CREATED}
BankAccount{id=f5e39ccb-81b6-4a50-8db2-e1755e5cf804, bankId=9b6756c7-6e71-46ff-a924-7e4e74e3fa19, userId=b5fcacf7-98a3-4702-8810-17b7777a54af, registryDate=2021-09-10, number='20210910-b5fcacf7-98a3-4702-8810-17b7777a54af', balance=61194.63, state=STOPPED}
BankAccount{id=e949f7d8-b611-486d-945c-55df8da4c8f2, bankId=e4be2d13-d837-4893-94d9-83874034586b, userId=f7ae78bd-0d85-4511-a8b0-9a083b3a3cb1, registryDate=2024-05-24, number='20240524-f7ae78bd-0d85-4511-a8b0-9a083b3a3cb1', balance=42117.33, state=ACTIVE}
BankAccount{id=fda493f6-981d-41dc-880d-8c3daeac0607, bankId=17dbf82d-7fd9-4a5c-83f1-e946d609a42c, userId=2e7b4136-1904-427c-8007-bbb4fddf6e8d, registryDate=2024-07-20, number='20240720-2e7b4136-1904-427c-8007-bbb4fddf6e8d', balance=54592.03, state=CREATED}
BankAccount{id=8c5e7b3a-9bf8-4d77-8228-21c7e9c07000, bankId=9b6756c7-6e71-46ff-a924-7e4e74e3fa19, userId=f7ae78bd-0d85-4511-a8b0-9a083b3a3cb1, registryDate=2023-08-01, number='20230801-f7ae78bd-0d85-4511-a8b0-9a083b3a3cb1', balance=49499.74, state=CLOSED}
BankAccount{id=aa61079e-8746-41ce-9c6c-3bb39226c914, bankId=17dbf82d-7fd9-4a5c-83f1-e946d609a42c, userId=b097a878-3e4c-4037-ba2b-da05c245cb3b, registryDate=2020-06-12, number='20200612-b097a878-3e4c-4037-ba2b-da05c245cb3b', balance=23366.44, state=STOPPED}
BankAccount{id=0cdaca99-5521-4a37-848e-7c6547c457f0, bankId=b2a3b28c-df7a-4c49-bfa3-53ff4e0e6a92, userId=0cad4a17-1c6e-4e5e-bd3a-7e4cd7ccc9d1, registryDate=2022-04-20, number='20220420-0cad4a17-1c6e-4e5e-bd3a-7e4cd7ccc9d1', balance=95491.56, state=CLOSED}
BankAccount{id=8e4d9a76-b861-49fc-a081-c235f7129f86, bankId=9ac627f8-6f6a-4c4b-8183-bd07d6c0b9e6, userId=5151f4cb-0ec1-4074-83a1-6ba4e1698856, registryDate=2021-05-17, number='20210517-5151f4cb-0ec1-4074-83a1-6ba4e1698856', balance=88099.13, state=CREATED}
BankAccount{id=dc5af675-20f1-407c-9796-09146e1a6fb0, bankId=f8cde45b-c60f-41c5-88a7-13ae9d6db2d8, userId=90e293a4-f90e-4869-ba9c-7a095fd72069, registryDate=2023-08-23, number='20230823-90e293a4-f90e-4869-ba9c-7a095fd72069', balance=337.83, state=CLOSED}
BankAccount{id=257b56b9-2dbf-4661-bb8e-250ea7de8c37, bankId=ed0d6d2f-869b-4f93-a703-6a34e4578a92, userId=a29046e1-8cd3-4cdf-8681-083c5402ccd2, registryDate=2022-04-26, number='20220426-a29046e1-8cd3-4cdf-8681-083c5402ccd2', balance=69132.28, state=STOPPED}
BankAccount{id=625a8bb8-e010-40dc-8bf7-e65fca0ffdb0, bankId=9b6756c7-6e71-46ff-a924-7e4e74e3fa19, userId=b359edc8-00d4-4a7b-86f0-cabb7b3fff89, registryDate=2022-04-29, number='20220429-b359edc8-00d4-4a7b-86f0-cabb7b3fff89', balance=65761.52, state=ACTIVE}
BankAccount{id=baf463c9-3d0e-4584-813e-e27688c7bd47, bankId=3c637348-0cd0-4f56-a569-40ef4ccbb648, userId=0dedb12f-9959-49e2-9ef0-52571b93e7cd, registryDate=2022-09-01, number='20220901-0dedb12f-9959-49e2-9ef0-52571b93e7cd', balance=5284.19, state=ACTIVE}
BankAccount{id=d1d151d9-0eba-48c3-86d9-c032a2d91c3d, bankId=7b3dc27c-7e70-4d85-b6b5-9b85fa3343cc, userId=f0e2bc0c-576e-4dfb-a337-7e00d62eabb9, registryDate=2020-05-21, number='20200521-f0e2bc0c-576e-4dfb-a337-7e00d62eabb9', balance=80509.96, state=ACTIVE}
BankAccount{id=ce48ad8a-bc8a-4f2f-beba-ee081410c4a4, bankId=e4be2d13-d837-4893-94d9-83874034586b, userId=2efe3922-f69e-42ce-be77-17bea5576dbd, registryDate=2020-12-14, number='20201214-2efe3922-f69e-42ce-be77-17bea5576dbd', balance=55850.90, state=STOPPED}
BankAccount{id=be179ddf-7da1-41f3-9ffe-0aa9e58d744e, bankId=f8cde45b-c60f-41c5-88a7-13ae9d6db2d8, userId=e4e09391-58ea-4dc8-bc39-ddbf5fbf09a4, registryDate=2021-10-23, number='20211023-e4e09391-58ea-4dc8-bc39-ddbf5fbf09a4', balance=41409.70, state=STOPPED}
BankAccount{id=e81e1347-7b71-4cb0-bc2e-a1b9db8200ea, bankId=77ff3b5e-2dd4-4d28-b519-40859c40f4f2, userId=e4e09391-58ea-4dc8-bc39-ddbf5fbf09a4, registryDate=2024-07-08, number='20240708-e4e09391-58ea-4dc8-bc39-ddbf5fbf09a4', balance=89294.30, state=CREATED}
BankAccount{id=eec14642-b01f-4c76-8ef0-eff065bcf1df, bankId=f8cde45b-c60f-41c5-88a7-13ae9d6db2d8, userId=a29046e1-8cd3-4cdf-8681-083c5402ccd2, registryDate=2023-09-08, number='20230908-a29046e1-8cd3-4cdf-8681-083c5402ccd2', balance=14403.10, state=CLOSED}
BankAccount{id=5b12c808-9166-4564-8b22-b1618ec0f766, bankId=9ac627f8-6f6a-4c4b-8183-bd07d6c0b9e6, userId=f0e2bc0c-576e-4dfb-a337-7e00d62eabb9, registryDate=2021-01-17, number='20210117-f0e2bc0c-576e-4dfb-a337-7e00d62eabb9', balance=94571.41, state=CREATED}
BankAccount{id=dc834c4a-72ec-4761-8f34-74bf4f4aebbe, bankId=e4be2d13-d837-4893-94d9-83874034586b, userId=de356cf1-e54c-4995-98a9-244412e4a974, registryDate=2021-02-11, number='20210211-de356cf1-e54c-4995-98a9-244412e4a974', balance=69830.58, state=STOPPED}
BankAccount{id=95c454e0-2f33-4d4f-9a44-85e1ea96ba54, bankId=5c3825f1-babc-4028-a5c6-61d6758ffb60, userId=b5fcacf7-98a3-4702-8810-17b7777a54af, registryDate=2021-09-11, number='20210911-b5fcacf7-98a3-4702-8810-17b7777a54af', balance=57347.79, state=CLOSED}
BankAccount{id=e7806236-e941-4321-8924-f96a225de02d, bankId=2c356f80-e576-4d98-8519-b8e72e023bf0, userId=376ecfa2-ca1c-4d08-8d90-4c34253cb3f7, registryDate=2023-06-13, number='20230613-376ecfa2-ca1c-4d08-8d90-4c34253cb3f7', balance=25123.88, state=ACTIVE}
BankAccount{id=77aa0857-f286-4193-8921-addb8f72f2c0, bankId=b9b87f44-bde8-4b1d-8bc3-03f12d24cc63, userId=8a32c8f9-8d40-4611-a29a-83c92855984d, registryDate=2021-08-22, number='20210822-8a32c8f9-8d40-4611-a29a-83c92855984d', balance=36202.22, state=STOPPED}
BankAccount{id=3e2e93d7-279f-45a4-8994-3f7e675a7665, bankId=e4be2d13-d837-4893-94d9-83874034586b, userId=a0f8e328-4ec8-42d1-adcc-bb312f0a7c00, registryDate=2021-07-27, number='20210727-a0f8e328-4ec8-42d1-adcc-bb312f0a7c00', balance=16685.54, state=STOPPED}
BankAccount{id=14a6b609-2511-4417-8cee-f3be2c459ef0, bankId=f382026a-2acb-45d9-b720-567d3af72935, userId=b097a878-3e4c-4037-ba2b-da05c245cb3b, registryDate=2024-10-01, number='20241001-b097a878-3e4c-4037-ba2b-da05c245cb3b', balance=49371.72, state=STOPPED}
BankAccount{id=531a5e32-b168-4af4-9ae5-db34bc95044c, bankId=9ac627f8-6f6a-4c4b-8183-bd07d6c0b9e6, userId=957e1d70-a53e-4365-a50d-5146df832b58, registryDate=2021-05-21, number='20210521-957e1d70-a53e-4365-a50d-5146df832b58', balance=34182.79, state=STOPPED}
BankAccount{id=cb3e5438-fd2b-4982-b453-444085c91ed8, bankId=3c637348-0cd0-4f56-a569-40ef4ccbb648, userId=8a32c8f9-8d40-4611-a29a-83c92855984d, registryDate=2020-11-10, number='20201110-8a32c8f9-8d40-4611-a29a-83c92855984d', balance=31529.20, state=STOPPED}
BankAccount{id=b89b9337-b871-4426-8632-2ad7d2ae9e43, bankId=ed0d6d2f-869b-4f93-a703-6a34e4578a92, userId=d50cd767-439b-4ff7-8c8c-8a3dd0a53843, registryDate=2020-12-16, number='20201216-d50cd767-439b-4ff7-8c8c-8a3dd0a53843', balance=61244.77, state=ACTIVE}
BankAccount{id=6b6ff954-a66a-4b1c-95b2-1375540651a8, bankId=ed0d6d2f-869b-4f93-a703-6a34e4578a92, userId=de356cf1-e54c-4995-98a9-244412e4a974, registryDate=2024-05-11, number='20240511-de356cf1-e54c-4995-98a9-244412e4a974', balance=23406.89, state=CLOSED}
BankAccount{id=a06e5aaf-6a04-4481-949a-7c0ac863cb19, bankId=9b6756c7-6e71-46ff-a924-7e4e74e3fa19, userId=e944e7bb-85b4-4108-b355-d09f99855e41, registryDate=2020-04-22, number='20200422-e944e7bb-85b4-4108-b355-d09f99855e41', balance=43024.36, state=CLOSED}
BankAccount{id=10b26d83-d415-4c10-8c56-578165909974, bankId=f15c5d5e-3894-450d-bc39-8b60a5a4b32e, userId=827133e1-a796-4c87-8ec1-836bf8bfe536, registryDate=2023-02-15, number='20230215-827133e1-a796-4c87-8ec1-836bf8bfe536', balance=81783.47, state=CREATED}
BankAccount{id=ea5e4b1b-f6ef-4951-9247-240ae1708a30, bankId=77ff3b5e-2dd4-4d28-b519-40859c40f4f2, userId=827133e1-a796-4c87-8ec1-836bf8bfe536, registryDate=2023-08-25, number='20230825-827133e1-a796-4c87-8ec1-836bf8bfe536', balance=69884.58, state=CLOSED}
BankAccount{id=70b3232d-cbc5-4242-9f17-f1738cd1c9b8, bankId=5c3825f1-babc-4028-a5c6-61d6758ffb60, userId=2e7b4136-1904-427c-8007-bbb4fddf6e8d, registryDate=2021-05-09, number='20210509-2e7b4136-1904-427c-8007-bbb4fddf6e8d', balance=31240.97, state=ACTIVE}
BankAccount{id=69af8c40-359b-400d-b2b6-2706d177633a, bankId=b2a3b28c-df7a-4c49-bfa3-53ff4e0e6a92, userId=90e293a4-f90e-4869-ba9c-7a095fd72069, registryDate=2024-08-29, number='20240829-90e293a4-f90e-4869-ba9c-7a095fd72069', balance=34272.94, state=CREATED}
BankAccount{id=a565b5e3-3248-4e39-bd25-952d5170b19f, bankId=7b3dc27c-7e70-4d85-b6b5-9b85fa3343cc, userId=b359edc8-00d4-4a7b-86f0-cabb7b3fff89, registryDate=2021-02-22, number='20210222-b359edc8-00d4-4a7b-86f0-cabb7b3fff89', balance=75701.92, state=STOPPED}
BankAccount{id=3a0c75ce-5afe-4130-bc42-d637dfed04cc, bankId=b9b87f44-bde8-4b1d-8bc3-03f12d24cc63, userId=56652869-3d0c-4853-9f41-324f9c8aa2dd, registryDate=2024-10-05, number='20241005-56652869-3d0c-4853-9f41-324f9c8aa2dd', balance=30739.37, state=CLOSED}
BankAccount{id=8e0df86f-c520-453f-91c0-f54cffc2f2ff, bankId=17dbf82d-7fd9-4a5c-83f1-e946d609a42c, userId=07593f6a-14bd-4009-a00b-db54b8681f38, registryDate=2023-03-13, number='20230313-07593f6a-14bd-4009-a00b-db54b8681f38', balance=68592.43, state=ACTIVE}
BankAccount{id=469f9b4d-de25-49b9-9ffc-9ed4ce3ec926, bankId=e4be2d13-d837-4893-94d9-83874034586b, userId=a0f8e328-4ec8-42d1-adcc-bb312f0a7c00, registryDate=2022-11-25, number='20221125-a0f8e328-4ec8-42d1-adcc-bb312f0a7c00', balance=63173.35, state=STOPPED}
BankAccount{id=46185459-3304-45d1-877e-10d2aaa79fda, bankId=9b6756c7-6e71-46ff-a924-7e4e74e3fa19, userId=393e9cc8-ab38-45d4-9f82-08be06163d26, registryDate=2021-06-15, number='20210615-393e9cc8-ab38-45d4-9f82-08be06163d26', balance=73380.99, state=STOPPED}
BankAccount{id=da964347-18f1-493f-a62a-0d5916759a9c, bankId=7b3dc27c-7e70-4d85-b6b5-9b85fa3343cc, userId=a29046e1-8cd3-4cdf-8681-083c5402ccd2, registryDate=2022-11-10, number='20221110-a29046e1-8cd3-4cdf-8681-083c5402ccd2', balance=7070.61, state=CREATED}
BankAccount{id=119b25f4-193c-48f2-accf-ea104d3edc40, bankId=b2a3b28c-df7a-4c49-bfa3-53ff4e0e6a92, userId=393e9cc8-ab38-45d4-9f82-08be06163d26, registryDate=2020-07-30, number='20200730-393e9cc8-ab38-45d4-9f82-08be06163d26', balance=95629.10, state=STOPPED}
BankAccount{id=5d221068-9add-4090-98ea-582182fc30a0, bankId=17dbf82d-7fd9-4a5c-83f1-e946d609a42c, userId=56652869-3d0c-4853-9f41-324f9c8aa2dd, registryDate=2021-08-31, number='20210831-56652869-3d0c-4853-9f41-324f9c8aa2dd', balance=45169.56, state=CREATED}
BankAccount{id=d34bc0d0-1654-486b-a72e-e99cb3184669, bankId=b2a3b28c-df7a-4c49-bfa3-53ff4e0e6a92, userId=21f2dbbc-4259-4251-bdd8-b7040538bd11, registryDate=2021-06-18, number='20210618-21f2dbbc-4259-4251-bdd8-b7040538bd11', balance=12027.87, state=CREATED}
BankAccount{id=ef807a62-6920-490b-b1c9-7fc006d05f86, bankId=f382026a-2acb-45d9-b720-567d3af72935, userId=e4e09391-58ea-4dc8-bc39-ddbf5fbf09a4, registryDate=2022-11-03, number='20221103-e4e09391-58ea-4dc8-bc39-ddbf5fbf09a4', balance=58064.83, state=STOPPED}
BankAccount{id=aaef5da2-375d-4865-9f17-ff316ee7122c, bankId=2c356f80-e576-4d98-8519-b8e72e023bf0, userId=0d4c8710-a291-436c-a398-b7d1fb625059, registryDate=2024-05-14, number='20240514-0d4c8710-a291-436c-a398-b7d1fb625059', balance=75633.42, state=STOPPED}
BankAccount{id=15f75e6e-ebc9-4d45-b959-cc7058b0b3ec, bankId=f382026a-2acb-45d9-b720-567d3af72935, userId=e944e7bb-85b4-4108-b355-d09f99855e41, registryDate=2021-06-21, number='20210621-e944e7bb-85b4-4108-b355-d09f99855e41', balance=23120.42, state=CLOSED}
BankAccount{id=72c8bbbd-ee34-4916-901b-36df04b23788, bankId=7b3dc27c-7e70-4d85-b6b5-9b85fa3343cc, userId=56652869-3d0c-4853-9f41-324f9c8aa2dd, registryDate=2024-01-30, number='20240130-56652869-3d0c-4853-9f41-324f9c8aa2dd', balance=25682.79, state=ACTIVE}
BankAccount{id=2caf254d-b7af-4b99-a0c8-8e5c8faa8825, bankId=e4be2d13-d837-4893-94d9-83874034586b, userId=49f21058-ec06-4200-a399-10b080ba4c66, registryDate=2020-06-23, number='20200623-49f21058-ec06-4200-a399-10b080ba4c66', balance=59065.81, state=ACTIVE}
BankAccount{id=9da73bd1-cd5f-43ac-97ec-0a91a091f35c, bankId=f382026a-2acb-45d9-b720-567d3af72935, userId=07593f6a-14bd-4009-a00b-db54b8681f38, registryDate=2023-02-19, number='20230219-07593f6a-14bd-4009-a00b-db54b8681f38', balance=46970.19, state=CLOSED}
BankAccount{id=fc05df16-5968-4f6b-9c23-65e048e659ab, bankId=77ff3b5e-2dd4-4d28-b519-40859c40f4f2, userId=e4e09391-58ea-4dc8-bc39-ddbf5fbf09a4, registryDate=2022-03-09, number='20220309-e4e09391-58ea-4dc8-bc39-ddbf5fbf09a4', balance=76775.70, state=CREATED}
BankAccount{id=842b8717-41bf-45d5-aab1-e4e7a7049eae, bankId=b9b87f44-bde8-4b1d-8bc3-03f12d24cc63, userId=0d4c8710-a291-436c-a398-b7d1fb625059, registryDate=2021-09-11, number='20210911-0d4c8710-a291-436c-a398-b7d1fb625059', balance=54940.14, state=CREATED}
BankAccount{id=bc8cb022-6454-4f7a-915b-ad776c34b5d7, bankId=e4be2d13-d837-4893-94d9-83874034586b, userId=71f3bf9a-ff2c-408d-a847-86655d19573c, registryDate=2020-05-09, number='20200509-71f3bf9a-ff2c-408d-a847-86655d19573c', balance=98860.88, state=STOPPED}
BankAccount{id=0923a0bc-2c64-422e-baec-2b15a2456a7b, bankId=f8cde45b-c60f-41c5-88a7-13ae9d6db2d8, userId=393e9cc8-ab38-45d4-9f82-08be06163d26, registryDate=2021-01-20, number='20210120-393e9cc8-ab38-45d4-9f82-08be06163d26', balance=41081.18, state=CREATED}
BankAccount{id=0e200547-06e0-4af3-8713-233c3cba8b89, bankId=f382026a-2acb-45d9-b720-567d3af72935, userId=1a72e1c7-b695-4bfb-bd52-8caaf28a8723, registryDate=2023-07-31, number='20230731-1a72e1c7-b695-4bfb-bd52-8caaf28a8723', balance=56947.10, state=STOPPED}
BankAccount{id=be14077e-4083-433f-92d7-45973b0d0f52, bankId=ed0d6d2f-869b-4f93-a703-6a34e4578a92, userId=71f3bf9a-ff2c-408d-a847-86655d19573c, registryDate=2023-05-18, number='20230518-71f3bf9a-ff2c-408d-a847-86655d19573c', balance=73884.49, state=STOPPED}
BankAccount{id=3f50cae7-12b8-4537-b037-f41bad84e60d, bankId=f15c5d5e-3894-450d-bc39-8b60a5a4b32e, userId=957e1d70-a53e-4365-a50d-5146df832b58, registryDate=2023-07-31, number='20230731-957e1d70-a53e-4365-a50d-5146df832b58', balance=36355.12, state=CLOSED}
BankAccount{id=c0c2d4d8-07f0-46f4-b58d-3407889ad219, bankId=f382026a-2acb-45d9-b720-567d3af72935, userId=b5fcacf7-98a3-4702-8810-17b7777a54af, registryDate=2020-09-30, number='20200930-b5fcacf7-98a3-4702-8810-17b7777a54af', balance=87667.22, state=STOPPED}
BankAccount{id=7b6e882a-0436-4ff9-924d-5e2b6b31ad06, bankId=e4be2d13-d837-4893-94d9-83874034586b, userId=9f1c806a-69bd-43bc-bd61-303f07410c4e, registryDate=2024-01-19, number='20240119-9f1c806a-69bd-43bc-bd61-303f07410c4e', balance=51534.66, state=STOPPED}
BankAccount{id=9796a89e-6c28-4fc0-8ba7-19d505b18e76, bankId=9ac627f8-6f6a-4c4b-8183-bd07d6c0b9e6, userId=376ecfa2-ca1c-4d08-8d90-4c34253cb3f7, registryDate=2023-03-17, number='20230317-376ecfa2-ca1c-4d08-8d90-4c34253cb3f7', balance=98712.07, state=ACTIVE}
BankAccount{id=95be02a2-f30f-4b8a-9326-d9058f64f014, bankId=9b6756c7-6e71-46ff-a924-7e4e74e3fa19, userId=0cad4a17-1c6e-4e5e-bd3a-7e4cd7ccc9d1, registryDate=2021-04-13, number='20210413-0cad4a17-1c6e-4e5e-bd3a-7e4cd7ccc9d1', balance=58292.46, state=ACTIVE}
BankAccount{id=0fd9ff92-4154-4a21-8ac8-03438435d42d, bankId=ed0d6d2f-869b-4f93-a703-6a34e4578a92, userId=957e1d70-a53e-4365-a50d-5146df832b58, registryDate=2021-12-27, number='20211227-957e1d70-a53e-4365-a50d-5146df832b58', balance=16407.73, state=CREATED}
BankAccount{id=e46a9f99-b4f0-4179-8534-32701ab0c95a, bankId=f8cde45b-c60f-41c5-88a7-13ae9d6db2d8, userId=07593f6a-14bd-4009-a00b-db54b8681f38, registryDate=2022-09-12, number='20220912-07593f6a-14bd-4009-a00b-db54b8681f38', balance=43369.22, state=ACTIVE}
BankAccount{id=03d1e145-2d35-41d4-a6a3-472db18a07a8, bankId=f8cde45b-c60f-41c5-88a7-13ae9d6db2d8, userId=21f2dbbc-4259-4251-bdd8-b7040538bd11, registryDate=2024-03-28, number='20240328-21f2dbbc-4259-4251-bdd8-b7040538bd11', balance=85061.83, state=CLOSED}
BankAccount{id=c921502f-0277-4b3c-bef9-d3329644fd09, bankId=b9b87f44-bde8-4b1d-8bc3-03f12d24cc63, userId=65ef8d69-ec98-43a7-8348-5b55b368efc7, registryDate=2020-04-01, number='20200401-65ef8d69-ec98-43a7-8348-5b55b368efc7', balance=86343.03, state=CLOSED}
BankAccount{id=470d483f-0d03-44a8-beff-23f3d95700b9, bankId=ed0d6d2f-869b-4f93-a703-6a34e4578a92, userId=e4e09391-58ea-4dc8-bc39-ddbf5fbf09a4, registryDate=2023-02-17, number='20230217-e4e09391-58ea-4dc8-bc39-ddbf5fbf09a4', balance=46276.39, state=CREATED}
BankAccount{id=11f90251-114e-4903-b5fe-33c7c3bb74d3, bankId=f15c5d5e-3894-450d-bc39-8b60a5a4b32e, userId=de356cf1-e54c-4995-98a9-244412e4a974, registryDate=2023-09-01, number='20230901-de356cf1-e54c-4995-98a9-244412e4a974', balance=3935.16, state=STOPPED}
BankAccount{id=5e6e96ad-c44c-4709-95b9-f25afbd98546, bankId=7b3dc27c-7e70-4d85-b6b5-9b85fa3343cc, userId=e944e7bb-85b4-4108-b355-d09f99855e41, registryDate=2023-07-07, number='20230707-e944e7bb-85b4-4108-b355-d09f99855e41', balance=92619.96, state=CLOSED}
BankAccount{id=fa14e77b-9e45-4c61-937b-fb7a2502855c, bankId=b2a3b28c-df7a-4c49-bfa3-53ff4e0e6a92, userId=376ecfa2-ca1c-4d08-8d90-4c34253cb3f7, registryDate=2020-09-03, number='20200903-376ecfa2-ca1c-4d08-8d90-4c34253cb3f7', balance=24099.85, state=ACTIVE}
BankAccount{id=3c1ed125-df70-4511-adc6-ab5c999778e3, bankId=ed0d6d2f-869b-4f93-a703-6a34e4578a92, userId=f7ae78bd-0d85-4511-a8b0-9a083b3a3cb1, registryDate=2021-12-15, number='20211215-f7ae78bd-0d85-4511-a8b0-9a083b3a3cb1', balance=13353.05, state=ACTIVE}
BankAccount{id=84cb3c7e-4584-431e-a24c-78eeb01bfa79, bankId=77ff3b5e-2dd4-4d28-b519-40859c40f4f2, userId=9f1c806a-69bd-43bc-bd61-303f07410c4e, registryDate=2022-12-07, number='20221207-9f1c806a-69bd-43bc-bd61-303f07410c4e', balance=1561.36, state=ACTIVE}
BankAccount{id=f633b6d3-9b61-41e6-8582-eac8a2838885, bankId=77ff3b5e-2dd4-4d28-b519-40859c40f4f2, userId=2efe3922-f69e-42ce-be77-17bea5576dbd, registryDate=2024-04-08, number='20240408-2efe3922-f69e-42ce-be77-17bea5576dbd', balance=25254.86, state=ACTIVE}
BankAccount{id=bc6c3258-d5f0-409c-8fca-3f89d529039e, bankId=e4be2d13-d837-4893-94d9-83874034586b, userId=2efe3922-f69e-42ce-be77-17bea5576dbd, registryDate=2022-10-25, number='20221025-2efe3922-f69e-42ce-be77-17bea5576dbd', balance=8502.69, state=ACTIVE}
BankAccount{id=17fb3341-f1ef-4e60-bdd9-b4f6812bfedb, bankId=ed0d6d2f-869b-4f93-a703-6a34e4578a92, userId=957e1d70-a53e-4365-a50d-5146df832b58, registryDate=2024-08-05, number='20240805-957e1d70-a53e-4365-a50d-5146df832b58', balance=75115.93, state=STOPPED}
BankAccount{id=a8ee5844-ba20-47ce-ad14-a9cabd0b835e, bankId=3c637348-0cd0-4f56-a569-40ef4ccbb648, userId=aace4314-c4e8-4c1b-8a4d-1fcc8bb07077, registryDate=2023-12-20, number='20231220-aace4314-c4e8-4c1b-8a4d-1fcc8bb07077', balance=96859.01, state=CREATED}
BankAccount{id=dcfe144c-d725-4862-8df7-3c8721ecb5d1, bankId=f382026a-2acb-45d9-b720-567d3af72935, userId=de356cf1-e54c-4995-98a9-244412e4a974, registryDate=2024-02-17, number='20240217-de356cf1-e54c-4995-98a9-244412e4a974', balance=4470.62, state=ACTIVE}
BankAccount{id=ac0988e9-c6e1-454b-9d35-d80509f588b3, bankId=7b3dc27c-7e70-4d85-b6b5-9b85fa3343cc, userId=393e9cc8-ab38-45d4-9f82-08be06163d26, registryDate=2023-06-28, number='20230628-393e9cc8-ab38-45d4-9f82-08be06163d26', balance=45440.52, state=CREATED}
BankAccount{id=35b2dd8f-9b2b-49a0-86c2-4cf80050a897, bankId=17dbf82d-7fd9-4a5c-83f1-e946d609a42c, userId=8a32c8f9-8d40-4611-a29a-83c92855984d, registryDate=2020-02-12, number='20200212-8a32c8f9-8d40-4611-a29a-83c92855984d', balance=82521.81, state=ACTIVE}
BankAccount{id=bf40b01d-6b3f-4eed-a39d-454d24ef1684, bankId=77ff3b5e-2dd4-4d28-b519-40859c40f4f2, userId=a0f8e328-4ec8-42d1-adcc-bb312f0a7c00, registryDate=2023-02-20, number='20230220-a0f8e328-4ec8-42d1-adcc-bb312f0a7c00', balance=82859.39, state=STOPPED}
BankAccount{id=b3c7ed30-c37f-4f06-952b-a0f93bba4267, bankId=17dbf82d-7fd9-4a5c-83f1-e946d609a42c, userId=d50cd767-439b-4ff7-8c8c-8a3dd0a53843, registryDate=2020-05-31, number='20200531-d50cd767-439b-4ff7-8c8c-8a3dd0a53843', balance=42110.13, state=ACTIVE}
BankAccount{id=1a2e7a47-96c5-434e-8cff-0378ee7c6d16, bankId=b9b87f44-bde8-4b1d-8bc3-03f12d24cc63, userId=b097a878-3e4c-4037-ba2b-da05c245cb3b, registryDate=2021-10-11, number='20211011-b097a878-3e4c-4037-ba2b-da05c245cb3b', balance=53365.47, state=STOPPED}
BankAccount{id=cc312a66-9bc2-4443-a3a9-fe6631f768b5, bankId=17dbf82d-7fd9-4a5c-83f1-e946d609a42c, userId=49f21058-ec06-4200-a399-10b080ba4c66, registryDate=2021-12-11, number='20211211-49f21058-ec06-4200-a399-10b080ba4c66', balance=19450.50, state=CREATED}
BankAccount{id=7f5dc3b1-6c58-4488-a36a-ba2b461fb7bb, bankId=9ac627f8-6f6a-4c4b-8183-bd07d6c0b9e6, userId=07593f6a-14bd-4009-a00b-db54b8681f38, registryDate=2021-07-07, number='20210707-07593f6a-14bd-4009-a00b-db54b8681f38', balance=72292.37, state=ACTIVE}
BankAccount{id=457edb55-61fc-4f23-9209-d9d7b1481deb, bankId=2c356f80-e576-4d98-8519-b8e72e023bf0, userId=b5fcacf7-98a3-4702-8810-17b7777a54af, registryDate=2023-03-01, number='20230301-b5fcacf7-98a3-4702-8810-17b7777a54af', balance=78881.25, state=CLOSED}
BankAccount{id=434ee49b-f0ba-4052-b13e-0556ad2bd363, bankId=f382026a-2acb-45d9-b720-567d3af72935, userId=56652869-3d0c-4853-9f41-324f9c8aa2dd, registryDate=2023-08-07, number='20230807-56652869-3d0c-4853-9f41-324f9c8aa2dd', balance=73489.17, state=CREATED}
BankAccount{id=1870271d-3771-40ad-a39d-727446ac1d97, bankId=f15c5d5e-3894-450d-bc39-8b60a5a4b32e, userId=b5fcacf7-98a3-4702-8810-17b7777a54af, registryDate=2021-10-25, number='20211025-b5fcacf7-98a3-4702-8810-17b7777a54af', balance=66403.95, state=ACTIVE}
BankAccount{id=012b49af-b910-4e10-9910-3108e26fa1d6, bankId=3c637348-0cd0-4f56-a569-40ef4ccbb648, userId=7108b36a-e22e-4416-8dbc-752b7e8d5e65, registryDate=2022-07-26, number='20220726-7108b36a-e22e-4416-8dbc-752b7e8d5e65', balance=17870.16, state=CREATED}
BankAccount{id=02a4e76a-c769-42f0-87fd-ee10a24a2baf, bankId=ed0d6d2f-869b-4f93-a703-6a34e4578a92, userId=5151f4cb-0ec1-4074-83a1-6ba4e1698856, registryDate=2023-08-17, number='20230817-5151f4cb-0ec1-4074-83a1-6ba4e1698856', balance=40191.72, state=CREATED}
BankAccount{id=8b54afff-1958-47b7-bfa6-d14156cf3870, bankId=2c356f80-e576-4d98-8519-b8e72e023bf0, userId=f7ae78bd-0d85-4511-a8b0-9a083b3a3cb1, registryDate=2023-07-23, number='20230723-f7ae78bd-0d85-4511-a8b0-9a083b3a3cb1', balance=37178.34, state=CREATED}
BankAccount{id=215bee63-1c80-4ba3-80a2-f27cac85d909, bankId=f15c5d5e-3894-450d-bc39-8b60a5a4b32e, userId=e944e7bb-85b4-4108-b355-d09f99855e41, registryDate=2020-02-17, number='20200217-e944e7bb-85b4-4108-b355-d09f99855e41', balance=56941.45, state=STOPPED}
BankAccount{id=9885f18f-24cf-440a-98cd-778ca5da2371, bankId=3c637348-0cd0-4f56-a569-40ef4ccbb648, userId=376ecfa2-ca1c-4d08-8d90-4c34253cb3f7, registryDate=2021-08-08, number='20210808-376ecfa2-ca1c-4d08-8d90-4c34253cb3f7', balance=80407.17, state=CLOSED}
BankAccount{id=ad023d10-743c-4c71-9a2e-8f645234cb39, bankId=e4be2d13-d837-4893-94d9-83874034586b, userId=7108b36a-e22e-4416-8dbc-752b7e8d5e65, registryDate=2023-04-20, number='20230420-7108b36a-e22e-4416-8dbc-752b7e8d5e65', balance=20964.22, state=CREATED}
BankAccount{id=a9e41e3e-7369-4d3e-8ce9-5b4822b93b98, bankId=e4be2d13-d837-4893-94d9-83874034586b, userId=0d4c8710-a291-436c-a398-b7d1fb625059, registryDate=2020-05-27, number='20200527-0d4c8710-a291-436c-a398-b7d1fb625059', balance=99198.16, state=STOPPED}
BankAccount{id=034c2d2e-0100-4045-9723-71f5c73f6374, bankId=5c3825f1-babc-4028-a5c6-61d6758ffb60, userId=90e293a4-f90e-4869-ba9c-7a095fd72069, registryDate=2022-06-27, number='20220627-90e293a4-f90e-4869-ba9c-7a095fd72069', balance=88049.83, state=CLOSED}
BankAccount{id=d1919481-3995-46f0-b235-61fdb55f04e9, bankId=f382026a-2acb-45d9-b720-567d3af72935, userId=8a32c8f9-8d40-4611-a29a-83c92855984d, registryDate=2022-09-08, number='20220908-8a32c8f9-8d40-4611-a29a-83c92855984d', balance=41552.91, state=CLOSED}
BankAccount{id=d6455954-480f-49ca-a652-dcc5870337bf, bankId=f8cde45b-c60f-41c5-88a7-13ae9d6db2d8, userId=1a72e1c7-b695-4bfb-bd52-8caaf28a8723, registryDate=2023-03-19, number='20230319-1a72e1c7-b695-4bfb-bd52-8caaf28a8723', balance=34272.06, state=ACTIVE}
BankAccount{id=83952c08-5f73-4d4d-b554-1c8bd53a5627, bankId=b2a3b28c-df7a-4c49-bfa3-53ff4e0e6a92, userId=e944e7bb-85b4-4108-b355-d09f99855e41, registryDate=2024-06-09, number='20240609-e944e7bb-85b4-4108-b355-d09f99855e41', balance=23422.28, state=ACTIVE}
BankAccount{id=87e516c5-a2fb-4ed2-a2de-380689125c84, bankId=b9b87f44-bde8-4b1d-8bc3-03f12d24cc63, userId=65ef8d69-ec98-43a7-8348-5b55b368efc7, registryDate=2022-04-06, number='20220406-65ef8d69-ec98-43a7-8348-5b55b368efc7', balance=836.45, state=ACTIVE}
BankAccount{id=943b7cf3-6879-4591-87b5-1989ff21951a, bankId=17dbf82d-7fd9-4a5c-83f1-e946d609a42c, userId=a29046e1-8cd3-4cdf-8681-083c5402ccd2, registryDate=2022-12-15, number='20221215-a29046e1-8cd3-4cdf-8681-083c5402ccd2', balance=22355.27, state=ACTIVE}
BankAccount{id=99e6bbf8-20e4-42a6-ad06-e90617fae0d1, bankId=17dbf82d-7fd9-4a5c-83f1-e946d609a42c, userId=65ef8d69-ec98-43a7-8348-5b55b368efc7, registryDate=2023-06-09, number='20230609-65ef8d69-ec98-43a7-8348-5b55b368efc7', balance=56453.25, state=CREATED}
BankAccount{id=f2c1dd2f-97e0-45a9-9d89-47f567831f43, bankId=2c356f80-e576-4d98-8519-b8e72e023bf0, userId=49f21058-ec06-4200-a399-10b080ba4c66, registryDate=2021-07-24, number='20210724-49f21058-ec06-4200-a399-10b080ba4c66', balance=31209.15, state=CLOSED}
BankAccount{id=849d3dd1-a9fe-494b-9b33-53b1bb547785, bankId=9b6756c7-6e71-46ff-a924-7e4e74e3fa19, userId=b097a878-3e4c-4037-ba2b-da05c245cb3b, registryDate=2022-04-12, number='20220412-b097a878-3e4c-4037-ba2b-da05c245cb3b', balance=29764.33, state=CLOSED}
BankAccount{id=b094126f-2902-40e1-874a-12e75bc95d38, bankId=7b3dc27c-7e70-4d85-b6b5-9b85fa3343cc, userId=d50cd767-439b-4ff7-8c8c-8a3dd0a53843, registryDate=2023-10-05, number='20231005-d50cd767-439b-4ff7-8c8c-8a3dd0a53843', balance=70342.67, state=CLOSED}
BankAccount{id=0fbba6a8-0781-467c-bb57-82c7a8916ba4, bankId=3c637348-0cd0-4f56-a569-40ef4ccbb648, userId=2e7b4136-1904-427c-8007-bbb4fddf6e8d, registryDate=2024-03-29, number='20240329-2e7b4136-1904-427c-8007-bbb4fddf6e8d', balance=31834.80, state=ACTIVE}
BankAccount{id=6febb0e6-4660-451b-b4a4-083c447797da, bankId=77ff3b5e-2dd4-4d28-b519-40859c40f4f2, userId=de356cf1-e54c-4995-98a9-244412e4a974, registryDate=2021-12-19, number='20211219-de356cf1-e54c-4995-98a9-244412e4a974', balance=17222.23, state=STOPPED}
BankAccount{id=4ff3d020-8e2e-49b6-a674-d76ea5094a2d, bankId=17dbf82d-7fd9-4a5c-83f1-e946d609a42c, userId=14c969c6-8eec-4176-b2fa-32d308e534af, registryDate=2020-12-22, number='20201222-14c969c6-8eec-4176-b2fa-32d308e534af', balance=34582.32, state=CLOSED}
BankAccount{id=f706e35a-928a-4989-950b-968b1b57c86a, bankId=9b6756c7-6e71-46ff-a924-7e4e74e3fa19, userId=827133e1-a796-4c87-8ec1-836bf8bfe536, registryDate=2021-01-18, number='20210118-827133e1-a796-4c87-8ec1-836bf8bfe536', balance=24577.22, state=STOPPED}
BankAccount{id=da16cec0-5a15-4848-aec4-5964c2b2aa8c, bankId=b9b87f44-bde8-4b1d-8bc3-03f12d24cc63, userId=b097a878-3e4c-4037-ba2b-da05c245cb3b, registryDate=2020-01-15, number='20200115-b097a878-3e4c-4037-ba2b-da05c245cb3b', balance=16393.34, state=ACTIVE}
BankAccount{id=d339aa7d-6dd7-4eeb-a1ea-7c1c252281c9, bankId=5c3825f1-babc-4028-a5c6-61d6758ffb60, userId=e944e7bb-85b4-4108-b355-d09f99855e41, registryDate=2024-05-30, number='20240530-e944e7bb-85b4-4108-b355-d09f99855e41', balance=37947.47, state=CLOSED}
BankAccount{id=43ccaca2-d5c3-46e2-9f35-7a258b38a496, bankId=b9b87f44-bde8-4b1d-8bc3-03f12d24cc63, userId=71f3bf9a-ff2c-408d-a847-86655d19573c, registryDate=2024-07-28, number='20240728-71f3bf9a-ff2c-408d-a847-86655d19573c', balance=13266.00, state=ACTIVE}
BankAccount{id=761d5f9e-a650-4b2e-a7ba-3b8ed22a6f19, bankId=3c637348-0cd0-4f56-a569-40ef4ccbb648, userId=de356cf1-e54c-4995-98a9-244412e4a974, registryDate=2023-08-12, number='20230812-de356cf1-e54c-4995-98a9-244412e4a974', balance=95851.81, state=CLOSED}
BankAccount{id=aaa0005b-52d2-4cb6-a02c-1ee25ef2edb2, bankId=f382026a-2acb-45d9-b720-567d3af72935, userId=14c969c6-8eec-4176-b2fa-32d308e534af, registryDate=2024-09-25, number='20240925-14c969c6-8eec-4176-b2fa-32d308e534af', balance=15307.73, state=STOPPED}
BankAccount{id=8ed723b2-6ff0-4d0d-8ed4-dbe0d49b9861, bankId=ed0d6d2f-869b-4f93-a703-6a34e4578a92, userId=f7ae78bd-0d85-4511-a8b0-9a083b3a3cb1, registryDate=2020-06-28, number='20200628-f7ae78bd-0d85-4511-a8b0-9a083b3a3cb1', balance=82924.21, state=CREATED}
BankAccount{id=db3522ce-c915-4f74-8367-cc9775f94dbf, bankId=3c637348-0cd0-4f56-a569-40ef4ccbb648, userId=f7ae78bd-0d85-4511-a8b0-9a083b3a3cb1, registryDate=2021-03-05, number='20210305-f7ae78bd-0d85-4511-a8b0-9a083b3a3cb1', balance=39116.56, state=CREATED}
BankAccount{id=70db6719-62bf-4244-b336-2c457a35c431, bankId=f15c5d5e-3894-450d-bc39-8b60a5a4b32e, userId=aace4314-c4e8-4c1b-8a4d-1fcc8bb07077, registryDate=2021-10-10, number='20211010-aace4314-c4e8-4c1b-8a4d-1fcc8bb07077', balance=74902.55, state=STOPPED}
BankAccount{id=68304d82-eabc-4134-8679-35c91c971578, bankId=9b6756c7-6e71-46ff-a924-7e4e74e3fa19, userId=f7ae78bd-0d85-4511-a8b0-9a083b3a3cb1, registryDate=2022-06-22, number='20220622-f7ae78bd-0d85-4511-a8b0-9a083b3a3cb1', balance=7849.77, state=ACTIVE}
BankAccount{id=0ae53143-4e65-48a4-a468-26acf8ba5db0, bankId=17dbf82d-7fd9-4a5c-83f1-e946d609a42c, userId=07593f6a-14bd-4009-a00b-db54b8681f38, registryDate=2023-11-10, number='20231110-07593f6a-14bd-4009-a00b-db54b8681f38', balance=96856.24, state=STOPPED}
BankAccount{id=5dd7508d-000e-47af-890b-7d4e53718f83, bankId=f382026a-2acb-45d9-b720-567d3af72935, userId=a0f8e328-4ec8-42d1-adcc-bb312f0a7c00, registryDate=2023-08-19, number='20230819-a0f8e328-4ec8-42d1-adcc-bb312f0a7c00', balance=17715.32, state=ACTIVE}
BankAccount{id=4520cc75-13c7-4e92-ac4b-78e183c16a37, bankId=2c356f80-e576-4d98-8519-b8e72e023bf0, userId=f7ae78bd-0d85-4511-a8b0-9a083b3a3cb1, registryDate=2021-04-15, number='20210415-f7ae78bd-0d85-4511-a8b0-9a083b3a3cb1', balance=70923.58, state=CLOSED}
BankAccount{id=60b9a158-ff5c-4df0-9e18-372d73dc7ddd, bankId=77ff3b5e-2dd4-4d28-b519-40859c40f4f2, userId=a29046e1-8cd3-4cdf-8681-083c5402ccd2, registryDate=2020-03-29, number='20200329-a29046e1-8cd3-4cdf-8681-083c5402ccd2', balance=37951.74, state=ACTIVE}
BankAccount{id=440498f8-4aaf-48d2-b803-cf5921a25c2f, bankId=3c637348-0cd0-4f56-a569-40ef4ccbb648, userId=90e293a4-f90e-4869-ba9c-7a095fd72069, registryDate=2020-05-05, number='20200505-90e293a4-f90e-4869-ba9c-7a095fd72069', balance=6172.34, state=CREATED}
BankAccount{id=d3e9acd2-a819-4f0a-864f-04d0abb721de, bankId=f8cde45b-c60f-41c5-88a7-13ae9d6db2d8, userId=7108b36a-e22e-4416-8dbc-752b7e8d5e65, registryDate=2020-12-11, number='20201211-7108b36a-e22e-4416-8dbc-752b7e8d5e65', balance=58971.06, state=CREATED}
BankAccount{id=33928069-1bee-496e-baa0-ce96b7df279a, bankId=f382026a-2acb-45d9-b720-567d3af72935, userId=b5fcacf7-98a3-4702-8810-17b7777a54af, registryDate=2020-11-04, number='20201104-b5fcacf7-98a3-4702-8810-17b7777a54af', balance=60529.02, state=CLOSED}
BankAccount{id=bc39df4c-6c10-4253-8614-12b8b1a14524, bankId=b2a3b28c-df7a-4c49-bfa3-53ff4e0e6a92, userId=0d4c8710-a291-436c-a398-b7d1fb625059, registryDate=2024-05-30, number='20240530-0d4c8710-a291-436c-a398-b7d1fb625059', balance=24409.95, state=CREATED}
BankAccount{id=861c1995-050f-4bf4-8a4c-6814d5e3c3f6, bankId=3c637348-0cd0-4f56-a569-40ef4ccbb648, userId=0cad4a17-1c6e-4e5e-bd3a-7e4cd7ccc9d1, registryDate=2020-05-07, number='20200507-0cad4a17-1c6e-4e5e-bd3a-7e4cd7ccc9d1', balance=26724.43, state=STOPPED}
BankAccount{id=134cff49-34c1-43a6-80aa-edb037ca5faf, bankId=77ff3b5e-2dd4-4d28-b519-40859c40f4f2, userId=90e293a4-f90e-4869-ba9c-7a095fd72069, registryDate=2024-01-04, number='20240104-90e293a4-f90e-4869-ba9c-7a095fd72069', balance=96353.25, state=CREATED}
BankAccount{id=f5abc9c7-14d8-4550-a8ee-02ec2c63b47c, bankId=3c637348-0cd0-4f56-a569-40ef4ccbb648, userId=1a72e1c7-b695-4bfb-bd52-8caaf28a8723, registryDate=2022-05-10, number='20220510-1a72e1c7-b695-4bfb-bd52-8caaf28a8723', balance=42938.11, state=CLOSED}
BankAccount{id=8d6547e1-d3bf-410f-8d5b-93448c34dd14, bankId=ed0d6d2f-869b-4f93-a703-6a34e4578a92, userId=2efe3922-f69e-42ce-be77-17bea5576dbd, registryDate=2022-07-27, number='20220727-2efe3922-f69e-42ce-be77-17bea5576dbd', balance=22815.15, state=ACTIVE}
BankAccount{id=e9afe662-8f05-4b5f-a740-8ce73de9b0a4, bankId=b9b87f44-bde8-4b1d-8bc3-03f12d24cc63, userId=7108b36a-e22e-4416-8dbc-752b7e8d5e65, registryDate=2024-06-16, number='20240616-7108b36a-e22e-4416-8dbc-752b7e8d5e65', balance=38593.95, state=CLOSED}
BankAccount{id=5643b59b-8b6c-46f2-a328-41be59196fef, bankId=3c637348-0cd0-4f56-a569-40ef4ccbb648, userId=d50cd767-439b-4ff7-8c8c-8a3dd0a53843, registryDate=2023-09-09, number='20230909-d50cd767-439b-4ff7-8c8c-8a3dd0a53843', balance=18145.23, state=CREATED}
BankAccount{id=60d631a7-f850-47af-b036-c5d5b8e90b2f, bankId=f382026a-2acb-45d9-b720-567d3af72935, userId=957e1d70-a53e-4365-a50d-5146df832b58, registryDate=2021-03-23, number='20210323-957e1d70-a53e-4365-a50d-5146df832b58', balance=34960.86, state=ACTIVE}
BankAccount{id=726476a9-04c3-4ff7-a97b-062778706f9e, bankId=5c3825f1-babc-4028-a5c6-61d6758ffb60, userId=90e293a4-f90e-4869-ba9c-7a095fd72069, registryDate=2023-09-28, number='20230928-90e293a4-f90e-4869-ba9c-7a095fd72069', balance=53626.43, state=STOPPED}
BankAccount{id=f1f47d41-6835-409d-94ca-137d782ffe4b, bankId=b9b87f44-bde8-4b1d-8bc3-03f12d24cc63, userId=b097a878-3e4c-4037-ba2b-da05c245cb3b, registryDate=2021-07-12, number='20210712-b097a878-3e4c-4037-ba2b-da05c245cb3b', balance=64416.28, state=CREATED}
BankAccount{id=91817e84-f000-4913-af11-18372a19f894, bankId=9ac627f8-6f6a-4c4b-8183-bd07d6c0b9e6, userId=aace4314-c4e8-4c1b-8a4d-1fcc8bb07077, registryDate=2024-07-17, number='20240717-aace4314-c4e8-4c1b-8a4d-1fcc8bb07077', balance=62490.04, state=CREATED}
BankAccount{id=5287acb1-cdec-4bdc-a76d-ddae5885b33a, bankId=2c356f80-e576-4d98-8519-b8e72e023bf0, userId=b5fcacf7-98a3-4702-8810-17b7777a54af, registryDate=2021-04-03, number='20210403-b5fcacf7-98a3-4702-8810-17b7777a54af', balance=73867.26, state=CLOSED}
BankAccount{id=2c23aced-fd41-4243-994a-733e03051efd, bankId=f15c5d5e-3894-450d-bc39-8b60a5a4b32e, userId=0dedb12f-9959-49e2-9ef0-52571b93e7cd, registryDate=2021-03-07, number='20210307-0dedb12f-9959-49e2-9ef0-52571b93e7cd', balance=83781.40, state=ACTIVE}
BankAccount{id=104b14b0-75b0-4668-8930-e7d4142a278f, bankId=17dbf82d-7fd9-4a5c-83f1-e946d609a42c, userId=de356cf1-e54c-4995-98a9-244412e4a974, registryDate=2023-04-18, number='20230418-de356cf1-e54c-4995-98a9-244412e4a974', balance=31472.95, state=STOPPED}
BankAccount{id=a8258405-8b3b-4039-9767-29deb0d78e12, bankId=f8cde45b-c60f-41c5-88a7-13ae9d6db2d8, userId=49f21058-ec06-4200-a399-10b080ba4c66, registryDate=2023-05-31, number='20230531-49f21058-ec06-4200-a399-10b080ba4c66', balance=94678.26, state=STOPPED}
BankAccount{id=6be9d820-3e64-490c-bd42-a0038f0e871c, bankId=b2a3b28c-df7a-4c49-bfa3-53ff4e0e6a92, userId=21f2dbbc-4259-4251-bdd8-b7040538bd11, registryDate=2022-05-05, number='20220505-21f2dbbc-4259-4251-bdd8-b7040538bd11', balance=62415.48, state=CLOSED}
BankAccount{id=3b73770c-33eb-48d8-9dd3-ae08b1ef3862, bankId=9ac627f8-6f6a-4c4b-8183-bd07d6c0b9e6, userId=21f2dbbc-4259-4251-bdd8-b7040538bd11, registryDate=2020-10-27, number='20201027-21f2dbbc-4259-4251-bdd8-b7040538bd11', balance=36895.16, state=ACTIVE}
BankAccount{id=1d2af4c0-1648-45da-a1f1-e3fcf452f1e9, bankId=b2a3b28c-df7a-4c49-bfa3-53ff4e0e6a92, userId=957e1d70-a53e-4365-a50d-5146df832b58, registryDate=2021-04-23, number='20210423-957e1d70-a53e-4365-a50d-5146df832b58', balance=51603.78, state=CREATED}
BankAccount{id=f541c7a7-0eec-4353-a023-fee488bd3e9f, bankId=77ff3b5e-2dd4-4d28-b519-40859c40f4f2, userId=aace4314-c4e8-4c1b-8a4d-1fcc8bb07077, registryDate=2023-06-27, number='20230627-aace4314-c4e8-4c1b-8a4d-1fcc8bb07077', balance=60276.73, state=CREATED}
BankAccount{id=a17d8fe3-ba02-4e2c-8264-b272c48a9658, bankId=e4be2d13-d837-4893-94d9-83874034586b, userId=376ecfa2-ca1c-4d08-8d90-4c34253cb3f7, registryDate=2023-06-11, number='20230611-376ecfa2-ca1c-4d08-8d90-4c34253cb3f7', balance=55088.59, state=ACTIVE}
CardSecret[cardNumber=DZdqg06IaVdYPMKaCPac05zc52HcnZDjs5fSbg+FvD1ROiJ/pGCDs7L6B3bWY8Zz, holderName=WANUoOlDu9hsJigOtlbARFb5K1+WJmSVq/7anaRk+DlnNrP6NnQmn4DKEdUol2Qp, holderSurname=TheWICjickvgwshHDscmCY8hcm6V7sg0ELc1EENsQi4=, validatePeriod=i5XcLfn3t6tyZvK5jZpRfGVNlaNa4iQRbvuVW/bGHs4=, CVV=rRRNfcmjAKFn/2HqHwFBi3p4paivkAO9wvsr9Zl94as=, secretCode=kpBFThT/T33DEzxNq21qeQoXXXpOtjOiAEYMq9v7WvI=]
CardSecret[cardNumber=udtZuFHrBwcIW3bPzUCP0mxtB7lCJRa2JbstmWoQP+YctVhNfZUMS//UsPpJ/ucM, holderName=L+S6PCt5tx7JsHNnsacWsnkNo279yjoi7YBBrutLxo3ZjrrzMNzxTCoWxO1xi77T, holderSurname=I3H4dYbm9cjwwxnJP9sA0GUd76qB1UeEzD+7MHFJGag=, validatePeriod=E6TLDr5KIm6KpwHkCgpcptOzIN6liNjae6pv5z8RZ58=, CVV=gHW9+4ikzu+hewgfjvi0DAtLXTuTPwgSCqN++vb4KDE=, secretCode=zMwEGUSwNW3dzq9jsJuizZC77D6m392uaPtdGpr4eq4=]
CardSecret[cardNumber=q4FBVWEGeCLZyMelNEBX6x21Hr9HFvR9/OBiEG73S6an4gkXeNw/0guX+y6djbUp, holderName=1Ym9Ed0npM10u5nSgGyK13mn6OhrHk0GToDVhW+vkeWKFz9wSMfOUqF4S/NWOHeD, holderSurname=GS9CB+B1Rbzm0CQ/kCVOATQcYkYCvF52p0GXWEjzvRs=, validatePeriod=4lRoyxVfRtPfF5GdfQZWHtB4wvxzO9XFv8akP3mgSBE=, CVV=jOPgRgOfgm1M9tUMy2z4OGDInqrn+AXqdPRXwEOmNmc=, secretCode=BTYdLa4PhX0Wlgxx15G5r5g7m+603KKgxDX1FXhRsP4=]
CardSecret[cardNumber=sfbYp2X/sX52J4MYterPu4u38InLDOO4RDRUgGbQ1is1Aaf1BvUbKZklWu3LFpSA, holderName=+edaQfeRDY9Mz5/1AuzJEgCgTtuBw8ltfl+XtzGn4m4=, holderSurname=rvQiZwg/mYduxqDGMrhuhO5neSJl4khOqZ8yQd+rseeg42umsXsaaJoe7bsbUm/U, validatePeriod=l6uKInZRQ0uslJeYct55y96DXmr3Bh7Gm5o2ZOfdBKk=, CVV=DwaAY7xpOBN/1cLqpudm6cm6gnzgebBlW4sO+naGKz4=, secretCode=km/KEx2LBPH2H/PoXZRObIArwr0aJa92oYq2Nrusfsw=]
CardSecret[cardNumber=/9NRa6MqkCQSDT7uxN9v7oWb+QB+QckxlUuf11rL7Gj/yYB+UhGTAFDvu9E8AeDQ, holderName=c2672o0jEW7yBdqgf96htqsZt6lgnV5M97e1YGo8wx4=, holderSurname=UYKJoc4Y2N7Mwmsod9WhmfQpsmWwgJfv9T65j5NzJsFsCnPZc0U8kXp5vDCNeRLO, validatePeriod=Me0n32/vbU9kLX5LmRuBDsNizNgDxIZMOZ/QfR+IO5Y=, CVV=cbd4/yE1XrDZyGnxvVPs1cE5pM6151aNjuU5BJkzDxg=, secretCode=luA0NeTFWkqetk22LlC7l6X14jMDiDpW6M0LWH9oyDw=]
CardSecret[cardNumber=ONXZXlYuUzMzNYggq/meIrCGH4qbS5mtA/si4FKUWOX1w0p8D8OD+Epktav9+Nsf, holderName=K3smbrDMwmCyEX+ikQtSp59zYphvmIF8FXVOt1KPiZo=, holderSurname=tZgc9hIyXUZzn5axC6yNLxgnbRTD6LkHntwU6Ur5iXkAMUoKjrIJ3U6oRkAKGwBn, validatePeriod=P0DD/sNHacVL38zPL8f6Zuc5nqLpZDvyoMB+vX7VCjQ=, CVV=b8sUpDXIRmhz2zlsiNx5gUpGZB4HXUjf9l0vH0/Hb0s=, secretCode=jkGCqsmXoHquS6J/6hE5TKSk1GNcw2zFOfMklAesHsI=]
CardSecret[cardNumber=QLyAgTxamT8YymbU2Z3+Bzk9aXTkzUGgDSS6/EDSVx/g4cUYIeSyBGXv+iITVvYU, holderName=bJXdBLsBLvvXpNOqD/VJvzcCsbtmzYgTO5Y5uT+/r4eX5CPr3HSGny8/n1ckc2hF, holderSurname=ivCoygK1E5dr8Sv62lNjkxPE3DOew8156TOAGWLPzzNOEOiyFErdE0S/nIYccV4C, validatePeriod=6R7p+g4nPtC3GuAaqbIad9SvMLJ0oclnyhwoQcwPaoY=, CVV=JM6GyPIc6vn9i7sfYRouEqMBMd6WUHxHnR9wQ5w9i6o=, secretCode=410PJTMPiMNkmbItKZFSglFRENf/uI9ArjoHFNY3zsA=]
CardSecret[cardNumber=dX3pC9ZVe30x6FEOR+XcQpkZqscRYGFHOSuQEE/WGUtsNZseD84NWSXVRO4epLgQ, holderName=xdSgxTGRKmdgkrQbxF7FTF0LLDdS31zLCX/K/3mEnPDWm3NNU3PqSiYUNkEY4/EH, holderSurname=QjfLsGhOTGDm5LL+GIyqRIm1Pstu5D1xvXrxAJp7a6/u1Rw2XKcoZwh4ZjB9x2Zw, validatePeriod=cTAXFK18aVdG0Q+P6bX5zvypsQ82EzaThFJFP8tHxFw=, CVV=WKrgPD/GaPE4jpb5uVaI6L9w5E8HOfpLBM4tJzIgv3I=, secretCode=2uceYbTdcM60pZJo/ODRI78Za0Spo1CLxMqXrprzrHQ=]
CardSecret[cardNumber=CCvrK89nt75O/9R3n4oZ8ra9LmzkBQczNaFluDHIxS5xDR7AjtkxVnZS/Ge0pZgy, holderName=MoFP6nS49xjH1QS5F9CiHjpeer1W44jhwH8uF8JElGuA2PvaYurudkDN0DC+s/7L, holderSurname=0cgzFInqe32CjVIonB01/tNNsZQ/5PW56wZVtaLHZWtdBMFcpH5V1V9aD4ZyAeXP, validatePeriod=jNe/HIsF/NVsdLVSdiyfbptAKOGmKV8d8nzhnUN28h0=, CVV=JavuE6lpq7YbTuKBRnDi7SrRoxI7b69GXA6BaRJj+NE=, secretCode=mcvk17hrgnNeqJwrRuKHarLq+VaMtngI066VQK4nWbw=]
CardSecret[cardNumber=L1tZ3N8PTCin2F7mZCEaiw93mQFFsoxBqQFYls9xuYrATXjgK1rHGZwNOrzpt99v, holderName=OzsWCP+dp8Xx8XZTb61aDxivlIQm78QnuP1rk+n+1q8=, holderSurname=O3EefjUVRpmZSKIOiE/L0o4TWQSkhH8ABJiKXtrj0waFVlA4lI7uYiIbNHVm9J1d, validatePeriod=r2PfAx8VlZJ6Mpl95MKm7BAZlaRN6u3UIGG1wo7T0R4=, CVV=XE4Eimo6EvPduOPFK8XEJFqtGp+mEKDR5JIq6K8vjtw=, secretCode=knzZDOyvS5usq/4cej1NUWyIcGkfjqCoYpMvveoRKU4=]
CardSecret[cardNumber=FOSZZsOn6OI68WC1t+ZIVQd6MI7NvVHXzPgYhxIuxCfS7iJoRkFax+ATyKq8dgyL, holderName=cKA6upuAgoDdY5iWr3+p5Tqg2uKViaUJ2KANWmevmYo=, holderSurname=cPwznCXPnZV4/vWmim6osFAFLZXvQ5H8qqsc7W2IerOWgmGi2qgNmVdFsAW+D/y8, validatePeriod=7L/XuxEK9aVV93qO3MoH55aWbQhggp2plRjrXTiAO8c=, CVV=nnnbKf1HACgnH8tRtU/tXs+uq+eyeToctZTcwE3ePus=, secretCode=0SOaUuzWL82YVBv2ntS9+ndcxBnBqyK1IfrO37rKdVc=]
CardSecret[cardNumber=6lviSdXJVv1RQF97Ts5H8lb8Xq0Sbaptz09rYRF9VwzMzIBqO3eJl7ohLAMbbiNi, holderName=FXQnGqnyC/AefZ67Y47WCxUNI1mC68qCc4oWOpE7G/A=, holderSurname=UVxo9BV8a41xChQLdUUlInkmaZBhO4qEogJf4Nli4wjo5MQE9ED/X+rAiexBSHfz, validatePeriod=yu+f7IJbauPImnfNOaTjLJDGvx7OxUjTp4Fm7WQPpW8=, CVV=qcrgieJchow+ddHmA3VzaBzlk+YlsD/Nedvo77gHUuk=, secretCode=czRsYV0+3SnT7lOvfZiEc9KOW1NhINYWBQT6dhtYU7U=]
CardSecret[cardNumber=0Iha8jvn50k2mje+ZXkOQ+LVkO05omIVhC6i+I4iUMSMp8UjIeb+xYGJ8tfEGgGD, holderName=+HMWz2y5r/3SdzZn326s42ZGtJIUfXYDo4V4Mitlr1w=, holderSurname=RJqwg5YERl59huJ5PrZzEd4tvha0pKCNALRGJQWlQ0M=, validatePeriod=7QyXS8+LRdOLUNmSMDohLtZbBveb+EiXbFAwsLGKPos=, CVV=fTTZAC+memQzSDfjOVbbKnTOIJnfQTEL3YWshEaK7k0=, secretCode=3maDmqogZDwrbBtkRXQWqsgs8D5/VWOMLfENF4X6MwE=]
CardSecret[cardNumber=NdUwMZZEKze7lF3QhBJshWW77vJaL9nKAK9CHxRjgrfaj0OpfgojH4PzkNg8SU6n, holderName=CaoLCtAlmGbdUtEaeKcq9Kmmpl+5G8GXqQK0/QTPEqo=, holderSurname=7XuTutVjM8OtCTYR/vC0V6kl5HqafTLl8pK4R+9uawg=, validatePeriod=gKVQ1Ps6rBkH+ZWOR1gU0puWVozHYfDZmL4ct38mIcc=, CVV=Ghx2NVnsNKJ0KzfX3RQiWcbFqGd35fKI2zPRGFr0uz4=, secretCode=kUsY3vhE54Cr6fEd0uFjZvzl1K7YhILHNrkqnj6cqKk=]
CardSecret[cardNumber=wFSZQiabAiGDBmFmIsCpr0wDViCm35Rt9Oyo2IctsRLz3FcE36U9HOxzyRqv4Dui, holderName=1kJQXqZC4vmvK8voCY46pKhBfEj8XuaF4KntNt3cYpw=, holderSurname=LapgUgH7D0YkA0BdaUUee7u9OW0WA1oNPMXMp6OqYMQ=, validatePeriod=haRMZkOn4UmVuWll0QIryxD9wP/SpXbDwUQdQ8EZu4o=, CVV=jggIuBA3dVDCPp0f7HVcGzdaR7jQD+N+FiKluMhe+9Q=, secretCode=oxC3DFkoNS3c2A+zTFyV4bPQ5Xa5OToIOohVfpsKAJk=]
CardSecret[cardNumber=9QJ69EXjpdcSW57X2rhQlW2bKiEdW3Txo/kH1VtnDDq8zaPK0+ikVXh77m09bY14, holderName=BrfnNLy8Vm1lYdS4hSoHJcpUMYq7fmXTeNRpU2+VubOtB5FuGb8HOHNXPbpK5SIv, holderSurname=S4ibDvSG20fHHY9waFePwtsTAvmztH0nIv6SQd9G+6s=, validatePeriod=1VHMZfg9tuCQ5T0l+MqbdZNstVYPNpRnQuK4wFZRLOM=, CVV=UYLD/be3AaX+fikYXtkoAunNpOvec5ezf9x/2/0UXGQ=, secretCode=RgpAbgacoyMycDLzQwkqIFwXUv0YBRNkw66XJnL7Hog=]
CardSecret[cardNumber=410idYGZ5tFek+oPcEzAWm0c0o3u6Gxfq5yo1vk3GpChtypMQF1keIlpZqSqbyL4, holderName=n5NadO5Mndh+49l6cVYYZlwMlS4hQ9rcsy3AkTUw54XStofRrBIxYo4nLazYfMpm, holderSurname=YAvwSjqec7r8F3DbCSDUyltC9BMizey2cZK4ovpTYJ4=, validatePeriod=clmwbmbJ3Ng7dGJ7LhDucOduL3CkyQSdI7NXbEVkLTY=, CVV=+vrn1XU5ddf5cVFE3FwEx89dDQV3eDCNPZhIwlHLe0k=, secretCode=PDTacI0yy1BgDqbgX1CN9MdzTEsZqzwpL2EE+rIXSgE=]
CardSecret[cardNumber=1yfZqORhUNpNGzf3mPORYGVi/j/Yw3IdKznMjuethyKIrzJE12pJXhQHq3dKLHSz, holderName=xvCjs3nyBPYoVgzYO4zwHkpiuoocZgvxDuSpaMFNBkueEXKn8qEf3dFV0ZzM900E, holderSurname=liPjzr12rDT6xX3YsNlbbxigz7VXMizkdUAG7IuOUdI=, validatePeriod=Xz3uSksu83jmTmOyrVve8bK3H8/1yoqizZvTtYQVS8g=, CVV=ZuTs54DDRkbPfDEx5hJWIoAhICNvFUVe5qWEt2i8EnM=, secretCode=v6MjtehSIB45+aQcm1Sgei1pgIrmA/l/TRozhf46eWw=]
CardSecret[cardNumber=fAakkEQyg+yH0/ZM+JD0Jlrfc3Y6TlIb2qCFnTAI+1cot+ExstmxD5GzGdq5AT1o, holderName=UUFmR31JhqqD7XH3q1cs7ljf2LIKhwF1hWxnzuRW3A4/nV8OJds4vJD7sDnScEjK, holderSurname=53YyFgtfEKBRk7oFzKjzk/5IcVws7NnZ+jLnlQbmnT5jT7IBbzooo7jaYb4N9DmY, validatePeriod=7UpLW73gMh/F6pb/chWLyylM6oPnsvWtC3bBuMQHW50=, CVV=2QEKLG+HRVae1o2pXbhl1WwpCRO9i7UsJhSfh17zJ3s=, secretCode=fz5y1+RoPFREi0PuFl0R/LYMAsRrE2xu+HGhlPw5SuE=]
CardSecret[cardNumber=xx4mzYx0Ecu1pY8XDxGznA8QpSUgXx2hYHXC02zbQFdia2e+v9C3wrH3LBPOYtXq, holderName=uK1Gh4rkLpLPmLB5+MVHDu+BCXifIOMDtiRYsezCLgLWR9TOn1AE5l5y1d9nXqMp, holderSurname=pSQ1PkmOoWwvZRtLAMiHjcmLXRNzgXQhgqgd7bW+YR+BFM61ug7WL5oD6bwXS/j5, validatePeriod=DgIzxrxaBbhS2Tlh+DhxlIdK0nwIFcZ50btFnOXePIc=, CVV=f4h3yAmayevIq5quTqfxQGYeyQ0bT/6qmXfuhVISWBw=, secretCode=mZEp1UJA1xlJhHSToWwAoL4+8yeJuDB4rL8xdLl4x5w=]
CardSecret[cardNumber=kHs+GD3IL0j/LJtJBhVbB6jqUhLTg56EDVT95ddo1DMabwB+eO1iRCYpT3gpZl56, holderName=b6GAot60lnvYqw1ZkM96Hh2KDtVGEP6Z9CfvYIhStPprkKrQ0umoAL7EG9IS3yKm, holderSurname=O5rAHAcryF1yeKXqXBnRo04tHRGLmjjH1rf65pDqTJKvoi5vPA4v2apoKURoyla0, validatePeriod=JeGgdpS0vICP8mFz+M7tq2hUgFC43tlXVWHbjT5bUwI=, CVV=/8g4406hY27YaY7R5G2JX6eCQrZIRyMVN8slwTUHkTg=, secretCode=OoqFC/LzNtOgtrIYkgei2H2bTADrUYLjcKw2SByYojc=]
CardSecret[cardNumber=yrOuIj7godIeRbhsHZtZZ19LJBQr2kKWaP+Thf6FJtbHPw+idTBf1OLx5tjUPJNs, holderName=aMzgjb8LHxDT/g7rppSCcB59y8uLvc9k2NROFFrtAwc=, holderSurname=1El+gy5e90NUstCf8k4giyQ+r+q8QcW1MddABZlWZIU=, validatePeriod=ReZzBR1GYYDxpiJk9Syg8I1zTO0JMIAO6tdtSF99bV8=, CVV=VAt5s6CHPpXXuQ2AwXd2L7o9y59illpwm8gBuY7I/JA=, secretCode=BuSRZq0M71oTGO9cNIAWZ0iat1/7heq70VlywFbmfas=]
CardSecret[cardNumber=1ypGT+t5JcjTlSALfmlBYhCECSiBnTHhFfIgmleckvJ4uiGFfw+Y6I/dGLKg0zSe, holderName=Zt0lU62SylL6IKQTvbGoCQuaMNurNFMT8aPdTSv3uPE=, holderSurname=0D05RJZRDuMM3AZTiMsus9GiUFltn/YA2aWWGyWJ+o8=, validatePeriod=J+cY3Q7Va0fmJqHMUJJ9D4d4pO/wgKVS59Kl7ySAKkA=, CVV=tZ8b+SasTPxPxUek8vwwLwKIJHyuGbBv4J2zWXMSm94=, secretCode=QAy+/pW8hy1uJKfpOVVDa+urvx5Mw7dVCb1XGpb16rY=]
CardSecret[cardNumber=JyqDEjPPfYlxbLanBYgJtfEkauuOmPoX8/f8lQVd7av40qC2wcZMDdNY1UWPqBDI, holderName=VHZFUrqYvloS/rJtuAT2/i6KDdpY7Xh5r3G3XnrnOXY=, holderSurname=FhwjCq3OpG1gHoj+Kc7zV0Nm7sagI+h0oCIC4oUqfy4=, validatePeriod=RH2C6RxfYa7Wj9boyf+8VCzuqexEOY/q35bq4SlkdGw=, CVV=yaE6oFvuiOSSZpznEgiNr9TZbpvIqulFhI+ojJkfo0w=, secretCode=4KduSB8dCWUOW0m31D6WQF4V8SN0v8R3WAQLrYhv9eg=]
CardSecret[cardNumber=R5sZExm8pJ+SeWL/J0Z83smgNrNrnPzAEiOqM9LGI9ht80H1mM6hCVb9SooNbjhm, holderName=VAaY3ySMPEaYkRQqljYeaGHqmgyUxCYDU4OJpEUxeiU=, holderSurname=TK1MEYoeWdB4XThmP4NluD0GGsd4wmRaucsg2RsyeJU=, validatePeriod=VrZKlPgXV+liFbvrbplj3oDKXePEhImUEuQhb3w1Q5Q=, CVV=aUOkB1pU7GFwkXm4udnI9NVvMj3NQKMA9NDGZMJ5qHA=, secretCode=Vm8gHdSOPqR6UWGqgaffub8cufa/VgPIJ6/2Fzr11eI=]
CardSecret[cardNumber=tpghnX69YCUJHVkwI7dJIgp0t0hY1nAnQWEvIo5uMMPShdm4PBXs0EByxQj8sRNk, holderName=YcYYoPPEg7rRiYg6AH7qQoVwOAX8G1+0aazpkVpWJ7M=, holderSurname=US+ewr74Dtzyt0LP4ESyYNA42ynWkMkNNbrLt6zj+uw=, validatePeriod=xwHEDYhpd8kw4XoXEVdoAbHraWnQdKk9ASFWutPElqs=, CVV=I+W1ksh0qrrrIw3e01XOrTrcZFauGpADPChheDHyZ2A=, secretCode=lCtIuVe/IuilzNXHK29u6img+ktF5LAWthjF+d5kvJc=]
CardSecret[cardNumber=aNh7Rp4BYPWbLRSrU6Cq2YLhOYITR/ZUaqBMBM5DW1xfLYYXja3AMgwONvxyx3Pm, holderName=mzXainpah1Jtb2ba0Yw8FSYDvz09kfIrnvRy4WOt4cQ=, holderSurname=e389IAHBFepHVCi/F2hQZnYo+LWf61G8d5dsgQiCZL0=, validatePeriod=7jLiJU6F+atoJWP0aSU6WEljIG7kke+sztkyVP0clL8=, CVV=EsfwwIjwjzr96VILw5UaRmrP7fl8s40TLsLyc8ZOqqI=, secretCode=9PxmEwVWK9VqfAfjNsRzNpwnuM9narWP7+vQ+PDPrKg=]
CardSecret[cardNumber=yZGn3GrRE2lFaPQlu27M60fCNkANHN1YY9sulF0YhbGUPpgFIv30JYcTdwxwWsZM, holderName=+srRWedvieDH2hBBXklxzstZOudbtP775kBgoph+hGI=, holderSurname=DIVxyJTmnbK7NGjm4PMkyVBl79D22l4ikMr9XPcd763TFivENb5wo6Lk9m/uhJzV, validatePeriod=/lrtwRf7TJL3S7L7tT+P64WEnTfP15uxnUvMC2kefiQ=, CVV=EMIF89/cCAk6NvIYjnC7Iys46d3AZrgIfx6iInlGb6s=, secretCode=fwDztIMxFX8Oxqiz4QFGJ/LqKsBTVBunVIb6dgs2/Go=]
CardSecret[cardNumber=8ZHj/EqycZYju56dUL4DGQbgTpuiBxk1PLKHz6pzj1hKYf6asY288QgEXbL4SD+f, holderName=5WR+PgnzdkrpqPvZkWnXJmBnUw0tEQtQ4zE4pU8PUZE=, holderSurname=dp5yDqKWInqt6OgRZGvuwP1K4H8eVzoWlVMocSIlGTvl5aGgfp0CYbgUhoXlaFj4, validatePeriod=8kBSl4QoaCRbu2/4/kPeuQqqdoluuO4gCF0hJP773TM=, CVV=zR4LnlXnMcceEXewLMixxgPW1V07TYgB7chs1Svg/7g=, secretCode=RCQEBgRU/WaG3NfEcy8xyT3Ob+TVPcyy3sjg4luMmu0=]
CardSecret[cardNumber=9iIRiy5oNjR9xJKcjUuAqpNFvl/r7jJtXbKL+CPzlgJaLp0wHRjxFmbdTTRuI52Z, holderName=JTBahrSsnka+/l/Ailgs6jTDaU+H5yh0h8eP2Mohypw=, holderSurname=X2FTjIGExpzPdVhcivAZEzpbZD9uiKV97mPelC2U4nGpOYqOGbdbzZMEVJNS7tTo, validatePeriod=2r9QqsQDi+wNPWo7Fphm/HWRbGNsTAMk8Pjx/vIh+ro=, CVV=jfDHWgKCu7yl89Bu4zWSzFuLho1YNosaky/kVe3oxRA=, secretCode=2GuStg/y40wbgzrzElJ2vRV3yyd5fwoUcaXkGU1mxbw=]
CardSecret[cardNumber=kHKcJQFWsPEcUbACwTZ65cBEuPvgCeppta+98IXE9Kcfx7tGqWJh/cN5Rox3TwWv, holderName=zn4zkeGt77L+/RyVVr9qatXviZM0AYPwLDQhjLqHWGCt9bGGHoQWxFjXXGPmLmpp, holderSurname=LuUs7XO+acI0nmSmY4w1VuN+wjbxzqsDnw9dD+zEb/E+gNjsQzAK6SOMs8/D8MIH, validatePeriod=wsMNbGA/Yu1d+x+6EEBF5gSS1As6tHpVES2qDfKNPRE=, CVV=WlSm6Kkac7bI9prBaP/tnMKlmOB6SbF6zYBnhCSzxTg=, secretCode=y7YcAza+BtfZcChLNlykRIQM2ERBlQHwpf1Sx6M3Ad4=]
CardSecret[cardNumber=/u0oFKjQR4Cvrcr7WLCTFWaGgkJ1HTHPTzwR3gRMnaLOA1g10qD4Jdr1G7nwCumu, holderName=FKRSe3L8f9A/+DW56PsJDfMLWNXJWu2oWolWvMOgiG9HIkaKKpbjgU8sTX7TnsO/, holderSurname=FMQ2B+qZx85FX1nWJkZPU6mTSlG6oHddAIM5dhPJ74NmsJZFhXBzsEqdPbEQZ4fG, validatePeriod=/miRu+CZsZgVH8vi/DRCqSMQzzF1tQ3ufxm2GjVhi38=, CVV=40P3UDfjIa7zsQSl/WlmLU4me5xr68dwyJER2rCD/Nw=, secretCode=i+kEaIk6LlNuYrcbAa44NJbHSjDiolaKVKayCFzGCFw=]
CardSecret[cardNumber=vfTgJ///SvDXwxduEcitq6NWcZ57xBjE3/msTQl2xeqiWz2qpPRGzjUzusmzGz5n, holderName=cjSk87NT9FEhj2NS4/oT7dsPRgxmWzuoLXEpMGiisTpFK4I1/1ge4Hmxs1P7M+ge, holderSurname=boIu+NAiBuPcxn6LIlCaZ8EeR8qysE1snzHY3twZJO0J/Dug2AEiqGohFlbbGkWp, validatePeriod=BLf9K1oYr3wn+JRnWlE8QwN+ItandFtAWXRTlof0+N0=, CVV=3z8Xy/URgIacq7SOqeT++uZg4t6AESLs+jzROqTPYME=, secretCode=gYSSNxyQ389ilGau+GzSyyiguohFHX8IByhhliGxeAk=]
CardSecret[cardNumber=cYNEqPwSPx5IG3gvWshczpH2gNi74ndmKrh0Asxhk10qSKFmqMjGaOOQ+niUUUrv, holderName=nA4wrDNRMtS/dkEzRVTev9ajPpQOcf9YvS+L1IHhL7Q=, holderSurname=fdRqZEpZmVghB9ffYWnNj6KEssoVdlLvqkxc8Fm4WWo=, validatePeriod=r/OympesEivG4Ekiv77zpko+HMuUDxmMY1kDq5AQidY=, CVV=ro/ifKP19SnnL5k3RMcRgNKVJXw520tMS9GsS4BpxzI=, secretCode=kNitR6YpNcjMXuHrQi2XFlY50bx1YoaNuvW3XUzWUvY=]
CardSecret[cardNumber=k1YboUgD6q9jV5xk7N9i8ToXBvEDP3Xu/muwav90zcda5AsnCbcH8wp0mR6JNMxQ, holderName=swpCAwMYrY0Ii9tMjyFm7F5m38q/xkyDUI2gd90xQcA=, holderSurname=LAgCjQFYWuvV21cIudS09Zr6XGXYwAPpkpoJuDMs6GU=, validatePeriod=o9IQvnA+VV/PjzsGTxkkLJhsx2QZ2w8jRvUfWQsTWwQ=, CVV=AxENmnmbmFOJ4gGuD5bhyB0JFqbZDlWSTYr9COqamjI=, secretCode=p08iB5e0t3dZFoguVenBO64Kyeu9mOxolhm3eA8m+FQ=]
CardSecret[cardNumber=X426vJEpTui6s60GO67d/PunU0TFC55WJPIY4VSUtoWRBLfFyAvM3NFTHEJxZJbP, holderName=GIcpIJw9BDww021Gwz173HCJUUMzEu7GKZL6+CHZUik=, holderSurname=g+lLi6dChwZsj96K6Kd2gRhS5IzfT2GCVfeWOcTxG0k=, validatePeriod=r/5zaK0xaiGdmCDJ+dhVqqiuP+dc5FXLf4xYe6bH7ps=, CVV=ZBcntUuSWziJDEp+rxncXcxboAbIonAkVbMpfNT0j2s=, secretCode=1812OlF9aFgjCMLdq6K802KpB1CddDsiBx5FIHPz5lI=]
CardSecret[cardNumber=U/x6yT5kbcupUt3eJSqMwTzUfRwRmdu+BYq0wEFHjwyJ1S/bTMyOnAtyWHXD1A2c, holderName=esCJ65YNx4FkvJJmvl2sP7eBh7Nb3t3z/FWMq248P8k=, holderSurname=fZedwGfmdyd/CiqrXnQ0u61VFyPqp28PtCrZznFEROPx3KmgYxYOH86LqkTlRd8L, validatePeriod=6S7MM64UQ3RG/65qyRl1vp/86Oac5zm9f3nVS1AN414=, CVV=OKzbNnF2XbDxIb4ulD3DT+zfT/8oPuo6VG5qtOyMU6A=, secretCode=K+QDAif1nsz1VRS+Ra7WXIG0rVVxtPX4XpyFBU1t42s=]
CardSecret[cardNumber=cMRgHouBy2+5Ore3g1/KiQ3kAg6qsVNL6FWtQor665jYO+vSc21KvGMW2tRkrX1r, holderName=+/kwnAV1k6Y8ubT7zPeLqClzkmGD1oZ6iqhFsM6x5fs=, holderSurname=smdI6n0TQNxKvBzU8+TjMJnIjahMab+hbUv1S9bSY+aJOkp/qLc6GnpqLjU06ba1, validatePeriod=5p31GAonaiJ8QJbw6LAEHaScLj8vwIhtHtx+sbXHMZI=, CVV=x88N2zVbj34R6MC2BEYSKIlr1vehpomqQNH3t/duiA0=, secretCode=b5a3D4DyRM8cui6R/DRJywO4ap8RMvy00Wv+slEOoMY=]
CardSecret[cardNumber=V+SFXq5c6XsYlvvDUHLsIaM1o/0pkg+ip8TrG11VFDmKvoxNpw2jEgoFvvkCRIsa, holderName=1n5arK2CFoi+k3vO76PgBVm//gJIAn4eBYcLbPBrVzw=, holderSurname=ergMZysJPzOAZfCXMTU5eEkrFcH3sW29VtEmA6V3jtPKlxZS8MUS6pzgTwCbMeL0, validatePeriod=EdGIIvHoDdb545JwcA5y5YrQfXUK9zfAGVX007Hwmx8=, CVV=N0ed7VvDXgzFVL9o+wX/a650lBC+JzrsHPV5Z6/hTH4=, secretCode=ZXoscb6zl6Ap7OdhXFIvIS6ye4ZhGWu9LjRaLD0mGrc=]
CardSecret[cardNumber=FoEilHnIS4rxqdqbe/9klphIYB3r70vz1jya0DB2B2ngRkwUm672BZB7srvzCn5s, holderName=3C8H4TodKoOotwT/zaJJInHINb2ZIl8/niu3DOqtgyw=, holderSurname=xVgZ4VcJ2uJUd/Oo+wC6aH56BkZIM89qZ+cFm90+8GU=, validatePeriod=tJHrwOYWAYNZIh7c9J9oRaKb+gncGaXhIOagClmMTiA=, CVV=l9psIR8BxUom27ZoQaK/J+qscTXjRs6T8z73KzOoewo=, secretCode=4zo85iFheBuyOad9iIEJo63nQqxD7S9D1auUbXsjK0E=]
CardSecret[cardNumber=AgLt8d9BDIw95WsMeWuZoTC7A1HYth6975Butt7ABiMflQ21uZdnU4mknorp1dbe, holderName=JYpu+eU/Q6I7tTJkV1YV/HKuldyWUluocLlzqR5mb+Q=, holderSurname=lX/cyrkM2UeeAnxBl6HGC+YUmJiOCZT+eZP8ZiCsKIY=, validatePeriod=13SfduilbYMXpyRrODo9f9K1ArI0RxDLMA524nv5H/Q=, CVV=3hVJdqBEVMKSmtorW//pxeTadrP+jied5FpEJS9Dryc=, secretCode=Rb5rZ5CRBabzIx+s82kwXDK+LX89zoGcAscyT3G9FCo=]
CardSecret[cardNumber=ToNBRToHhwKMh3YgpLx3kYmcgPQG2jjsmOc53A0qPrFvdOI2U+g4Zuy9Wk9XsBqL, holderName=c5ZUE2bJD77cdGABbd07JXe2yAWNcsBxmY8ICWpHgEM=, holderSurname=1P5U2JZBWNNl+4SYKmulYeEVqvLi7iAC5kYhMdnbxpQ=, validatePeriod=r1kG3YBiwH3BhaSIdNkHIXjov8ORIW1hESOYpljiLrI=, CVV=DUKocto6vomCWaB32CiO+h8YxmlbQpWcUg8ky9bI+e4=, secretCode=DvswuStdLHRabn51QpXdAZnQVeHi3v3qDGHnBSE5Sdk=]
CardSecret[cardNumber=6MLardiyD5sij+OnRAqPm/TFjg7wPJKLj6WfZ74mntQg14TL3LVRpzf4nbvVq4is, holderName=LYjMCw4S1yhntY+vcDNLwaDSqLPQ9ZjOyp9gfFZ7W6Y=, holderSurname=ywgZBVkETwaPicqIeye5/7YmTOzieOQXmEadNJJGVYaAmnD0PVWVaTIsNhxHe7m8, validatePeriod=TqG+sBPAKR2T6fP7yA2hsxCxdoCXqHt1jGJyYdDTbHw=, CVV=bAICDg1pVHyc/SHF6Mer/8XOlezCa1FPo7XIRqBYXeM=, secretCode=0k/kXH55kFLp7kj/MsdJtc1gfROkmxvfbFtsoGELnOc=]
CardSecret[cardNumber=O+y4Q3MAi4i2PkNqn+yCOyHisWuQQrnrIHqS4CbkJei5+vcuRIhMUjvy2Ldiiugx, holderName=CKry/AIuyXfl+ZnjTg7dDYQavOREd+TyPX+f5KbrKfE=, holderSurname=b/fy2Aif9TbpI0uFkOcXhgfV7E9fqgn0DztuQB9/xHRTHklUXqdqKipVYg/1XzGB, validatePeriod=ZcYIvEIRjzWGdpyyExjD0Zmf8zhSP9xLOuMntUEImGk=, CVV=esZo+9jzUd+QbIBqJ5/839bgiXI+ZoboG007E4ZHXlY=, secretCode=oz9/0iG5Zeq3d/sII3Sft1Wk701Iy1OE7LBev1UWutg=]
CardSecret[cardNumber=3Kphx3b4D6UDeBPbTu3SjbxAdalZeS3pXB7NUXm0eB7LxPE5/7kxIurVMEjKr/hV, holderName=YCR3NtsfJWQJGR47eCeahJ2NhCCqAC6ij7gqoMoAawE=, holderSurname=hUxXtdEk1hiYqEG0q/zCGju1ud7kd9tsMqXsWY4mxGT3ZtT+ffH3mb7jxhF7hp9V, validatePeriod=APU5eiE9bRwH+eGUl3M6B9OhbaDP7nmPSYVPIrEdO4g=, CVV=6ErG9bNdS5BWkDaV9embLN+1kbeOX09UNuUBk3CDn+8=, secretCode=+LO/qffqMxNRosJ/8G+R/tr35twRNj/xFunpoTq4cMY=]
CardSecret[cardNumber=kFQGqLhraCAZEOiTjnQcY91oqjy2yWXWL/s1QF5C61YAlm6MWaSeHl04wKebaCx2, holderName=YqMaeX501owYIrKsb09vjrF/VcahLbFqXst9bHSU9xF3cU2H/qY9iodj2EXTRkr5, holderSurname=Ctu8TrcSVlpzFCLOnRBbn/Rgsd3F0RNmgrvCBScTVjKizGzq/u2hil97h6xENLM9, validatePeriod=96DwKBqVqpF1WIDKcAVnz7d4AZFJLjy3ebWgQZo21EA=, CVV=4+hj6K1i07DUq0eZFM9LBG/KLgUjSi1tFInVOtp/YZ4=, secretCode=CZw/4Erm25Jyl8ivwOB1nWgilFtvs5REuOPy32E0wFY=]
CardSecret[cardNumber=miyercI7hDb0ftP3lsbbDsfT3ClxL4wKFtfYAQJ5Hyb6TQEFdshY1dyAZ1D5DS3E, holderName=nnyxjPD6bZlwkkjE8y6oD6aSnp2CR+KlTmmatUZIAMBoMtsd5fLcYRzISKwlbjgj, holderSurname=oKD4fU5uXukV6UbEiSVH4mWeJ/4fjMjCNRFHYn0QUhTHFE4OvNy4CpKI2AkM8Qt6, validatePeriod=g4xzdescb0LPDV30JcYzrDkw8SKVSTUo6mwqdQg2isU=, CVV=V0H2XatGz0nh62uPxhm2NLKBpFPD1IgtlTU+k1vU7nE=, secretCode=hanVE0AYQcUUJ8GmkPRB5Ahy4A/zbxR8r3gu+CCmy1E=]
CardSecret[cardNumber=rSPjSo59A4iQmSdAXkeGQtj4AicEBh2mAlMXvApMX1Q3E2Hw5cf+CuSwOiyYAaUx, holderName=j/hJyKb4att28dkuAdH1bpv4UkHqoBs+lh3vIATWxQg2quXqnoXFM8JauEoUu3hu, holderSurname=Cay28uEbRJ8y9y4AYCTIcfu0YELIl6LOICG/9kRmxMGsuGJJkU0RZ6th0GBG4TTL, validatePeriod=PXONMVmvTUpMHLFLsLcM0rep696gT/rFxbTpLDA9H2k=, CVV=7QixH7YeaVA2pf6wpJgwQxuChH91UAwDp1lQRJZPLKE=, secretCode=gUL1ER4x9PJpBA3XRFcmI9Gi9yNK3d5g+8g4ZeXCu8U=]
CardSecret[cardNumber=MzK9RkcyAEH8vbkEticcQXrX/zP+Y3IsgZl4L9fievgxrmynHzPgCDsXh48tHVAf, holderName=ea+LfK1kGF5WYEerhXaTzUihyDz3mIJlzoBxh5QgV3M=, holderSurname=AF1X12S66sujGVGMaPudCMYHJ3KrIC+LVqkv62F3xrc=, validatePeriod=aTclXNmzT805bd6L1nprohrPi1LdN29IcGtsjIlS3bM=, CVV=01wDp/1blQP1mxvHFyi5LanfxgbkHZmjQyIufLjHN5I=, secretCode=Y+22exn2TdMP178XWtMCj/KU5v6uvTBdFM4nJfiB5Pg=]
CardSecret[cardNumber=v8aX0lvUrRSJohWyPIJnTlCiukAwjvExhDArMV6FGd+ELgB7dGw235RKGiTpCmTf, holderName=coGzEfGOpPV/mbqqDq8hD4DZkz6FCBPG/hWEDt/cWg4=, holderSurname=NwsyG8YA0wGshFkzXG7/uw/eesTNdUuMkk5dkcH2Gbw=, validatePeriod=kxd/pl1zuryjKD/x7eO2fucWku2b5U2pG6X4OMj4QyE=, CVV=XbwZQjIfhmhiOg8MMm6LABGgKwH+X2uziXZ2qcdTxyQ=, secretCode=D1avm5IUc10NPl4SuH51ziPsFloVf5kUJ4mJ5/ZlnTw=]
CardSecret[cardNumber=lhQdjN6XLJTaTrIizFfxjWq2eXpzp8cfvpxZYfV/Hx1syXLkoaWmBkOPRFJiCD//, holderName=FysdCtzKPgbO94htrz96UcbNXSezw1nvmDud+4gwHks=, holderSurname=bVpWosPfsn4whQ0Wy/MnhXkNO0ZS9AuA7K1W2oihRMA=, validatePeriod=emjjPoh8anAL2IkRHWaQB6X7BmFMrlMVUe5g10h8En4=, CVV=w1m/+Wa9hjVPuv8zNojZvipsfP/OxIOEKUA5zzNVA74=, secretCode=s5YLClIMuOPEgRXwaEC3T9fb+AduRCKBbMhh9C76JNE=]
CardSecret[cardNumber=CmwPjeXlt8GbvmhC3CJ/fUDPdfGAAsfr+bkpGZMeWu5HPBZnxWJs0GKszFI+COGH, holderName=WuZmCJHWncR80IrYjZtigwNE5h7a9Tvn+BdHhkTX8/M=, holderSurname=+9gdrmDSS9v6LjYcR7A3KVdMkcGsXdhjQLuhWJ3rRJlT6MjWrSM7e4hwkOcyr5LR, validatePeriod=WXZzYU+emyy009+hxNgIcldV2oH3vTNijeXDsCi008w=, CVV=VGfe67Et0WxDNmWVngMUOpShsiLuLwciS0PWlokKdvg=, secretCode=W7zAJyzAUVP9bGorGff+KlipC0TXOq9TtVXsEtQZh9M=]
CardSecret[cardNumber=2MWdsx+3D61CdFhbM1Q5kTUhvonqT5qg/30ZHFb6qBhJxqWrjbnvA6jkpO1sZpb+, holderName=rXRGYEKWU6JxBwHo85qse4g/29aPJXT40ix4IIvjsqA=, holderSurname=BTXI71ze9xvEK4kq2jmEzGcWjIY/sOa8l8+9jxZuuEsy8w9vm0OXk2R3eWX12TZ5, validatePeriod=jVEeG+Q1jH/wgkpPBxD4S9BZWQFpHSR6DXNPNx0FoFo=, CVV=DHxHlwYhkOIolPP9t6SCjfDZRX8MiWwd3F6Gr60d5JQ=, secretCode=uZGkwDTu+U6fqV6+wxcksi2PrMUsbOIvp01eiPBk+Ms=]
CardSecret[cardNumber=Zn4v4lsqXksRQYwDA2xZ/hFJ44IB3Az33NWUU7SG7jYD8puFTAkEA0fizktjNwbj, holderName=+EQVjnAWTlC1j6u5AJ0jLRH2bB1YUn7wyj+MogmOZ4w=, holderSurname=gusb5/KQNrYrY8EaNTk7K9Znuk2L3CvV5PStDCgIGE5KEQVRa1Wwh6DzQwbGPo51, validatePeriod=Lqhpj4YaDl0bpfc/cdwcMrAycj3SzkisFxo1zyW1MXI=, CVV=PYHHT8erWTL3m8hY/SRibiw/rPI+YLliiEw/MAwY0es=, secretCode=449PuKz2VPCqXHW/ZyPOT3h0TZRmJ60QFmZEOZ5wvRA=]
CardSecret[cardNumber=gBxRDs2wL+a3SR+OT3cfZO/QDs6EL9bVJ5/QYWc3sgxRJwdmd9IYcdaddqkVEQkP, holderName=eo2cbwdEnhvMD66M84r3roIVvYDwiBg3+SWoN3HBPUc=, holderSurname=vrlrfzfTyPs/vauQwCvmC8nbTSiZZuNpE9xhDsrFtPDwupgJqDNy9g32H9jOirFY, validatePeriod=TuMRMS3DX4UBlrmv5qTj6DzLQ+cej3Akq06A+Mc6K1o=, CVV=EnADM2UNX1WXctrGqjRF2kn0EoJzO9EGbKZzaP9UEMQ=, secretCode=37Pdpla1mQeavHkXQCsbIu+tV/JA5RCeINQty8gNx+A=]
CardSecret[cardNumber=kxrG1yxyeuuuJyv4w8anDYDIZ7KoizLQi8fdio6CgGYFouRR7XYIaAfifCEl1D7b, holderName=lxerlS5XGNzIlkdbEVSMXJ+L6/68OKZ6mlTS7n2XGkI=, holderSurname=AGlYhFItvgdZRgWuF58TIBmJhOXtvkRxZ/uiKKpo0IPsfR+UHLl05NhRkYM5v8rJ, validatePeriod=eUeozNeQ6gI0dRa6ul5vZj8K9ySeSbXEOmmoyVOr+FY=, CVV=5I5GXBiXfquDPHV7nD0BVBJ7cl97vR/QIttBhOW0iOU=, secretCode=KoV8tFZx8TSnzfO/w295AOumkvomnAew3Qh0IDWaUYk=]
CardSecret[cardNumber=pDExV9b6aB68EN+0QmDdmPlgQHuP734meTEZB+F0UvI/qibbXTH7rusNQC1IMQPz, holderName=82G4qxKiOABKoQd037Ert9NvxE4WLt0799SMN5jSb9I=, holderSurname=a+Gl8BVfx0dUIewJ2DdRiaKY6Y3hSJ4eumbM+jjln9gKNQNODEzfHeOVweseqvq4, validatePeriod=72vqUXW1p5RCPYL6d7HoCsYQSkZ2GJBzEXfiUCW05dU=, CVV=YsTlfup3nLfH/tLNHM8GlVfxnKsepzU9WKbpMY0TYaA=, secretCode=oJCXroq+Q5Yv36V0962Ps1tKN530e+6h2+2XWhoWeYY=]
CardSecret[cardNumber=D3AdD+GLC26OO/ipXKK/b7s+EzrmIxiguyMfYpX49wLhvXErV8ONZFPgddDHfzlK, holderName=DXQ/uh7Vrh/z9nOIocq54Qo3qq69/MIYK2d+7EnFFPw=, holderSurname=us1J4SV5ne2mj0eptcNpDAt6kBEJMvCYrZbFkWNJnak=, validatePeriod=2OmFfnkkZ7mX/aydzooblQX2fFwhB0RDqsGCb4Reebs=, CVV=4o4ewt363d/3pl7J728BpxDPezCd49u1Nk11YNSUpVo=, secretCode=NVuofP8tKCEa1Z0E7Spdyo5jDHW6eYK7hd+/Cei1L0k=]
CardSecret[cardNumber=nohSmXqg6pNzGk0hzGzmOvwR/zTkD/IUElRHpd2JugdwEr6sR5prxm0Aeicucd+Q, holderName=iBU8SE5EwArAzD9DVWrNAdfOTfQJ4+NOJd1XihK0D6E=, holderSurname=/rBJzWusixw414yGrQP9aexKVcReVDz68ktPPYwROf4=, validatePeriod=ufe7tn96UURLcx+2Irv4cFi7b27n65M118ud11nFUP4=, CVV=PjJuhKAnIHPFWgKs1pufwMfQVPhQZx5sdO1iFEtnRJI=, secretCode=sCwSSPn6bK6acqq9meoXbVmpn4RZMBVMG0yE0OJZaBg=]
CardSecret[cardNumber=ukCMzsl1W7pGFKwr62rjg+1iulMytyJrLqQ2o59Co4CLQkfh1Ms5gKFyakb1RA3L, holderName=Mt1zYbkQLc5+dTlSorCj1q+kFvYsXi7PdUvIZIHApts=, holderSurname=sgzkR/+q0xM4vAa7yY73aESvCf7VQWgyKpVDIypQD0Y=, validatePeriod=V++ng8bci21vKpP97h7gIgwj6wqQXhRfUhfvzEU30Y8=, CVV=aAIin0ToK9SLvOV3rqtu7D51y+A5UdLdJBQ5TN7VrDk=, secretCode=JESaWVy/yFNKLDmB36ajgmXE3dSX3/iXhIvS7v9+czE=]
CardSecret[cardNumber=Kj8EAi2TuSob/MvsCUGPZ2JYGGNiYxgD4ewFzWzoGwG/x8A3L/zvbB+X3cnQMdxv, holderName=i5pY9v4Le92ptZcHXi8fXWsmRcbljwD5yyi0llb9aho=, holderSurname=G74cJUD/rrye0rqQ7x24zBuC/mk6lD7w6xXE4swY/vCoO2JtX7z7qgW7vCAiAcy0, validatePeriod=nYVrGblnb8Z3sjJsGJazEe3JBQv3+I7V+ZRjCBvNMjI=, CVV=tUjqVLL3fde5DeBxTxGVCUfXnvhrGGAX1DL60GLsFG4=, secretCode=G+Op40GCBRzHomA1A7YD7KYHQAFAdgkFmXHsE9i5NQs=]
CardSecret[cardNumber=ZQOe9xr7Su4NUQ05pihhlNgOUbOcqQnq4XlScF7S9zu+pZxNI/Ny2fCMF4j7nlXb, holderName=gLUhqNtzaimsFy+ef3RC/1gvCpoici1fOdo99NNH3/Y=, holderSurname=n8a4aQBuAtY39/v9sTCh2CF8o7YuBYcnXLfVygFBoPXLS+kPoave1ZsbeUUHn1k6, validatePeriod=sgn68DIkk0+p/Td+t16TGdK6ZYrYkw0OB1VHr6DWJHI=, CVV=1VAT8fdJTOhOwExbibnpv6LJrH7zxEA8DkOTVU+Rqc8=, secretCode=rd3Qivdi73Qvyj5+acySp760YjWfGKZDMl87RmLZoW4=]
CardSecret[cardNumber=dYhVppW2Xzrh1gecFFhP5t98xHPgFW3bUIgM557BZ3hfJAWeXKIvaBGA8eNyLCdW, holderName=KUZBymUXz9oc72YXO1SvuVI/Be1oKPe8LEV32EwEbuE=, holderSurname=4LNYaRvyqqg2brv9vYX+B7MtKEDrdV9X+rSBYFe3dGR6P2qy+mjwQczEx464VI1T, validatePeriod=gBqKPt0KbCBUObbaVXjNzNGxw+ryXHtsA4/JIAE9yIk=, CVV=9wkWxDGny/GDAnAwJ5klELGQfxtwBZpOnrrMCsR7haU=, secretCode=jHg5R8LCrm7/70/BGu6TV6T/jZeP3yYqfGJdMM6VHo4=]
CardSecret[cardNumber=zx9/l8RjLC3TZOqnHAYPR2LO2ZEL7gxQkQ0aWeAZTRUgZQfs8EyyuM//oxI7wfFn, holderName=jmZQvAhZT2FoEZUfg4myRGQE+zEAF8NJA5c5tFlipDM=, holderSurname=mBtKa5khhflt8amPiqU1rPQj8ApfLbdwL72oRHfUumQ=, validatePeriod=HWbL9OkWAsyozRmnoot2dxeNbJH6Gev3ZtXNMX1sZFM=, CVV=VfhWnRWSW9/+jqatJTuoQP/XFGsJzLHAS0SCWmp/xtk=, secretCode=m0rShDWMVZw3vtvxb00eoat7Bu8UW37PAEDhWrdN8fA=]
CardSecret[cardNumber=Ozv1cBeGWEK0Ap1GcJEKtE5911J2xVnr2qejblGvLYiTc7BZFqsCvoB3Ho2aS42q, holderName=/ESgI/QRz4M5es8oxg1laq/XwcMresv6Q0uJld/77Gc=, holderSurname=uCEyPjou41icKQpO1jnN2WsBO782fr4d4PuOoZgQCNk=, validatePeriod=dCssoUDP0iOtaURnsj7752cyeg5/l0gUxnTBAlmDQNY=, CVV=W8r+q0ZQwugdW9f1aAOdSez1y9Ck+XxptfTBdPlAuxM=, secretCode=dh60xtoOcCFcgyoLgsJy1afUJ2mgbOhPeMdtYn4UfbI=]
CardSecret[cardNumber=QrhFB7yhNrTO9O8ngb/JpRgc6YNP1b6E/7aYQK8grpb8j8MiQVNmDuHDlVRGlYuV, holderName=swsHvvKM4pzkXVeiGf64G1GNlMmQ10NOmzYg5sJvjUQ=, holderSurname=6vwUFzE56SD8cojDJKvFu1wjz/mAs8Gx+oGm8fUOA0k=, validatePeriod=RerjJAD8oKk9F2zshM1TPiGQKAqcirE8641li51VWng=, CVV=WdjkrdbY5lYz2CLD2whYzQXi4EE0YeB1DmcvEC5duaE=, secretCode=2hDNEqEI6ZZQQHVxt/iSwXKJiibFJoKapee9diYcqmg=]
CardSecret[cardNumber=82ldpmtic+cefi15G5Pa3DSeJV+9aozxxgtt0pB5lYajK55NJeAu9Eg8vTbrq2gi, holderName=LAU3oXcsecl2QKPwbV351BMmT7djhqnbnr84wdrPp84=, holderSurname=m8I+yYnxCe9yb66C7+nIl5HctSelWs087yHbokAKFeI=, validatePeriod=ZiEc51ndlPd/9PU0GUbmzR7RpcYguC6/4VX45D5xXt0=, CVV=rOx9vdxsxu5QPtuS8w0NARaYqnu54IhiohVOCwX7o6s=, secretCode=MIHLWRWd1P31HAp0PZJ4Ggf5x2+ARwKUlLSp5DsfyZI=]
CardSecret[cardNumber=oQUvsfCo2JDMXExVTQiw8l8U+itnNOFjdNgjvH7U63EDaVlkLJjahYbpj3AcJikZ, holderName=sYuoyCTUoOp7O/ibX0jLwRHkg5Z1Nt3v5jXsIkdt618=, holderSurname=m13eu5WegAxBbMu/qBubdySGvoTm7eg8z2uZaZktyqE=, validatePeriod=2pm+GMbRk0bfZ+fTl45rWIag+RVVyCvxXJC7Tn0NYyc=, CVV=cJY+UsL4/8NS+9HhHBtFoP8FY664SfIr5IGRWqhbVFw=, secretCode=RbNDt3RslROxkJqENl+LgllU1pYWaugpulkClFpQ0MA=]
CardSecret[cardNumber=XAr/cZg9P/NDdZFxygnYYcQxVvo5IRyPmS1n01VbyIGGzl/zwmVWZpjcEkazbSlt, holderName=g+7HbABKtofOyaL1AZXE18WZEjmQV90p3xUsC9TNF6o=, holderSurname=XcWi3rZpYlp+gyyPJjbTp+32vEWwApZPCf+eMQqOUBM=, validatePeriod=5LSygD+ZgXYUgn7Y/zcOW/jp5WQyIpt3r0yBZ+T8Bq4=, CVV=Vsf1ECj2OuSJ6DUd3fvvJqLUGKcHzCKOyzRTfehfjLQ=, secretCode=iD1qA7JBOnhRVlGvJVEYC5HT7/afBpFjNTywxaDvYfc=]
CardSecret[cardNumber=wwfFdy/H8jZQT2vg8LUs9lUscg5NDnfHWPdVbd4ywxA1MzMBjCWjdhvnOZHyNbe7, holderName=6LJeyP5JBWnr1YXP14FtzHkmg4mSJJNRGTWEIFetmY8Ponb3YYqbEicTdfAP2ADU, holderSurname=o58OKAk1UubKvw8ietTlZ7+87fDcOXOvkeKQXiUAh3o=, validatePeriod=aidxoU1Fi9PNHGPbbPrKfMpWLklA8Ql0XQda44zO51U=, CVV=7wdFFQ5IpSMfhvrdemzlcaStoGEkky4QnCo9PW8cBE4=, secretCode=+eDGPyLW3GqvIJxYnQ23rx5RnLOOlf7AUQTC7m8gdTo=]
CardSecret[cardNumber=NSLWbpMV6Tzif9Yy1uexaa9arwa28QhXP1U3nuYxIBd1B3wgdadN8uLieujpXyKp, holderName=VftJQ2e8gc9PAVH/m57owrhNRBmA93CD9udP0YDHmuH7LA3Vok91cgGDmKPMWkuE, holderSurname=ADZB2su8TnivXT/crQeAjF6nOdbRpNhTLKzdCtVsir4=, validatePeriod=VLLCRitJr7hbFZ9JXn8kYY/EX+ES67LoTXWLRUJo66A=, CVV=IE3b33mDMtUjIY2B7TtCoC/E273h8iDIgcCWPRYGxEs=, secretCode=6v0BUS+7J+s15ALaIgo9GsxleHTroEOr8ySS7BndFtk=]
CardSecret[cardNumber=W8hGGLCnDOJqeVTHCZ+nl9K0G0PtwZBlGqrWCaHbYpddYD/rgqgp33W1U7SGBgPJ, holderName=yTUbhXqKLYibpoURvEKSLxJ5EHNbwgifUixlPcRYuEU/ayfxc4d9gRsdLT0EJs6D, holderSurname=MsqXaQfR/lFzOIulqJ5eMprPvHxD97qmLN/azs4pMnY=, validatePeriod=fDbVtpvdCP+jx9zRRknkdnyBD1/cn3DDaXepx5ldqng=, CVV=TAK6W4q/n4+/u/BRJXNVcrF4eXxJ1FzQ1NWJmaFn5hw=, secretCode=sWlT4j+IRfEas1V5ksexRvPrLu+C9ToArO+0+GyNorY=]
CardSecret[cardNumber=99GvrTEFnuN6pPz6h8UJVmrOsmOlDxrXb4oyfKjzqUBqUjUXeBj4Qffsh6TvAK5/, holderName=+rbaU4il7pWR+NxIJyjI1X2xQDlcnKukDEWU6lpEvrk=, holderSurname=+tKntTGsolHyL4b9wVkRQBlcVRgIje6as/jpJtWIcNHP+VcBGOX30fg7gySzfl73, validatePeriod=W9KKHkudngtsdkXfuogFbSGvO78eTDNSquoVbdCISBw=, CVV=TQe09wiREyhCbuGj4yXSZ5ybuCyo2DCT7YM/oxoyQU8=, secretCode=FYZo+Gy94WGQumzr1wuyn+oW4gCEX5wWOrzmkDo3tUU=]
CardSecret[cardNumber=gzDkk64vKzoS2BQJCxQaEv4DrPp9z1qQ3hkNTvQ8XGew6nbm7p4Q+1hLoll8TvQu, holderName=/TCp4hI9EcqV1JUzGL+XcQfy6suXQ7yuDLBPBZSJgW8=, holderSurname=R1r7XlhUIU32SbdNWisNxA6+rzSVrHxIwrNuptXW/2lf3SRh68O8zfx/AFlX8xMf, validatePeriod=HAZq5B+ZqQ3cQQmfhcig1yxTJ3QMzrNZ1yyP6czJbyw=, CVV=/GtnI2mdwtLIU4x6HFtcHGMMWmQfp0Y7mZ/HP+FKThM=, secretCode=RH4T1uUxc+CFR0XTvC71lsV5q02FlHDdeTgy/O13q5g=]
CardSecret[cardNumber=HBgK2x0jcdZXgfTdFCzsi6ArHFy0LhIE4aOzIupdS25Rt749j95tJr8Z4Z6bo/dK, holderName=Trg5YJhzlwcbBWFINKuNEr4V/vdMS/fo8bTl2cqssqY=, holderSurname=qhg+LP/nRDsKyZuFmRx41vlSwT0Kglg5yu0sHWAtW9tpfq5g20T1GEES7EIz81hw, validatePeriod=KSk15H3d2BVl9ZPi3ziG+TLrDDtfG7di2QxbjoFWo1s=, CVV=7AbfwGMXJkwGAqMH6ZFffPjg4k9I+HQkwro4SJvHZBA=, secretCode=IoeXHZcVIXJNjO8i4RHuw3noszzSoPMb+m+9E7EEMH0=]
CardSecret[cardNumber=eNgUC01hYid+SCHuElK5B6bB+yZDhXpGUblw0KNFVUpMyHPFB7PtjB4w/8SZfHG9, holderName=iOf2qsC7tjI/j/SrsuQXaM2PifYuXAbrsevDd3A29OU=, holderSurname=931Fgfj5n+sjtwMaUVadtT2mzNBAAfA4AU6hEGoQosA=, validatePeriod=XWuWOP183zjFgEnLyUWnUDunL+NhMcyAWYJDYryksVc=, CVV=Q/rJPZnVNnRxb8KhLvFT2LCdgFEG61BV2tZ/uLlayHI=, secretCode=t8Cjc01W8S6ATlDiLpOy+bbOolapQS0NEdmcX19xtMs=]
CardSecret[cardNumber=mUNSZM4y2S1uPaCeV8Fs35rQmoUmbCM0hcVJTaT2P41Z8aV/rOE9Sv9B8oxvVNaZ, holderName=4QGzK2ocqXJn2k9s9Zsy5zN76QWZjoczMlslb3sQtNk=, holderSurname=mnt7yUcyeS0msMrFtop4ivmfrlevjd3ThVU401dJ/yg=, validatePeriod=nf63s8BDtKfG4TzoHTffpK59CZ0kn/za/KIyTHof+Oo=, CVV=SXZC4r7pUlbkqMWf6zSHJ8/FMJLcmmtf2y4nz1OFpos=, secretCode=ZYazKjlSSIX9UZRZSDxPmu8EImdkdfRjVoS1KYN1Gxs=]
CardSecret[cardNumber=y2hTvFGb0dYOQ2CVHoCObR/eOi2PAvcROvp9rW7HJ4DIil/ELQU8NCcaZxGSpT6R, holderName=XuALzbEJOWKCd8hcaxssSpTCIcU/RvUfYP0QQhcs49c=, holderSurname=qSWODGOVw4REfBgUjL82KmVdNmk/fYdl/HUuClI8Ptg=, validatePeriod=lwpf5WrD5ixnveJMYTG8eFG33XRmcKxMXUxCsH9Sakc=, CVV=FE8PSJr5FlgoPCtEW3ygL/olf2TrJB7baJZnhfGVa0M=, secretCode=koAaJH1kcQh++c5kCCjZsv5cVRSyhWD/0OoE8yUTeS4=]
CardSecret[cardNumber=cjRnAKjNS2YhH9HhCKuV5EOdTLphoCPES6ZzwmSsLp56uNy3rKBgozo6ATvxQnto, holderName=ssHk/sjnJJSw2Wq1iSn/vfOnZ91xMLC/cknwmB/kxAg=, holderSurname=rS/zayN2wxRA+vsoYsv0S1C6G2XgutgE69eX/Vfbdo4=, validatePeriod=Nu46b3DIT/jqry1dxMowhHeoSW23kaKZYViHnMUsg3g=, CVV=hF9lTIMGIph2zrEpudcnkCajcp/kNzfNcFlG9yagpUM=, secretCode=3JAu6qXGyVs4QOkSsRoeq/LaPBicPVYbAUc8HD9sJ6Q=]
CardSecret[cardNumber=JMLjlBdkoC9ZyPduMDYY/HdoyHBIumcPgM7LOFoQzsX1w+xQzb6S6ZqA+jgSg02W, holderName=84im9dKCg2Efj5gewzBIpNZrLAqrmM8hJxJhV4zmw28=, holderSurname=x6oT/xNWFvLmLUjrN7gox+jRhzUxJbGHndDjzUwrGaI=, validatePeriod=kSv2ZW5WyXGz8jxZohKvMEYznExq+oB58Uvs74R/S/E=, CVV=NLLN2j1R8JuSfXMu90epzOIRFOIaBZ41Wo8RzdZLK1U=, secretCode=rIiuc2F8Qq+SKl6TYaD4KsRnple1XcOKRGqWfOd99o4=]
CardSecret[cardNumber=+BdQqECNc5RY9W4p0gBDUjz7/N2bFkU1NQRMKb00KTDNw/iU5UKxOsrN7sWLGy8k, holderName=x/6S9abIiHUFd6XNCJLec+qNePJQLu+PfXSFjH4hGHo=, holderSurname=PCyGfYT95SQ/B3s6YiLOsMP1rZgzj74s7/QwE2P3QNU=, validatePeriod=oK+G6ZIM4HEgSWiPizqY4+R06vCMlWC+nTYEivE0rnc=, CVV=/GX8TPT/9pt3Vrkz6TEt0vFFLP6tQntzaQ3/J0ExP68=, secretCode=7RnErVtR2NAfslCecnQMNgSLunBJA8jMCloaAQ7Z1yg=]
CardSecret[cardNumber=QmacwIZTVugljwFFSooK+ovVyoIRThILT0oS9Uo+VHD57npMt3tuM2t9bNalxwrq, holderName=c5wTLcVKJdPqwEYGZ5NgYFsRGW2Lwb5sP8CCQdNv42I=, holderSurname=u+3gWMMHqajsm5XMy/F/SxQX0xQBAYcXcNHdWy5WnvI=, validatePeriod=SmRYFR8fSus36NK/fcptY0E3dPpmCoPjroNeosn1tgM=, CVV=8aBbxEaJ7YaB525SOVWI/Kw0qGYBsANcHr1CvA1Dz5U=, secretCode=dyqbSjqANVa1+cGeJ3ez0HbIsSi8iASSestedeRkGL0=]
CardSecret[cardNumber=IOKkl38zqYJsbOJBAVgHAL2bMddViquOPwKgmkl0hQcd7vRNQ75rRsrS1sWK5Kx2, holderName=wo7QHvpP+zjh9xReUcdG0a9MIp8habbSXPqNNlI6HwQ=, holderSurname=VzvCOiyXTph4Jfrt41djLjw2iYQupnPaMyfx1KUB/50=, validatePeriod=3lvxtIYZUvAINRpubUipTk6CvGGqqw4oCycGFBkL5J8=, CVV=lLpBDSSddKQeoat9y+h7KxjKcY2YWEK6SSzTkdJW1lE=, secretCode=CGP742w1m+hiU8ogMdT4qSaDlPb5Srx4jxovA4xZpPg=]
CardSecret[cardNumber=Wf3pA/ZU3O9e25rYcqHzDoa1nQq4ZYQvFmBQFELNVAzPRSY3cHMfNaSeWHhwtJ4N, holderName=MuJdLp3EWwqcjXLbkwWlPThljZpEivvMwXPoHEo4VBQ=, holderSurname=PErNnqFgsuiLbhEbCc6dRdX/wwHoniMqoZTXx+eXIc4=, validatePeriod=LI0Lg+L/Dkp342juIcZI+o0lqN84QIb16cf7yzADFLI=, CVV=nnOukQPRYbON7OpQu1rd7hNVmS5X996kbIoBfVMB1/0=, secretCode=XuI3AEWCMN++OcBkC3ELAKZhKWSRA7OlaGfCsK1vnyI=]
CardSecret[cardNumber=xn3yc7lsu31mulAlpDt5icmDS3TTFJ9L4ICocU2cFtbwP2OOYHJuAAz/e9tsh5J4, holderName=4R8sfgRDaakKtlzXZhClEiylhW7TcHDDq+cV6viKjm0=, holderSurname=ZMwfmLHKOUwpiFye0EQ4Exec8rp0d//XzRiNxBmH2jA=, validatePeriod=u6tc+QctSL6tVg91WC9Tcmtw/7+9kAQUHwO9klAs0nQ=, CVV=dY6gIrJdDiRROsCMC0qhgb/AR0U1YYizrULgLqEc9pg=, secretCode=hHkjqHars6LaFYqRQqdQiGYKo5THtPxyJFae0IIwhio=]
CardSecret[cardNumber=tSMSLiq6Wlt8RrVBlM4jpx8uehg4fbjWkQKSZ9t800AT9UIhJ5BZnpGfAjxhtqvL, holderName=jUjiGa684mce+fn5K/ipWhM07xrHIKQ3sJijHRtf69Q=, holderSurname=JRGhVRp3q++Ib9GTiBvPpfa2VJyrurDZplgurb+b1xc=, validatePeriod=U6nK0X4za4zD23LMDXnQPD5/677uqb22QarP6r+f/uo=, CVV=HoHBgMzgs9a/6drUbuHs8rRU44OBpl9VSPRqmBd/sz4=, secretCode=dLsgHbNfGrqsXX1ZUEPzPMbYU1dZiCLWv71IVLPcRRA=]
CardSecret[cardNumber=o629XhuQ6zhjz/t6v1tpUnVFnYpdr+YB6rn90cbSNhAW3SZggGO2OACjGv0BlKDs, holderName=zrZ4bqLd1hAlMu0yO1KrHSH0OZXPLgieeVwEuGubw7s=, holderSurname=npHcf35okptEs3/GgcQPvxPzbt8XfufLvUw9l60YGpA=, validatePeriod=pn/Ka+OKMxb2fu1nS4hBxLUh5dHeu8rXZvMk4pPxvkg=, CVV=9ZRDOUal7hnxliYTIFBINcBuQFz7qeCbuJV3lB2VTT0=, secretCode=590UACl8PQYbGpLDnSylr9gj++tF1E2HlkCRNw330MQ=]
CardSecret[cardNumber=XPGgPjyWwHUIwdaZcPbT853oyDxBTkWUdCwoorXwmMGRDx7DwCCmTynB7CEFaRDv, holderName=EHH85R7KYNXGRlyKdhdL0sVeZ2N5D7CavMMJrnDxCo6vB0RzqmALcm7OfmyDyowR, holderSurname=8p+glhRNrJSxV/GiCZ0wau+fyqeRu4MmHshBwhoBjD8=, validatePeriod=SLDC4FjIlB7z8IRVRKT7FJgbqZ3aR6AMLznbuTqJq64=, CVV=X47V1CmIPJ2FrHzJsdYVA6O+UQamLNHy76h974dlbf0=, secretCode=yJS/UqEn/8GKto0Oxw1t7Bl64fsK5fhjTjtWlOEn9+I=]
CardSecret[cardNumber=phFdN/xa6kmdqzFGQB9YUG4R0PTfTXlNkMu9sY2SyyXLp3AYO/UAkpZHtSDOpwNh, holderName=yQJJs/vcbsJ+adWVTAJUpAsgqXROWXxNMGoeBp4x4v1hih8WxJC++UkDXVexzoAj, holderSurname=I4G8ev5axZmV0mqFhkTsF6gqhdpjO6fIGrWfMC/OrN0=, validatePeriod=+zOYmiXb2PNmYcb+l3s2/IIlrvdIKbllEP4LUEbvJDk=, CVV=nKYVN9oMKXOP/qTjgxYSxYzDWlZV80wgwX5/qlknjDY=, secretCode=DrdhlelaLnGYtE1QO19pd7iLleS1aC1+1ERgW83gMrc=]
CardSecret[cardNumber=gxptbvaHZo41oWgT9hLXkp0vbqjfUyARSrfqf0Maj58Y0yDoNVGwujysJDgTgbZu, holderName=N+QNQNrIvXbtYKIBGM/L4yumsmtOZMpDxP1j8sgM/PTHJ1zonGzQn3fXOIHM8Vls, holderSurname=oRrZjX/kVvOExNR9KcK/gmox3HumcZiSVPqNfjBpnoY=, validatePeriod=NWF6vQSEMuhCvqSvWTeQTgmVzN6edT4eDUZ8OujgZRA=, CVV=Uuwo+mzXdFDfzbMDXNCzs5PtO+keFZIg/D+bKZFKWYc=, secretCode=c5CAaT24Z8OvbTdi4nJx1cwUBqzJKjscU7WdRt3RwhE=]
CardSecret[cardNumber=moIUEpIV05+t1nxGHXOBIS5xjMTbheC8Hnu5N0NsWvhJ541NyxjspqM2Kau1JJie, holderName=qlJ5Zd7YOLEP2Wbk86MPgfrlkfjnHMNRKnv4zynHJ6c=, holderSurname=/QtQ/I0ZIMw57DBXLiwP4vQFcT4CDF3zAy3IRnwqJQ0OdiV9jSjjMFVjw4Yl75VQ, validatePeriod=OKRKiUxZ8PFytBcFKUMvb3N7DvdvrxCqxRrqplsnQaA=, CVV=XF4gDW7T1+w8C2xjsbNkftZSvh4ULL9UEnAn3vDY5sU=, secretCode=Fo+2o64fmOBkDpvSifFofzg1YkclwsbW58oJAZE+1aE=]
CardSecret[cardNumber=hksCgRfqj6lWM4a9AQ/nMT8GHa0jtqo1P3034HnwYkQ8n2c2wNNCYDtWbCrqBo8z, holderName=DAVPf7PWHZptDx/hgbSQrqaTgduQPcaA1QjjCTI733o=, holderSurname=LGB0o1mR6jF7U9dE6ogrZ0KpyJsMiwKTxR5GMZ4NP1zji64d+034ULgINFHRwEMY, validatePeriod=1X1UkVPVTIRfsp7b3nKQvHmtQaL23hwgaxxyW+pNQb0=, CVV=GeynXR7TPyK58mA4iViAFdOCcSiIYOQtxNgRxEwqAfU=, secretCode=hJARsbhDmnGKEqPJL3SzvH9oEgBC3984lVrYUFB5fNQ=]
CardSecret[cardNumber=8GM34NIfDxMZloh/kijHzVLCmFQR3bPrV0RwcnstLNZzGoAPqkUHoqupSnZ0guj0, holderName=SgMaXQ7czxvMCMe1gCxXBIxzOExZiGom07t7qQRAGoc=, holderSurname=ZJelexK15Z09eoMrLXbgYVCw8Z5aLqHrR5tuE2Gg3n0=, validatePeriod=BpE2VFZdVx9lxCxcASH2QJyNbmdlkSuBkX31Kzldstg=, CVV=U3+WjIRS0JEWwZSqBWgpsaVVxKi6CdGSeto3UXpJavk=, secretCode=geeoSm2dM2HxsobUrSeCJjtl6OgjY50RSh1IOC70tqw=]
CardSecret[cardNumber=+HPy2iRPTKDz612ZhXdklk602M8AWWvTiteqHZXUo/eEMBH22D6yBR0b7p5tQRS9, holderName=rFzI48NfOgE3b8jUlsA/ZpcYVS+MtoSAlbP5aG7xf8o=, holderSurname=lUZ6SGBS+VluASBxUwHeuZNd80MaGPqB92K9T2Mje+o=, validatePeriod=6fCDmoVgd8mUNlq3ZOo7i1kXC8Xh/49eNglS6SpAo2M=, CVV=Z53Peih0T+xbMAWjJigb8PrO/eBnVwTbQLfIp5LbFRc=, secretCode=ilvUny93fHq6YONYSo8gIT1xAKdtRn/PExkzqMNcv6Q=]
CardSecret[cardNumber=yDQGScsQWPJ4IhrPBTyFBGPoM0lCzh1gZf/JmZw+9VNUIO1f9gxfrZibYtTR//XU, holderName=7EsYEnOOyE/DEVAcLUybkK6yg9BFeULsXyKvRGARj8U=, holderSurname=V3XtzRQYE+1MOFP4lOSQaAakqAFou/ZQaWsR1sfF29M=, validatePeriod=6EMVlJyqH546R6Hfzz5B1Zt3iuCpw0G9yefAXMKw0Ks=, CVV=7wtePw8XWaJh1RsTaDx3l0/Nj9e8zQw+C/hZAeMDlNI=, secretCode=2GgEt7nqW13p/eKhx1hyc+y3Y/UiqTliTGV3RXqFc7Q=]
CardSecret[cardNumber=jtZZsINHJRTsxjDEK0EuYWHuY7RfE/q9SDKP4WNA5v+4J+tAXlCtu/mASczFnBmz, holderName=8WkkxiJ3F25OVqBKuXdnfHAsM8PkJ2ov4bYK+Zv+iw0=, holderSurname=8XTe+++CjoQDBt6/tLAmhi0HwGHpWQVOLnHzgCCCvBs=, validatePeriod=Fz9AapJnGmW5EU/NHj/SHMFiPht1kCRUSvNycpDS11A=, CVV=EMJXHegjD+xrxSuF0tua3lSXAfGTLj8h5mOWBVlpoRM=, secretCode=fSj2c46B0m62UUiP9b/YedhL45jr7Wo5aW01LSBZBuM=]
CardSecret[cardNumber=vdd/NBsIcD5U3UBa1eEZ8JOK/u7RRhFTnltavwfJAK/DEqzhu5luqAK2OCb2Hzdq, holderName=0UUeZhlOpb+WpCnLqeAD631x4XlECWDh4dn07Hyi/18=, holderSurname=gnqYlYP9anRylSMoApeCFnhl0BbbdKWhKL0/5TMlfbuAZgwh4OpXya+alJ+YtCJu, validatePeriod=pSupm4mnzdCWIgQBvENkWjGCpjgm1sjuEBoPaU0gMaU=, CVV=snxLAATLxH+QCOWoeHTfKdVt0Y5L+nyqwPFmd4ZM464=, secretCode=DykJ55ooYYuDx4U+xxXMgSzw11OeOXya8rwZ5ZJlyzQ=]
CardSecret[cardNumber=wIQGrx+++V64rNPvwp3+CinKDHnbj0qm6nf78x/Kpg3hFPWcZOkbzBnlXOSobWwp, holderName=63qvxBH76d5bhp8gJkdCTS8JsAawfRhMWrBWelLJiHI=, holderSurname=oiKWeXjkATjf9v0TrzT19L6/SY823f5WYpp3LnOTsSmZjNtFL1BksjGmSWrebFk9, validatePeriod=sFbwDmG3VajXv+9zBAUSXEu6bKZyrGkccso0lcUFGFg=, CVV=Blkj9MHfc6C2T2Uzl43MqappwUDU2BluBvDPrNNa0R4=, secretCode=E/XGn9118hpTQLuLieIyWNxvdaUJTFTbZK0FOv+sqA0=]
CardSecret[cardNumber=rSmsOK40sl35ybR4m60wOKZGoNw0xo3op3zXT/9oKXbt5kLR22cYVGa8qXhkFLc8, holderName=vP8vvU3a8pIjULdw9TLK4qgCgqcVvkkXVnhOsIpJXxY=, holderSurname=tb6hSraYM72oMcnzpaubKsNVzecQwlek0JIB/f8S6DA=, validatePeriod=YcpscfXYeMEigIzDb2kYGzBnJL/vSElfKwQkiabo1QM=, CVV=NEh8Yjy+2O/x/hO5UIdduckRs/jug4IASQ8PXo2zqC4=, secretCode=sgEFXQP1zq8yP80ofWSGoqhxoTH/JdYC3c3QOcgyMow=]
CardSecret[cardNumber=24RIINIFgTX6R2GGWuOI5zm1pAQqSc8zZs7eSKdHTGtif02i561LsGVUXb4vPmdR, holderName=W7IhWWEXcAXVOEG26nXiw7dkohL4F+aj0XUOM9pYbPI=, holderSurname=Xo98kcFLugZOjdDMqHQ9Hr6+6jExVrKQeB8eggiIsl4=, validatePeriod=0ES8POt++ZiScVlQXrxa+c0QHiT4iHkhe7dP+KkeBUg=, CVV=QbH40yoGUn21G0L257g+pazHc8Sxdf16ohQuV6uHRX4=, secretCode=m0e3FGjdTs0RlXlD5vVt+LFt733/+6RvNTCcmoX4uvI=]
CardSecret[cardNumber=DayiMamLSbrt03utwOReYOhQKtJh8RqGRPbbfKt83Jq1d4pjXGUG9HO++Ij+1p0v, holderName=e4ocvA/9k3f+MPG1J6l/CKTcxDmUBhYw6KuEtlsxAggYOquUMa0d1ZuY2zpmokCV, holderSurname=NZcxaIdeA6cERSJXlm9CuCA60ze3z8D6axyFIE/U5DwfshceXDt32i6InqmR6EUd, validatePeriod=IaBPvdiz3jZltgbz6K2vyCc5kN5F9f021dJ/Xp2GMYE=, CVV=+Syo2+NgjP7zRUuId4hJNcSVDRqn94N4MelN8ZS9VLc=, secretCode=QmPfnJdfSk/L2iacGkfAGhbaSFtBQ+3GmCgEHtnqDk4=]
CardSecret[cardNumber=9UgtalvWZYvkLHmWY2PzyOzI+k1lb34ZfqjHh8x2VeHxSfrUPjbFBWGZ7u2X8CPp, holderName=drpx8WRKBskuVBuMKTy0IOfr1WTZwTaUz5d7fmBwA9dJYchVy0ayJOKrCvzjWves, holderSurname=bTslzBj7D9vE+TFhTglDon2CjfcZeDH1Hygb1L8xGH0PCuMAGO3W8opB856bwDxy, validatePeriod=YfoATEXdjZ0QPq7A2nQpYmvZDVOLyCCEZPFTXnBcfxk=, CVV=Mn2oewQfmRRre/8Q3hu+t8jEraX0qws8iAVEf3eofLA=, secretCode=G3SiuTxg0+aN93hfKTOe6/luAWLOLUeLsSOX9uBFKlA=]
CardSecret[cardNumber=lpaE3vOMcu/4AsBHcIPYQxFcS+85eWoxdb/JYQWgcbUZJtjdAB+h3teFN87ONxcG, holderName=e050Vdzvc8miE5ASg843hF4GbLG4H3FfT6/6gK1Id4A=, holderSurname=iMRsE+3z2QdzOI8/kAOeZs35kQiyhQsXdWshinomamM=, validatePeriod=O0rPv/0gt1JljZhzT5VVv5CcDmZlD5IJv20lQXgYVNE=, CVV=+fZwiuVXmaoTCzRzKlDx0uDDoSrOEZ1zI6WD56usYPE=, secretCode=1YFyOFvwl9pU3UD1Wtmqagh+htviIBLoQFFyCcpN8Nk=]
CardSecret[cardNumber=YL6qcuU+sDwOiaKVZFKFuYnCOiebrUpX0MlLUYtLcbq+2dMeqPuzLzV/3fYKmpb2, holderName=rfRsrb24GNFHg5+D+aYBhYP2rukV6kIHcECTV7caMj0=, holderSurname=8dMX/fq+gA0axMVIZafQIDXsIYB8zhLNfiAzNSlCfuQ=, validatePeriod=lB0admUp6GNEKRp0xLuffLmBHLVF65YMD3xHfoV0Y5g=, CVV=MJVlLLUJD8etAHIpnehUh8alGpgspmfWo75zHw+XCcQ=, secretCode=hAUEKW/wDaFr2Yob/AIf6LOhtKY4Xo9RX0KJK32R94I=]
CardSecret[cardNumber=XqbiSkpSMitN+cocXBCpnBpy9VPDCNkmeGaXWvUdk669lWzIkh0Kj7jQuy+NvlAd, holderName=sdgyoYgkHsT7huHIKKSL5VTyroVbrZHGhBXZaUw7uFTWMJqKZhla8f63hSSBFFH4, holderSurname=0obbEIHKoprHlEHzug3uXpLpGuKqY6VBCT2K9DPOJ08=, validatePeriod=cGX7k1frHbP8tm+wjw59wwUNUybdzJ+Cl8RuL1S7Slw=, CVV=9yCRIfM9sQvuTmrsT0nbo0zPOQvo4Ug9s+S5qKfWTWM=, secretCode=J+UfDLyEiFSfmeAfxta39HWZt07Y0jNrFs0C4gieb7s=]
CardSecret[cardNumber=itS7sJHR/q1BdxEfxOyl4ZnDOievBPrm2MmR4KWI7ret0snOZ3o8f+GVhUv/M786, holderName=gQ84LEM7Y1f7R9K7A6ycOAjkhy9ASbhGoc9sKqVnBN3xXbylOu4mY1+3oy4PyGgM, holderSurname=29o19mmAjFeXUf2PDA6jMiXFeXMs8aH2Q64SyDSwXIA=, validatePeriod=FKaOSW+wcHT+cs5E0HPhleIuYZzGOJFH29UBiyYyucA=, CVV=dttzS61UhE00xl1f3JvjYoQb0UXvvNmGgVc1r1eOzuE=, secretCode=nHQL9rDYLXcdHzVzfoLTc7aWU7gMGLQNtMx5VdWJmz4=]
CardSecret[cardNumber=RLpux/+hDAJfW0C3MrkrXc+1XLzMjMzLHTjDAskzNp7wM7kNaKWne75qRv0Rc6Cy, holderName=TJeeRTmkW27RhkZgRbIVCG+P/YSpZLiU2gNDEjLmmBY=, holderSurname=W/wRyzw/mZZ2LcJOclqeFIMb2PD6SGtMWzf6hGcS84Q=, validatePeriod=oRFB4QJlLDXKWLl8/QWnIxqlYKFhBQcLFggPUE1Ft1w=, CVV=cmWlioH1ISMemarEFp57rkTm87tZMqDVaQ0dxm9ivmg=, secretCode=lhMtAHYweTdmzPo8JtcNec8VBRlIMj189bcLv6jLNzg=]
CardSecret[cardNumber=myoZC3g42TwO4iqpY1D5Hi47L4Tsx8dKzlCmbVz63hrlkDm0lGkCrsgQriEddCN/, holderName=vKpMtVUgFR5SBuvHhnUgrQUusgMwBdfQQjNYYq2PZA0=, holderSurname=OAChQCxOffK1E7nvTzK489sGt9WhutoUmZlWuHSbMGU=, validatePeriod=dHHczvLkRDc1Wz9ynl0NrOmVgM1eEoABTadYSnrp2Mw=, CVV=z+Bvl8S4/vVFok5hd5NJ/4Q11FQZTD9wZ3eRH/U6088=, secretCode=Yc9cYU3OlfSgpFasghxDfD2Ap+3/GVpUtSruLeD/sJY=]
CardSecret[cardNumber=FqI2XLqod0VFJgzVLHa8/eg8lfFXPaQKfYU4YSgngs5sOvQ0TatLD6IZzxbjFziE, holderName=8cyH99oxrGDZf9s3txT1y/ASCAXh7kFVMMGYdMwHdBM=, holderSurname=jTSNQaIZ74C104xssumxXt4wIj7iWwTJevvJtA6DCy4SPu4WxcZ7sEMm1OTt7i2q, validatePeriod=78VtmaXmje30R7sjf6N/Mr1TIxN79o2JRZx0D/fpoZU=, CVV=5zOntaWtY8Yg63Hdn+2r0NQ7qwNhDf12u3aHf6H9ozk=, secretCode=j2i19atosK3wiOqmVcsH/EI2IDZjLxwEw+CBgCSq6BY=]
CardSecret[cardNumber=qpLqgSF5jOga453yhBGhyFb1PJJmoTf5ahGdz3wrb0N4JEYLUGAO1xCEnjnXB691, holderName=+VLrjNXVXARWLJrnraInbZ2z1MMKTNWV9DuZ9MNslWw=, holderSurname=2NvP6vDsN+N5IXh9Xft7nWcxS4oIy8aC+gruL3K0Wii16ocrVH8MwX0RNLNY1nNx, validatePeriod=Er2nWc9LKxUJdq2DFi5g+fOCegf/gWGJTJJGY9uPJI4=, CVV=hkVmj056DSTOIWNhNsPUHouO+woKlmEZyxOMO4oMXKg=, secretCode=wq5nQ2OISI+e2IB/TJPpNhluJ5obP41DP0Y/Cj8I2Dk=]
CardSecret[cardNumber=978XnJLj4dsQKggxhhuEio+Jv38dp9f2/OdHv3cDFPd0Nki2hJunvrWcglNk7Ltu, holderName=boVe/AZFIEAOqWKNTAMDm/iw4GQPQtSzenj3DsCIY6Iwq/tKsHlkL7525OVAeP3q, holderSurname=fl187cHl3Zvg+/p6fAeJ/eMx/FALsZtMUSo5PbnulLc=, validatePeriod=arTXefF6pQIfcRXXKauhVpV6XwPem5Lsf0yi+778cHI=, CVV=8MHeHeT6p1fEeXzvSfpOJJvDjOBlKrYbqD0/Din0/80=, secretCode=2Biz90L/zbQpLjVedT136sXeZU/iqGGoEUEO7NcMBdg=]
CardSecret[cardNumber=xYt6yFtyQX+qHSP+d/AVsGCFBLUcbFgFLSGC5nsQ0B8igGeoN0wVo/o/i2CiK7Lt, holderName=+pIVk8yjUiWs+gh37qhwmSrA7q0rPaTLKB5AxqJefi4yeijzh5pLf2Pd0h726Usz, holderSurname=+vPjV2ClbepmaA5wbslvOmCOaKeLQAMcTu4oTxf3+Wk=, validatePeriod=2UeaeVczPPRuR3pxkCFxy4TaOGHqzNlaY0A1mLHkNIs=, CVV=gJq3EYPlSvf497y4la37+Fz7Z41ziwVqLWHccuC+kNU=, secretCode=rlre8MUt9rB5xdWS+PG1qy1ASTWbXXcUIXM+GKqwS68=]
CardSecret[cardNumber=dXZ2YSSZb9o3JBLvxRIRcusmOJHza0wj+I8yxs6tildqYhh1CAjQMLlV+25Z5lNG, holderName=aXcsMINlIdZchie/epR7gkwlMjdbaAvx+J9HEDMN2V8=, holderSurname=1OciG47FVG0f3ke2akdBJkaz6DqJJVd1qjzra+67jRBA2cpLxim9iPYky1ROVV/s, validatePeriod=DUMQfiK6/Kz9YxKSeh4rTMuwSYGbodBxlMquawOLV58=, CVV=7Vo4l3hJuJxcYPyRMlPY0AhuG/gZHybuBbtR43zNg9o=, secretCode=cwCUhAePTaz2qMo8xZhzsnJsWiC3QYjlHrKFpzDNHIw=]
CardSecret[cardNumber=9twfk68nO72lnabybwQtCAXGPj8FIGRbOx3oOv/lv0Df6i7xKtsB00AFbdQ7GAOz, holderName=bBJa1sQY6VGD0nh0c3qdkzZT+x9ROp4EjPwkoAQQblo=, holderSurname=O/uEBhWCz2ZLDAw5IrttSYGJw59fth/L4bycpfLSqZ7YJIPLWHZ+sjhY/vLL5G4E, validatePeriod=aiVbJ+p0BrWukc6G1RGivbUBstLF8Gvvoy+yvge5ZKY=, CVV=1kMiBu2snloCiDdk5D9cvK2BfHmpJLoL9DGDmFO4ij4=, secretCode=NDKtzqO4eshq+ZukWkv0Y7RMNeeymQnzLWLHNM6yapY=]
CardSecret[cardNumber=wKoJiVI1T1CWn9iZP48Uxsq3Vy9hYXC18wLBi+M4X6BzhkQ6HqkSFkYOSyl6VEPo, holderName=/Lltytc+GrXF4jazUTcR6m3IXQWL0x3oGwLxXORhnuo=, holderSurname=bzreWP/Yoajo5C8+XbLivIbVZzsD+kzjCGJDhOyBJwI=, validatePeriod=Jw75Mbs9jO4FxZu9ASqyf7RA9pAT2xyNR2GW7eWuoBw=, CVV=IzqCA6PtJujtY6hMyMXFpePQJSYCfKfQy18Ial5B3M8=, secretCode=3fEaT32+ZlUngq2csDjNr/XmO8Noz9/uUGg8A3WhSFc=]
CardSecret[cardNumber=IM9qcwYNSOpPgsgjXtwTXsV9H52K9Kkb3HmJvVaHh+gEHhwC9YgWn+Oz8evxtkca, holderName=sru2PAuGxxgzDTPJlUqem1ElNBfKrilQxXENUwIg/PI=, holderSurname=vnGUvh/9/dAVtMymbQv/2Uph3jOToILajvuPI+xcIb0=, validatePeriod=ss1fQnKFAMnWWDi4qe5NOHBe0qtKt+g7l/bwkdcdmlc=, CVV=77IP7tKv4onTYMrB/YZSVTgE1ErgS49Zebi/e4Y2iWk=, secretCode=iYrzfTtbLldPFkxS0i3cEAh1AQX0dlN7kN99a7U/WCs=]
CardSecret[cardNumber=Xr+Rg1VZ4QlsSJknQmsXCiJ7n5opVOOTtIWTdUkSZZHKxpZmTU+v+xLnQQosvwFT, holderName=MBMeROrKMSXXRkJqOZUvF+Hl/L1UhrH24r2N8ry43UNCXo3xkwupV+uiF4PjZ4L+, holderSurname=Hv3b0HIry0gH4ZY95pCVUbaOPS/cHz9Ez4JJW4x0Xt8=, validatePeriod=vCitfCBnPd9wolyj8IIy2x12w4qUN6ulSEhVV3N9RtA=, CVV=8XigTus83hI76tl48Klgnzqt3E9+4IbDmkfj5v+EkfU=, secretCode=cbr+ZKwFza/04D3nowo0UPE/IPFPotWyRSno9HmnF8o=]
CardSecret[cardNumber=MdggW6mdVrQ1S4Jemo4UBJNcx06IaXhmEqx5xjgio/VZNq34o5wIv/AHWMGiB3Mi, holderName=9t1ORKd8QIiBOdJwhucC2QfoSI2o109IeHEUAXomu6yYv7jhRqfxsAgOLYzvHuiP, holderSurname=hZ1HlHIaBoXVCeWZZM+yZ2a2XApp90Mw4GX7EHiIeUo=, validatePeriod=l/5yJ8xTEZmmy07v458zI5SCdZljU/gBSYQ9EZj5jwo=, CVV=ov2f0uHM1uqCoKsmjZEpxXjK83aJVy7fACodu9HVXJI=, secretCode=2EKii/1YFRmidYkgf16wXEdGL6WIeDg5mMR2Y+pwFEI=]
CardSecret[cardNumber=rPwVK5S7yBhdtDJ32Rqqm20TE0DZ29h1wVjU00KerqSbowNR7vJ2Hr29DIdze+D8, holderName=cjMp+JGKbeXXpLmF2XMATEZYi1GYcSXRX4ckog8cQoUyDtNQq39Aybtc3cwc2Jpw, holderSurname=1cw/KiNnH4Pqpy5nHvsNxWh3N5/fmSn1nRRAJfeNtng=, validatePeriod=wdf5DKZWqggRKWiyo7zg1MK3kE06h1Napp76m/pLJV0=, CVV=FgkmkFXAJcY3Sv710KHsXPHxiTD+igkD5C6s0tZ+tsg=, secretCode=yJI+NdyJJKcjNxIcRrFOVdcLJ/UFivCHeeuGFGL6/4E=]
CardSecret[cardNumber=pmWzUwhWHn6DhHEL6I/ZAlIojD+tkaGK5LL+eyTP/uAzE1TiNMRz7embVkqOVdI/, holderName=xeAGSRDz8v6G+DPdkxCvfk/IVMjnQeItiLUMpkEabW0zvFPjv6LBWATkBdI5h2nG, holderSurname=0oncOp3mooU33ykLIBRz3NJSKieu+RAFI87xXn+sfMU=, validatePeriod=r38BgY7QQTA+oAjEqwJqHu5GbYAsg/VtIWGMpgLN/Y0=, CVV=5iSG3MbU+cjxhIWuJMg6Qudu4B1SqJ0ZBJcMnB+fDAc=, secretCode=b9c+l5Sb4Ui2Z0bHX3j+M8/c4AJCsIWowuZLOSYvlPY=]
CardSecret[cardNumber=DGA7yIRFI1ph6eqCNtpgkK7rUCSfoEdKBiZnT1J+OciCU0ss7OTu1CeFttYtXIp3, holderName=x4xlG0AWDZyKS6oAOEz2nSmkx3bPkYldcV+k+iFn/e0=, holderSurname=Cs+Hl7Zsoc1tJH/DkOa18Mnh12J3jIk+lUuY1GsDQ7BELFeWGJIlTCi/eSE/NO/H, validatePeriod=nPc2cHxgD06Q2OYtiAIREXawc1wE2fMu4V4as2oc8MU=, CVV=hZut1/u/kNfHQfpMd81TNsXJJZLsMqNH/K1moz4izrE=, secretCode=oJoIjOUxlNYqyfZwoqyVof86MX5zPzIhU5NnINh/FMk=]
CardSecret[cardNumber=aAzs4fxq45iHBOeEHCKwn7cjxQKLdtRkBp9qsDu61htXREzLUx6ZdcI/uTWL6CW7, holderName=NhEaRx/Gs+sjOlI54pLGnkxuuXxSi5AXE1y/hMrFKdU=, holderSurname=7r7TKGMHyPt1VubdBbChpJ3Jk4iiqLSONxGsC/dBMyn7s/c2JoyiKi319MAmehXc, validatePeriod=WSrAAtlKaNXvEiF0fdnmkmyXRWybzHxhQWiMVGCxU1E=, CVV=OechwzRAF3jlxRU00T/IOw95C+1ty8uQ0wWrGYdnI8c=, secretCode=xu2U0PKzAHFWWXRhS2eamrF6TD/GWs29pSPxXP/nbEs=]
CardSecret[cardNumber=ycjkBFvZFmzYUDTEmO1yVr14s2CprNVPOoV/53YbR5/45I3thgG0vK6t3Etr59Jj, holderName=wUb76rYV3kpTQAWRSbmjBEAmt8FxDvBVg8BV2yrFgkg=, holderSurname=9PCeN7K+amaHUzBUmuCsuZCmI9cCYHPAtSu8NPJCT8jcRScVh6elkvqiA0YYTh6/, validatePeriod=ToREQShIAiGLLRzxUIYidIUgn9Ll1xtamrUlW6oj1cw=, CVV=8pAXg4FfpgnII8WKRFrEavY/f9XSztr0ucjRhNWbPoI=, secretCode=Nq0hunKciY/Y3dHqTVogrlI7r2M2EKhaVUEn+5ylo+8=]
CardSecret[cardNumber=Vyg7diVJ9TYdbdh/UL80wLmfX8aW0dB4DxJs9Qm1U6iF26xKIgUqcQgy71tmt32z, holderName=A73z5MJGJu1Djy9HbS6oYpMMZbHlIR+7u1vyj7rXEyE=, holderSurname=OHp1PAZPRR5ZHd1NMquD9RXp5M1FVe4Z6a4dfIbm5NAt0UcdXh6atEeh/lm1rq70, validatePeriod=F5FvHzyInouJnIka8o0yWfhVhehSBrH0tuF/BaHROy4=, CVV=9SZf7M9TX+DfuV6QWblPKRi7ZTWolHeeIMLpVF5PRRQ=, secretCode=cx3iUyElNjN4XTex7KHpmYLTw16rXsg+AdBbkanjoXY=]
CardSecret[cardNumber=Hrz1yv2a+gJyzFavkWfW11v4aCYxpCaRo3UsvcD1ivEieYAnOYi8IOWnxQg7Vckc, holderName=FRwjWiwWTZ1Olz/iwiI/XFj2Qnu45G6efA+ftD9FwEc=, holderSurname=g6Y2j4pCGwY7yNghyAHG3eoTdnxVtL5PD+2r9LHx34D4u0m0QDXW84OkFYJtWArk, validatePeriod=QtDeeu871k59e1eRYr1A6Bse+04oq2gFmPciNf5zh3o=, CVV=bM/2R2sy8ugOVKrp6MgKjNIbdoOcXrg3LxO0ICzFIL8=, secretCode=Gq1p3xJ803l1eh76fmiJfEMUQIsxkdCt8jzwnUMFoyg=]
CardSecret[cardNumber=/bj4PcRwzCUYUVc/XtYPStpbbaGfHxaFHofxpD7aYLk9eXKSjzttVn/wKVsAtNR1, holderName=an9EEu9cG8OAqyPW0MK2g4JQmOfjrnRysvPXa+AOxc0=, holderSurname=6MDPVHz6HU8iuFAwkskwlQLExmzelXkZ+JxPnR6r1x7MfRF0vI4+us/mn27zxbOJ, validatePeriod=LCkNyNpRCiM0kcqsWLZ7hU2R8MEwHKXmpGuDZ4eyzb8=, CVV=KGPI0SGK0/5mcZlSL7Nl6vfSiK0iDMR+1GsXO7dSj5k=, secretCode=1yyJVHfN/rCvl7CYqpXDKQFKfSczIDqPg2EgvJrIeXc=]
CardSecret[cardNumber=d/AnjLUGmRHjbl2mUcLUPNC/adtB+PJqaS7Ao2hNeCmSG5zvPbgbr6pqXtSP7Xwh, holderName=30dvN1HPI9sAXbvl1D9PI/7GAKHdLdbG343aOnddHKk=, holderSurname=HVYT0nGC6dhFTrlqk1QffsZUq1cFJF7vF0Ivht3jx9A=, validatePeriod=PGZKgeMhViUt1IZCD7rzJQByqmN0IK8DsDiLLt4Y/pE=, CVV=CyAs7kbL8JLZrIPP+ZKRdyPujHr56y8Um35lGWyhUDo=, secretCode=0Z1WBGhuLLC6vcbrAp7AdP5N0KCm/FK3UYNN81W89jA=]
CardSecret[cardNumber=8DlD6udYbCSlzXmPuuLDfsDP+Re1i4nhPPBjVfDwlKRMHOdABAfKRYyLwCGECR/p, holderName=wjTlYswiAyRm3rsMO9IuZniq2Qru4Sg2SBAbacjH5Bc=, holderSurname=A6B3MteY022AvA+F8yRUGodokhfr0Jyl9UMtBe+6oUw=, validatePeriod=6jDQU3Ksu92Uv6wDB945pwxNg/F7L/d0fjUAD0jwAp8=, CVV=otwIxufAR4MJ4+3/rBOF+kz6H3e6k5dIS8Vn/8l/xKI=, secretCode=HROpiVCVnmknz3t4BDTvo61iOu/U9TXseYMTgBgjo3o=]
CardSecret[cardNumber=9u+eZHkcwebhkwQhdFn/TBRWQMhEIXInmIFflxwzjw3cLC93qHqSgEc/VXBjJong, holderName=+/7O+sON4TDYkliqu/3jVJz/RjGtExlmB2wkLJdxz7I=, holderSurname=wgLv5MqnKV+riR3evqR3Ppxi/A12i2g24h4WqCMHkTGxzaNzFBi11++0yZI6Rq/r, validatePeriod=k+aX8+I8m/LRxgTZUpxNb8kQKW8Ylk15bD+vCJGTZ7Q=, CVV=6W9sEtAHv5GMnO2xGw0jZw+YAlU28jQGHWemUcfFkh0=, secretCode=AUqA50RUNNs3pDCkmRF2T46Me6A/9rUhapBorU86pBg=]
CardSecret[cardNumber=U6/N0YauVg702ZU2/TnZdAOS4eudlNFw8VQLXlQVRiDNwsT+EaeeNFeuI67nNgOH, holderName=+eJvA98aGOj0QHkHX25JipMidNZ2yoX5DOS5NtXf5OI=, holderSurname=sax2U+MRG6iMKHpFtKXOf0DvcVUCw026d8I1GNElJA0NKJXstJ5+Q6qBK+p7N0Ey, validatePeriod=zU1c6Xns2HWFkP1kUrzFHUbgvJHJNcNIRJl2n6h8ngI=, CVV=Atda1sRG28Dj4CO+qOD7Gvw5ihwPIc/F+ex2bI5vxRo=, secretCode=P1yWVH71+UOaweSYFzUY6hFQ/rov9+XfihoHygDdimE=]
CardSecret[cardNumber=ho9+kdiOnDScaMji6ik++tZt7yk+tElrgrH/8q+7LJ0BT4HTtJYuTjaBtb2qtlUM, holderName=BPewubwCIz1O23hzeRwLDFIRTdi423lFr9/wSQi5k/o=, holderSurname=RNaoJYSVoZNn88OjaWUTGDN7XtsmIhMtfZ2Ly+T18CI=, validatePeriod=gX/l0U7xQfuXWgbnFLOCLyhnjzYQdTNem5cUsSCfMmg=, CVV=aobTsemgfT4JeghJg8gsLt7NhdaOp1IA3L/Zrr0Klxw=, secretCode=Yd3I0B8l+MJzYqKGFnjFDvEPbvtBhUEpF5TwCTKqYaE=]
CardSecret[cardNumber=lzU7BL9KS3CksngK/A5kgBFYoQVA2AgoQ/lJeITsC8ReopKtNLGStsfbSK2GpAX9, holderName=gyTB8CDVWxNWvf1+sk2EhsiBHIKD3xrOsLlV9fbMVtg=, holderSurname=p3bYKc9ipDjsTEqAY/bS6GN4X242RnxlLl9clMrFFww=, validatePeriod=AYlQI6DKOobhH2L6vPZAELdVdFs1ATi+94HqiOVlEeA=, CVV=4HxL8osN4vk0eI18RLfcJUSRjZTHN8ZjLMfarJv7LGA=, secretCode=hAKNqKW/jpLc1coDE9eOK4WtgBbzSMysKfJyyy6Qk4c=]
CardSecret[cardNumber=vADciXxQKOdxVVLRlnpwv1OmcbIRiJyBME7B0HRlQWoYKyjLJt6EUO+f12LwQr17, holderName=hWwPRtMQWFAySyE+8p7z+qF+RT8ThirMWaPRAb1pUEk=, holderSurname=BtSIhT1PZ3Ei871dvTO/fXzpVV+pfAu+nT1vx+wTSwqXSIYQHKXY4b2FZgVCmejr, validatePeriod=Jj5dVgA7wFp7k4G/rs60fL8mgJ1Xtvxu8jWZq12KFYA=, CVV=pJk8uWfdai8DJ/uC+pioCJnXY56pN+tG77wASCzvtRw=, secretCode=lwV/VRpFerETuBm+a5rWLAoOSdH4158T32haaDDsprQ=]
CardSecret[cardNumber=c8391oDQUMNe0XLvoLe+vFAyNAeVpiKiasLFvQ5UQPHBN5JK99XLSLYumXc4BXOm, holderName=WGVlHMShSxxhr4NQ1RKFHlrbbpPEpJwculQ0gr3MBeU=, holderSurname=rZmt0oH+UXypEGMVR+KI+uf+M01vOgPq6KviZwF8zNBJY2jKg98RHpKtKvzFdACL, validatePeriod=tN9uA8kczVeqUsbEgYnGLmWUZB6qNpXNa4NT0MWHnns=, CVV=9Lom3NCEAY2rNHHPZwLgDn68GVZNOtR5d8szne12y6U=, secretCode=GZsE9S53dj7LrENnN2MjAJP8leEAblC9vNeMQ+bIQ6o=]
CardSecret[cardNumber=JcbQ5XP/uZvKb9XreXVJg7IODMuZWaqJ7+XhEtHuqKeDnjmnvtTm7HkLjBJwuOZF, holderName=5Fa6H0vUlLqaKCeUwmqJm9wU9p2K/FmaU1lI2WdSHwE95B1PPd2BSKkN7l5cftUJ, holderSurname=RsEjM0CaVwOEEmnIobRCywzdjj2b0VRxVp7ss94y5sc=, validatePeriod=li6tOcwXeuzjbXGlOmbCcycwzgFSbVnI/4lx7X9gP2Y=, CVV=7upqZKr2+AqUl+mx1W776z9X4H+YIxBkOcJEGTZVoto=, secretCode=j/0W0751kXwdRIO+AQwshzOS6kBmKIH0O/Vu64pwOqU=]
CardSecret[cardNumber=5/R1M8lwYLOHS1XC2PkZHlMJkzxb5iRxz+zV+KX4ui4R8XGsCB1GXOVB/IrxqCcB, holderName=Wdcqat2kw9GypzvSVL+myRkxU2n094JxFgBk5b6JclPkhyl8J4H0K2o6kvJS2NmV, holderSurname=h1TFZB5mjhsaV8XpRcB01II9xxXLgoiUL9VTeK67ZQc=, validatePeriod=+NtOHm48Y4g/MMnUeJpsF29Gxhu5AQSPI369m3RhUWU=, CVV=ULq6WZOobov5jWhp7dTzZodudmr+Noq/5znKdjTQZGw=, secretCode=FP62D8rWJwKAOqL3xvRlRjiFtBqOcQlykuSNXGQ0msI=]
CardSecret[cardNumber=BuNehK/qDi4C8bsdCHkQ/xuY+L1BG4tVG4pXxn4aEI09kK/cISajBg1yFBwaa/Xj, holderName=G8CxpuQIUStHTeiBBhlLnifTOBn7jSLXlfGscwqlOFxr86o00wDEEAUQyIsg4AO1, holderSurname=cS03cosMc/O2ml+YsTCYAFQDlayRz9Xw4ArNh4LjrInMx1mD9HhBxJ/TWvXXaJYj, validatePeriod=11WJIrugc3zkasThT8hr3Wou2yFQKnxU0ThZJ/DxN4g=, CVV=BDmvVto7sKL9bQ54W6ZlqNqhEK/64FwPXbGKgyu3mB8=, secretCode=7rUXvSen56+JNA4Wsa3GZG2HeRuPU4E2GZc40BLRZoA=]
CardSecret[cardNumber=hD/uLwJw3goq/00vaeXKoK7cb89bfL3urw037myFPpvh3FpBxdcuNc2yipFe5l8C, holderName=tliD7WmUox2zEbOC4Cl7MTUpo2tG9LRd8i5yf8L2s9ASHIPkxDwUXeu63jNfu/7Z, holderSurname=H7LesbS3zSrN1p40dE/LYOCYoRpAfNlphXz3rl2C6flTDAYd3G7Z50CU9B8K7E4c, validatePeriod=WUq1eKtb1fXaY6G4TiIjlTAWrDE9we9In3VrdbZA1tw=, CVV=dVfzS/T1kklaHIOdXeYsdPn2Ink0Ce81TVN6sy3ZfSw=, secretCode=nFtKAy4xKl4zeeSURJZ6xI5CtBpf1KPqEkdtsoZZlj0=]
CardSecret[cardNumber=zcaX90xpw4H7+687kAOR1EV+ZuamCIRUfGT4dcWhs3gvgxryMHlHj5p99306+z5R, holderName=VdWTMz0C5pr/LZaitZf0uZGm8OwEHQo09Uf9QZdknnI=, holderSurname=sT+GSSgdOXlZZI2IN1zEBbLaM42JUDgAg2CCkcFjz/ZikWpr8Y079tZj+entEQLs, validatePeriod=srNqVQtzyRRwZNwgKdefNhl0Qoh0QsXOhblu/3r8Pmo=, CVV=0PNJ248W/7Y3ksQmAN8R/xcs4R1m/+xkJwyUGDZ26hI=, secretCode=j89HTWuh9PGWc7Zb6UBPjO56yJe///ENmtzzJKCgYWs=]
CardSecret[cardNumber=1R7aPF8sfraM32xvrqAbOPppRSew48tGxCB8keK/DC5iSEMuZ/DT/HRLHRmbagIh, holderName=jCDaH5vnQqs2F6+o4WPih2HOTl+0Fh80NUR2l5G7qXM=, holderSurname=Pu9XpqVDARSIcEjyqIdxCV4iwrmWt+UZS434wf2jS6lIovGJKFPm03kOWUftoKnI, validatePeriod=lz7RXKl4mBp2ViQE/T9B7dfBYTPuL7VTmCbT7/TaArA=, CVV=M+NFlVSDPMDyCFHrKNkPhEpU4so9ft2B5xTw0G0fjyo=, secretCode=dr9ikW792aeorF6XnFpFiaJQ0sovWh4uruvj0DVqbVg=]
CardSecret[cardNumber=detjNckqXlZVpjGLCooDC+JrpqM+Hyyl+4yu66pAOcFcEC1B/vKVRVl0L29hiRpY, holderName=uancAGzqyoB6tvZCb6OnLL8gmHadoUKVvTpPxF4EwOY=, holderSurname=bNnnns4oUZjAefRhJ0397PT+NvaQUdhg+FiLvpjlD44=, validatePeriod=zdeGhinPD2Q+NPrxmX5+o25ElLOjSCScLU8qxdYLFrg=, CVV=rUTAlAk6BxXeL9vIxH7+xsF0r+KioxFbH/qidOiJFq4=, secretCode=IBvKbxlPSr6PmkAEG4OcEh5XxOYjsi5iROGNbKro3+M=]
CardSecret[cardNumber=2h3j8Clbg9bb3h2xaBbwA4HXDl4tCmLk2oM/b+IVGP4oKz+CLig9C++6pZARqYTO, holderName=iPlXM9CJ5yrugzfX1AUJy8eAQH7dfG+uSrErSx7I8nI=, holderSurname=pJS2m0m4T3I4QDPYVezEEvcg7hc3UE5CFtY2ZfmoyLA=, validatePeriod=DM/yGeqJwfKgmg9GOf88qmNsOUVZHhqqMacaI3U/kBI=, CVV=oHG7DBmz3ezuc61GouBmS1yK505zFFx/WaG3upbELOQ=, secretCode=A7eXIhgYxo4akYHGFuIg3mMnnNzy0n5TnauXR2jUvuA=]
CardSecret[cardNumber=4+Qdh7y9SEQLcuC5HEdlQ4EDhtfniaEhIdTq066wORTTpvLgLjUJF6OeQY8X12jE, holderName=JK/MBRJlvQjljJddm5vJLn45zvZjjQLCI9PW/4F/iGA=, holderSurname=CHE28rPZIwM1Bq8HuPQOc/ZdQ9pbOZ1gOy1phbuGRkt5qgs8lSddHUgDogE9n19f, validatePeriod=auYMkofcMTA999qalK6RMGUPZ9xG/uIkHvGKVbeGDU8=, CVV=FFXy9l69z2yFDbH/XjREKKZATTWdN2LX/OyexpcfGpM=, secretCode=3CBiw3gEC0/NqG3LbdAH8xfI4kf5w62Y5t92X532qIc=]
CardSecret[cardNumber=r5GJO3AyXOtndyhlg6g3Vf7zEBWtvzzGf5VnxXhq+mEr4bikD0WkLnx1A4PoxV3o, holderName=Jj8lDQdSk/0aJ1fMxiymoaIrxHgR1j3JJJvzpgP0jlQ=, holderSurname=U7LXSpFf5GAyV+qC4HyKT2g6bUZfq1oVdNz4xwfSWTGexUCRcQ2bPBrOe1sUU+P0, validatePeriod=XFpwMxPYvJ2bkqeVAcFmSMULZhfne73srm4I+PNqqSE=, CVV=G+FyAXPyGFokr3BJGzjJbH+/4RbrI1k9U3M4W+tDiFQ=, secretCode=lHEdutx7SFvnV7UHNTCTmyJjspU9X0/QoW4+FG7NwSw=]
CardSecret[cardNumber=gd6vg66IZ6qU1/JuHRXmReLfIBjlYBM6njfZuc9W+MFBkz7tdWtkcPRI0wCRJws1, holderName=88wVLsxrwIzE5wxleYtqoVnzcWaseXbtps28JeRsMwr9dmx8ZuBg3+ZTj26tvKVM, holderSurname=pdtPp1JqofxCikbkT1knLnW2/XbLduAB/cNYdOXFbu0=, validatePeriod=rKxJWKVUw3pB4BFbj8afR73xTexKt+eA9uB/VqX3rhA=, CVV=GG9y0NF94O16x2SHwnn3OjOnyv5LKLHAZ9PuDt6/4Aw=, secretCode=Khts+XDuss7plxcBZeNQbFPQlo1b+jgPXvWSkglv2HU=]
CardSecret[cardNumber=zqiE+MnxpQI4Rg7ynEADkSwMmly7uDJASGa1gsLQMPd4Mk/E2xirIFhTEvASjq5F, holderName=67FXj+HGV5xrKYSGOZLECS+QJuhAjw9zp1jZZLTkC9lC/dQbTx8j+VF4nH6DjRpL, holderSurname=fmmMK/Zq2lhaS7m9QPEBTD2RJif5ta0Z+94OjD54iaY=, validatePeriod=R99V9NCMWYJElDa6avgJKIBCZXFbT+7FTx1siAFLIEc=, CVV=/kJQyavQ8P5Y74sell8Fak/VEAKFCdUXmpIuup9nrrg=, secretCode=yY0g2vwZotHL7uWaNHlLZgi4DlGGlIUAvWOxEVOy+RU=]
CardSecret[cardNumber=AzO6gVYZbRDZr+18DWWgjh/tfrCv0CbzoGOzizH6CMZps596n4Rv6Ewmo94FOVhn, holderName=UDv2MMiHSUawXK4IGG3DcQlAZI18tLB6A4GlGxu++aKsJaik2jkaOLZfEsRlBqTh, holderSurname=tLU1Or53KSU9PWn1uMzoiOexeKRPzub2TkVyjVZs1nA=, validatePeriod=cl46YAd/Yffj/QBZdamaJiNwOcbuBjUp1GXOrp1XsMA=, CVV=aqf2ocDELfLo7euQKP9CQvFdh86yIyqTJihH+abKaqI=, secretCode=Ns4TRLIvlailwuIIP/pkr9uzT13J5M3X1EVBAY6c+Jo=]
CardSecret[cardNumber=0hjrlwgTj32LmB6dNL338ucxakm7uiYoZnGUBz5sCp1nnDvs1hjF3iIyLdB8UakM, holderName=2HuiD4uns0FsqEjE6VeUm+XAsnH6gNSjDy8vb+HWG8Mv4rv18Nzvmnb2XShahH8O, holderSurname=IOOTDmMIlo0Xn6Ir5NbrPLCRYEPCgcLSeKu7AmN+wlU=, validatePeriod=BVqXG/dyWKAIEyN6CROVBaPVZJrxY4AsyJmzyXLlUkc=, CVV=1cr2Ps0YhDfHZVsYzm3RlZwE9ajroCiPENPu8+vfB2Y=, secretCode=+RNGhQHDBbazFZWhwEjG/Osb5FbUm6Wi8Q0mJ+sBKY8=]
CardSecret[cardNumber=BUHnsWuzEm0Hm4Tc7alWUkpmK3VAvmdtTY8MOn7BeQtTn2npQQ/7g0EBwsuIZOmG, holderName=+GacBGByFmS6HOGBXrVfUjr1z3ABvgSjA95GH4PvM0A=, holderSurname=bZ3VxbW0QwYuz4kSD40kRitWAvmIAedjP62QPoQ/DgYqC2VPno+Uhl/YIyAZHLCo, validatePeriod=XiFGmvrjUNmsMB3iTt9sbONtC87ssNVVQNVPW9yM9wU=, CVV=CKs8+8hfgkVXzFePvXo1SJ+RwSZu2hs2jGg+7Odx2KU=, secretCode=Us+JL0C2oWiSfE9QkfqW7+dj/7PM9lk2Kp9mUAZYDr4=]
CardSecret[cardNumber=wVV9VOuD/c7QiWGAX22ZBhlGDkq/x7oShxU6srTLwQxkslInPnpDNw6KG3yiybGj, holderName=Eaf41eqWeVXaN912DTmdsPcRMjVGcmh0OJ4Eq8QNN08=, holderSurname=6z968QtyrEhS++TPJJmEOXxOyKnsSBPqokyln15P2ZvWIylWbFh8+6GBRrpS72NH, validatePeriod=cfhA/eIMVy5nGGvo3A1gXVoFYcfOeyTWap2UIovhX0Q=, CVV=5pY3ckngvCj18zNHy/ybX6qKtnH+Bs4gRHg4QyUMotk=, secretCode=oFSxAVbQRObtN3VnE3RYo5X8Xg/Z6rMpmPKuhjzd6bM=]
CardSecret[cardNumber=TC2YB8VW7y/VeDju8pyZzfum+X8dZnHEgDutEQPdvZaiuHAlKVpJf5ww3GiUFqrS, holderName=Rrv80ZOzAnuYyzwS4JtfYKLpd4BSSBBwQqeG2nxTvi8=, holderSurname=5yi4qd5sWaoUOP2K0hllj7jygrmaxXualrq9fmodYk9jT3zPjWeKCw3FVy3LBLXA, validatePeriod=OPW6z2t5iePJmjg3GE3byfRzljXvTQSYa/KF31jQrAs=, CVV=aorITJNxjRs1WTqC0CY7NotU8SndesKmc5EIwmQkwQI=, secretCode=V4uibaUogfaRSRhDOt/imvOTwqRSsHjHPvpJtFz2ezk=]
CardSecret[cardNumber=YdSPUvK7jQM12bFHW3qrey4+TXCWnvGQkOSnTBuvYf44ru1MNUxhIY5RmSXzlMXg, holderName=0E56ZuNxrmWlWMTiUDRwxj0izHvMb8kFA2rytqu5Jw0=, holderSurname=66Kc9j9idixm5E5Cw/6lUwGqECsADlbGC4ZLE7Fi6sFbbuFINXNagC08LMi80V8p, validatePeriod=GTuuTgzriJ8gPMEg/3Bixh9gTtFgdDY/yLHUfae33jA=, CVV=0eV/eawFkA3u9bgcbgX4DdliMVAjP8GTPUOkeuz5v3c=, secretCode=iJyD8cKTxh/NmYg6OtDpOEdzQjx4qBJNjSCd4E6aerM=]
CardSecret[cardNumber=DgxN4uubSlpahD861nfe3iu7aAVn6pte4gilxZWJjoEuKPxhRGe7wF9qVPE9d+2Y, holderName=vI0YRE6Umgs6dbw4g3GD+KRszT1l7v/zfJEN57E1aMebAWaGFsfbeq7w+zoBq2nI, holderSurname=D9jrLlks4/Kp+BgQ3E/QvW9iGF4if4crBM0CImrsreJzLhR5HDr/YOdzJ8ep6ezt, validatePeriod=LDMGkatDTL9uimqTBXYDPfqiS3LCErLZ4P1pf+yYeHY=, CVV=1YYXUEiG0O07npE2+IDtIcYLWDK1zKfRs/xSDXSS7j4=, secretCode=LkHJTZKzUQMGxOA4LEFe8v0Gde3s6q0NFaqYcUKjyPc=]
CardSecret[cardNumber=PL2EtjsXCeC5w0vWtfUaWr7uNp3H+2WjIG+aW+L1fQTEVUQgsnY2r9aO0c7+iVrk, holderName=w36IPKw3Kor5/Ui5cRt+s1BfpSZd6yEpBvzSRPFxO7vPZnbqQlXw7CYD28j0A4UO, holderSurname=qjjwGxrcb3HsZQPLznVkUM2Hpv38q8GjTSxRRtA6zmaGXsXkY2TRu7eHXW95r6y1, validatePeriod=fVYwFE8wnQ+4LkiYTI0HFNHO0y+iQQRJciqshxhC5Rk=, CVV=4CXEie9JXIMTbX5rIQzK3yD6JCUcniVgjgCeh3Kn/DE=, secretCode=5hMia4CctjUvpy5C/GTHI1d6LSVTDt6boYkgHJG3iRg=]
CardSecret[cardNumber=x7wsLgIrAOjhpFUTkRpQM4huuvi+QXSXghJm4vxxCeVoRAkGEiugpkHCnOsXmENY, holderName=tekdmEewAu55BhwOc7obu8+Hd5Orgw48VmOklyAxCsg=, holderSurname=hwZ/fYGtAOD649Vmvxceu9fwN6jr2+T1yKXVkbwoWLFM52XqPncYhTHS3rV5Qs6d, validatePeriod=e7BuA/Vtiyh9GS8Zc+K2Od7OPvvkm3+ysKGfkFJUZJw=, CVV=wr1AUeqq09EpVvp+Jvll3WEWK45XfHWcK9gXF2WifmY=, secretCode=JjlMTtDnnRpHJhLJ3LY4YTIbKjoHQq+Tp7g50d8SzWc=]
CardSecret[cardNumber=iAYjtBZ1sSDUnjcsSNwy6vTshMZUSycAGoxkqthInRh1B0GqT4J5dhkYb0OtzPhP, holderName=oYiYst72PEK69d4hyZxN2bxmLZCIN/d8zN51qC5efjs=, holderSurname=6K8lcV1jwWIXaOwGiMwAmTP8zmKh9oiVNFXZ+U7nYWx72r06CMNgp47PuSRqLCYR, validatePeriod=F8d5a/b0Sm0liOKyyAcWEtzZsEFWZ2XP9UFIeq54MoE=, CVV=iPE1xP3WEcTgVycikX5WuacCjcxhaewM8b+Z1NjMqG8=, secretCode=sBZB0G0x6AFMEaCgJAutBZXAi79vyo5yUkv8C14e4Us=]
CardSecret[cardNumber=cxLpH9r+03nxk7YwgOFJjBgmAKeZc500LX+7swM+bV8kNeo+/erH4Pgra85uDWxK, holderName=x1uIsaneeUCOrZhJj2plBesuzvL0jUgrKATAZy2dekk=, holderSurname=QMO6ESno9pkCc2T5Gu5SBDevyF2z2Eb52dsaozFFaKX/nNuXC+OP91j6vbUdDJ7j, validatePeriod=9DBMUslXVUqRn/5xuTS+3GCBciO14Il5Mryvnht9kZc=, CVV=GX9fHDF4VQHWuQZbVzKueK8vLYb16CPQgbMgNorvdjM=, secretCode=7TbnIzBKjDDxPLZN+TfRTkuaLV+6NxdR97kpWGhISho=]
CardSecret[cardNumber=1kEqBOAfx7OYgy1jfX2ciUp0cz0+GK8ZJcGdIgt5DHwgFyVaNM6PWwoZqRPW5MwC, holderName=6UeWGYHM212QsBgUF/VN5cWd+ajP2HWGjvzCsA79Dzs=, holderSurname=33IFsLsKsGhywwCGN6QeZHjPAnEQFh9CmrVC07EvuU4amp5pSPnhzPGK1OaVmp6p, validatePeriod=X4cLCx4ZfTxXH519pE7IvtBCZ8Fd8hyJC8io1ou9kLY=, CVV=JDkO68Typs69rmd4zVCNNLl3uM42JfrjnKk4rDZXGUg=, secretCode=uSNsqLnoBWQaM+0tkzlSEfx6prnSihrwsuJ+v20o/Gg=]
CardSecret[cardNumber=au5zuIRACM44uGyBswlYfKxdeT0a43nSnt1AKAMfRA5sBOxMJ8BspP/IEe52WtO0, holderName=Uwt0+YIKXxkV2fW7qm2uwlnj6RI2uXkHdRIlb4qmwfs=, holderSurname=wsGLWxUO8AjkzYai/gcbL7G6hcuH0HzQqpo0NpLw6SM=, validatePeriod=5gnOWZbREGL6WC7zDu052+TbxhgQyGkeqYKICT1r9N0=, CVV=4R4/XBiichO3nZfjNW7U7olkmHtHg5ffbTPvxBamP18=, secretCode=T1yAvRbdgQngqQteP8FGEFNSrGMqtXoILJ/VdZVlUtw=]
CardSecret[cardNumber=hmtfL/897GFaGlCkRgnraxhCrya8VZVOtUtkgVBi17TbZsLQiwE/RG57oX7kq8oa, holderName=RktEHzYAXQpdq7oZh1m+qMuqDg9DmNrLj/7l8+5i++s=, holderSurname=QymX/SHJN2XNwjIrJaJc6zBDH4GIVhTdnR/gT9xmdJ8=, validatePeriod=DlFNZ6rOHDIEtdIIKcR8hlUX1EU+7HXSSFDoq8aNFb0=, CVV=+jxmJlofdg8x63s1oz+r9PUrdkAULHc9+49se343kGk=, secretCode=5lMBg6m9CsK7tlDHQ9OijXwezQekrKlQBHSnRC7S3IU=]
CardSecret[cardNumber=eGBuJsRyAGZjNX+LX7MrAEVgEVnq9LmQAzgTPkXWOMU1sWUgjH3hIlMuSotPINPg, holderName=o76cqDJhUkHQWsd/faa7rfBUJiIiCBztfCrHu/911hc=, holderSurname=X+ye8yZWplhPJD8cU8PtFzV+v9bagMfYNycIVBMq6I4=, validatePeriod=/zhXzg/EVWdXOekMIlX02vLJ7xaeyqiCx5WLsQlWtfo=, CVV=SiG19Ns5bCBecHQDYM6D4m6EzzuPn+ak6uL8nmsrwew=, secretCode=1o2S0grTDZDYVuNd7NDJdPU8Y0b0cj3/gNGKZeSFo+w=]
CardSecret[cardNumber=l6v3cKn6gNQQHRctFhkkfzrhMPeRzFih9XAM/lTRBB49jlBAhtofDsXyXnSrvaFj, holderName=4Urgm9Tx6+fhJZXi5aFmyXU0v5pT7DtgcGh7LKbKg5M=, holderSurname=NbQWNBI40f0hDw7xy719tydIBQojHRB5mvi2wIO1Nx0=, validatePeriod=T7XhimjfbGvVlNUzm3ppFKepnp9uHt9XxAWrEGmpPQk=, CVV=mO/bgCYfIGUQKAP8mshmpsloEiusbF4fb90p2VkRhD0=, secretCode=EU2Fr5y5DVjaeHtXqsGFPdEOPfJ2u8ABIzN4CXXEdWg=]
CardSecret[cardNumber=VzMC08ePYO9mg0EvlbiNgOHIjono21RrozFNk5pW/oIqUPeddWzFhQuYhsYEsKii, holderName=DBXuyzwfog5aNvd8mF2/Rwja7sIkblLqkclEuAiDoesrRMLqCosET9IhsJvPPrZl, holderSurname=ZhhTk0gwjjBlVhGyqrog56u0X5KcniS514LgRQttCe8=, validatePeriod=65ci/H3Pcmm3X42n+30ettu5GU+fmJdITajksOXXyqc=, CVV=Qciwmm4qQZu96gbqRHiGCaoueCUwHtseD2YqBcfRkoY=, secretCode=leYu8zwlPUQh0RbPDHNQDmeDhjacCBIwq1tAKw/QrkM=]
CardSecret[cardNumber=/CQU3GfYvq3qfjLgqUz7CYeh7IZcc/FA7OuU3+YIdbo/2drdncrsTL59DBKxgykJ, holderName=psKsws/bIVyn5o1mDF8b3t0Lh26RcPJU2adJCxl8qPIeK8YtIz478Vv1TycY5g6w, holderSurname=Uwa1bAqkz/+oEy0XH+05Pl5unDjSZmc4H8isj1XQUMs=, validatePeriod=+dYyGH8shlE/3wNhKKATBQmtwqRYoTdcjLvhPOgq2GM=, CVV=12jAlTNzI9qkeAc4Q8r00ZjYS+TqZqc1PRSnuh0xRNY=, secretCode=4/B8zAQQCyDn11pWU17fIN3sgAxgwTHTfO9wUzBXjFI=]
CardSecret[cardNumber=o01ikzFA4jjgE77TdZClllXGj+BoGeJTxIvKIX8AmrFIKBx4At7ysLH7Cf0ZP5If, holderName=XYdmYU/crHIEPH7d8RXjIVHW59Hu+LnPZFsdWF2hyBA=, holderSurname=K/BObW2VOYD8UQG5Hzq/eVIOg6gBhk/whXV0fHsWkCz7/rxGL9OZT2mbhtkwmLNW, validatePeriod=uRrdVK4I4fGl9mOjwI34kv5PZiRifZHn5q2aSH6HJbc=, CVV=dNv10CWx9zsv/hIozbdjsw/P0Bg4Xsx/oiVxba7Dl/I=, secretCode=nQiyfO3tsumcL9cu0dTtMpMFS4CRdLDPmkFsVhwc38o=]
CardSecret[cardNumber=NKO/qPYhpEtvPo2SaLJqjIXpIyxVpLPZhgcsQ40YQzHAy2Wdi9KDVMHQMy1UA5AY, holderName=Za0uENFosGRP0/Xoknc+FLF0LcXSB7YHdBOP9dhjJ3A=, holderSurname=KzhwYe4fdnFVcw772nK5finrEYPRafTLvrOqdoh1VHHVm9vCuKHGHLDGA8XvmsIh, validatePeriod=giAQRN16H90ujwK1BXq/YwTPUFvB9CINfRk1JXOZbfo=, CVV=Tuxv5eN+EylhanCFsuLf3tPxXLchamSZUHwvAksbznA=, secretCode=pLBhgV6D0reHNLM4sBAP1TNmGNIGSkgeNGnMQqnaxFM=]
CardSecret[cardNumber=RN6WpKofLpWfQ4dnCSWnIYpOqSH6YEP9AmkeUNT2mN0+aNemiimEyU2r6fR0i3mN, holderName=YvTVUxwpUELfxlGI70AzgNLaolNrz2t3N2WItkTdkm4=, holderSurname=br0+tnz6h4NM+3r+0FevBLJ4kFzf+1YFpwUin2yqch8=, validatePeriod=r1cKK+3XQ+zImNYBfaFEzvtqY90saoII9eDn4+yEFzc=, CVV=PH9n+e5cwEtZVX2YiAbDUjYGoS8E4HVnzseiFX9DBaA=, secretCode=m1vP0KxuPUVOGQwpCDdr16NYekkpXckBqdx7KsdOds4=]
CardSecret[cardNumber=2wvIQykbMH60kzKcleEuKbNBFnijayt6oS7aD6ofmvsZ8GnIu7KxEmnoUnOfMZiZ, holderName=jB2dsQxKPhxU4+Pc1GxPrJeFWh2uwnpK/dQybgtxUjM=, holderSurname=yOw57ZbZwUhUVYArbIZtN20qP0xzSkMwzaweu7wpBEE=, validatePeriod=bjeU0bQjNoifiQsIPKyRXv2cPya6VsoLsLci+2tvZWg=, CVV=ymsF+EprtNqEAfPgEO4Txz6dUi2g2Qk7Fgv1XD2jcxM=, secretCode=EiRMtdN5bLfe713/YJA4nxs0VUw7ArxnkbO5jGPq+LY=]
CardSecret[cardNumber=S5g0BAUhkOlzsseDVvUJSWJltVnTcOPUX0KkHIfkr+TdXMzij2z6sv+POJ4O/Q8p, holderName=sTNXxsjxywAP8+06UdMR3rXLMVM1/Y7ySTM7DmLXEMQ=, holderSurname=uJESn5h6tYDsvPjQVal8aA2aDvvgY6iiPffUkHU895MwI5jms9TtJA7DRUI0hz/p, validatePeriod=5j9wvrIrVbXjWDDHrAg++q6JKehmD3KWtLRHQcY4t9c=, CVV=3RRBjW560r93x6IodfOWkNcf7dDJAk2wwaS5S2o+Id0=, secretCode=9wzfwHY4gIRVdFKCRYSX5VLMBVHey9WxX0m6OBDaOUk=]
CardSecret[cardNumber=JFDFv1VMXBqT76yAFfefHec3BBsu+xsBEUPB0ImBDDCZU8zTa1WPn1ygHiOZQY/M, holderName=sAvu9T/tmnlSYV7Ld8K9I6TSCM4MG4V/rcWJRh5c19Q=, holderSurname=vy0+C2brSZWpjjy6mZk2pHNFAlInNMGiVSezOtNuh6G7V4AOgtr5slrqQdgIcHMD, validatePeriod=XWBrYlwKtPMJmOJYfCRC2DrRgfe8Tt+3h8/otnNhjjI=, CVV=iai4GmbbjG49vgCuy+XuJ96mbtT+XndyjO8ZEKZLPV8=, secretCode=dLOIQH9TzOwFkVMnW4MHudw6L3Spv5C0gW7b9mUbA3A=]
CardSecret[cardNumber=e8zXp4ShyuqFQyBVtzkiWfbiZQxiTRFuXhntyMCvlQYVuAFR4k8JKQ9LNAmQFCAk, holderName=2eLlw4BnQtipkoqszSptYH0eeBQreGnYKiaKmBrnkF1ePQ/pnr30okF/dfkUpiqC, holderSurname=FPq1Gt9uu4EQN27DT+sdvxRrCRG225TCOu2akPyh71Y=, validatePeriod=TTQcWWIkQ4XkmmMWb1bcVxKMKkGJwDYuAB6Dxp3SZgI=, CVV=KMfoJLPAYzGstVmjELtOC3XcUtIPgbNiIsn/fx7vO84=, secretCode=Fc7586HGfXyUSlUaggyhF5BRJ4rE8Zs29NjhoxeishA=]
CardSecret[cardNumber=Kr7mI7Zm2Y4pTjTaxxB0AM678MhP51HQNb4bPllsFi6bGKv8rWkyrFS9ZZlK2A7A, holderName=g7T+goMYydXWPHRkcVbW/KkICN1Lz3dL6HFC4WsGScT6CjBCzwEFFL5wZU3QU96X, holderSurname=aiJsFAhjSgV+Z7sH+8brDf595LLi5W5bC4UnViG9ZDo=, validatePeriod=+1DqoGSqVVUwn5ZvBXBeZbS6lRM870aUUbP8HdE8Xxs=, CVV=kzviYV/mWxDbFQ+FEoZ9vQmVWG2DCZzUISUclkI9pZ4=, secretCode=2LBA08/CfDDgVl92v2wsgW17R2GhDK6er7Onq4nyZmk=]
CardSecret[cardNumber=QqEipxA7aDzwLVJagIb9wGXglSz99d5nt48SWQwWDnbuo06rRmAZNMAmel+jfX6G, holderName=X3+LWmjZjZPznsrxAwQzD2qA+/qrCSqz2mghxy09uFE=, holderSurname=3WkswSY4AmTYbQpI7nhBqLanQuDjCWubAk0H2uivST5Ar2XpbrODLfDmUwu/FJLu, validatePeriod=RqyVB3wBaehPgQy1OxaaoePjMCI/xhX9LhnCAooyNSo=, CVV=1rWy5KOT+dVWeNlJk2kjFVPr9qrvAdtAc1ALD8259bg=, secretCode=FLcdFqd9rgSPmcjuPVeK4aS7nOVET16SID71k/sTKiw=]
CardSecret[cardNumber=51kXSaAMSKgjtLEY7VoHUVjFqr0rzoVTeIgXf+KqlKZI0zSxV9hkpw/sKK+ogaLJ, holderName=VR73tUGd8bB5IxCmSyOj4raF/CRWJvSmB+tDGbbVryc=, holderSurname=GnyyG1ZpDEi3VwpERGWY9sfBjRfKGnelaxHgRxOD3eld0MQW6o3jrvNl774pt9Pu, validatePeriod=doAE0VVLD4DTsRE4VvC/tIyXXwI4xHKkaMkgZSgcs8Y=, CVV=u5Lvmf/wi2cnck6tNqizMdZY6gEFhV6Q7v3wsc2sFf0=, secretCode=wRZPO8r9032EDRkpHTPQVfb9F2Wlk8301LkcZjA2YlY=]
CardSecret[cardNumber=1OcmAF3PSt6uwhVQ7cwbwh2oWs+UDozQlEQHUj4bcR9bHjO/KO8g+Llb1AaYBIQQ, holderName=cEZXybwO4FZ42bSV4vb0a7W10i7Zx3Sj++/cnGgL/20=, holderSurname=X4V3fIOnKh5F+jqOGGpPfGRzYU1uKA5wM6U2FVqcezd2b3YRgGfIe4u4eDtyBKe+, validatePeriod=OYqw5i8lRfmumlqiNrILEIM28rd+uS0WVVdYF7R2538=, CVV=QYKtGeABJdD0949VfpLEKEcO78EgBpF7W0+ZUbvkyso=, secretCode=dEbkbAKD9wnUUbr92rQ+f5ylfP3Pw64pHiHy53KC2kQ=]
CardSecret[cardNumber=maQawjTG6okxLbH9yyOGezqZyjk7epyJABPLCtIZtNwMyrtHR3yeFaNM3/lGEX8S, holderName=qXAhRv0gjGaeo2VlLh0Mbggc14oWQvhl/SRRQXiC9KM=, holderSurname=KX7XsF7qKpEH9XoispHzE7RWqwVqpCXaNN8dYPeJTTJqrb+/YCD8NwB28yxxJwzs, validatePeriod=K2AUskj06OiYbVBpci4ULl3l/Zd9h8l+nYKuOzcEK+M=, CVV=lkky2/N0sJ/ob19KSOY2DXVqAEgCMUlukaOmN0FmHaQ=, secretCode=NO8lbsPSQ0tznn2VwTpdZ7FV1obeYwrHmu07Hf00+VE=]
CardSecret[cardNumber=iPYsGCAHpiiTM4rHEC7MbiACaEp/Doq0V6uehPFR7i5gPi1t5gzHt1mP36GNMwaA, holderName=r8FNhJkgqP16QyANs514ESbTzb63UQqFgfhILbwns+w=, holderSurname=AT2IbO9A60OzoLYm9l10Dazr3I0+A5RDL6Df5N9lR3I=, validatePeriod=lSdpWZH2bcVh2Omsc2+OC2s7Gq4JQaaEyH6XVywY7GM=, CVV=KilZY3T7YziAFpxIOBekdUjL19PbQUaA9E/uruwW3RM=, secretCode=2M2TwX4UO2/Q/ZZyoHtQ//EPa6z2lphxMzJQAOAp5oo=]
CardSecret[cardNumber=TAC/xEbvOJAyww/Ur4HkxbwkgACwAzpz+Jh18MHZIYwnItdhOKJkvejdvE5EfRe6, holderName=pviiGSglU5zzr3ObUfJemPsScrH9YrXusz5xToMions=, holderSurname=ft8LBSpZ8vRdU+BWO6T/uMpxOJCarAeXI1x3kwkvr54=, validatePeriod=o4MxzjfixNRw4c1RNNoxjCPawRbkAgDEc3iUXwI1gV8=, CVV=vAo+M5SuBcmRvwChDvDj+e8cBZXz5BvIzMWaLuOyfqI=, secretCode=IUI5HxXbx/he1rU+zY42ARVdd9iwlE4z1pM7HLWbxn0=]
CardSecret[cardNumber=DWv6KdbcsW+LcpOJJ9eex5WV4vbJUWl6kutk5s8zaf0wZoaDiZap0vtkkMPy+anh, holderName=BJy5Qa/NetHyiaKiKIeOoragquIaHu7Xo9CvPCllruA=, holderSurname=tB1/PhuKR/3pV+QEs4M9DcSIjT/N2ZD4soUjOdqwA0IfzcLHejwdSdKCsRTCGoX+, validatePeriod=lM6zLxz8dbjulVWqiz/wbvUWR6q9UhB+nUdhNoIUvdU=, CVV=qoXLxhXd505dvCPepIoKNN4FLNvX9KQM2RWvPVxgSq8=, secretCode=+AEi1FDjnpwbZDYKPQHuU8w8J1H2pC2WvaAuaJCWwJM=]
CardSecret[cardNumber=3F1t099ZwEbxafob/KOrQmQj1cWx0bhogYdSJEzYMluh3Z5RwarYIP0yTWXQRQAa, holderName=w6VVzxUj1Ah/vNZ4cXACorfIiuvBPw7PIKqTqXfnyvw=, holderSurname=Ek0TeiGdfcVYAyiV7xi95BT/jzZ6uX2/qeBsbhiTyOlkZraFSNrQ1k79/w63gQXP, validatePeriod=m0yj+KLlMe8M6ln8Qw8Xcmeze5pN0zP4JeKJBiCf7zw=, CVV=n65EzxHI5lMc0qtR4CUwpg+n6iGRWSFRoMo6vHxfmQY=, secretCode=OrGr1AfSXZtgfhCa1xgoAQU9fbgzVy0gp27kqynD4Ws=]
CardSecret[cardNumber=yGykJoKWK0OKQe+n/rCuTLniFu9UmC86meu79o8xSPjDqJ6wvNcQtHeouPDncKtC, holderName=S5GqpHyUkVF/rbjPUangx0HFGiqM+UKX3Bq2gFBReHM=, holderSurname=J4fesoC3V3G5R6CtQ79zB9asEcMr79AMpO4mz8r7pI/3BuGMuK9+4LzD3O0H60tL, validatePeriod=Q2jYAzwtlNC5ti0B/or/IFC+5u6odlhSl6diIMnZYLM=, CVV=rhv+C8hhsCadso3kryD6cp/1CQQ6yY8gueHQP+EH7p8=, secretCode=eJvIDPDohx9z7MFaf04h1tGhzVF51hsq9t/6bU7wzys=]
CardSecret[cardNumber=FOt8lgOo2qg9/Y1LleQPTQje0UU7W38zfnI+cP9+WdvbCuRh33WYPqzlIeH+jZnD, holderName=2xxwwI3C2bY/Hk2Cyndv6lxBVVRZQDSExSnabWU2+Qk=, holderSurname=c36nDJMphUid+N/GPJ97quJPWBPsZgK+30x6MwqucQrdiJ6RqFMIxfVGGz0g0YEO, validatePeriod=70APl5JVrmSV9an1Dsw7jh52JCNR/uJrIy4fOL6LBjA=, CVV=Ul2Q42MM+ISYdpXdgAr4Tm6s6eLSlPm5BkS60LFm2WM=, secretCode=9LsLmNJhH0DlZedvM8+bb0d+jc7gMFYSOvDhoQFiVhw=]
CardSecret[cardNumber=c0q0QE41FRB/kf6kgVpGiGyVZZHOOiMdBFJDiVUa/y50BoIAWX2+N/SFNPtI+SsH, holderName=27nMMqnnYAA3oMY1N/dearnV+Jx2zTQXL7CeIuahk3Q=, holderSurname=/Sc4pGFS8DAPumYyrv2cG7snqvyf627qA3GXO6TnF/g=, validatePeriod=EnqaP6VDwFKB5vGOo+3SSlhDrMtTIg5F/zOqT+yzkRk=, CVV=U86Rk/Ksb8LUjM2v4uF/oqA4iyTOUN3ictlmQtp3t6k=, secretCode=+sFuALOW5sJqdq2OoeadenbWU2HhpxHRW7lAwVEU8L0=]
CardSecret[cardNumber=spMXwNB7fQXNSGocghp9VaqMTw74DOp+m22/ynEguk2A+xWd05GAQDYRaHSrrFX1, holderName=x3m+wBCdQSkf1Igb4TG4ohxE2acdstjBoG9QmL7cdtc=, holderSurname=toWugfhBd9AZZU/XWw1oY7ZUksOw4LQuBB5H0cOiRvQ=, validatePeriod=uG6GeR5mXjRt9UthcquhBE2AlWd/yS+7WWPJT4YCxRU=, CVV=b6xYvkThj56p91NsbyYhzRbls58qUOR836RcGYKJJ54=, secretCode=PYfICO5TR/f559jPqPHNjU44nKp/pcUAfi/qM6Z0TIg=]
CardSecret[cardNumber=n1sAzdABUBuXNqdGTpWC6W/TIACPVQGNJkLaKqIGFg6xDc0zWMAXZL5w/k3rTPV8, holderName=mPifOpRQGSBAV4cGRuXCP2skm6LEyuBlXq9aNEdvZcE=, holderSurname=lAOaN50Qn/O/JoEd7XHCs+HTxXkhYJh/N4LaRQy5LnokYM52NZS6N5Dr27avo6ge, validatePeriod=JOxVRXou4K/0rnfz4V6IofDanH8ZuMJd9vKVTUjm8jE=, CVV=8a4/DBUjetJ2+rHWB4ZoWa4gw4OqO+7aKxfW0Yj/BQ4=, secretCode=rw62bHZ94K+i6C2qnWpIG8MsczZLMRXuBQ3dNllCG7Q=]
CardSecret[cardNumber=HM9eAoFcXQ/aJr1nkjN27z0MnOK3VPISvs4E9PEGUS/hWFasVXdbLXMa1L76GwsD, holderName=VgDRjDo3q8FcTGtUM2jEBIYs0ftvTduj2GcWIB2jP8Y=, holderSurname=0wAoCa7nLLjJsB6hZr2K170BeZ7wKP7QhyGEUnOjeAKAmWeIYTupBZ9xCQCXHF8T, validatePeriod=H4yzQ2XtdG0DBwf7Cmyuledy9RGZ0GORMG8YE7UKyBs=, CVV=TGacxu+Va+tOvL/8v1zDAmUAv7dWYWHB0f75lURB2a4=, secretCode=JIoKV1DDv5HVGBRiFZrT7Niz3oHtwM9ueZ5MDR1WPxU=]
CardSecret[cardNumber=SDdUp4XVg7oNa6citnISAHpjXypCTPxDONR5EH5s5CdbVkFGMqw4yK+LpJnfhL0M, holderName=dTs6vL00zdsc57utCl/fNhAmGLbhTQIQ96xtpyROntk=, holderSurname=cXWZV2KybxMsBWuD7D2lfZu4V6X43mMx0nfzg4dRg4JB1JDMTzUDkHt7pW65YAxC, validatePeriod=ycWtpBMS1Nh8cHwB8kfzmEwxDlNlCDHOwlNTpUKnSD8=, CVV=UdZvnA2SHhybniW0e0O37dHI2/GhUHj6GEq4+YKA7rc=, secretCode=fYnYGmimbBkIkZkLNAAcUPd2tgVLDXfhZw/i3AeKgnU=]
CardSecret[cardNumber=1ecJm2E9EQdSjyKmxnyD91H4j42w3R3nyqRnYFnJJmhpSNrro/AC0XVc3Ojsh9fT, holderName=I5jHImO44AGzI+Vx+/LieToRVACTuyHBFaAJPOTKXeQ=, holderSurname=J8kLROzwCZ6FMX0GAram793SmTfc7swxZTsV8B3GymbrUtmkGdTkCSlLxgzYrO5e, validatePeriod=3Z1S3r4Y3u6d37VGNWMLCvJ4Qt8nvp/KHbzWaGgzZTs=, CVV=xMPmgfyoNOA//nqr2mLgBoHBPByNiapx4qIwXQkdnxI=, secretCode=4XNXAYFRI80pFGaUIPtgAeajwUc1gmO2htsms2719LQ=]
CardSecret[cardNumber=hScLLO1dV+Q1jOrUxF0zuunasUts40cF+YjZQEwysSftpaajjk1H2qoGyiO9Y3v1, holderName=NkOQnHJZEZA9a4uUsiIL175c8XDW76da5+sE7PXVIak=, holderSurname=Xmwn5BIfP2t972GVFvs/oifr2cnZ2Fgws1VXO8aJqn4=, validatePeriod=dQ2L3Qyvh9umMIl1R9cYoYGjn7i2HeYb4ufME5Gryx0=, CVV=4O6ZYzuClswxYVBnG5HrxFAHG/OasEMf9DqWefXLKfA=, secretCode=ZQE682ikdqndRAr3BViXV1pdCD3QTO5G8rWom2WjUJk=]
CardSecret[cardNumber=Lqkv1s1xEY8bopBHRDeE3+XvvpHKwI1NV2pAZTwcNOJf83tsiztkpIzYujydnIzy, holderName=GGrK9/KvJnGtgjFW7VoBrNNROVIw7fJN8o00hzR+1Ms=, holderSurname=9m0dBCn2zMTiqWjKyn/tTV/m8TzKq3t1EdU6nslNRWE=, validatePeriod=HQhy/cRJWMoTlvIFtKPWzfH/NDQDRemYVjwttbwQGSY=, CVV=MzFAVL3GSR4LV+bPzfrdpzf/6BTVUpYbNrwEGEM6MCc=, secretCode=XWnc33Mk8iROurSj1QeUiRMj8mHq8Uyu+YqbwBTDpqA=]
CardSecret[cardNumber=OhYoWH1bYXbJ0fUbnYUHAiKMmXtOA6PnGM6FxVsxYo5T8OFkUWQz6yCLjZYhkbUt, holderName=LtNrVyiqFIhmjyN6h9h0hCgCUffNCbqi7NuCTSINuSr9pCqU/B6PprqVF8uBK6s4, holderSurname=EJUh5QxT7zAPMX6U4ms38xRjWaoas+baWMdEcquSJ41GIVYNkS33wHs3CHTtMazZ, validatePeriod=X4859oBlx0oQTvGEvPrrH3DPadWesEEnaF2F5HHjXO8=, CVV=4qCKQAkTriYJ2WqH+gfc6T1E52yGBSsbGDGadhZg+Ts=, secretCode=j6/eoEzsfJvd/wK7AYXYIiRCzd5HM9vysxP558dqQ9k=]
CardSecret[cardNumber=xpI8YAEsvicwJmJYCChIijhcpjap3kIERGfnYID/JYVJeeHP+T3HWDdLYrl42yf9, holderName=iLCZXw5vCRhL2WrYQMasBCIa5KjXfBUllBRHicc42Jvll/XkB72xinpNObsyfkoy, holderSurname=CJOyt1AcbA9JBGeYfV+SMpQEtN4MFUyEOWXa9Ji4pVGikTToYq2zmIlY88+zPlMC, validatePeriod=tnh4CoZxzFXQ79BSVdpTzGnoZLAqFpz/l2+4S2vEYVE=, CVV=+N9Xbk7W4djUgrGUR0s2NVw4Layc3m4+XX+RLWu1DUU=, secretCode=fGCB99JJ3PjDUi0NvR0Qu9wi9xEZwzKVF/Emfojvu2A=]
CardSecret[cardNumber=+gFdFjrHMNtAkCtGM0YeJRpoANNEvMcEPs5VFz2Yx6vkFzQV5tiqi027siWFAoeT, holderName=9UrwrPKZqHT/jVHHH32Abj22O/t80Zo+/g5VITzFWb0VTb7+T3ZGNVoDbd3M28z7, holderSurname=H+1ekioTa6TbKDwS7mNc5bU2EiQtJIt3RjnDP4Z6WT8=, validatePeriod=R4kQqKW5+bA+Ew3jgBPTFQW7fOg1HviFWxRamtkel/0=, CVV=0i0YI+BV+Gll8oeEF6Mtt6gquNxxRL6dF/ZvC0Ub4ws=, secretCode=YyAGB6wrzRFOKjFfpkPxglDlO7bLrw7XYsdVXhYCFtg=]
CardSecret[cardNumber=hgDz8vkZKn1G6hNMvosCwv5dIj7PaJoPDaB/i7Pdou23d0eD+wyBP9ddlOgKL25/, holderName=bWEicQ/RGJP+8RggOXP2LjIBQXitKbIGwoVCfwUaNkLDdhlbFDFHqEVa0rlJZP0m, holderSurname=iWZUnkuRcpTXB0CBki31IpLarrfRKvHBh6r+kQIwxFM=, validatePeriod=0SlBV9SOHfOCHL6Z0LfV8PIiTnJJH+ccXuY1ikerEFo=, CVV=YFlzbiihJseb7jRbVGJ3feNnqKou3qzrnPo9SnuvCKY=, secretCode=3E4UubMM0SAo8WTljEZ//bVfJBAwyo1nbND1rcIhboE=]
CardSecret[cardNumber=K3I5+jUYOYLXJ+sQXNS874eIfygyxzrgAzs5uULqKimjspZoJwMCMruae+x+R6+z, holderName=/tF4nk/K2gRSJRzspTwNgD8hEKD4MtQcqEHH6gs9JyA=, holderSurname=Cvq1m8dVmjybsKO77DPd05PY1u/scHh2Fl/sM2vpRbJZeDVhs3vs3+TJGNb1mnL8, validatePeriod=ugpLyeyukb51fehlQx2RF7pVVAMUpbLzItDKKaGaHd8=, CVV=IT9X4dwNWrP6OltY+D0JsfP0NCR9cdpEk1sMxPXtBjA=, secretCode=oj0h5IUNoBdmrWA6PInWBvwXhHWfrzFbyNO7Oyu1/vQ=]
CardSecret[cardNumber=ibnq4OVdMz1/tmZS3jC9koHvDO5THVC+gFJXdL8J1k9HLrex9UkOeAjVzTgmmX16, holderName=J8q7YZKAr63+8OammUucz135Cv0bmNdC63SAPWG/ksY=, holderSurname=PcyyGjx/bCJ+yRsN4p6/1+l/kO8YSOOVnEpuRGAYC0tRXgjoRX5wl5ZqjUZKAbUC, validatePeriod=AgZSGEzhl6jHMnOCukjGQjDNhq7Wh8+FQJp1zV9mQ24=, CVV=RK4lAOoa7VGC18GYQolgW3i+VuXl2C3SB7pLfQ0YsP4=, secretCode=qDC+UdG2Qtjsi+Ys55kPO8J5SdufsaWD4hT/3t98Z34=]
CardSecret[cardNumber=LQ+zk7oWaUGJ89QpE7kWZywheFJbvRSoz9bAiXj3hQgZ6z7IUJZCFYofo2Q3rZK4, holderName=EDM9Y4ioR1xaav5yLqTu1pbtEGbGyALfJ1qdxXsoPlY=, holderSurname=z/B05VNHdiqurK0LJzS0DPu1PQTcYu1/ES9+anSEMrU=, validatePeriod=loh/G/lRQvtdJ1ZbhEKUZUgeQQkiSFmJo9d7EJ4EOFs=, CVV=n2cVCki1euacZ+BltAHDQY0JeePwPKoPVBq1ahusB0U=, secretCode=2C5RPiWkZxzysC1WV0mZPNA2RT9JfxPFP0yWrgaWayI=]
CardSecret[cardNumber=9giR88tY3lb4DaRWrsVv5y/KROx2OUDW1M5+JBi3mgkMittkFmlnUXUV76N/oDT4, holderName=Km9AHZ4r0j8iK9eGIeUWCbqD4zlfaQ/oZo5T/AFgz/Q=, holderSurname=fszvnBYkYFe1ETPLmHKnDS6/Y2zYJglsDAISYM9WY14=, validatePeriod=mOU66jzIgsU3Gr7TFR4I/NrKDogQe6hsx+xTwqQ2JjM=, CVV=UgF/9dRQxUIKIegzaJlIAztCeNWDvLae3ppOGSvyS5Q=, secretCode=q2PzLk9KTdIySBnI+b8ZVScuZ3XFrzotperBzxSwPlo=]
CardSecret[cardNumber=v7vures+skGZj0MWDhkmrcz8sCCOS4m/8cyO4TjzLJT9A5BNsUUFDMxX6T1nKZQ2, holderName=5uXw592DnKDLFCAz5wD+99dNFxRt0GwvMxcEGUCafrO/0JurcJfcPWfjTzdc4lcw, holderSurname=2Xhx+VSnQhNuNLdsOAcpVUG4YS9nlQdxHSL9+He8KNWmUYTgx4U7yiUCHZYcPUhk, validatePeriod=DFDQ3GOTZHtca7pl3blGZYiZjJXwfZWcDuTZ1CUviTI=, CVV=03tDm8YbQ8zOOKD1QEixkRtqctxeo7azUrV9NOfZjwA=, secretCode=/Su+MaG18B9t2wNWnqIaPg3LZ7NrKRZoh0JdlOU7x34=]
CardSecret[cardNumber=2jhBAImHtmEZDYva6Ig2m/I17GGn7SGtPIZivwJjTb1d48do0iLEy0eo4R6B+b5i, holderName=j9EXuIg8rpUOod3QUwtKbgpTm2T6rr6ARDbOXmXAoA5k3210k4wQQ7QtLuwmPCSy, holderSurname=6/jWwgJlu0LD8qakSWYMSGH2aDG6bK3OAD9KRUPICT0=, validatePeriod=W/wriC4cgD3NAqbSv99vh1b4IQRmBVutzL/Pv3ppS44=, CVV=TR4lNlQ7vH/QBB3p4gpDoyoPqGViQCaMFfbXMG4JEnY=, secretCode=ivOhr5QdhA8JeBxcrWnoAMDRyl6LxgsgrWj3Xl0O6Iw=]
CardSecret[cardNumber=DCyy6k+KFZs7VnRfMGZSblSswPl8fuf18i6n2nUeg1j8+gZKl8yAUiAp7TL4LpE/, holderName=LmnByoKBqxe3hKWCslmDbeB3xa58lksaM8u8Fc/Z3GQ=, holderSurname=7f1wGcZH5YxCV/2ni5xhRJD7NiyTAZtV3IGLrJaO3B4=, validatePeriod=PSE87lYCxMvDs4KSd84kob0tX4gI9bzbYv0F47cqXSU=, CVV=HgXGN5MsqZDIlkPdXEKQHA5LA0D9TwQjo3RlHP2WVkQ=, secretCode=Xtp6mfQEdOyM565oQYCHs2uubnebrV+YqSM2PLBW1mc=]
CardSecret[cardNumber=GfW+xzcmOJJCdF9QbxhUN/BCPSFQu51rpD8yVBB1PST9cKcORLzh9br9ToAA2prk, holderName=BwbUzmvWVy+5u57uyHtVvxH/1Zrzz4zgkDvPEU57ngQ=, holderSurname=2o5HsZIE27ZVecq7p+8/Wn0gbBPJ9lg0KRdwMg19kHdgk3zpJJ1ak0eEc1S2HJ7k, validatePeriod=gpeicD7SgC4A4UaIDVtWc14YbIEbiEysrIoSCv5/+Iw=, CVV=r43laBCY3UpRayfgAfByqaUpphiRcVZ2wSTp3YRwZSk=, secretCode=5m4FAAEW0L3v+D3k4HRbBweNnvoH5qfJxL5PR3aB8Ss=]
CardSecret[cardNumber=zVp59GZ49jFBpDNlMQKAAXwohEY0tz/FMq7qBOhkSPkDCpLIugyPFINB87sck07R, holderName=pNDKqfkUpwWWFAhzzNVhKX+nHOgnLi8Zp0mHO9ygfy0=, holderSurname=2zPSZJH6G5YdPoqt0cELWB7zVxuGr8pjTXIAJkJ7TqM=, validatePeriod=RbWuDv3GkJO7EtRbfQ1mwo0KBb2aBw50tfkUYQ9dG7A=, CVV=2IqIz7X1RbALLROlUZKBLoSzvqOXI9gXzmNC0CWCSqQ=, secretCode=sHWB6vGzxZj0xFcnxWwhpvcil05BxCHLElrtevqfvhM=]
CardSecret[cardNumber=vJPKgZqskJblwFN93HHanV+R3vlBPbI74I0nIE6YjvlgmTpsRqen+/AWJ+oB4o0m, holderName=nCsyNOZfBBKTUbDpgc8sAEL8UkpYIVfaq5vDz5P0thY=, holderSurname=zw7RztLWAHmLIF2z6uAepK4V4nINvU//egsceK6SuxzvrGauaaIzHUYFcmQUqIFg, validatePeriod=Rf8QNhrxexo8b9tlsDytGhUidDiglVmZbSPdJfViNWo=, CVV=J037SjMr3WHjl0+6DGd3LkKRrwcpQJVnSsINNAj5EE0=, secretCode=JKqgRCDFxurEb7OB3Pe1Dl9V6hdPhGmk7FeSE+TTt8w=]
CardSecret[cardNumber=INsxT04FMuwYo0kZ7hKxu1rg5+MEURUn1ntqMLHbQCUoMgIvBF/Gv1e+AcG9SNsU, holderName=PILBkdlzykiWZ8B0G6IDBKGiYQcQNS9uBbHOL2rOB+A=, holderSurname=V/X+oSmYAn/lmQr5trXbUYQ2JBUZEDBvLez3SU9P6vxP5bM4zuTEXTLwQPCH+lmC, validatePeriod=ThnnLz+XlB/5cEXEdfcITidvIOEGN3r2HqD59VlM0dM=, CVV=5TrSO59pkr0Zup0yTuwRk1vDsmzIhxIw3fuOgU7KvGY=, secretCode=p+GYyTfcNKaU3d4UPQVB+GPpHLGqneBKHbLWApZFYj4=]
CardSecret[cardNumber=jkM4WSuGN8rV/zNufPaeD+b8WUKNS+/GsI+cpggGJmyaTxA1zsmT66T+UXe/ZYOO, holderName=Gc7y6flmRNSDDaxl7mSeoRrOKcmwiYY9Oqsb+AtuNw8=, holderSurname=pqsl3E60s9TX71OK1osSihU6ynCH4V9isSPxvAIXbkSPL8LbgMd/MMnSHrstEyXT, validatePeriod=+7yGPyUpvJK3opVHB09zb5JwLYR8W+l9ApyCuQpd0nc=, CVV=xLC2BFbTeKOvJhHMMQx67CTLYRIIxtcGDVQDURKbe3s=, secretCode=e8dk8FwCqJAZH5H3nzhTiHB+QiZWy3zEAHHA9tsVa5o=]
CardSecret[cardNumber=RJ9+gFCsHXDtD2/X3PzLD209gBZC2rcg29AW40fOgRej0qh4eU0Nc5iUF4C9+ebB, holderName=5timhD+Y4NNGFq6OMA+mE12/iA/zwD6X5qHtTvqal4I=, holderSurname=9iMk+XWPo/gxQzG5P/qulVzERPFRoRuuy8TxoTT68dYP/7sYTUGpqcmHKmCjK2ht, validatePeriod=EnHQSFZV3HrFOG2E23nSj5bVI9/KDjPgkg18WdhOYLs=, CVV=aCdyRZT3lbHTL1yCpPIItyeFg8RdKqtp/iq4a4T94Cc=, secretCode=2Tg+TKxQ0kTr5cVHcCkqrdOGHv9PiyXNyjV/gLt0Q4Q=]
CardSecret[cardNumber=XmLEDskqV36CzWvhS4gvLTGiSXhWqCWqs95VN+dDLWzKc1B+8WKzYsx9KjM8iwsZ, holderName=jdTXc72GXnUqtOfLNaTWKab377KxXRKS6z4zgnNxMRs=, holderSurname=v35pZB6vx0hm2Mjz7hEhrXWN9/8a1J7M2Lac1+bxGCcTBs95qLwCQ+cQRd9ssrh3, validatePeriod=d6j36j6pYsdDm7jrcezBkWFs1cnXGt9HCPXnNBHAmKk=, CVV=rBZc76uMmiVnCDEMaf1NrSb0xCum/TycaPUzv6XrrPc=, secretCode=0R+LCZlNh9ScPXstgspqpfoGq3wobGBWjl4fehdrsJg=]
CardSecret[cardNumber=jBrWGic4gEZb0l5kTIzXDwcgrE53L5J2IcvscvjijcgcOQUb1S6SfSqpSUePjCrH, holderName=4dcVSyajJtfT4+LVUdnxWKL3LZGNz35HUzylwgX+OQo=, holderSurname=Y311c65UntABvoNVykOz7y/3thXc+J19wKFbv5rrYUs=, validatePeriod=GrpIWudSBcze8UPw1ga56vBh8lLHaYbDdV7U1dz8qtM=, CVV=3nJER5pX6SwbmSruZo2GFKTw06F2HVCr8XdYKQgSk+8=, secretCode=O6nQ4naEddCjGTAfgBFFSQdk5R6ixTHqEkfblizZfx0=]
CardSecret[cardNumber=tamQLGg8t/4cuy8T72I7Wzh/5yXKGF04cq+V+7+CAGGAz6cYWQXZJJAcTRFj0O+9, holderName=UK2zrJkXGtYlRFXQeeMnW9umvf4wKMULGEuTn3gldlY=, holderSurname=qAFLbCmo6o3ilSB2A3l3cU2CjObV3oc3rW3uL3UIh9I=, validatePeriod=TM7HM5dnPOQVGw7jGOVF1HmN30yeqyr7D0k82elf21I=, CVV=UmHzDF6o3ws+fTgHuOHxgg/eYNWXBbWq6ShrsjmhXGs=, secretCode=q12V4lHEdGF4Tk+hpBo7V7j3kajR187rItiMn8dgMu4=]
CardSecret[cardNumber=BTwFPxna4SOALfSAr1OYKUxLor21mHPRDuQh8q+2TiN3ctS0mvkPrvp5Lc5sgNN6, holderName=jMi+sCHAFOn+9//fdlzk8YKS2VIl/HdHzoZkiuUS2lE=, holderSurname=j4GZxLdifYZ6bXom9FqVOCoifTUxxAMFN8MlNea0TKcucyHbtkoZoRUX0cGQqnJb, validatePeriod=sKFws++P/MrufesNLzDDCunWfqzJsHGUm0+n3Hkp6OU=, CVV=7WTdMyxSjj4mswpDkxp1BsqOyHxMU9ZB7FamWYGm4UM=, secretCode=PuwBE/dAYYytQ27e9EFmp2X4IoSYqdbyjG5OJQDhaYQ=]
CardSecret[cardNumber=CiYx6kbFaJfGrGQcx2nfddiajSVHoTvwip87r+ul5gEJMbu8LgAAMqXpgJVeEM8d, holderName=0ZmfHZV7pysIsoSQ0+0WNOIxX1q/4ujw8lMCD8UIZJ4=, holderSurname=F8Pf88i5HzdqjGtTn+xqvyMjE2YTLeQN1LGwlIzvaMw=, validatePeriod=s3Xf648wWRz5JnMo7XMVcjkeVs3Cp3fkKDyQx200KaU=, CVV=l6VPr1vHAXoXnDj83xJKqZEeW3dIIEhgDf4fG97m2cg=, secretCode=tY3bIKGUIBRmsNDjymx437+b7BOZUaHozTsqSseDXx8=]
CardSecret[cardNumber=M4BRWaV4B7yYA0Ixdmzp4vBnL6+RB7KYH3V5EZIwYDWs5od44XuUxbYkipbDf9sP, holderName=B/hFogCxy5fId5V/1oxOXwCumv8OZSjHmAOiDvqpONs=, holderSurname=JQBYmlV9INr++BrY8Fk/9B3o3RilUknCl1CyDwcAdok=, validatePeriod=eK+nFFJUdaR39DVDS5hTRgiBdB5KEk8dp+fkSvxanYY=, CVV=o7cQq+E5nTeNQVjRFmYDFl+03vePT1wNfzxcnRtOoyc=, secretCode=HR85jMV8617dKBmHWWAMfYIjSRd694kK37AJY9mRdEU=]
CardSecret[cardNumber=J1q8BgQb/7UvYY0ijz2Z6Ee05PeRtBXLIxL+YifGeWAp2HHibbVees4p6Q+VvB+D, holderName=Diczdy4H8xAVBe8/reR8piLi0PiqW1ZdNCVAmyXJ94IetxCPTYKBCrJ61KkSZMF/, holderSurname=/MDTfe+5qp9OWZaM/p6WuWpuDC+J200Cl4+oyGraSNY=, validatePeriod=p3dhykcQo5YRjz9Bst7jhohRSRmAx8Je+4MjSrnr4LE=, CVV=Er+rOlA7UZE6CpmBA01sHXiE3ZEDP5vuPErZbK7f+dM=, secretCode=VgZSfs8gmym4qU4fD1/NmXSrGt82yypmUUUurmnJNuY=]
CardSecret[cardNumber=Dx16nav3a5kYMXmxzNssZR246AL3F6CioCByDkVY0W89JkAmo4XQlgkzuP/4o2Wv, holderName=5cMR6vXod/HaRaft69/spmD501ssxQ2Nocd48jx48HQ=, holderSurname=vaO7Iib15iBKhY6u/pr1/A1roJk3tyQDotN1aWS2/G92TED+DzZDPVWAnHa/kVgN, validatePeriod=yj3b6xePdvcHJpmauVpOdkw9oJf6G4ARVADqiDg3los=, CVV=pCnypI46xKBbhsmTn/FIzl2lmYxkNTn1J8vRTklCjlY=, secretCode=JP61xrjydcaiqVqNimqNZUH0CyrcYIlzIEfFrPZJfEI=]
CardSecret[cardNumber=wBz93gRZcvDJImaBFlirgamLryT8FQyEIMzdpHxjE+14GpvRWlWvXl5wV84Xb/hl, holderName=B8mJRUNFczmFBtw3lYijpyz7/3XEHjxf+HLj3HOva/c=, holderSurname=3MJ/inpr4wFkoFgYOETt1POut86GF3Iil2F4/CRhDS4=, validatePeriod=2eZcn+nvuameBsefBpnOkh2KSf/xgJ0C1OnQb2Pk9e8=, CVV=H48/Jp3VgflPiZiHOOR4wgwr00rUuEZA7iZKnZQuG28=, secretCode=2gjtpvFGgBGkhT6m63PXAgHVGjST6nZF0PRtOTO9EPg=]
CardSecret[cardNumber=EuPQc/eSulDqS991fYiiry3wKNnaLmPArz5kBVFE9bS6Bp0JnlJPOekV974yRW7m, holderName=vUF+3vc/uyWoMQivjogF8h/k8sEYipEq2jLTLBcvNt4=, holderSurname=uk4dQciXyvi1gtRxfBj+n8snv7HBqRD66EqXgPo0uBY=, validatePeriod=3yujS0rXQ03JUGvlxoljvp04Tm85xlDXPAaNC15g1VA=, CVV=zLPJWLQZRBpTyvlvEJ8Piv1oHFwmrodpZtg0UOp4iPE=, secretCode=l7vjpW3yJGugOF74KKd4VrpWskvb5aKVbK7nvJb6+vE=]
CardSecret[cardNumber=7WMAPpElyqmeaE62SZSoH5opdtc+01rXPcrENXhSZCqggkANtyJOZLFfbiM6hjhP, holderName=xQcXGmFUMJ67xLJgKH0RRrvssMS9/HIknnPoAL3stKw=, holderSurname=L3LUPc2jm1gCOlxQdJbzKX+hgqwyTahIqhGqbN0Rq0Y=, validatePeriod=wRH4PU+hHPjhAoyiDx3+ohXwK+yBSniSm9HO5H0StBk=, CVV=H2YJnlgm0ovfxAXX0auJuTyb3CV8FEibndIUSq/2bTY=, secretCode=eqZ3eYffoMk6Nfkoa6etuWrGMWi9wflc5QcuRC94PXg=]
CardSecret[cardNumber=kDhJs/7Rti48T8/qYENs2Ya0Q7xOdwQXnHccvluTFmZh1VGf2cRw+PXWgv2A3ESN, holderName=0l2hPwG32lobDEZWCf5Wa7LzEoz/Z2uS8IuRyjtIGoU0h71OCNv88d1aTyo/4Far, holderSurname=PKPMzLNsU3OMCirR7xp+e+UEFRGjl9G5+GiQoP92Ww8=, validatePeriod=ub2Tp3yPjd2VT94KOsUdHkH9P/aM1pHkV8losJGLXTk=, CVV=0Dox3pQY1bQFkK7NyJm+Mi62LBW7hxQDC1KoF0bQqhs=, secretCode=pouSxgyaGdHtsjil5wgTdJqJA/yTMLaR/Iyrbrm9FNs=]
CardSecret[cardNumber=NaE5AJoOZ+xYAwo88yI85fmw5zdlYMW+s7krg9vFCUP9W6t82gkTlL1IHKEGjC28, holderName=BbUN8hONe5wMnKmo0OtGW1a9jfDdyXyQYP8M9b2QX0U=, holderSurname=YEdxIAXQKhbo555OjONvO+Xpvc8RjJXmAA9VXTM8qs4=, validatePeriod=IzK8a63b6RZ0OikEhtztkj7zAbdBNZXgc7f+LH2ddXA=, CVV=YDyggAiMXuUWlPxoovm8VU3HYNqr+AdyfwxMnQOfTaE=, secretCode=TSCkBDGo07vAJIGQli57KtJewGelbwmCZJYumTcFQ3E=]
CardSecret[cardNumber=qOmUkIUAY+lFsXgvVUv5pyPKcJW/jwKc9w3jyyyDOVj8TElxaWRnXRxJJfmX5qmk, holderName=VY2xarO8IHS0XIQGRmoYEe+7+25DpkokKf6+l/q/Xl8=, holderSurname=jGhkAl6t5OaAlK2trkVPbaNsW8Dkg16GLfXq0/CHECUL42I2EweL26+fcY9X/TR0, validatePeriod=jJdVM7DC6yR8rBHlm8TBOtKAdYmveIcKPVN409stxb8=, CVV=r4hmPcSXwzXQE6q27kZ+U0uApkoaz/Q2PpS+eYaCNDA=, secretCode=ZIrqeX7pzXleypg5jL7TpndvF0dFhU2BfY7aFX7bXJg=]
CardSecret[cardNumber=Ez32RP8e5+1vP3XpIYyhT2iw7tnfctBP+hMjcePdsDcvqmAquV2U7E1YZ0RXGXhv, holderName=Dey8Y9cypXE8AthutKFQ+XkVQnpyXpsyfXDLtvejzDY=, holderSurname=15eK+vmfQwL54WQtJdD/ONnW+rOrDoH6oq0/tBJSMo4=, validatePeriod=fHD8Wq/NLS2bl3s0O0ykGXB7Z0bAPedD9/NeEmFsLl4=, CVV=+kq9FWTcHvXmLrdGx/FHrgIjVAWidU7FKjZHgIcY9lg=, secretCode=r8LWyGVYgX69NjD8a6F+LCMweOPatnEwnzkI8/k+TYM=]
CardSecret[cardNumber=v84WtYWvuvA8szzH1Bu/CzQV6tRDgK+xsyhb+GvO6kZH37Fr4ngq3yt5VyBIV7AW, holderName=vYTiJSfwAw/FUf4A2bsAL7CZyRl/4aqZI76xPwQzWoI=, holderSurname=7jh0UXBNpRBWGExjIKnDmngHoh2C7gspwpgfBsj1KU8=, validatePeriod=pLgIFy9Qcq9ZRoHlP8Wb4LrXrc/Bl3hRkDG+EA4VBWY=, CVV=kSTTGrK/giXwIMDD/Em3nzOV2fi4sCUIGR8v9bDMlTo=, secretCode=JdqRc9O5R1HKF8kxSYL4U0GKEU7b56oMpzzaosYZlzA=]
CardSecret[cardNumber=D9bC0/MIdOMJbjyHSVY9lQAW8wr7eUTBKuOeehNQE2YnCQSo1wsE2w3tmmkiAg/I, holderName=n5WVypQaFFO4GiVS9qGqxzVYEnhveA4m6c8O7Gwebms=, holderSurname=WTjXfW9SeviNggfslM2b3jjpA24TR0KASaqLuL1gtrErS2CGQ94XojIuT7fZMG7x, validatePeriod=AB/bq8YWIpKhTyH3ZHsbHfv/+iY5Kov44JLtR9WDk8g=, CVV=vZHFpMmAsnSQAtfUP2mOUs/757oCqO8R+5Y4qjF9aSQ=, secretCode=2XfpQhz7rkhUiiSQO9Db1ck0N+ylbe9uSQaq21zABcg=]
CardSecret[cardNumber=9IrpxHCnRxnJGIzT0WhkJ4fqDjtFxqAx6btvu0Ed5xTSJVz7bY4Xabixg3srvDaC, holderName=7wjnAujbt+ZpMK4drJsk1SBMl39kHzOHE0Br7bI1USA=, holderSurname=Svr5Wc7Jh6o/mCbyHbvY1ouJSIyvsqZUYMIbrSUwgmX+mV14uiW+kak+zmRNkwW1, validatePeriod=CPy0kqnVO0OtaXNHciRHNCMIWeYnP2FkmPsgZRlHg6E=, CVV=o+JzDiwzB2QIHMUDB22TncYzV83OIpyLBTbnMrX22eU=, secretCode=pTdEJxImjaovM/Kd4FtphJCZoD+phOPlB4XYKaFD0lg=]
CardSecret[cardNumber=fDH03YeKceKt303V2CPg+cMPihel+5ys3e3DqucTIMxQJcko6Ho/FpucyxqJ4Fu2, holderName=gl5pS+6HBDfANF5FO034o4lYue7bwTXLtUm+/tH0xcs=, holderSurname=6zvybSJH8OU0kGaqmdvqn3H8CFDd0DDlhAV+Qm44VJw=, validatePeriod=b2VfsWuNvqWjSLHkzUKLsLVy8rMoUafTb1s/8l0FOHs=, CVV=q7cENdsYKd1/OZLhtttD8Rphs2soddvUGab6M1cKa54=, secretCode=alDpbXTiXuHty20W3Rm17GRwfsFFYVSa06VKOn50Mf8=]
CardSecret[cardNumber=QqmJ/WW6ktAvTZK9S+rXaFUcRvsetiAFf4vHuElmCHqUoumUpzF6Rp7o8uUZ/Ef9, holderName=ceId1Fy2FrZH9vTkeuMkrW7r/3Jj+WC8UYUef7SX/7Kym0WMTm4lJOG/flu3Pyjm, holderSurname=koLF6ifoWiqMIPlojsNL7bcWzXu4tEuKx0DrBcd3bjU=, validatePeriod=zLnJabf7qW5cqf2IoDDecqSkV9SU2/PiGh63tIZxYc8=, CVV=oE7B6VP/YpRXf2rzF/pAkTV6/pCRkzd+o3DFPyhsLws=, secretCode=9ufTEtd81zdWEB7cMR93fzoUT4duLQgLBelAVb/8ARw=]
CardSecret[cardNumber=VcRKC7xWUKD0KUId0UTjZfd0xQdRhXMQpVk83a/AmMZj62YWKaBFkNkyV6yQ4Xbf, holderName=/Cn6Q62SBMlZzZJUJsfYxy9ZakSY42wfPVpZ5a2LaWI=, holderSurname=ISVBvhE9TatqfysyKmz48KpGGVMHG8WjpuHuD/jFV9s=, validatePeriod=umr0VeI3zFNiLYk62AW8+OsjZlcrc6sAns04ZpkbmLc=, CVV=FMK+knjFBtLEE1OkZxE8CVZD9VIsM1cgIPefb7C5IM4=, secretCode=mw7KFLV7v8qdMr/mp345yBBHCsnpxGbAPszAmWJ8fE4=]
CardSecret[cardNumber=DJ+IBoYEjHqRYx3IQYHU5hypj9vc4FHaI5bvJaWfhh7bY40nLUtsNKyP/95TA+J7, holderName=yCTwkBsRvu2YOMMZ5KHyYaWrPJS43OxU0fp0VW2YFh8=, holderSurname=tQK4bfuFqaabXi2/9Yx3byw2M+yuz+dt+87uRfP7P2A=, validatePeriod=2275ZC7tdtvEv8zm2+/zMAnGGobaOacLP5HtakSRvAI=, CVV=NpkvrKGZJC6LBedNSjn/GCGwylaIV8zvJ3NMukd31Bo=, secretCode=Zxj2/JS48v1ownyOq9P8OjcqEXhTQtKIKk3aO/lEeEg=]
CardSecret[cardNumber=FP5eAAKFpNeRYg6daVOY8Biqvn+93z8dgnSuQcabte8+oJ0IrTXQpXq3OJ0PPjC8, holderName=sLWHu/fmINevY9+ssNa/glzPTEzDzwAt9CbEvpbSPIU=, holderSurname=qbazXV5555qVtrPfOmfaKPISpdkC/CMwCE9uQY9uWwd9mmnj07QjanCIH8hZVSqb, validatePeriod=CqeAO8JoBSmbpjVuflXkofmPFoRgYRZDI72mRFcc2O0=, CVV=bBNkBRY2SI1BNKsRgrye4iGytbBpYiEYjfprdExGXiQ=, secretCode=DrHawergpgHpEE9l4NrKbJlcg2iFQ7Fx0s1YrOiwPFo=]
CardSecret[cardNumber=meB86dNSzU4yL9HxxYolEdXGkZkKZSoVrqjzrleDwZy8Yw6uBspodtFMilZ5x70e, holderName=WFP1Roec351/bI3z/KByxmJ+pRtAhLwoEAAdFhlUXRtt//Ug7Bnx+IA70Ax+s0B6, holderSurname=yM99of+FaEIpcWtJ6cLqRujfqTW6GhM/0VKpI2EEYWA=, validatePeriod=wR77dFnhxMF1KPycATeIY/ezkNopyzpAdZAMM971FCo=, CVV=n/yLQMhI1E3vO+PbatOS04T60N6PlN8XKkTHRQZ5zzo=, secretCode=4/tIVt4QUbOvL1u/Im+wg2QyqSQ7j6/YOzV1E5iy/Mc=]
CardSecret[cardNumber=Eojw0aw1cq62dUUKzInXpXa8Aia6vItzvDhoyCHiBsU8xzcvpT4z6Q5jUUd5YiFQ, holderName=pQ9xmBy78rLLHP/YeroQXPnFtefStkjSTXmM54BbJOmLyC1s01bDJMQrArfh1SS7, holderSurname=SCVHRYWY+mgvJnrQhDy7GRauzKtg0IW3ZGTjfxVtKTY=, validatePeriod=LG+kobHgZ0wjQocpNziQgm7aSmY/Hr4yEd2WXHT+ciY=, CVV=EHIpaG+crUGrQndP4v2oAi51z9F7LqlNOQ4HExhMKtY=, secretCode=p67DXOTTrKY6MlT98HZgyn2BOzyFKPrMCCqGGsq75PE=]
CardSecret[cardNumber=R2eDRkabxPWnrhM7zhTuXFoHffsbak40J4MyArkeSplbYJh2x4ai4SVVbNf07106, holderName=eJ08HPq4i4hd7nojZYbibeQNGKffvHqYKA68fHcOxyTBIVESypSbS7sSTtpI+/MX, holderSurname=hFNujY/K/DpxFl485in4R+2bZMGSlsB7ZCGA8XQ3VxM=, validatePeriod=q4IL7z/16C2JpQexfx8lqBCEpZqC1zmuKRzMmVm4YPU=, CVV=AoeceYGxqVEB6OaY8nPlhAknuZLczB+xTLJvdPk6+Oc=, secretCode=hrYPxY/H+Y4xKxnwjGLhKTsiohdZjy9pBQI6aJ6n6hs=]
CardSecret[cardNumber=AY6GDx+uols/HGvUClrHnQzeVTcaEY0V7UD+ovq32XTbrKPetfEtT8wFsIi/ZFBe, holderName=PKKDdBmg0tcP3+8R1oQ1cuaFTOJzQrz9AHJmqopUmVs=, holderSurname=zcQ9krbqhd4RLi7a/DsVYHYTLWfVZRKKJRWutD/aKok=, validatePeriod=br/bDqlLRXwCZrfWwFeCgRKO+J3dk4LaVBioYwBWGmY=, CVV=Gm689ghQJBl1g7p1usqoS90LJSNxSWuHcSge15zxScQ=, secretCode=Q9fh1o26IuNQK0U973yNJ0axwSNKfsLpWwCgQ4iDNaU=]
CardSecret[cardNumber=0WJTPa+pppbgrG+IcxNVcwtNMOFfm6ihbIOgwIBk8K9JIOb0gU47JqXZoYrNjUKa, holderName=IW4CUpZ7D5bVtQsXYqMlMPR6dxbBErtlv4wG3Kq2wn0=, holderSurname=tjilW1USi8+AaXbZllKvYf98iYw4/RTMmgdjkqASkbU=, validatePeriod=8RaKotagI5EMIizSgU0sXW/K1feGMv3tU44Rj6Xd9BY=, CVV=6gS1EdxeJ0YS3BNCpcfjel6n6J0A1yJT9JvpUIYWqvE=, secretCode=CbRAs3bNxrASjKaRJlINz2LdbAGwId/plOPEakZ/kkQ=]
CardSecret[cardNumber=8HxU2k+704Ybkz14MOv+aEFVwkLy6veHCLZKBXBuxQq/OPDLH0TU3wJVsO3ItevA, holderName=csD375iBbyZDK7MQbNWy8UU2DlhPV3Zhl40RUV/0ytc=, holderSurname=d2kQFUFBuEE3OT3pBMkwIk41YmAnmCjk5wq67KwSej/9ZRUOedGPIzvEEJt/aMZx, validatePeriod=QshZEcN4mrm+NUq86wtfGjY8TCfAGPRSmVxxZNv2ZiU=, CVV=zIWQO0nWcA4PFnqsPu8jBRQST537xl6TEh24Vi7WigQ=, secretCode=KdjmehKbGV+8hJ9vLFaVoq41+xTSfrp95IX/TTCv4gA=]
CardSecret[cardNumber=iT/MpK4ftis3CFMVry4P9nfZZ4ORkMd8o2ft9mpCNi2UhK8AtANwgQJxQThw5n1a, holderName=ae8ktcq8mtJ1xqg3oAeFsc8ybfxHWOfwBvdcz6X9zsY=, holderSurname=gSgqowS/fwH1rJPj3xzYOaqMRrC8+2ofZU5HS4OO8cpqIxupFPdvqBa/GxlvMaga, validatePeriod=WX9WFhvKnHAT9xyU6yylOPNyFJOsYBLWXs3vB/EoACs=, CVV=l2Nocx6+SxDTYY5eJPik9COW253w3560XpwZWcbylKY=, secretCode=AD3EXzPS9SVWsxOpyLUK5cK9D/SbqYggklBL9qKw0i4=]
CardSecret[cardNumber=CUxMDVU30egFxK2QSNBUlxblGgMJ4ACvYF2S/Rb8CX7GbYZOPjYRFQZ8FITmvBzS, holderName=5vFF0utVSTAb0cHHm49Kz43bE01si9oNG5/WfFxGsYc=, holderSurname=fRn4YeHjiTMsoLBy45QfVoeeB7bxbSExwKSG2hkxxkg=, validatePeriod=biuI5Sp3qGHInJ9OygZJN8LmDVtWyinYycXhM4qRqpo=, CVV=CLYU06siAOM/DH2Kl3kGuY/zDnUPbrZnabH/PQnvwTU=, secretCode=A5T4dqw6IHuDgfX5Hui6XU4olOG39ZotjGqrvGRme0o=]
CardSecret[cardNumber=15rTNGwVgOlUByr2l516a3b4tyWR00Kbux0K8VZgPcg8zwdwZ+PFTUFRDN5XD6sy, holderName=wJ1Uf10q1VkjMIdO10/hv9+V9KjGJTW+aDHlOUdUNRM=, holderSurname=wMwi1QnWgO8qzUDbInO0P0rjmKz26CJ8mabSM/bG6vxedJk4+UDN+W6VTNDAD1M6, validatePeriod=XJmNGYT7uApU4zY89CnmfLMUvoa/qt4zWZqgSzIJrJI=, CVV=wJEVAzprLmIDEHreT/pz9Lp43EbVgA3OWxDGBvkWjyE=, secretCode=dVj/zkZuAkHq+hj80NyvNqXDjYgyxVwO/RZPK684MBI=]
CardSecret[cardNumber=BHKQxeieaS3Bpm9LNr1rOGQg47mFEVg+YnT9MNGyoNQsaLETM6wnKdrj7RPkg0pP, holderName=wa2IYfIZKBNqzxlxYB9afnGl1fV+VukppXFeUXzuL3Y=, holderSurname=No0C8yCOx7uJ6WtnN5qCkA6ZbQ3JvzGUV99bV2W+P4HmavSU46xmqlRmULb74Mg7, validatePeriod=ch/dk9jN38LikiXzQ+nM4mCeUs4lSgCJtAgrbtiUCmo=, CVV=rQp9z4MKUZ9M/giC+fTK+uREL6wfwKtLxV6etAQpohE=, secretCode=UiWvZ/JkW7bTZ8sYxPu0hVermaQizjU2t9JW5RJIp70=]
CardSecret[cardNumber=+w813hNcflpikWNAYzzqUFoEcuRacZICM+2f5mSMGu+wz2TFG5ZnwA6aB3ZtLMAq, holderName=sC7L3G/Y1RwefotTQTSvrf8Fl0R91P5ammk4ZA+IVw0=, holderSurname=E2PZgcslPvlt8W8heXNCWzEvxmN4gF6bgvN4f02OOPc=, validatePeriod=ukLcQiiJixGhhDFDLfPeyev0mCdxdiC5qFhLQiugKz8=, CVV=oO2WzxVk+RE2L6hZEzBseadPqSsWRxK2GFl+ng8UNZU=, secretCode=qdnC5d1rmpJjs4//VODqf2PLivsIqRrD4jeaY1Yw4TQ=]
CardSecret[cardNumber=R26pG9PX95Dv7N62FeyjOJQzt5RIcDodXZlnuXtJ+JXxI7fzi52nAmuyDX0s30QG, holderName=5kFIdQicze3cOOkfS8ds769CkyxCAa0EOMGk5yJZyqSd1WtzYUw0Z2x5EIjNDN4m, holderSurname=dskROLgaymYYm/Ge0NIFewxHyiOTb/oUEZN55fBklaU=, validatePeriod=1VdGG3rZIEBvGQ2Yb06ITkTjrmTemCostA3tMScrhTk=, CVV=p69MLxsrVnZPmeJFEgBO5WSDs8IOPl3Dz8eFBfZA1b8=, secretCode=2mQ5uwVwyHnG9p6pYJhg8Kl4c991rvzlPS2EJwkJKaI=]
CardSecret[cardNumber=AGRFADPpIl6r3yXNresRxSjO1wkfAk+eJyQA+9SR4l0DSm4f1OZBDZ0RB+i+ISIx, holderName=bfGOMsAY9pUx9TYEJAQdJLohYNzO1mNtPrSSzlFTyig=, holderSurname=E99dNq9dGhY4+U1qWTlipY+k2touQ1Su6DrAw1ZUdj0=, validatePeriod=LUKRpScTvT2+qHGw2/0E1+4DE9YHmEFjSbc37Foi1Ro=, CVV=dVeFl4lo6NIQUzcTB3ADOtcyrKKePMyMaDf1qG/nV78=, secretCode=hhoq2yJOo1k34pQGFTUs+pnovllc4ADQzd+pGfTtaz0=]
CardSecret[cardNumber=b7SXHnjjsKAQnNevDXJ+paplwiJP7og4UL4QMM/3I3T6FWhkqvqYWuEszvTT3P7a, holderName=UqpYHqNsULD4Uet3/K5cbFl0y3MXff87i/+x2MyP6+A=, holderSurname=C+RUSqiBCj+TWcwDKrvsdT98nbvqjH3TkL651T2Rxh+c/BZekCjQW83RuxCDL/cH, validatePeriod=n/3AxeE4JCMYH1jOKPl77KUE9Mi49Q0jUEF1P3qHti4=, CVV=PQJWvnbjsGznkbpQjKaFq+QMLCtQVi9sq7OHWlhDH9w=, secretCode=sNhk4OyRBaP9qpLL1QZR0zjqHq5hL1VMcnJRtrBgU8w=]
CardSecret[cardNumber=TId8O35V7DYdy5LufCW0A4b6zqn5dDBf0XIFGzM2rELeo1a0y8Rd4m6216Iacaj+, holderName=F3n7MzoeHxIWjcnSNVXsRE9GQ+zdutPN/VQ6gN88Gkw=, holderSurname=SMkCNx1+VVFZ5UoTsHseHYnOY3odGMmJnYt5J50eX5A=, validatePeriod=x8zFUUL/xT18zeT0x2G9cHN5b0eo86gIQPiFwcPYdoE=, CVV=e0ZGWX3LWy95g/vgeWmJLysS27B9mgWItKDI5hcLHx4=, secretCode=Cf/z0FKymHdj7fnGprx6TQqOMo58EBADGZiMQ5bn9ks=]
CardSecret[cardNumber=4p58I5cbKxfCBaNp1azWoK7IxecHJHVyiJX7tB0IA72/yMIxxShA7mlnTgQHonsX, holderName=MzeO8CnErN2vt0hytLWwkZsPqAqC7NnTjKnF0KIGsHI=, holderSurname=YipnDxUuvk2XMsWFcre/9O+qIPhUVtRbBqoNL69WCiA=, validatePeriod=0+3vmQJfrGadfUR4yC+cEEkrDgzscUMWJ5olvHYFfaA=, CVV=g+UvTrA1EktTybWKLOyVNOlTUEJ029hB2ErcEnqRwEo=, secretCode=SeUB+REK+8pm90VKcc6Lpw5wDjgiBituHup00hPxef0=]
CardSecret[cardNumber=HPOX8AiAXoVlc/jsSwBjvZ/Mn88RFlRAk3AWK3AkY5EUID7kZ73AdD/f0wW+mj5r, holderName=sUCtWbrbiQxfAlVIAmSNOiPApEcDF0MRZX2C6vz/4hg=, holderSurname=RAwA4rBB3BwCDYouP5EmnadNUkFS4b2Jik0K3BjNBF0=, validatePeriod=uxUdXT0NKPI8bmIeqpBsVYtokWuEiDv63N7EknOfQJo=, CVV=hQ0tdb1cKY3KG4qmIzhSGURjpjAi4rgpWdlQRCNTA6s=, secretCode=nOw0XTNhLIuLAMiYwDP+aFbQWtTpKnq3N4c89xX0B7U=]
CardSecret[cardNumber=i/dQSwg9JVu+XokJR8Gqi+PQEHFP17/kRa7k4U8e1Oqla3YgnOJW1x97vws4OWhM, holderName=jfjISJafJyZoVYdg4E+AxB5DKnhyxi0vOp+pjLZTSWzL1Br7Le7BUneWPQFg4Y1v, holderSurname=oVCth3ml7x7hbM7UFRVt7g7cmOhGs1CqqfVpBzLWscQ=, validatePeriod=BADqUWGW38wyPDHI2SxnLrGp2Bso3h+x4VXaTs7vqAE=, CVV=eKh0MqF/pR1/aIMDQZmKCIrOWbWBWfdE8e27lC1IQA4=, secretCode=xh4FtsXyZ40JxpSvnoXz2JSr+SRHYGWMJA1WWEw6xtY=]
CardSecret[cardNumber=VcpkncnyCnVsyXC+UUfwwQgIZ4cYKHwY5nrUSvNJDk6oNfdFaOkSfUH/x8jSewTd, holderName=XtLZo3QM5+5pSEesCTawsxDrgmc2PrJIJN/nH6s6gpKY14HSX/REn7jAtWJXUiTp, holderSurname=FtyVzEg/0XjEAhRrkSz3rQHqLlDBKv67V2KrwHpVcTk=, validatePeriod=fynPt0ViAMxQy75/0PAUIjrbzQWSImbov7f8PoEieR0=, CVV=SANUWyVPa3GKJkebfoN2sBY3Xaz9MdQeKxbyeeZGaEg=, secretCode=DmrT65dQJ0tXx5a1uYE9HoYFefsN86P7iQTEULfqQc0=]
CardSecret[cardNumber=pqI4krMBxA67/+lf6SCTn0VWezQB2bzGBJYptAN29ueLptXsM+UO7AWP3T11UZfh, holderName=4BcMCrFzdhQ98bO5tzwxw1CDjuSaxyxWPTQheYwHRGA=, holderSurname=PvrRqdcjlkipMFYjakZxMY/b8Ej+/dBswq4iB/it9PXyQSQ3LCjCoqONqk/7RbW1, validatePeriod=LE5aq6iowAVJSR1vGjT/HttQr/BFsazNTnE5MSbpnk4=, CVV=i4BSx5GVjoedK5QMvxh1wBnNPOWC7vZUEQKhiPZcVNI=, secretCode=W0ctLIYdiHDE3Sx3k6BXU/uN4ypV8LMQq1tE5XkfhDg=]
CardSecret[cardNumber=ZLmgzccKKTffoGBAraCYAQHrLvPiqsyypq30tQqxe75zIYPXFCe+/7yUUo43VNnm, holderName=jgoth2tpM0BQBfLgAKAsgcXTCfi5zDqPmE1Wsq/crYM=, holderSurname=C591D5eK7/18Ibyu9N7JyRk5AgAQRQgjwhhiTn/KQEA=, validatePeriod=zJYJZNC1levlOaTqHFsIbQERpNlJlUL1h7UaHve97F4=, CVV=OV07jZQAMvnP5AHkpzOkqxvyfkfmQIb4Oxrduj6/ppA=, secretCode=2PeSznavh4aKfVS/PdHhOYnEBzFslHrq+ioXmk6xASM=]
CardSecret[cardNumber=i2EnRWQwkFQiLbVBklYptDZRoZnCixnlZNVIUAVik4mATAczHiXjnu4DXWKnNkcG, holderName=p9zU1RD+335+DwnAsnwovo/aASjFhW7P4ThUs+Zp4nI=, holderSurname=nKst//26IPbv3X364Zw1OQyuLZlat5O8EBW4BT0vO2ZOatm3u4dmF6NWDTA/3pzY, validatePeriod=/wn/X8Qyz7wNfN8dRwOEG9Z4/i443Wcw/lE7QatWy3w=, CVV=vEMjbdoImp2EQ6CrkR9WSktknmgnZjxG8yDlypFLG8U=, secretCode=WquCStA74W4qOQSjrPiVLhwE0d3rPvY5WmuAEIlUQHU=]
CardSecret[cardNumber=KQtx8/7YaapEKQaqrpKDSc/4CSmsm0NqxKEp0bVhhzps28SehLBEKJFD0Xy1iPSt, holderName=2U8CygOu3vvWhLZiUPCDhL/aaXULoWdMyIKEQgDi6eU=, holderSurname=T5ZfG8vhFqc/cO3JYOU9mvWXMVZwy9dE+48j1L7YQ9dbUyksgj1EENoEPzrig7cq, validatePeriod=wIIqkO3QZCClda338cl/dF4DIn3Z7fdTXlcM0qa+6Mw=, CVV=wgqVb4fqeO+WfmR4lgJOzK6wptnSrlWLNp/igqdcaik=, secretCode=KxV92CeIZ8s9hYsKtGeLzt/5qcj03vWvr96cSCDp1Rw=]
CardSecret[cardNumber=Pn/0n/sCXYAsboP5ymAfUbwGh0ap/ejDcBRHaYVQoJMwwXLRuCnrR7ONs76wPO3N, holderName=CYmYtJuaN0tZuqHSd/ZN3YxW9pXj91OIpOHKut9lMsGmR4Rxi/2kwBGTBY8fpWwl, holderSurname=ujTbZzY7DzDnDKnGHkI+xkICkhsIpyJzK6nYjBzfPS0=, validatePeriod=RS/L67Pk/nz1LbogGNiTP/0B+jX3XEFxrTFjg6RKl1A=, CVV=h2NK7q5hHm5SeM0FU7XEW7BIEnfJZQYMvLtiYfeOCBc=, secretCode=zC5MiwfkFsPOWAY/cYoegQjSkrh+Msce3KU+g9h9gT4=]
CardSecret[cardNumber=xm9KdyLhCemKe+ApQCKe+r0Es/VAX7muY3Cpc8+yfp2p+86e8AQvcqfg8Y61rUFJ, holderName=YjE2mLHp7fAy4rlbpJC6t7ZSxjgajvTYK6BuFE6Yr3Q=, holderSurname=ssLUV8htNi8PqinNwexda2VGMJNM84FoyzcdvrKcAGo=, validatePeriod=45uE+XMwHMc+2nEKQjSuOtfvtFcLvgzzQ2VxjVZQt4I=, CVV=J/U2YtS78ppkyitkRrLInXtGdy0iEC5Xs2uc7TXm4MQ=, secretCode=b9jINwwqIY8eF9IkHQSA384k5G8M0B86JMl0ZFpFPLc=]
CardSecret[cardNumber=Dg14Lbm+oF81Di8nTnvJkNFLJ7Ou9KtGncE4KM8RUx013D2hYCSqQ91Gajj5DGdx, holderName=g8BEh8MWapcjhciXnF2X7IRk6VTHI4PKi0qL+0V3VSY=, holderSurname=y40g2c2PawsN9u8JmP4PUQolcQ/0TAQIL1aHesxXvJo=, validatePeriod=Fzpd5rbeoxvvWbxvkCae+5mpbO3JHCS5DIBGqnQTnrY=, CVV=jcMCOUxSjQFMwZOTJ2TkkNiNFLhXnoNLyrUnH6WBjWA=, secretCode=00zR7g3tI4UXMj+dXuAmW3h1CwcIUYXH6CVVbAMTyiQ=]
CardSecret[cardNumber=CuSzfiZYv2pCOZnMnf6L/0qn6/mC9ALo4zZKXAnCQ3gH3g6eIFh8O+Kjb3izRr54, holderName=u1qdUv8MSp+ThKeaRQIHg6Q3OcgTI43rDhaxEtXKtoE=, holderSurname=B2D0gnBVRz7Mt+tSTUhm+8dBQtRy+bevfPPozWZliVk=, validatePeriod=MTPrLfx7metaUze5VepZIrSqObB91P7iKUI6JGToa7g=, CVV=RRejYolPHiB69//iIdJLb2sDy0Ytv6ttbF6lXWHDXB4=, secretCode=rrcjLoqokAooEoBps1mHfBcySH5SXasgsPtc+aKxEho=]
CardSecret[cardNumber=7mvsTDqFpmyK775zz/Y/kz+YFcpnN36O7uEGMeWW4vmZJAjNR87mmazUhLNjlEMv, holderName=Cd8Wkke3a7D+ZZP8xn0nTjiNWHX6KkdjaTlGwjaU3y8=, holderSurname=OqJP0wTMMzu7B9vXk+mhKY0JMNCWauVvot9qz4O3ztnhSjJ1kYXUSQeOrCxxprIB, validatePeriod=ryBhK0p1GuygbAYZo/nrhxkqGa6leI6JCQfLhdEeKAQ=, CVV=VO/3v/pVMEad1BC8ANBdCiu8TnFrSB6grRq1wdU/6kU=, secretCode=gwIayphEO89yDLwXHMtxsYnStKA9s1ZLcGT3SHrY/dc=]
CardSecret[cardNumber=zmEExkACAgyvrv8HrAZUciM6DL/R8GRGoxOsuBR97TUKzvEh6FHtwGxydpJhLC6s, holderName=hkrSPEUmhsScswn/BLWjvrp8Cnl8kxC0+w7MTeKlQHD6bpbNCIneWGR/f9yDlyMY, holderSurname=wvi5ZY+auSG9NAdWvtr+yTywmvpSaSTElxOt7zm+QQU=, validatePeriod=zspPk8Hf8FuMwot4yiYyicDf5dPJ8FN8lkRYdsQMOQw=, CVV=6eDoPUu2Wqjts7oGOJ2WPiboQxqQU0Igy8c6KNX+aqE=, secretCode=j9pA1Lc3I6zXy+A9nOm4TXx720MleFh/UK8jL3LM4v0=]
CardSecret[cardNumber=b6JKdfvGu4o8KoH6T8tOd5AjLFQp//fby+oiCCS+zkqKH1RBfeASHee7zIjv+lYg, holderName=Wxa+TsWWsr+dJipnm0P0BWWZMmGQ671WLWSZScRYVeBy9bRbQ5bJ3PCdi1CMyHht, holderSurname=pr/8MKS1u46Ms8vUBfx0hxubo6O1Y1S8ndyoN1GgTJw=, validatePeriod=LCVQoEGVSpDoNFxGI4o72Ua6NUoEFaM5BgxXP2bXIUw=, CVV=1GH5fbAsPK8MqyPLP9ipgMuj3xrtn7CT3bWryoitNa4=, secretCode=lovM0hVrh5HwThsdROx9Jfh2q2ClnJNGpNfnLRmM1Jw=]
CardSecret[cardNumber=qLTRevKVT+n6+LgBGVFmvyNVscBkZ2zoTybbs2HEfc4JwxsHB73iivjo8VjZLSyd, holderName=YlV83ubkXmnFfiz2OYciC2c5rmEiA1653KNN5kYlcQ8=, holderSurname=HUNE/CyktSjseoJiQ0OJcWz2vACTG820GYcLIDU7GqMN+DTh7OgBGo/hdAgj7XAR, validatePeriod=vsDPRs97mW20gRXljnLdcgSFbT4h8vktUvDAS//77eU=, CVV=CIfek1UKL0A9BD8k95NjkTRW+gYvEFyxSJoUMQm60Mo=, secretCode=6ZMpJnSo0Xc8CSlDrPi2Ek7T9LA2E7YLtnSDKZw4Bk4=]
CardSecret[cardNumber=b2TQOj0vr49+rleGjqnp/2YWtCRmZcTbMJclTTM7D2uz1fLenKHAzl+8hA795alV, holderName=4w5RLWJSWNvy/gTzDSbqzhFBCulnK/I0/CrHKYu7uPg=, holderSurname=fglRqT4p8C2yXLfpI4JVfJrl3Z88HHaGglWRxCJHzGA=, validatePeriod=SjGDox9DlAnKWADxWjmCf9fUjLHafzTrcczeRxxzY+A=, CVV=Qz11QqtDoxjq7pusyexrKtRZmMg9760grbGS2r7JTkk=, secretCode=4jSzFwWvKdlBD/No8LeNawr7hkrWBFRDU59xIjUHZm8=]
CardSecret[cardNumber=58cWSLzKdFdVpTS2MgrN3FXi3eWMNnEUEtkmS7b60MLiVZIj/FrXISq6Di538zBs, holderName=hddzuZFdSi+7Jj/g0MYDu/e82/CaI/pQ2UHnZ+bAN02I6+yptBja2MFw7+r/yob3, holderSurname=TsY0iuKEVhLsj7++pvpxJHA+hNy0+zBoGRjXLIvKB+M=, validatePeriod=txp3mFzT5C5gZ+2HZ8iYwsdAz9E+3at5Gsyyx5MFTzI=, CVV=VUo4Kv9rWIbFXP38iipLjZv6hlnuVvqVC8v8mKBzQgI=, secretCode=o1Ph+5M+Jb69c+f/PdcnBED+k/FYRHEcx0VxFm5AAks=]
CardSecret[cardNumber=42CIN5qNtAzg0NufLd6PHFo2gpbf8xTDVgAziKK88snPlSlKa0I07XQ3skjZUMtx, holderName=K4T/16DXvVdQRFyKe5TjsyWskgyohdmJ7ajPu9L2fxA=, holderSurname=5ppQ+ejhgd4/UIVWZ6WZgqU4/nIYnpGPt26/FVsu+5jlcQkLq6jC9ySxcGVAb6ys, validatePeriod=3KzTG37fozQFzyZMUisxTVv7U1/wLDmkOmh/84aFg+U=, CVV=8sOFTf34caJW6JYq/1IxGh8SZQoIfhoE/Bu2/gOYDrg=, secretCode=XhxrRl17EUp354qzGRx9rolkQofObX0XhL0z1uiyXFs=]
CardSecret[cardNumber=1HKYPTPD8IPG5/nQ7HwLME6xqvWA/lmF0TdZRUdJ9NKA77s9yeoXfHwcv/5qJfd0, holderName=fvE15d7ajhEVym0YuHNeh/f2X57368iC5D4V1Z48kIE=, holderSurname=zLMd7rinF3qO9IWRB2ldyxO4JQSrrWed9IanxYfOoQE=, validatePeriod=NpSIPHAzGs6OR9lcONw4BsxvVHiIv883MweMsl4j6s0=, CVV=a0Vi+Gf9c8DpqaMWZBVWVji/mCGXvQiX5JjRmT35MI0=, secretCode=s5PRqIEID1TB0C4t7opiLQ4LI4xaXJUe2ymlEYoMBkM=]
CardSecret[cardNumber=B7xCgXVKZvD6XgwDwlfOp/SmtgLqJVbqKWFCSydR6bv0H4rmPMKR0FJNrWmylnK7, holderName=8UhCHL1CIQxQfXFNlXzPTBEDvZpqGNtOgg3hGitxl+4+ybrg3JoV9qc7TZPBx/y5, holderSurname=gZqebRMt3l5gA0RYtgFOoyQ3GRjIcijtbyCt02KqLJo=, validatePeriod=y4tKNb1bV1fQK9YAeLKZoFqdfUnlNYV15E7IPumKDTw=, CVV=BRBVNRr8keMQCqLmwcRTPKYlYwSmroYrWKIJlpQRV8M=, secretCode=zLtb7/wCGBdxAGwFb9DkDkEK3TxRfLKv47XHknIgCKM=]
CardSecret[cardNumber=y2DdDWV5iadeG0u1gtlhyt1tyrDewKph1bARch0d717+I/TLI9A7qJDn9jX6FBcW, holderName=3YwFs6HNW99c/vBW0Ui+k3gnNaCaRU0VdCQjmDN3Q00=, holderSurname=E7J737Bq+4hSsyb+V8b4OWXqqF4jrI5ChUEKTuBe/Po=, validatePeriod=xH4EqOksPK3I1dVWSY2FmnotiACQ5gFo1SK9azPY2XM=, CVV=EIMlZaxizWRavOoAofYP6pXoUKXwH9ELrYZZvDr/jNg=, secretCode=aNRPe/7DSyjyUp1xYS+vZRUFMWnOFc6TutfIhqiv4cE=]
CardSecret[cardNumber=lTQwUmASQzoaiqFcIOb3W3HnXusCUGXCecC7cDn9rR50TUqgxIbdNh+YAvTUW0Ze, holderName=0Jwh1CWS+0GIinjhLhyjynh8D8DHKSTYS1I83nttUCj7Ue2Wp0RXh3z2KM1NnGbf, holderSurname=cWYRGUrMKBdqojokqHneXBmBc8cIQlwvBqwIdzW9N6k=, validatePeriod=hDWkZnWnIxwlNruI9CH/Q7j/KYWZCoQtrhYjN7i49yE=, CVV=EvhzxiwSkRHze00Ia4xlHUmNK1OobGC725azCIvdtMU=, secretCode=Z5cPa1ICg5uVRxz5ISgpWD/EfrXuhTCs0NeiQyvzrFk=]
CardSecret[cardNumber=EkD4LzcTMQfMQ6zw+9WcH4taoPB5HctpuMQE/QLNEbIS/hzyKHXH4A5Bfq5mwmIa, holderName=IUKMjULCZw4YvndaSzj07eA2Ls/7N/iVl5EjJDPbvdI=, holderSurname=AdH2T3AqW1zTR0zp1RGWMfbBSYMJMH/fpD4pkqfiXB78N2OjuNuagh3T1eGJKlXR, validatePeriod=oFabIQQapW8PfKh7M7IHBiRAss3pNv8Lnosur19IBWk=, CVV=xX9QLRSoxi8ie0LdO+afeKMcq+lv002BWoSAceG7N2E=, secretCode=lRepxb4wAEac4VFNzCW+2QBH2R0Ip3CCvOQN8mCec1Q=]
CardSecret[cardNumber=mbb90pRrQvwpQyI/bQ7AJQnzeEUrTEN0chLHxilCja3/xn6Wv3G/88r8lv0kRLHv, holderName=Yjx6rvtlyw9vrzTz3BRTkLD6NnH5ivZexaVDReUIAfmVQyHW9ve/ZiTwiWYf6Rvh, holderSurname=SpUIGi3H/7enmOf3VRAzQynAfhNPldT/Z6MMuV3ncMg=, validatePeriod=xNqhP1+NbaavwJTzKH/18z7oSLUD7/l7/qPfmAHgPAk=, CVV=KGNmR7zTKRxUofL+KIk3OTp9PWtJ7WrAnF7fu9Iu/xA=, secretCode=yHwZZYxaIBhxzo0I79DW5U+kRUcP1mw+OIBNPCYgwc4=]
CardSecret[cardNumber=k22sR7Fu9ixkxUGC1fCOovTBzZzPdHiaq9fPSa76C/Tjf/b/w339odW9l85pIcP7, holderName=5VlsPGZR8xZsrN2KmL2f2Ub8LFivlklnwE0z4IxjvMw=, holderSurname=OH57fPDgoX85VexurlklqfC3OPbh6mhaTPOTA0nyoVc=, validatePeriod=engi2T7X3/TSLbbxBGFyKzPGNRlJ3v6AOo89C176XZk=, CVV=9YitM/TNsw2EDmLEpbmioyII0R44alnHSwbZTlIHpWM=, secretCode=JEirpkuX7/zmHnn+b4rdOWCwWgdacQXtW+3g/IpCh3k=]
CardSecret[cardNumber=c+QNpBdhid4HyUfzZeD0iatjzo9pQ72VrDU1fznY2h3mhAYMwsLRK0yN5o+PAntv, holderName=iNNnnsiGBO1JvOYfKnB0h80mLX9PXEsdunbxmQUBqKY=, holderSurname=P+U5vY3kkY5evy0bs5I19pFcTEyDc08CqNyAXIIbCRU=, validatePeriod=OylkRgyM7chSnVNLhpuT2azcZCU64QCYwmR1QjUFo0c=, CVV=SztqglGBh/NIBI56SIZ6UhQZDlEGbkyP3JyFJowzXbc=, secretCode=PM2xcVOYrBwrEe77t85+/2C2pheIKC7k2/oKBRroJEE=]
CardSecret[cardNumber=nYgIA09WOZGnf97pH1XPOxFmBI8LRbZDwHKe8D/l2cf1Ngfl4dSt3FzjR15uPJ8R, holderName=ji3UdWmT2xz2INN06ApeRR+e7o5gQ8PYJep/aSuhEZs=, holderSurname=4sSyn/qntHNlQGWC+2YSZdLovRyG0S/6+uK5FbQdLtU=, validatePeriod=QgtrShUXCjdyz5QbCu4LI2zWsJ4UAp+QmfmIx5oEApg=, CVV=BgcxqwXlZzvP/m9T8eTqyyM5TslSReXN+9pTrlglzcQ=, secretCode=5MXbahrCgotVWmy1S0E4BeIAJ2C/NuX8/62c7MlcfbI=]
CardSecret[cardNumber=DL3puXFBG/Y77bxQbnrGPxhUjpFuODS79eCRmfjUrEK3W+2ir0S/4tdBrvYbQ26W, holderName=yihMA5JVuayhlfUlZo0ER3CspzPP1p+Od2/37pr9EW0=, holderSurname=X3kniJv+spIVk2QfdBu9lIM+kCnZhKss8xOd19WiTNY=, validatePeriod=p48zkOEWLuH1H53orVmP3bs3bxEyv/9E+Jp91kZTGFs=, CVV=vXxl6cp8sIBWFyH1NSh9knB0EULcHhE2tyTL3lg8xjk=, secretCode=0XJ26GchgpZKn5w53wurJq2gQM/vgv57owBxE2P85ow=]
CardSecret[cardNumber=eYHiXdGPd2kyFW4QyI4Bm4R7zNyaqHYIu86vK0wjADigIVCQPnD1IELvAmNrdPUs, holderName=IQ/s1rTeOoYHqDZwm3ekj3lyRMRXfJXU4ZRRFrx3lrg=, holderSurname=OmPdqu/W8NjZbuWFpSrQEOpcSW+Z1fj9qkHawlAHMwh6yPftEFPFPdB6bmYY0Igr, validatePeriod=Pl+ozs84cEKt59EaDpFc2eto0ai815mC44/Z4vQe+aE=, CVV=cZr7oj9vialWRKDtlgquoCFUjuPZJdOfYPyyUtwxhUo=, secretCode=A+51Yg9Wi75gnIlaPkLtdusD5iaQVKX/xhtTJ0OTI2c=]
CardSecret[cardNumber=482lNZYEHdDq7OfDinUQC/BSKncFQBNnz64E3WILLqoophQL/Yf2oa3Hdx2szNAo, holderName=z9OyC3w5jBoKcoaycIIW4AYRwlUjzLCqgwLDKhV+UwnjE0jNahKI8cNz6L+2awY3, holderSurname=qVj71Na0JAdB8cjCLqEZ2qP8mtwduzZhwc6zdFnhkhI=, validatePeriod=jNtMrLRyJs3VOODKkeIz1aAWrmsAGsxWHqG/H+LwYVQ=, CVV=plxAbhWzj6jNA2X35aNzOjeQGWNkgN54WYqcgyFJ4G4=, secretCode=hvMx6ocyiuzHQZtET8xbobt0lSSr3waOP0abtgWgoXQ=]
CardSecret[cardNumber=jWSnEr64sGpb7WS1qi68IjecobI17s4ks5XiEyMLwDmypNkkfi/DY+tCLmh5NmPF, holderName=Mq4qRATo2F2DK/p7O+1B4ktNUF7sZ998l59eDSTj3Sk=, holderSurname=ah6zcZo6p5URo7g6o10OTNUMOWstofWcSAYvtKzjFWkQ5JsJM+HY0LFlHQ+BE7Wo, validatePeriod=gJJqjK6QlsHPn9fPXIy+9GAQwcgMMxmN8FKni/weNp8=, CVV=IocXgnxC5Ps4fkh4XY9Sif77C6IdHy5RRI8K20eR4Z0=, secretCode=myVvAw7A+qpyCRjN6hA4pC0ofARP7q6/cKiHXxgCkY0=]
CardSecret[cardNumber=Cj2ycYbARIGZWAiudMk1wyg3t8qNPlLBclDpCdwqBG/qY2annoje4c4YE1kDtpL7, holderName=UxFv6Kim0e5A9V9e2uoH3p0CdWLwxN9iZSfuf9f52iXL2Ld3leZb0zA8jDNmi3A0, holderSurname=ZkeuKZfgkj4XzEbbbxTNlChNkLDpoBc7YQq323GLuR4=, validatePeriod=CAUBFSu/x7ZauowbV0jmc9jru94bWhIAxbefDZRUpS0=, CVV=QiPvBA2CmnqSOzXj5QgpsGmNz8PGl58uvQBBQgPzPBw=, secretCode=/Lok4zsrIf4mH9Foi2UFy/t+0MKwpGiTNUgmxyrqzf0=]
CardSecret[cardNumber=GuhyQylVXWfqyWXtWXhviNRKXK4q9i9r1dhNWg/NJt8QbR2aS6Z+YUFQOMlZXWiN, holderName=T6GVSVdghsiSpMj5aatzY7BKKDUZbsL6rc4jD76RRi4=, holderSurname=VUniU+thh379VjPWAsa1BYj9rzkGnn6ld93tG1GuFTU=, validatePeriod=ZQ9/0Acw7S7CLpbzt5BcYs4oeUNPYRsy/beuUqM4OK4=, CVV=qFwLui4+PHccUvdKtz4TfVfRO/g/Klywb+JdiruTl4k=, secretCode=q5or7pyaJeq0UqQb6DBIQYmopnC+IS0RuDPgKjVPIBc=]
CardSecret[cardNumber=urRX3XzIHnMiX/9l+wBUALKtaD/QvZdcKKZir5paoupRy0e9MNxIJP/c9qqw0HJT, holderName=aROppcweXhCEtMpv3OVJ69ymh7RkpWzjtTnW2wnI71LBBycsG9thGth4mpYnPMcO, holderSurname=40PJOwWpg6SFr+n2uRQPhJ/OqOSM0butUiPDYvfCqa4=, validatePeriod=r+zilArS4ZSxZa9vUFFNWCLRR2WYGvNiixp9Kf2Db8c=, CVV=R94A+Hy4pP0I1CzyHiG9lJWx5F0CtHywLsMydFNQ3Y0=, secretCode=IXxTGJtvTvlkZsjQf9za1zA1sdNDzPupESfRT0rD9vM=]
CardSecret[cardNumber=KhSP+X5XhARudTmHPJEQFn5hu31fVW27RjYl3I+fh1TL7c4G0Ou9SrLZk3hb3nfa, holderName=cW8QNLYGAwfcCzO/gE7JYvXoBRT5UlPJ2bTO40oe6cZF7HritOb8Osnrlqo4A1/F, holderSurname=dzy0DNQAj4TKkG/JJdk1RbLJg2UFbOUL6z2M5rptEvE=, validatePeriod=xREA7lSDcgHS1rEwBWoOGuziEoXsgqE7cVQEIhPjSTE=, CVV=ErWQuuUUhycdtp/lP5y7WDh8Tm/9gDOps5gi7TKJWc0=, secretCode=YZghs4y6rm62tr9iC0PKwxriXPqvf7Fk185Uns+PuTQ=]
CardSecret[cardNumber=4u4cgsvjuxuCul6MsuEtWFvSJPqBbIy792/h7K4U7DLeSvUtULov8mR4YdhnleM/, holderName=KbxFSfcAsWEMHo8lKBjyzUiOVpBj6fMsavUMzqh4N1U=, holderSurname=J3T1xhWHMm8QG6V/ctA/qtwsE42FWzyageWeNxGmsdI=, validatePeriod=HYjk+bHJTuLuG5KVu8PNleYPSRSbH/Yh0+rm44KzlpY=, CVV=a5uMPK1bFeD7cq3dePeW/J+2+LPAUYjLxbHQ7rAWWCU=, secretCode=Z2WNO4JvWqamXWypnFvK8OLumaDWhfR8RkjsBzLWfqY=]
CardSecret[cardNumber=940VnE399ppNDvb+iJKHKi4TzRLNled7WWNaPhzz0FK5agaHH4M/Jg4QqdGidoai, holderName=0wU3QQZ5/4J/YnPb1YDb0sVlG/jOIAh1IjSrf7qunZU=, holderSurname=yKWze919SRMlTU7l3BLpTOtEUZqM+icd6mdKVeeeLzATcCTDgCrioO+ShyvzBm29, validatePeriod=un8Wr0p+EJac/1xXk2hYq3w3MHuDvOJ7xdGRHHVxEnI=, CVV=hEuTVGv/YVvkuNRsFoqw8abAo0GeJIsM6tVtuYLvfZA=, secretCode=7izf6d8gGUsxVUASU3DBTwiKVrECN6BE1GyAftYhoMw=]
CardSecret[cardNumber=XNnj2RZUE9MQJdwAk07Blz4/QoFodkSDPhYfzmPMVMKfknilboXXDaLSNjHPDf3a, holderName=w/RRYEgHupkIvf6WgJB7ips6jntkd0atAgRYeCI4XwCidUQJI0CZpRt3huej6MY1, holderSurname=rpGNus4uCPUW6aSRIl2UqtkOSFBp4iRUWml0DRY9Jby5AlYEMZ7aqqt5JWWvXXfV, validatePeriod=ONgEhxwfllLPgqV380w/S/ocrVxwlXvoUXj1JW0g20o=, CVV=LKKb1993PZEYPxdx1TbBDSjuoQEffSdRulUhT4Qahs0=, secretCode=lKwgArK1gJIWfFnPr76n6Nj51R8zGDgNGHEL1RNLHRc=]
CardSecret[cardNumber=JUNJjd3tHca9wOxFyiDzjYAFHk/znb8G5+2/s2xSJyQXPAH876Mhm9eKOeanG2Bp, holderName=ah2TiHuMJ7mkEmjQW/QAOEAE5h4TZf+KPGe4UtvMijE=, holderSurname=J2K4XvEkIxkoIHAsktJ3CfxqFAOlZwDLoKJSD9nH4uU=, validatePeriod=YwFJnPVWPxg6RTWVseSR+J5PdLb4ZaFbNDkB/CTEdkc=, CVV=4BCM9VpLwd9tPCMYjEAhOIG8WocNfdloSC0ePFaHepI=, secretCode=GBlCGYbzUF1M3Cd+YxFDbKiqUj7MQV+HF8HM1zP+BTM=]
CardSecret[cardNumber=iCpmYK8EUn5IeluTFtGgb9XnH8Z8mFbBL85stAEey3H+RBj9QET4pIJKeNMvwt6Q, holderName=ot2z6i50jGAcIvOhr0ih/X+Od+kvzvJvWxFk9EE29RE=, holderSurname=HNJjujp9m1SELp9YMNYyhOBrm1hL4cBYa2r3ZSxZ0HyEcY8MQaWk5Kh1ljQRrPYw, validatePeriod=mGPdIQm+gGce4qM4fEZbbSJX69lFPDz0px/Vo0QHoGU=, CVV=TvU/Hs9TWdJjs6WZ1TF8zYXTyP0AaUFCLH0s0O3OS/w=, secretCode=CBFJ49/L2chAj4F7uVVcWjCAN7yQK4SdlwHEskij4GU=]
CardSecret[cardNumber=MOeD4gkzxkxovnX3oa1RhG9lpVzXNBm88WQ/raD4K6D/QP02E1ri9Ym1dzClw59w, holderName=A8JN0WgwFzXDmoAPzKOGltlnRtfOq2xUoR+A27weERQ=, holderSurname=dNMVZktVjrbBxfV7LFlcdoQimPTgNHok5saMBon3IgU=, validatePeriod=jufksHNftAji1PKClcR1JZOE+QZRPMCCr0f6ULla+gM=, CVV=NbLVCxLSsuRsBT5BY45I1m0W6ZIFbomM5USrDQ59hIQ=, secretCode=ZBN/nvLgKAfTcXmLkP5bZuZkXhJN1R5qa+I1w8tyV40=]
CardSecret[cardNumber=gbG84bdMh6tCRSc5O/MDkD0MEBli+9zCrn0b/FaKmPBxjH6uLBCNbVclqMsS0Xct, holderName=bPWVSBsFJa3dwWpJEe14Np0pcHu33wtDPok+PSNDWu0=, holderSurname=ODuNpknAibY8UD9tGBOUwHwyp4gtiCl8E/yep/oZQEM=, validatePeriod=d5q987ulx7xlG7zwyZoC18BNV2KgxYqHlIOyuJHKAtk=, CVV=Nuu3TXhHxJ/NNqDTsWwKCw5Ah3axRf0mU/gSmawcjZs=, secretCode=GPncX5apeR7OBthehch5NWoVmdFRobt8u1n5gprzE40=]
CardSecret[cardNumber=hiasRUcSlVShX+AwxclZrNXIVw4dIZCl4hwOmWD7c/xoLflIawyIWsoG/mg4TjWE, holderName=pLE72xQag5M/TjR6r4Cu5zFK14IbzcrQiE7Pqc8w0fk=, holderSurname=VvcMDaFSssNgczxVrv8XDrobysaRR2AvsbInUih4h30=, validatePeriod=4yxlDhR7xDeSCIzfSDZUdjiUnXJtBuddRSGH1KJP7mo=, CVV=cUipf/feaNczw6u4NEh9nK4ue3XQ99BjAnHb3IvT5v0=, secretCode=P5P9Bo/DYQIZ6Fhjfhj1kqreQuacnblPrV3kbMGAQ/g=]
CardSecret[cardNumber=dqPVDB1r0a/0eCDYDKyt3ZGmI5q5/rXlBJQy24ZUVTBr1mB30fB2KlbgZ60rJulw, holderName=/Jrz47JPPT+S0gDh+EPusL1EXtWuCIwAXbXDUSoGNMQ=, holderSurname=aovoUg8aomYunyfnMnQ3TQQX71uZwOENTo70jOsBXHcDda+sOTdqmnhgDO4dwY/J, validatePeriod=jWdQ1Jq9dtzYNWcwwnGofucqgkHlI6JxzjInlT3/qnA=, CVV=bCiyKz7OUBXqOnXF3XUPdKoqlm+8Vc7dD2txxpDtuM4=, secretCode=J9qjOUzuNUh7NkljmxY/u9wArrY+PyCGgVWgIFGzuZ0=]
CardSecret[cardNumber=olX90sGXycnjy1rEA0MgWcjP9JKUSkWcSWvm+QGEvHDWArS/iA0uLt+Byaoa7c2v, holderName=9gDkXeP/2E+HXDmfR9mCbfjI6ZNswkFKFwZZ47Ym4CQ=, holderSurname=6eQxMc6Y24kAOUdcTm2of2dvXjq+V6XtSmCNb6fIwrahDubNaX6q/+YyFSTqSOSc, validatePeriod=x/rQ2M4XAiqQJcaes9wXyRuMLqjgGzFElsDcJXCrBEg=, CVV=3GZsn6W14nCv7Us4/hEWWrRpIZJJ2F/kO2yzroVdNds=, secretCode=osQtKUJ0868qtyeU5bkV+VmUkdj2d8rIVSL228s66pw=]
CardSecret[cardNumber=V9eVzm8+WUb3DgR3RUIpzY+y/Xv3U/Zf5iIBUvoJqnIgWhkvMSveWMAR4+HKmVK1, holderName=ebKQae5CfL8Whln2j816md08igbipIhgUo3CUDq6Zhs=, holderSurname=JxqSYTfFqa8cOEzu0uE3fSdrLSzZZxaRHhHMyDDWRcI=, validatePeriod=UqZKwlrpOGUeZDsLcnfLab0tU0YXUOE2sXDK4Ab/Mns=, CVV=k8/Toqyy9ZN2yPllcWvztKJVBmLize2pTJqhQHBezsM=, secretCode=M6aZss5rwDbGWD22T4/u6+/2wD4AJymIiHkvjAuBbgo=]
CardSecret[cardNumber=LxRwd449r8H//g96GjDAzjxhAbp1QwxKU1M4WOSrmv1U8WAwncGIntDd2NABRAO9, holderName=VLWjT2cbAd5co9OsKpMiqpZkxW2/wgIQ9Gccm+hcFOc=, holderSurname=jgEY8+ZCm3nlejwPa0Ek7RpG8wDoUptMYAQpAMTkN30GFcbdtkjfoGTrRSGv3/dO, validatePeriod=DbqRfMsmHvRRON0K8ABVNMctWNUogXMaWCU+H3hr1BA=, CVV=dm5PsPNzJe4GChdK6+fprErNRolC/keE94+QVsUj78s=, secretCode=F6qm0TnYv76W9NYkWhssTxryzd1ElACVwPv13O0YovQ=]
CardSecret[cardNumber=A027MFRzeERhLfoL5Nl/1e8wzbzWE080N8NorhFCqyAs+L6cg26KRMvUF13lTVl5, holderName=jOoX02c3quw7JLL37ht5LLdfDis/CnHdkz2aerBrYDw=, holderSurname=VLhxSvxTQroGxycvGESCshKkZiVwB2eyMFFlpddBPFs=, validatePeriod=6daD3iQcjNZd2Lh64iALqENqWgxIIwuxzriLqeZKvOg=, CVV=XSQZTmGKhU/9UmB4IBXy2ow61PnT7ZiylM5yp5oBZEw=, secretCode=vDTy09YX9TWXiN/GWfEzGPoq6CJ1Hk211O8Di65Zgm4=]
CardSecret[cardNumber=a7o+GzMyO5CwWqGccxE0YZNYKy3BuxPlTBir3ZXtads/e020Edu+9akb35Sv9EXi, holderName=PFKOgTVkcdeQtK8h9p/4iyxH75uJxMOkXxBiA1lGEOEiZTxegyRdr1+UyHi9quno, holderSurname=5lThzRu97U1FXVuPeKr+k35gcVRsm4xhCnu3R0shICI=, validatePeriod=K/wazOhOyinhRiavm2U8uyHGuew1g3mUBKzxtmGeaMA=, CVV=fT2ZHvdFoRD4XTakF+pwSsMf5yyn/4bwY5aYeL8VCKU=, secretCode=faPTyyeh1oSVXsfd0c7Yrjd0GlO4XvKGxQnBz7xETYA=]
CardSecret[cardNumber=ftEjdYBA0r15+J22GotQ7pVNk539SMLCr71NrAPLEo5nQ8qU83EFj19n4zIdhLbe, holderName=LH0AB6Zsl0AeGBbkcOugzHzLpqN1SNcKCnGbLyspfV8=, holderSurname=dLUDlAoLH+vp/hRs/xY7DtWKNDxaSHpIFMiX9q6IyeCL66AXbQeYrMViwPML5ema, validatePeriod=QLQBmNdHoKGn01zEYCFU50lb3M+zrQJ3ZJrf7jEwTGg=, CVV=jy81vL/P9/lsW3G5G1qjvSAcWNu5IYwS0lcjpvAwZ5g=, secretCode=jaY0SqHegkx1+zg2SSwLh7EDOozv90bcAED6oiWS3ow=]
CardSecret[cardNumber=B3YdO3PGN1z21l4TFzCo862tT91DfBsLFxq0rL0wHcuWoU/vTjQFab8aycC7azB4, holderName=4b2XcCoVQkjB8w8TVfszrPeFZIbkgrCtKgq2VPt+H+E=, holderSurname=UeCGAweEOje6HsmJRBF4RK4rUhswrs2AVAPYw6gdPg4=, validatePeriod=dMaIwvxQVdL2D2G+5R8ZxiRyB40e8dsWTdL/k2Y59og=, CVV=Df3TKdXrsogw60ZjCYztb2pK+NrBgeVXfw2+G2QLi9o=, secretCode=3wFOtb7GAKjli5RahPGzZNmlHSxBiJ4dQ40sX6BfSxk=]
CardSecret[cardNumber=OEyqhzSI0yy0D2BR1pu52WjAF6hNRat2I+MqKFuPGOi9ykSkVLh+Ijk/j/SgSgtj, holderName=Z0UOkS7JN0Grt+WmDh8nvPKrPLZzM1bP5h/lhHZBx33DVOCJ8XUYjrX+928Nz3k8, holderSurname=AcSn9Xynq/Y5uNPHnSDIf8y1mWVig4N1j/VN1SFnHrjm4ZZjOu5UVj5XSDDTqGHv, validatePeriod=dkk/kNLGjUeWP3E5EETJ7IS2ygeFIttuMlELUk/MTGE=, CVV=o5La6LCeKp5isfBLa+ZRdxZF8Xejpo/vleaoasaYg/A=, secretCode=YRM/Jhs7eY6AW7gUH+Y5yXuVtwQ+uAg7uhTyrcwXaSk=]
CardSecret[cardNumber=wvi+qWwp4aLH1yIK1VQQdTuAPrNSB3NeO57hZGedf6axSl8rezGVxiytj6q0GPbg, holderName=XxqGg+UAFwfg+fU7kUdoorQNmNlDJv74K+QivQB4xCDh/yJs/ygkVrJGGAKGjVUp, holderSurname=rKzs+9D01Al1QDLQ9fo1G1efG/YbydwCu4pc8PwWgD8=, validatePeriod=Sk3A3ILMY4zq42ZM5olH9rpzmv4myyWQYCZV/I2uRLc=, CVV=udS+HXh7bg8jY1wgtAtqjZJoQVbF01uxnFrX6ijWiS0=, secretCode=yoPDUHcpcz5LDlMHPdX6ZEqicAyRg2YmG1MG4B9B5Hw=]
CardSecret[cardNumber=OgLO+OmAxc9e9LPGAFjwmlUAjTWNaVrX2cXTXU+LYfxW6VYcIUSSk2E6c7Gz1gRP, holderName=a0ZEcAygCnZJFcGDvvCu3sJ1EOBAdIPkv3/kK95trM4=, holderSurname=bei7HkQ70x/wPsyc0SUOx29Sn+C+ccsNLKSoZW0vcco=, validatePeriod=RrW/tuyQ+CJ/Sq5PRN7sEjyLPk8bTWwrVb5NeT5prnk=, CVV=NVyVHBmJ9dbs0fQ/1mSrPh1R2+d9etiGfIwDPx8B5J4=, secretCode=EunWW1p4aLqY/XI1wBFdEoJtENhk08ncdhGBUUiyolw=]
CardSecret[cardNumber=4shHk/N1pHxEA40Cwry9R7QlH+WCpMzvRnTPuIYoq/701QVObrW/nW/LTBmtLsGG, holderName=4VUW8DWddS7648PjGwduK9ruCkuZIKJ9mjA8Z/D1F4E=, holderSurname=SCFlcwCFQW4Lg0ysgiW22Qv8sBNjJ2I9UOQxL6UExy0=, validatePeriod=VHlcd1WyCtdRlq4eUgjrMpS2OQ0cW+mrbCgNpTMlQ50=, CVV=SQ8Fz/7WeiE4IajesFzaUmmRJmW1UTksUl4mK76Rjnw=, secretCode=roY58OjJel6s7CA26Y9D1JGQgBRDGAMuxEO8vledRmw=]
CardSecret[cardNumber=6gk1Nb6m73UCsQ4khXEZxG6lYs0aj0JONtlxQjIf8+1egYSkBZesA/C6gbgCGI8n, holderName=h8QsNW5ebPIala2S8kduyOmzHYxPDnaqmPt5lTacrlM=, holderSurname=cNW7645oexbcfbj5KAsUgvQv7rZNht7vUOsse/eAWikCJ1qaaoN23vOrPmob7BM6, validatePeriod=hxsJBFDSUw4htJko2NC6bxf1LYzcpKWI9HHdUjVk10c=, CVV=2f8cS7LOGl1x//87ugYQSt7TeG7OhJSd6tS3hNV97q8=, secretCode=VKAuF6hnw+wXt+Uz6zbpkdX/H+08wzadq5M5AMv0k4A=]
CardSecret[cardNumber=Em78RdTXtRFFFOCShss/lwnLLO153kOIHOZBAMsU3j16Z2RZATCvD08tOIrLXk4Q, holderName=qyMmXNw44JedPldrugKrg2uK/iVRf+oG+zav2dgMBPU=, holderSurname=z2MZqac35FdISBUT7nCG5DNFS3yUGApYZKq/LOGeoac=, validatePeriod=sXNGcqhKs1J8mjWCHi31lhD1RgseWRZxEXCMC1RMq4Y=, CVV=qFglD1zzTjlGN1vDvzkCmwWOHwkh6WrVa5asls0NEnw=, secretCode=B5pCxGzHb7Ibcz39BdTyuiIu0/vJbJunpQOMuh4YITc=]
CardSecret[cardNumber=uhGvfajy1N5KwMnVS+nJiRBBIc7FVlP2WPQBT131U3x5T6sQ/v4NyBbfqOVFU9BI, holderName=qzqB5LZt3oCCi8I3nSJjR6HexLTDI4FDp10j63ynDP0=, holderSurname=5g+NkRwMz0LhxnZO6krbSRxTddhmnEfsRuGPnJARAvE=, validatePeriod=8Nu9LeRUfXbhfnMhj38oULTK0WuQ8idmtQZoCAceYZM=, CVV=02X7PgAnVqCr2E4+o4toq2eMIk7ESw7P1Zmsj7AyJqU=, secretCode=2J/APXTP2A73KuPlNZWWr+K/CnVAHEHpoJMYTFPw+aU=]
CardSecret[cardNumber=+kFbDRriXsXzYV3Gds7UAlmyDzM6a0qv6D7AXCaXYyuFJQzNQlkWoTkDfm1bh9au, holderName=maD5QA2uM2i8u5uvc9Wyda7RnchYfg6KJd3OuqUaM5I=, holderSurname=nljgJr+dCcoFYDj/Gj4/N78BOQodf7WSSZOjtSZAiIT/S1IWbiy9vfyNAaDWCu4m, validatePeriod=3csccV9lOtlusjkGOcUMXs9Q7aRuzet/TpXipw6tUQc=, CVV=KIqCJuBQAXbQjIFd8dhXAA+pqinsKa35ZVsNyV4yFS0=, secretCode=BXQqNgXaelVHTjRyRuyBTaSDmut07S1QwnkKe6iwUEk=]
CardSecret[cardNumber=mYv6jOtK/ZLPT7Q9C4taL58vr0tSKXHP3kmFEimnC9IHHwaBn5zMOP4CXnwQvCqo, holderName=trf17YGcCSmWLUFToBiGDME0lJzMTm7XMBpqrazR1Nc=, holderSurname=EOU3PVMgCE+9XGM6wdQj/7VBEfr/dvJBL8nlQp6xvKg=, validatePeriod=RU24wG6+jGvnfXJec991RSBYm1tGD7svQ04myboNNSs=, CVV=8MScSFVg1HVCgp759L1tNmlfbs57pgPzui2YRU14lYc=, secretCode=v6aKIoaks99bFDwRdBc3Sw+vvuJTriugeVjjO+p7Drc=]
CardSecret[cardNumber=IG2Ycixtr6AROPDYbgZozL7vfznvZdGevD2oegQ5PJDEw1RotZI52gAbvTnWG/Zu, holderName=Ng2bMtL8eV0OvIhGVWGLBdht3zu75NKmJQKW051JBGWVoGH9nvRkgd50lhi9AmI3, holderSurname=v5fenuACO4V9MazSZbib4ZIZ4JIw7QLZsCGSQUcN/s3SWqyP1uXrFBqYSUdH3USD, validatePeriod=u+gwcj1C8Zg2iQhwUV0mcZ3ZaZFpgNRRl21PGAhF3Ys=, CVV=wTCgTmhzxHADVMXElXAXa6LPajBz5SOL785lkiG77B8=, secretCode=ViiR4BKeKEnyXu9zUH9wd4R4U5qIdtui/LAXZ2LdfkU=]
CardSecret[cardNumber=EBEIuFQTisu7epsUvUis+vNGG/ATOmkLx7ixmdmIRJ02Q7DeSNj5GSCEX3724lFT, holderName=5pER5FpKsvvIMiLRGmJ8uBbtTwpGAvQYMEeaO3hsSHIkTLaF5ADKDSPwJbd4AyZs, holderSurname=14fH+K5bbPXcRidK+6zmmb+esjpxeJkqW80quoUBfC0=, validatePeriod=mtkR7EvBY2TwmCBSu1ORRBUiwpT7pyp3/9f6hmvCye4=, CVV=CY36xo8IYbXna2C6EeCSXo+ae7kBDvKE9bjnRLsekTM=, secretCode=HdSJ4j/U7C5fgXDBUSR1RrGju7dMYmMEWagw5swbpL0=]
CardSecret[cardNumber=24LXLWQ88j3KxQm4sHmWLMgnLdbJUvWcqiRnCsjCAOBDkSFbyjRw7cL2RmD0biwI, holderName=xhPrI7p5PXNh7QuAK5kAEAzHeaYvMnPZO9Vhb02Yhn4=, holderSurname=UchfMB2w/D5N+mK4pY7mYE4XQVZad+E4GUufsKHnfGhdTAP7qDY18XMXCoaPdyGA, validatePeriod=aeJtIE1MHsAxoCsgyhBs10uyclmhEeUm7/ZJr8xjVUA=, CVV=L2PQAK9Z6kALpklSy9KrjnU+V+/K0QqBO6dwJPAbcnc=, secretCode=rhLq6TR0UFqhuFPt39+K68ZbDDfcsIjT9WFGaFTKP/8=]
CardSecret[cardNumber=k+SiSOT8ZHbTL1krCdHokcUBJmSfj+goQ54hAuLTXYVJISbZHXg7Lbb6OG2dasxF, holderName=1M5YVLWWIrMzrdNXOM3fJHIy9kNz60BFT2v2LKqL//M=, holderSurname=zfnHQXj9Ikza4GTgodyaoXqxh/EJFnh18SAl/806wcl1a2R/jheRq0pOlde3ywc4, validatePeriod=RvvfutlvcFUQpZMGg8zEY6/r5mrDRhZSyv5FCq/HyUQ=, CVV=wltA72sLlurzKisw61KxUZmOe08pB+NRqxOoH9R/j1w=, secretCode=qNl4h3r7O2hACNGLSDtUm/nt0H7mu8m5/ei+A5oS9w8=]
CardSecret[cardNumber=LVyPQd6nLZGlXaA6ggSSi+ZLZZQ3eQ16CV71P8xNUU8sU0Lwo7Tc6mfFqVo+ehDQ, holderName=TIeYUUlx/h0kIsbBY99GQTOUzTje1jHnigrvMwEMip4=, holderSurname=6HWgvwj6fHU9o+km4/11RubsQPZjH4K1k6HDo/vNPD4xQnQSYjyZBurZy11fyGrc, validatePeriod=+/Ks6bMQyoGRmteloF4PRZvNnwPoPwQyDIq38/O+S80=, CVV=Ceo98tAQrBiei+pPdGhuTe3qeUk9zrG5BZ6sM4ygicE=, secretCode=A4Du1s/qD8NBimmQFByXYHBAnYxEy92AdYt1rihWBT0=]
CardSecret[cardNumber=lvLXtB7JlACR7zi72FOWHGVatfSDg6QQ/3J3Tb+2X4FACACeJxi7yxiwM8ocUKWF, holderName=uP0AnW92oZG4e2C2wznz/xVWpTG07w0Ay/+9rEHo5SE=, holderSurname=ANCyzdSR/baf3BzXDuQ8qiQU8qfIg5FwAxlHCpUeM3saqoUk6IdbrnzSI5uwFnLK, validatePeriod=GicTAo23pQdb4zSsbnWKbl2/bo6bo0cHD0ZUM9T4h8Y=, CVV=cLIfk2vlFZif2lzSXmGKP5+EZn/lSJW29tiesCh0NUA=, secretCode=t8wFjMxMwlnv3+2QWqOxE0kmuRRU2F/hhpNnaZk6sBA=]
CardSecret[cardNumber=bBeqenUd1id6nncn4US1N1MiUiyaWpm/q1BYPe2f3CzuWLARsqQQVjXcJh0vCexC, holderName=irgKQRBJjgri9l7VKIdBApptDFDCwwkzVbzTOqJ9v2E=, holderSurname=fm/nX3vFCbX9mWNe0z3NOQZ5JTwURBsWk7ph1RJ+f4MrQqgr33qpknQRDJ8q/bYF, validatePeriod=k8uM28+4GIhI2eFWXZqf3gRwhh+4vWVFl3b2ew0TWXI=, CVV=JifSsD3aRYwQNQz0nkJW4aX9rDRd2QAhmz8wJkoS20M=, secretCode=w1agdeYqgdpfqMHL93rc/2a+dz+MVqC2bUQpYOF2Ii0=]
CardSecret[cardNumber=1Xr1ii1n501dbQhzo8jLlnj5XxU95c/wuG3tsjB6uEHsc2nTnpXF9PvgtaG+NMLQ, holderName=YXIKYtDPlXc8+j8qUDFBpLrn940t0svX32clKZepf94ZHco3cZtSIlot+fRx6gkW, holderSurname=H+xQfdc6sJnPYI3gLH8XLD8EjUBkfghMPM/C1LxCxtk=, validatePeriod=ZaL2K41iHS8P0DgZnQ/YHeiqmssLscBhCAUgnFklO0Y=, CVV=AgY2HGv3HPPu7NjVexxF9zArBEvly87+8nnEIx8cH4c=, secretCode=xeF9C9Tp0OcQJCUDCbJO9cm8Vc8THrdz0xhCUPl3J8Q=]
CardSecret[cardNumber=lyBAhc/L0R4w+E1kvVCdutx4vySyWDuO/IAWHBpu2JxwszCJCf7f68iZCE5pWtvr, holderName=UTmODSEWdT0pKCFsTKSwN1z9MyjrUbqScVYb+46nQe0=, holderSurname=Py2XlqQD+20FYftZvoeHBoskUGN8R+J9WBMfiUWeJ6M=, validatePeriod=nhAkYS9bGRCBrzwKjcrOH504nAOXy4npR/Mmuj9ZqF8=, CVV=6q+TEP8pAne+s4WZ7MTt5GA3P5UEf6N5HUTa+eQuk3E=, secretCode=jfl0P8tYpQdZdEnXhs/ctPZD5BRT17nZV7nkp3juQpg=]
CardSecret[cardNumber=CLycVUKcc2JmYTNBHGw85UXTTEvMvqEEOCXkvqYai6PRB8DAkNXWJgqgVVnEwjHD, holderName=pVM/+jn8uSP3KJhGVaLyEsI0TJtpiDzXjNMYJmvlcLI=, holderSurname=ytnCsZUDPjTae8OVfpDxjeGHJkCQv+/4LCkAP+9qb5M=, validatePeriod=TH8eOMMR3BnIXvGHBA6NIbVG0H7jqRmvTnLs01dRQnA=, CVV=W/8lIwSrS8srPwFtiJwV1Sf3NyopKqaZRjkFaz+Y2w4=, secretCode=i3G3myxDVQa6xUxPFCCMjQNKY8DHnoda2Le3JYJPMpA=]
CardSecret[cardNumber=CwcTZTmA/KsNO8kjmCr4qiw13fXYDkj3uYRA+lTnxnZ2xA7K6xR3Cs2aDdcj8VHY, holderName=S83Oce3NK4ZtRAjN8ros144NBDy8Go9tDmxhf8QMJaU=, holderSurname=JeppwF8uVw5CMi1EFCfdq+b3Wx/oCHb7b2RNdCf4Q00=, validatePeriod=LBf63+0wTpD3RZcI5uZFpXrA1IKBGTcYdUbHCdGHPtk=, CVV=fgKAgZtX6wFL68bpvdZP8yPNHGdQo20p2CCKrZqOVQ0=, secretCode=gNqEassW/kx5ek0h0LPJWeOCe5CrVAhJK5bFXAJHNc8=]
CardSecret[cardNumber=Gz87nTuxJ564Cdy7DMAdvLrMeS1E1Z1jnZKnYuo6km33vpWfkOHPSAbGcXbVo+rh, holderName=bigQrvQq7pQfpXjTnj3OeqRnwpstAn8KxJy1tcVhDY8=, holderSurname=qcI/60AdHD2EXRx9OHx6ILNZjQqW471q5A24EjjErpNZHl/NmFHOJbgoBSNVaw9I, validatePeriod=2zxXC1WQwOfsZcaeYiFf6LV95p+gMuOttSV/jatUkMQ=, CVV=3hRc2tVbWi1yHjG9igiqXpgumG8ta0yYeKC/7DTdoXw=, secretCode=0PP24qzRK4PlmsKekrW+WvOFh2GnYH2KC4wzP+wEz0Q=]
CardSecret[cardNumber=yCmJlDAZW9B/q09OhJERhudx7Obe4MV+8TLalYcYyL5QWxsCa6Wb801jkmUXbtc0, holderName=Xs6/Nve93uwB8cssCNLytb1YPx3C5pSuQ7OiEEjQjz4R0hg7bW0ooAqwMpYLlsQc, holderSurname=GefpJegmf3DPzwhIHjntaobn8pvmmv26f4jEMl8g1lA=, validatePeriod=a9saL9S/yL01wohRWhZMmKV75wZ8a/D9sfBOX6pFs3U=, CVV=0c1RMdearKnWsn67xokejR1ZW4lb8A6GE5bW4C82cUU=, secretCode=7R0QGdyLNucvn1c/TGEXJZ8zqFdwYpbNSew6jSlIq7w=]
CardSecret[cardNumber=sYU+FOj+W7HT2ZnUt383zwzHhhx5iEY0PBcfb5xwk2pLm4wh06koPekIV3h2XeRY, holderName=yLUrGr+7OpZjCGE1u/BEBTty3TAYJ2l1Z+iB6d+Y2Zo=, holderSurname=LUR4sFpNpw4q9aM1G/T7vlmV7k/zdLFGPW/9lZUYzls=, validatePeriod=AE+VTjoNs7DcU/Mh6z79igaVJcHWcRqVQqUF1/j6mm4=, CVV=DLR5FDDWKzHxyZ/JNp9To6kaqbukkUxRwM6jTMDi7lc=, secretCode=c/AWC5cstNRNa5Ib+A0QjkgX0dm02mwhFPxnsag4Xws=]
CardSecret[cardNumber=x43ATA8fuKNaPTLA/G6m9QCQFuQpVdnTmBAYCzZM3jKPKTz9iLFot4tk9CPWrwsZ, holderName=NKyFa73CogSCEa+T9/zvQRInTz+l4RVrHDw2oKOfq6g=, holderSurname=XvzGvi13lQGOR1QnOExAnj0rZeSWAsj6yZ9HDDEXzrhDoRk6aJQP2l9hCFwOFXxC, validatePeriod=Zkk/DuoBTbaF8pP3m8L8w+6VlceEE8HDEjweTn1H3uI=, CVV=goeVlaDtJ+I/wZXQ9nAfOmTa/wFmeVPRnxhXQ2efJrc=, secretCode=BuIl3rkO9Sjs5Pu2gUmRlMzTMMpk1VNpXxNKsyjz2hY=]
CardSecret[cardNumber=cJNB5tF6x0laNY+MX04wHRTwXAImhkeLq6L1BeggXZHxWEX9VztDKG92UrSgQNm4, holderName=l2Sw8vPJVuxboIcEG6w2mSr2EgtuXlQ+KgYa6kYuRus=, holderSurname=/iPGAenEA+/uBeV+llEN6j8waS41r39RUYw2TljKtho=, validatePeriod=CF9BB3OzpfVKqs3M5vVxOQqdQCpoY2w7fDLXjZViABc=, CVV=5moPviVA1+MApgs6tkfL1PGfTYbgJutf8T76Ew8hAs0=, secretCode=arvve5ncZT1LGavmZDPlduKYbdjQLeUCI5cgYqaO1Lo=]
CardSecret[cardNumber=FP+lDZzn03nXFgkHaZ7AhRYwN+A4VEP4ICDqzz551wMKvJRJMGByl82OUogB240y, holderName=3I54GXTFXYXUli6tUR1Mgm3PhzLDRBn0fy1feEcdTCE=, holderSurname=PPtVeLw2CE+Ku5Ws6iqb5P1xiTHd4MhGQGE4A8tCG6U=, validatePeriod=kZoqkUlPH91EoD0P7pug7OMG8SjjlLL24+WQdAypJ9A=, CVV=A5Vwcz7DrwUyTcmsmk4A+aURjmvZMq4tHm9WjbMYj8g=, secretCode=TmgRcyKVA/181Rea2dORrE8PnELqxxaGtC2wxAOnMcY=]
CardSecret[cardNumber=CYhfCHAwXSlQszyGO9XYWBzIZmf1ujmtFXOLm8ar/HX2r+wA2IfkQbTuxLzWvoCg, holderName=dMAOxMjQtk8hoTtFw68QZGg64cWMpVVQ8Js5Mjkb2Es=, holderSurname=828Kv/HzNX7Caw0U9R/ItWUMMtSfpaJ5DWTsVQtLRYw=, validatePeriod=P5nYLKB80aE4a6Vu0N1W2J122Fo/iu+vh9Lag0rcReQ=, CVV=vfUxMqF7Ryw8kuJ7dPYWC29g1unh6olJ8jQ9wFB6TkA=, secretCode=pTX9/LI+BwQn/n2KZsPiApAIG7dUpMWwvdFkpfQuJBs=]
CardSecret[cardNumber=Z8Xrh1Lp9iDJvXF5hiMa3fgsK7uv/oaIVhZc6dLJbz01L2hIrNrpLAuax2w1qQXr, holderName=yzhN34o1UbP4wOcIjz1sYJEv8Y3mwxTk05jQoeh73BI=, holderSurname=POg/KNaDvqES0nd2pBgEYFP8HoCgQWEo1Tmwb4Uuj5QJAQ6lS7DGLgHib8dZsUpq, validatePeriod=/it1ur2RYL1DqcbGNV33r9d34Jn4DzMB0uwR3bupnNM=, CVV=i0J3u9Z2mAjE5a//vrq/ODfa1x85XS6nPFtyoPfbTM0=, secretCode=iBD/5ASFpbb82NDpALoArd6qwNcR72Xa11AnJudJ4N0=]
CardSecret[cardNumber=QUwEJQkrqTMmdSN9pgr5X1UoZUL/VOZ0veUuPC4F8KtUF6QneA4zo19qNA4K4UJc, holderName=Kf6cAskKMeg1n3pTZtjMGlCPtATN4byyYouhQ7ZM4/0=, holderSurname=goTdIat737kZnewRk8fOJCKFLt+VQ4jXrhYWiQCA8U2kTXi/ULCXSq4YlDw6FONd, validatePeriod=s9XYEMHbQKWiNCj76autm2dCYZ5E58lqJhEhpqlxv5E=, CVV=18EQh5RjajshnFyi8k39f1v4g/Jndff4jV1t1Hyd3nk=, secretCode=8uDLKEaIhFWne/7RZqbD1rB8Lwi+E8Ah1xpCq9wgRxU=]
CardSecret[cardNumber=iNOiDUhpIbZDzaeS8CcuM1YjCFWycHHFomNDe1M2WD8uZu8FbS+8FSQO8K1ftYqw, holderName=drWNXKf3sDrEhCZPnGJ1arrBbB1Sn7N6I4Xkuz+Pp4Y=, holderSurname=2qndXdEPzwRiIdohwk8lG21qhLke0Zb1P8pYmlgQ+wQ=, validatePeriod=jmeDykg17AAloPmZigrg8lqQwTe7RSXmzNAC7PjVK78=, CVV=qwEVOMDmuM6LXc4IO1veZ/NGSE8FWKCBrnlsZS6OTng=, secretCode=oqdSxW31pfEYMTFrlehGC+o6AYrko4AvueHKDjF67os=]
CardSecret[cardNumber=t3KvE97N7eDI6SAagzDsjQXIcGUclgJfDv/0M0NUbCHJfosRv3tLDk/imWu0IuBn, holderName=Lybej7e/8Ru+ChlhpSodccEYZZsmiZ/nkvauS4l1k01+idKBZrfHNz/zROgOc8JQ, holderSurname=Peoln2e7R5yEw9QkmMACamCVJDS8SNREe6L3rtlbqMUKvONcu8LCPysEzRXm410m, validatePeriod=Ph+zUxXUY8yHvvhEJlwF+9q1R7Ih3ty8Tk7ZRssAzsQ=, CVV=JiRf/ERitsX6ACAGwh1Y0SL6UyMMryC0pwUNbxdoHIs=, secretCode=3lG+pTuxW+ImSLJ0DnS+Fm8Lxe1gwU/56ek0hHiTIw4=]
CardSecret[cardNumber=QvWiUcJDdf1/L3NV3KNwrbT5rh5JB8gcdnbTElhdCpDFqPNGZ5Z1CnWVwd3ENjZZ, holderName=y4MOqcznVpMPuGDXNfZhs5fuTfBLGnH7Frs5ZvTuWi4=, holderSurname=NWbZT/XYPH5+DeewvV3+sVogiHuTgW1m0ymCLvFXx1UZMTrHc9yX+gikMaKiWt7M, validatePeriod=a+ioK0+grtRV+qrrZ9Bns+N6kV7Je82bw9VihbX5ns8=, CVV=X3h68xnOwf1DTFeiRghqe+/FPNeeHtPRrbLjrUbk6jY=, secretCode=PCf3urkKzflCM2pTJNudZyPeUi/4Yij5YzqMXIGPgBc=]
CardSecret[cardNumber=SXT2n1vMUEqbJVyiwkR77GsUI6H1jYmX4pix3KwXsWzRueMVXb6MpNqLbxgzxoeX, holderName=yV8y1hN5RLmd+5eOOMhCtcaahGj9qoRFo3F97sASwdM=, holderSurname=U4fHsRvScMRwBbQdEx81ntMjJmMxbRX29LJEK3G+QIxeF0oZOxMf5/l6khhGthXe, validatePeriod=Qhq2Uyl+Nnaq/YiIFitXaQfpuUdWVZA7rcDMY0YDOVk=, CVV=/DEsN40ZCC9wFOC1ZM3W5G22yQN/OfZA5FjNPAt7v7w=, secretCode=h40JBeR7FsF2cgNnrm4I0nPwq20vvZRKGSjpTNM5vYE=]
CardSecret[cardNumber=fZZs0MEnBexTJklnNZplCHDNG/WfKpvXYC84rYKruEcV3PJfnMx8r3dO5WhhNm7w, holderName=3XAYP3wqjWIoc65h28voiIAIqyh4XSMg6GZ658npoQk=, holderSurname=7GRjazLAHKl+5EB2UR7lHDJS6vh/KlBY3/J9eSrgS2g=, validatePeriod=X7ykpg46TJIvwYkQHLFvB7yebCvoy1MJS+HXKXm4Bu8=, CVV=xVpUQyS7qnfdgJ/R3Ls76ltJku6CoYX3QtM6tHx8F3I=, secretCode=MZHxEc9uyEXq6rm0L5Gxzy33cbSGT7QdjsVf7o8kvWw=]
CardSecret[cardNumber=r1+t7+VT5zaOfiAwLxXcnF0sUbNJbPPHSEmht9xy5MRIMEzuS4CrBnEHrUYw4lgP, holderName=rdN08S4UoyWEIIJGd1zc6TbvPtFyExCNkOiQerRoZQeU4NdkdDEeKqxWlMv+7CXp, holderSurname=Jfc27DfS1DIlTGvp1BBN/dCKr1pq6hjWiqi+XWVWm7A=, validatePeriod=hED97i3PIzdayOSkXrmJbMXR/O4F6uln+Ge95reKXew=, CVV=PBTvYGZ+CU4tfbJPIcOz4D5iYTWXXcUAbhuqF2LulvM=, secretCode=PBVS/Lj5vSWZsiA9ldIzNv9wuU3h9F/vWcXUDb/eSRg=]
CardSecret[cardNumber=nH27fzsN7IxUV414QFC2+BmWY52GiEmeM6kLplOIEatpYzYAKv8Qqumm2TNHycoF, holderName=sAzkXKDjPHua/H8qiDr51hqdoiBVh6W4qmXjzRkfDr04JwL7Zg88m0n3NnEj3J3f, holderSurname=AYcS5Su6oeBD9WkJ0sYZl+1jhsCrcerMGQ5dLIUbQ3/+4bTT0ak1NwfisblVXb3c, validatePeriod=uEC2jK2JwscMGlmoiJX2blrFvYaSJ9hZZvaqMNVTcXA=, CVV=3q7KNsUFAFUb7zluG7awV6/H33xlZq/735/S2wXKKzg=, secretCode=PPw8rf5uHWfelKZCw0I3kzQdfc9dbIamlzP4zvLjYTU=]
CardSecret[cardNumber=0/LTFGOHPoJAJqy1yMcd2gVTYfcFI2cHaS9LjqCWYT1aJRTuPTMWOStpn4qz/St6, holderName=mAxVZJbtyYHBwskcFfetMXeufT/JJNZliAK0VLZPvuk=, holderSurname=F8DLfPtpjunnZOFRL97o7i7hdqLsd4POYachGPTvQE1cHiKyOE38mkX9v+9HLoMh, validatePeriod=2IlLo+K19Uhb01ORk+81Jg8gcfc1PRbXc7/7ZiuNTQs=, CVV=ga3ts7KQwQI/qOAbtQlpWOagF0d7FJaehgBxjvwNur4=, secretCode=TzHkbVqWi661pzU9iHTJ3KqWV4w8sdFt+XZaO+YvpS0=]
CardSecret[cardNumber=EjHbRKNxeqBYECUACxPkjMrNmMGAtr/TdiSuvKXFwf1gcQZpbmoIWWjSaNXvTCus, holderName=dJnmWhN7U4L+x7QvAbzHXaxe0UCrg1aMgP95icfne14=, holderSurname=dqFyumvUsutUfM7GZC3CQs9uuhLvvAGZLcbXf/sgHcA=, validatePeriod=Ni9kA4bxTDsGH1XdvqLmOBSNBhD1Gf9w4H658LXAhTY=, CVV=H8W38IFgCcTVAT6/lq3cAouON37gBo+wNNOBEhIrJsc=, secretCode=o5cloPFCEhiXthWp685r+OBjFFwmnd+zXOWdMiJCqYo=]
CardSecret[cardNumber=ZCKQuCGdZYomL//8+8HPdjwtFF0unz4xXwhaup6106o/oRFnX2tscP/xSnOEbwbO, holderName=puWm+y6ASSAui8EtlGl1RYbcAzJwuo6XH2iuPyNSu88=, holderSurname=Tk4nZ9FWXdaDVCfIGkpC+WoeuLkX+0wGNV6c7DygsYA=, validatePeriod=UwtHtcxBj0r/NTHsxcEUmmaq8YjHdAAN84QZTPT+EVI=, CVV=lgg8XQnBrlCQz6TMyoir51Q5lKzvfB80H1Iu624CgHU=, secretCode=0p5wqjkylkAqGsBLpQZqc7nsIgy/xpphUiKuW7Mln3s=]
CardSecret[cardNumber=T10DdSNroIMRsR+uXhUvXivFs1bDNhdFrMB18tXscOPsqYBJCyivOiqQxqGnIyAo, holderName=sFZ7rT1TADjVfD9E9Zgb0ANRrPSP6ABt7PHHs7+W8F8=, holderSurname=GvNUG0Thcf0mn6/oKzNWMXWywJjmvUwov1K7AqjIJ3g=, validatePeriod=HO/fUEnk6tXHionb/e43yobbqmkqHSzXPNftWcEwnH4=, CVV=tdk2zyDU2xnWw2/MnEk2g3sQOoRL/5Pum8xG2EGZM/I=, secretCode=zErZEufF6ffk4Lmy4Goja61VTCQY/hoI5i/krcGoQKI=]
CardSecret[cardNumber=z26OJsMpbv+Sw96yliXXsyTU4JMSpfRbx8ieAqMeY7nrlHDNYmGQxaQr6LZIOgbU, holderName=lQ4G9v0I25Apkl6K/L1Va31gpk9SCQytaASgMksSQUU=, holderSurname=xy+47q86qJFXUERzCJNR3ltbCO+nPfxCqehu9qoN62k=, validatePeriod=CwdccLcrnDY6YFucuIQulJOS+cv0F3aEO7GG6d1KMuc=, CVV=FJgzuAMyDgV/9ImBfTQ7dNPrxOLPZ1oASJY7vDY4nqI=, secretCode=gFQ8nBSzgeQ5HLpOe8WRVbCkykMRwVAbOMgyrTzQg/Q=]
CardSecret[cardNumber=o2rGuIozuMfOcmJcYffuxdnYC1i+pemDsZRKROMoumlL7L5CnvpMSTm6MWQA8l0k, holderName=5AoHpy1/zeLg3c2UUlQt32zPn+Lyv8mGNlABuRqXD1o=, holderSurname=33LAfRzCCiDsycOqXtVfNFpZB0hdcL0gmBQNDJG3hSPbc9FuXh3m/68fyzAMSr0H, validatePeriod=YGMnZu7wJnIvfNUaGOVsRx8lVEiX0TmVyQe+3+dRQvY=, CVV=buOhWADNXHDX75Y5qCoGJff4FHU5XaqdXBk/CmwkbRk=, secretCode=5pQewcl/AjMqlUjKhU3zq5kETmxKp9yGT3UK9zTZCBw=]
CardSecret[cardNumber=lrh2Bx31d5iV1Qvb4/bE5zf5Q/+h/u1vcjCY+s1dtmtOIoL+zP0ARppzzO7kmYVZ, holderName=37pYMIUK+lAevrX+3u9SLHzNAnpUGkL+PdrM5BhpXco=, holderSurname=JUYMduJh3NFmhg1G2SJD2Mspke9tF+yy/2ZqPmQaW14=, validatePeriod=ByOUe/VX+7b2ZfUT7UcjJRQ2gvBvgULt7YmBbd3cxIU=, CVV=Lmnv6OZC3Cg8oBPsFEmO04HMqT5eqE5361jiJXvf2vQ=, secretCode=ksB9ueOO3avqlSY5CV3vYKOrJ0gZ4aqDNTmYN6jVI/4=]
CardSecret[cardNumber=diOE4uAsFcyu3FLbbjUB7u9c6PsVHm98VzCe5OnTHzDeJHrHAu5+X9IjmQ+APbqp, holderName=FlWDuslBODcE6egIJRefXa+pVvs2RxDiAvnqc8K01hqSZSE8ObPjK+KyZ1atGt73, holderSurname=xf/F63j5HmaYoqG+ZnwWNWk97tytGrQlBPgGAz0zmmU=, validatePeriod=nzUaMBJMlvQP0AMDqvL+g2jtcfQRkWstIw/UbNeQ8HM=, CVV=563zsJHOmG8BJ8qxtLbsqrf6WSojngMGyq03gftII8s=, secretCode=KhKBRnCbqin36M1IWVHY/fzdbX39BTUsVD0NoHLnvBc=]
CardSecret[cardNumber=sJTJBw/nhyZD78GN98ikLCqfbiZnbZl/XzWT6xm8K+lbAqfFcpK7KQcvWgfD4MSX, holderName=HPuhwtOWt2FIjnh3/l8hG1DGIb/doAASSE52HTudKUk=, holderSurname=XpL6XKOPW1TMk1YllCwKgOdDKqn7WjP5Xufr1YjV4AO70tk9gsl1JouoCZ12OLGj, validatePeriod=r03nSVeGdbDr9Svh+/v4tUEvUQmSRTEDduzRs20Achw=, CVV=jFAl5wIjfLsNEFd4LeE3/t+p794YRz58KI5j4Un5rCg=, secretCode=3piC8ZJEVKSZ5OfClvmN8jcJW8DhA3VO7nvcruXfh6s=]
CardSecret[cardNumber=RudT3FzPPZieNRY8IbYSHU8/L/z68GTRT1NkZioxm+ky0Qj5IPiQQY7NOeKtvt2y, holderName=nubvsNQRQHPK8oVOFy4oU8MGZSXefE3Mj1uluIpKVhs=, holderSurname=uDZ5Y75cdFaH320y6K7JBwIkhjZcFN5HHX38xx3/Ljc=, validatePeriod=zPS2Yw+fbvl1kOujYh9Z296oa9nRWa0hOSfx3KVOKBc=, CVV=krletqpLnkvv+n8wkvJMZiM2Nkdr8HfR7EieghaWb8Y=, secretCode=0z75ANoVlQZ+8NRpBAOoLtj7O9FKYqI09VLLjqfFcKY=]
CardSecret[cardNumber=luCJV/Hv7LfL4HS4CvWxcgUfzbVg20alXVATTipQ6Z74WC7Sqto+WwaMCy2ZvxGc, holderName=tkXOszshCVV4rDlqXnZSdmBD1TFarv1lRnpAuB1ocMQ=, holderSurname=I/GmhA/ynjK3uv5G7gXBrKJsxEEjiA3ODBY7xQ5xl4k=, validatePeriod=FD+exSPRqmSsWu2mT2T58/yMH51PPVC8yzRGHff6i2Y=, CVV=caXhSof4mOQw4+wUgt8XR0N69VXQbKU1UCgJaI2Axww=, secretCode=PW7NF9QnFDH9bYKXx+D9XRr+ObkVXTWVos8DgseIuuM=]
CardSecret[cardNumber=3ItX5aJC2x34vNsFeJJrPdtGsrPCEndVPWYAuLq2apkVee4QrajakkgPlIABmxC9, holderName=+jst59lE2292oZhK4bREt/P+VpskreVU+TOjeBYiEFaE9aP7x5yfFGCuB2wzkpa7, holderSurname=Egoa0pzDWUOmwMKEHEjy1Hi9uaRETk2YDlROQ3NWnEFeARn814kVFgnUw7qgAiRZ, validatePeriod=izwFF5ODPBzUUOCE1hAaJGYCV0aAlme0whz+JG/kBoY=, CVV=miIiYINqlrmm7YrGydUmqeUnAI/FyGh1DfRLywyCX/c=, secretCode=5f6hIkyFSaoHP2NxBike66jH1SBrtJg54VKx+G2DcwY=]
CardSecret[cardNumber=hHkajyahCAKHhrj3+rWg8NsMis9IDm/wiZnGSG6IlKkfyLLDCqcKmFscbm74k62a, holderName=QR2bQoGm1P9g+v+zbFyF8KgXHJZ7i7llxkr8fQkC2GM=, holderSurname=IzudiBQtAXupXZBfqp2ViQMiPlIpOvFSTa/szt5GnWv7weHvMl/pKnNtyq/TwH+s, validatePeriod=WK7FCx2BSFDZqn5e88BWDVqwPZ7JN3T8uVwGnM5iyn4=, CVV=DDfobWWlRtCZC6K7kijFcZIFQf8Pp+xCDkYompqB2SA=, secretCode=uIplPJ6eBX25KN1jQV0SZTwT1o9ggVWAtI+64xQtkng=]
CardSecret[cardNumber=Tz0mb0PGlMFL+eoASdiP2CxIwzDV37OpGeHxwg8Tz10h27i4HUAZyMB3bUQqGw+o, holderName=lhkg7SSelL/eSbOEa4QbRNCzrrbBZ7hfHuw/qsELiUg=, holderSurname=dgsekzvlN+TwK3cTr6FAZRWeUKf5ROkAsR3dPxVpeWM=, validatePeriod=UwNHnuM5pjdHDBcu7XvvFuYPiT7MJi/cNuA0RnT59XI=, CVV=gKi1ntwiuKqyBtftCKTlQPAjHIot4ZG4MrEtQ2kn9wU=, secretCode=ZYeQ0LJYz07l/j8kC0xPPPueNARI3BvtzmuGhXtFFjM=]
CardSecret[cardNumber=aaJL+NmUjX7oZIidtRe34qcpXAoJ3pfkTSS4aIKyS+X0CNGpgPGqhwwuaoyaJMSC, holderName=f5gt7VxZSjy5w4tb5EgxqVqzoEAcr19gp+6mOsHd8Ls=, holderSurname=de5I2+hO/QMFJLECQ0g0HhfXQYW3jR8FQNcdm5IbbyECc83ypEZn87v65VmUl1jD, validatePeriod=zYRc0uNSXbOo/ukOjtsTl+5ULBMXUQojJ9JQJvGBvpk=, CVV=jSmiWLkkHrCCVQgpfZnn21jzApK1aYiwkV81bkk96S0=, secretCode=f86BafnbSP5YVn+kYK4i/vDgtbbFGe3gffBJlUh1XMQ=]
Card{id=80697171-dc18-28d7-21d8-df90b3c96a09, bankAccountId=68b06905-df8a-451f-a49c-8571ca038642, number='DZdqg06IaVdYPMKaCPac05zc52HcnZDjs5fSbg+FvD1ROiJ/pGCDs7L6B3bWY8Zz', state=ACTIVE}
Card{id=a87695d5-6a9e-359c-f759-2f8eb2c10b5f, bankAccountId=68b06905-df8a-451f-a49c-8571ca038642, number='udtZuFHrBwcIW3bPzUCP0mxtB7lCJRa2JbstmWoQP+YctVhNfZUMS//UsPpJ/ucM', state=ACTIVE}
Card{id=18d5be32-2d79-ab0d-e68e-1185482f3f80, bankAccountId=68b06905-df8a-451f-a49c-8571ca038642, number='q4FBVWEGeCLZyMelNEBX6x21Hr9HFvR9/OBiEG73S6an4gkXeNw/0guX+y6djbUp', state=ACTIVE}
Card{id=bad0395e-181b-ea01-3792-8b477b6f142e, bankAccountId=f032c543-af04-4743-a2f7-671b1ceb5f96, number='sfbYp2X/sX52J4MYterPu4u38InLDOO4RDRUgGbQ1is1Aaf1BvUbKZklWu3LFpSA', state=ACTIVE}
Card{id=8f8d4ea0-cd11-aa9f-de7c-2344730b2265, bankAccountId=f032c543-af04-4743-a2f7-671b1ceb5f96, number='/9NRa6MqkCQSDT7uxN9v7oWb+QB+QckxlUuf11rL7Gj/yYB+UhGTAFDvu9E8AeDQ', state=ACTIVE}
Card{id=4087a99b-cbcf-533b-22b0-abb06bee4fda, bankAccountId=f032c543-af04-4743-a2f7-671b1ceb5f96, number='ONXZXlYuUzMzNYggq/meIrCGH4qbS5mtA/si4FKUWOX1w0p8D8OD+Epktav9+Nsf', state=ACTIVE}
Card{id=ef4ccb7d-6bac-1da8-7c11-025b8036ab05, bankAccountId=cf2dcb94-7449-4dc5-ad52-36d540e3343d, number='QLyAgTxamT8YymbU2Z3+Bzk9aXTkzUGgDSS6/EDSVx/g4cUYIeSyBGXv+iITVvYU', state=ACTIVE}
Card{id=93e838a9-6291-6fb6-bbef-65695fe7e1eb, bankAccountId=cf2dcb94-7449-4dc5-ad52-36d540e3343d, number='dX3pC9ZVe30x6FEOR+XcQpkZqscRYGFHOSuQEE/WGUtsNZseD84NWSXVRO4epLgQ', state=ACTIVE}
Card{id=27988f2d-5680-a45e-d8e2-e5ad8960e1d4, bankAccountId=cf2dcb94-7449-4dc5-ad52-36d540e3343d, number='CCvrK89nt75O/9R3n4oZ8ra9LmzkBQczNaFluDHIxS5xDR7AjtkxVnZS/Ge0pZgy', state=ACTIVE}
Card{id=2b26b49b-2e17-02c7-6e99-fae28ebe4e3c, bankAccountId=354ef7d5-6ca2-4ae1-b41a-f296603b6b19, number='L1tZ3N8PTCin2F7mZCEaiw93mQFFsoxBqQFYls9xuYrATXjgK1rHGZwNOrzpt99v', state=ACTIVE}
Card{id=5b7efc3e-ed31-71a3-4bbc-6312e060c537, bankAccountId=354ef7d5-6ca2-4ae1-b41a-f296603b6b19, number='FOSZZsOn6OI68WC1t+ZIVQd6MI7NvVHXzPgYhxIuxCfS7iJoRkFax+ATyKq8dgyL', state=EXPIRED}
Card{id=a9c9c971-0bf5-e943-69de-3880883d38c2, bankAccountId=354ef7d5-6ca2-4ae1-b41a-f296603b6b19, number='6lviSdXJVv1RQF97Ts5H8lb8Xq0Sbaptz09rYRF9VwzMzIBqO3eJl7ohLAMbbiNi', state=ORDERED}
Card{id=75b1886f-907c-ae44-6f9c-17578110e550, bankAccountId=4826f176-2c25-4723-b669-be2fa46f073a, number='0Iha8jvn50k2mje+ZXkOQ+LVkO05omIVhC6i+I4iUMSMp8UjIeb+xYGJ8tfEGgGD', state=BLOCKED}
Card{id=7c88a0cf-0b0f-c224-159c-35aaa9e1498c, bankAccountId=4826f176-2c25-4723-b669-be2fa46f073a, number='NdUwMZZEKze7lF3QhBJshWW77vJaL9nKAK9CHxRjgrfaj0OpfgojH4PzkNg8SU6n', state=BLOCKED}
Card{id=ef8806bd-baa2-b640-7e1f-54e83ca348d8, bankAccountId=4826f176-2c25-4723-b669-be2fa46f073a, number='wFSZQiabAiGDBmFmIsCpr0wDViCm35Rt9Oyo2IctsRLz3FcE36U9HOxzyRqv4Dui', state=BLOCKED}
Card{id=bf35f5ed-8cd7-3d37-bd14-c77d44a49beb, bankAccountId=72eebb7e-9bb1-4f1a-9587-eac179a6be33, number='9QJ69EXjpdcSW57X2rhQlW2bKiEdW3Txo/kH1VtnDDq8zaPK0+ikVXh77m09bY14', state=ACTIVE}
Card{id=cb64bb96-e4d7-1a1b-736f-e9c35b98dcda, bankAccountId=72eebb7e-9bb1-4f1a-9587-eac179a6be33, number='410idYGZ5tFek+oPcEzAWm0c0o3u6Gxfq5yo1vk3GpChtypMQF1keIlpZqSqbyL4', state=ACTIVE}
Card{id=bccd34ee-c5f9-5c1a-d546-515aa6ffda09, bankAccountId=72eebb7e-9bb1-4f1a-9587-eac179a6be33, number='1yfZqORhUNpNGzf3mPORYGVi/j/Yw3IdKznMjuethyKIrzJE12pJXhQHq3dKLHSz', state=BLOCKED}
Card{id=4553e102-a89a-6a39-ed6b-764805899d72, bankAccountId=5f006fef-5c67-4c69-b617-c427df546a72, number='fAakkEQyg+yH0/ZM+JD0Jlrfc3Y6TlIb2qCFnTAI+1cot+ExstmxD5GzGdq5AT1o', state=EXPIRED}
Card{id=80b91ca1-d567-aca1-249f-c18e74bd80ba, bankAccountId=5f006fef-5c67-4c69-b617-c427df546a72, number='xx4mzYx0Ecu1pY8XDxGznA8QpSUgXx2hYHXC02zbQFdia2e+v9C3wrH3LBPOYtXq', state=ACTIVE}
Card{id=fad25199-35da-1e62-bb11-7845db0b92f2, bankAccountId=5f006fef-5c67-4c69-b617-c427df546a72, number='kHs+GD3IL0j/LJtJBhVbB6jqUhLTg56EDVT95ddo1DMabwB+eO1iRCYpT3gpZl56', state=ACTIVE}
Card{id=0e84c26d-c0f1-d303-347f-50b7eab66264, bankAccountId=1f00d019-72c8-4644-92b3-2ee4bbceb274, number='yrOuIj7godIeRbhsHZtZZ19LJBQr2kKWaP+Thf6FJtbHPw+idTBf1OLx5tjUPJNs', state=ACTIVE}
Card{id=23dc00b7-396e-6b98-19fb-e16ab9df51ef, bankAccountId=1f00d019-72c8-4644-92b3-2ee4bbceb274, number='1ypGT+t5JcjTlSALfmlBYhCECSiBnTHhFfIgmleckvJ4uiGFfw+Y6I/dGLKg0zSe', state=EXPIRED}
Card{id=e51c4d6b-a0fc-dd59-feef-aa105ac5ce6d, bankAccountId=1f00d019-72c8-4644-92b3-2ee4bbceb274, number='JyqDEjPPfYlxbLanBYgJtfEkauuOmPoX8/f8lQVd7av40qC2wcZMDdNY1UWPqBDI', state=ACTIVE}
Card{id=84b19a57-f6fa-520e-45f3-046ebacdc4b1, bankAccountId=5ec72c70-aae7-4a56-b2ff-87b00aad7f15, number='R5sZExm8pJ+SeWL/J0Z83smgNrNrnPzAEiOqM9LGI9ht80H1mM6hCVb9SooNbjhm', state=EXPIRED}
Card{id=a0b00e13-8bc6-1a0a-99e0-1e6903ac4937, bankAccountId=5ec72c70-aae7-4a56-b2ff-87b00aad7f15, number='tpghnX69YCUJHVkwI7dJIgp0t0hY1nAnQWEvIo5uMMPShdm4PBXs0EByxQj8sRNk', state=ACTIVE}
Card{id=37bf7bd7-98ef-5a68-f18b-40c51394d28c, bankAccountId=5ec72c70-aae7-4a56-b2ff-87b00aad7f15, number='aNh7Rp4BYPWbLRSrU6Cq2YLhOYITR/ZUaqBMBM5DW1xfLYYXja3AMgwONvxyx3Pm', state=BLOCKED}
Card{id=770cac97-6798-a9d8-f307-9af8c7434501, bankAccountId=b7fb449a-79ca-4446-b73f-8eb36a4dd0d4, number='yZGn3GrRE2lFaPQlu27M60fCNkANHN1YY9sulF0YhbGUPpgFIv30JYcTdwxwWsZM', state=ACTIVE}
Card{id=098b5f58-f753-5bf5-0581-0ce55aab6a5d, bankAccountId=b7fb449a-79ca-4446-b73f-8eb36a4dd0d4, number='8ZHj/EqycZYju56dUL4DGQbgTpuiBxk1PLKHz6pzj1hKYf6asY288QgEXbL4SD+f', state=ACTIVE}
Card{id=c99c1072-f8c5-9337-e199-198a55654e09, bankAccountId=b7fb449a-79ca-4446-b73f-8eb36a4dd0d4, number='9iIRiy5oNjR9xJKcjUuAqpNFvl/r7jJtXbKL+CPzlgJaLp0wHRjxFmbdTTRuI52Z', state=ORDERED}
Card{id=c4cb0518-ca3b-d341-6bed-cf6433c16cb3, bankAccountId=e52b1eb0-0b23-4ce1-a6ee-bcb6e5226dba, number='kHKcJQFWsPEcUbACwTZ65cBEuPvgCeppta+98IXE9Kcfx7tGqWJh/cN5Rox3TwWv', state=ACTIVE}
Card{id=2114f0a0-0f62-bdbf-9e2d-a45d8b8fb586, bankAccountId=e52b1eb0-0b23-4ce1-a6ee-bcb6e5226dba, number='/u0oFKjQR4Cvrcr7WLCTFWaGgkJ1HTHPTzwR3gRMnaLOA1g10qD4Jdr1G7nwCumu', state=ACTIVE}
Card{id=3fac1adf-77e9-b56d-bdec-c6a50060ff80, bankAccountId=e52b1eb0-0b23-4ce1-a6ee-bcb6e5226dba, number='vfTgJ///SvDXwxduEcitq6NWcZ57xBjE3/msTQl2xeqiWz2qpPRGzjUzusmzGz5n', state=ACTIVE}
Card{id=1c3eafa7-d1a9-2662-2cf8-e20883d788a4, bankAccountId=a87edcdc-439c-4458-8b30-4895d0ea1cfd, number='cYNEqPwSPx5IG3gvWshczpH2gNi74ndmKrh0Asxhk10qSKFmqMjGaOOQ+niUUUrv', state=BLOCKED}
Card{id=df9dbb8f-aa64-d86d-6e25-1fce46614ff9, bankAccountId=a87edcdc-439c-4458-8b30-4895d0ea1cfd, number='k1YboUgD6q9jV5xk7N9i8ToXBvEDP3Xu/muwav90zcda5AsnCbcH8wp0mR6JNMxQ', state=ACTIVE}
Card{id=28228489-3a6d-80a0-e0d0-e5fa5a5bd134, bankAccountId=a87edcdc-439c-4458-8b30-4895d0ea1cfd, number='X426vJEpTui6s60GO67d/PunU0TFC55WJPIY4VSUtoWRBLfFyAvM3NFTHEJxZJbP', state=ACTIVE}
Card{id=80ba6b9f-e044-abdb-b272-2d9e1c1ab441, bankAccountId=ebdad818-0276-46b3-bd3d-e259f6325882, number='U/x6yT5kbcupUt3eJSqMwTzUfRwRmdu+BYq0wEFHjwyJ1S/bTMyOnAtyWHXD1A2c', state=ACTIVE}
Card{id=11085757-be19-5173-5e44-414e365cd9cb, bankAccountId=ebdad818-0276-46b3-bd3d-e259f6325882, number='cMRgHouBy2+5Ore3g1/KiQ3kAg6qsVNL6FWtQor665jYO+vSc21KvGMW2tRkrX1r', state=ACTIVE}
Card{id=e35260bf-4d0f-ce27-a2fd-e9a19bfaab69, bankAccountId=ebdad818-0276-46b3-bd3d-e259f6325882, number='V+SFXq5c6XsYlvvDUHLsIaM1o/0pkg+ip8TrG11VFDmKvoxNpw2jEgoFvvkCRIsa', state=ACTIVE}
Card{id=714269c0-5ea4-5902-17ff-c0c0f4466f98, bankAccountId=3ae4f78c-9c41-4c34-a615-dfb9dea560f9, number='FoEilHnIS4rxqdqbe/9klphIYB3r70vz1jya0DB2B2ngRkwUm672BZB7srvzCn5s', state=ACTIVE}
Card{id=19018dd0-2925-e675-7b97-f0906fff82d7, bankAccountId=3ae4f78c-9c41-4c34-a615-dfb9dea560f9, number='AgLt8d9BDIw95WsMeWuZoTC7A1HYth6975Butt7ABiMflQ21uZdnU4mknorp1dbe', state=EXPIRED}
Card{id=2145a1e0-b0f5-1e09-1035-d95d24474777, bankAccountId=3ae4f78c-9c41-4c34-a615-dfb9dea560f9, number='ToNBRToHhwKMh3YgpLx3kYmcgPQG2jjsmOc53A0qPrFvdOI2U+g4Zuy9Wk9XsBqL', state=ORDERED}
Card{id=f6aaf9ae-fac7-712f-a550-d98af50b6c51, bankAccountId=1d4fbd04-83db-4651-86d3-29e613b0aa56, number='6MLardiyD5sij+OnRAqPm/TFjg7wPJKLj6WfZ74mntQg14TL3LVRpzf4nbvVq4is', state=ACTIVE}
Card{id=56185c33-758b-2440-eb82-62742b787f47, bankAccountId=1d4fbd04-83db-4651-86d3-29e613b0aa56, number='O+y4Q3MAi4i2PkNqn+yCOyHisWuQQrnrIHqS4CbkJei5+vcuRIhMUjvy2Ldiiugx', state=EXPIRED}
Card{id=59e90450-31ab-202e-3fa6-adce164d5d36, bankAccountId=1d4fbd04-83db-4651-86d3-29e613b0aa56, number='3Kphx3b4D6UDeBPbTu3SjbxAdalZeS3pXB7NUXm0eB7LxPE5/7kxIurVMEjKr/hV', state=ACTIVE}
Card{id=538b3ad2-9772-8454-ff4a-50cca653bbd3, bankAccountId=5c7d4cd7-a44f-4432-a250-c68ba271f2e3, number='kFQGqLhraCAZEOiTjnQcY91oqjy2yWXWL/s1QF5C61YAlm6MWaSeHl04wKebaCx2', state=ACTIVE}
Card{id=14af3e5a-a880-4c96-462b-161287cedc57, bankAccountId=5c7d4cd7-a44f-4432-a250-c68ba271f2e3, number='miyercI7hDb0ftP3lsbbDsfT3ClxL4wKFtfYAQJ5Hyb6TQEFdshY1dyAZ1D5DS3E', state=ACTIVE}
Card{id=4432d1a2-7c3b-2783-9557-6aec90e0631f, bankAccountId=5c7d4cd7-a44f-4432-a250-c68ba271f2e3, number='rSPjSo59A4iQmSdAXkeGQtj4AicEBh2mAlMXvApMX1Q3E2Hw5cf+CuSwOiyYAaUx', state=APPROVED}
Card{id=2bc0be60-1949-724f-d23c-92c5e6e54d56, bankAccountId=6e11e175-9bde-4231-bb48-11b5f3e5384a, number='MzK9RkcyAEH8vbkEticcQXrX/zP+Y3IsgZl4L9fievgxrmynHzPgCDsXh48tHVAf', state=ORDERED}
Card{id=5950734d-0e3a-4ae0-1458-323fff2b1c45, bankAccountId=6e11e175-9bde-4231-bb48-11b5f3e5384a, number='v8aX0lvUrRSJohWyPIJnTlCiukAwjvExhDArMV6FGd+ELgB7dGw235RKGiTpCmTf', state=ACTIVE}
Card{id=9e6713f6-ac6d-5580-0c42-ce26aba3d820, bankAccountId=6e11e175-9bde-4231-bb48-11b5f3e5384a, number='lhQdjN6XLJTaTrIizFfxjWq2eXpzp8cfvpxZYfV/Hx1syXLkoaWmBkOPRFJiCD//', state=ACTIVE}
Card{id=cbe052d2-fc13-38df-e0bf-18c217fed569, bankAccountId=3f96f7ce-6c29-4543-88a2-142b908139f0, number='CmwPjeXlt8GbvmhC3CJ/fUDPdfGAAsfr+bkpGZMeWu5HPBZnxWJs0GKszFI+COGH', state=ACTIVE}
Card{id=fe6da9af-df65-1643-a4e8-595492ec3149, bankAccountId=3f96f7ce-6c29-4543-88a2-142b908139f0, number='2MWdsx+3D61CdFhbM1Q5kTUhvonqT5qg/30ZHFb6qBhJxqWrjbnvA6jkpO1sZpb+', state=ACTIVE}
Card{id=9750850a-d178-8eef-a1f8-cde80c4736d5, bankAccountId=3f96f7ce-6c29-4543-88a2-142b908139f0, number='Zn4v4lsqXksRQYwDA2xZ/hFJ44IB3Az33NWUU7SG7jYD8puFTAkEA0fizktjNwbj', state=ORDERED}
Card{id=40e4ec47-f737-e904-d263-06929e7dae4d, bankAccountId=15f38363-02dc-4d0a-97f8-0ec75b375a9a, number='gBxRDs2wL+a3SR+OT3cfZO/QDs6EL9bVJ5/QYWc3sgxRJwdmd9IYcdaddqkVEQkP', state=ACTIVE}
Card{id=b79fa103-2deb-6556-6955-822a16be51be, bankAccountId=15f38363-02dc-4d0a-97f8-0ec75b375a9a, number='kxrG1yxyeuuuJyv4w8anDYDIZ7KoizLQi8fdio6CgGYFouRR7XYIaAfifCEl1D7b', state=EXPIRED}
Card{id=b49a21d9-dc3c-e1ed-d66f-930ab196417f, bankAccountId=15f38363-02dc-4d0a-97f8-0ec75b375a9a, number='pDExV9b6aB68EN+0QmDdmPlgQHuP734meTEZB+F0UvI/qibbXTH7rusNQC1IMQPz', state=ACTIVE}
Card{id=483966d3-f697-f1ae-145f-35bf0b75760d, bankAccountId=f85f9589-f6ae-4f79-be5f-2d70b187a1ac, number='D3AdD+GLC26OO/ipXKK/b7s+EzrmIxiguyMfYpX49wLhvXErV8ONZFPgddDHfzlK', state=APPROVED}
Card{id=4314a795-9106-8f17-c052-c1f8d0f5d8ee, bankAccountId=f85f9589-f6ae-4f79-be5f-2d70b187a1ac, number='nohSmXqg6pNzGk0hzGzmOvwR/zTkD/IUElRHpd2JugdwEr6sR5prxm0Aeicucd+Q', state=ACTIVE}
Card{id=69ec68d3-3cbf-1ed6-d425-dd2c5bfb9b01, bankAccountId=f85f9589-f6ae-4f79-be5f-2d70b187a1ac, number='ukCMzsl1W7pGFKwr62rjg+1iulMytyJrLqQ2o59Co4CLQkfh1Ms5gKFyakb1RA3L', state=ACTIVE}
Card{id=1cad31ce-0a24-fe07-50ff-6705855a2592, bankAccountId=0861bd01-eb64-4b76-8e32-5d16472e6f9f, number='Kj8EAi2TuSob/MvsCUGPZ2JYGGNiYxgD4ewFzWzoGwG/x8A3L/zvbB+X3cnQMdxv', state=ACTIVE}
Card{id=502f8f82-e544-ba95-ac68-c4571f48b353, bankAccountId=0861bd01-eb64-4b76-8e32-5d16472e6f9f, number='ZQOe9xr7Su4NUQ05pihhlNgOUbOcqQnq4XlScF7S9zu+pZxNI/Ny2fCMF4j7nlXb', state=EXPIRED}
Card{id=80413f20-4ed5-ac6d-a504-e2fe4f66a114, bankAccountId=0861bd01-eb64-4b76-8e32-5d16472e6f9f, number='dYhVppW2Xzrh1gecFFhP5t98xHPgFW3bUIgM557BZ3hfJAWeXKIvaBGA8eNyLCdW', state=BLOCKED}
Card{id=afcd9bb7-0eb3-479a-1ef9-4e5a821f7146, bankAccountId=14b2cb47-4135-40a5-9fa0-f9a7d5ffc422, number='zx9/l8RjLC3TZOqnHAYPR2LO2ZEL7gxQkQ0aWeAZTRUgZQfs8EyyuM//oxI7wfFn', state=ACTIVE}
Card{id=93700e33-a4ae-9300-ca9d-5a60ae737af1, bankAccountId=14b2cb47-4135-40a5-9fa0-f9a7d5ffc422, number='Ozv1cBeGWEK0Ap1GcJEKtE5911J2xVnr2qejblGvLYiTc7BZFqsCvoB3Ho2aS42q', state=ACTIVE}
Card{id=7e20732e-f9c5-91a5-ec75-efa2bfc6236a, bankAccountId=14b2cb47-4135-40a5-9fa0-f9a7d5ffc422, number='QrhFB7yhNrTO9O8ngb/JpRgc6YNP1b6E/7aYQK8grpb8j8MiQVNmDuHDlVRGlYuV', state=EXPIRED}
Card{id=9838f81b-fe4a-63af-8359-e56cefebdff6, bankAccountId=c1a9eddf-56fd-4a61-ace1-336cea3c6748, number='82ldpmtic+cefi15G5Pa3DSeJV+9aozxxgtt0pB5lYajK55NJeAu9Eg8vTbrq2gi', state=ACTIVE}
Card{id=7175181c-270a-1366-e064-9dbbc320eb0a, bankAccountId=c1a9eddf-56fd-4a61-ace1-336cea3c6748, number='oQUvsfCo2JDMXExVTQiw8l8U+itnNOFjdNgjvH7U63EDaVlkLJjahYbpj3AcJikZ', state=ACTIVE}
Card{id=d1ed26d2-901a-a2c2-6e1e-57ced1647260, bankAccountId=c1a9eddf-56fd-4a61-ace1-336cea3c6748, number='XAr/cZg9P/NDdZFxygnYYcQxVvo5IRyPmS1n01VbyIGGzl/zwmVWZpjcEkazbSlt', state=ACTIVE}
Card{id=f92bd6ec-574c-1990-48f9-67e6b2bd7aa6, bankAccountId=7d25fdce-3d3f-4636-8a6f-fbe668b6bd07, number='wwfFdy/H8jZQT2vg8LUs9lUscg5NDnfHWPdVbd4ywxA1MzMBjCWjdhvnOZHyNbe7', state=ORDERED}
Card{id=ae5f13a6-e99b-19b3-8d43-b862f70a9095, bankAccountId=7d25fdce-3d3f-4636-8a6f-fbe668b6bd07, number='NSLWbpMV6Tzif9Yy1uexaa9arwa28QhXP1U3nuYxIBd1B3wgdadN8uLieujpXyKp', state=ACTIVE}
Card{id=85eaf1a5-9598-ee51-213c-6474adcf00e1, bankAccountId=7d25fdce-3d3f-4636-8a6f-fbe668b6bd07, number='W8hGGLCnDOJqeVTHCZ+nl9K0G0PtwZBlGqrWCaHbYpddYD/rgqgp33W1U7SGBgPJ', state=ACTIVE}
Card{id=c2d72521-26f8-dbd3-a4e5-0759ed051cc7, bankAccountId=9e1ddbc8-d88c-415d-88e0-fb1193eda005, number='99GvrTEFnuN6pPz6h8UJVmrOsmOlDxrXb4oyfKjzqUBqUjUXeBj4Qffsh6TvAK5/', state=BLOCKED}
Card{id=cb14fb46-b886-2bc7-ec07-03a3ebfdec14, bankAccountId=9e1ddbc8-d88c-415d-88e0-fb1193eda005, number='gzDkk64vKzoS2BQJCxQaEv4DrPp9z1qQ3hkNTvQ8XGew6nbm7p4Q+1hLoll8TvQu', state=BLOCKED}
Card{id=8a7bfcf2-b8b2-4b9a-f18d-ed2ed05a29cc, bankAccountId=9e1ddbc8-d88c-415d-88e0-fb1193eda005, number='HBgK2x0jcdZXgfTdFCzsi6ArHFy0LhIE4aOzIupdS25Rt749j95tJr8Z4Z6bo/dK', state=APPROVED}
Card{id=6d54d232-0a62-ee85-3475-9245721a9f08, bankAccountId=325852d9-31c0-41ac-af3c-52a053d7919f, number='eNgUC01hYid+SCHuElK5B6bB+yZDhXpGUblw0KNFVUpMyHPFB7PtjB4w/8SZfHG9', state=BLOCKED}
Card{id=c0385cbf-1ef5-d2f9-4386-3a03b3ef642c, bankAccountId=325852d9-31c0-41ac-af3c-52a053d7919f, number='mUNSZM4y2S1uPaCeV8Fs35rQmoUmbCM0hcVJTaT2P41Z8aV/rOE9Sv9B8oxvVNaZ', state=BLOCKED}
Card{id=94d9e2a6-cb1c-86e6-ab0f-705bb1ee6a92, bankAccountId=325852d9-31c0-41ac-af3c-52a053d7919f, number='y2hTvFGb0dYOQ2CVHoCObR/eOi2PAvcROvp9rW7HJ4DIil/ELQU8NCcaZxGSpT6R', state=ACTIVE}
Card{id=b7bb3af5-dc22-35f0-0137-50ee8bc11f5a, bankAccountId=629cf24e-b768-4258-b007-a8dcd79e75c5, number='cjRnAKjNS2YhH9HhCKuV5EOdTLphoCPES6ZzwmSsLp56uNy3rKBgozo6ATvxQnto', state=ACTIVE}
Card{id=227c161d-a717-4a2f-2615-fd20cebd23ea, bankAccountId=629cf24e-b768-4258-b007-a8dcd79e75c5, number='JMLjlBdkoC9ZyPduMDYY/HdoyHBIumcPgM7LOFoQzsX1w+xQzb6S6ZqA+jgSg02W', state=EXPIRED}
Card{id=3b546b88-60cc-8f00-658b-126fdcd8d1a2, bankAccountId=629cf24e-b768-4258-b007-a8dcd79e75c5, number='+BdQqECNc5RY9W4p0gBDUjz7/N2bFkU1NQRMKb00KTDNw/iU5UKxOsrN7sWLGy8k', state=ACTIVE}
Card{id=0171d079-8c3e-da6a-deda-6ca77c6e9077, bankAccountId=b519ad49-fa60-4d94-9cb9-8fb7e54e217e, number='QmacwIZTVugljwFFSooK+ovVyoIRThILT0oS9Uo+VHD57npMt3tuM2t9bNalxwrq', state=BLOCKED}
Card{id=d35ed075-d4fb-2454-fe1f-118d191d7f6e, bankAccountId=b519ad49-fa60-4d94-9cb9-8fb7e54e217e, number='IOKkl38zqYJsbOJBAVgHAL2bMddViquOPwKgmkl0hQcd7vRNQ75rRsrS1sWK5Kx2', state=ACTIVE}
Card{id=fc1ab2cd-dd55-0685-35aa-20453118a8e9, bankAccountId=b519ad49-fa60-4d94-9cb9-8fb7e54e217e, number='Wf3pA/ZU3O9e25rYcqHzDoa1nQq4ZYQvFmBQFELNVAzPRSY3cHMfNaSeWHhwtJ4N', state=ACTIVE}
Card{id=b4f4af10-ac74-8caa-0efc-d63e2ef3f3e7, bankAccountId=87b89496-7ed0-4297-9044-ba9c97e72f0b, number='xn3yc7lsu31mulAlpDt5icmDS3TTFJ9L4ICocU2cFtbwP2OOYHJuAAz/e9tsh5J4', state=ACTIVE}
Card{id=2924d0c5-2ccf-0548-247b-e46fe7d3c3b9, bankAccountId=87b89496-7ed0-4297-9044-ba9c97e72f0b, number='tSMSLiq6Wlt8RrVBlM4jpx8uehg4fbjWkQKSZ9t800AT9UIhJ5BZnpGfAjxhtqvL', state=APPROVED}
Card{id=5f833ed0-24ed-5f38-854f-c3223c32e497, bankAccountId=87b89496-7ed0-4297-9044-ba9c97e72f0b, number='o629XhuQ6zhjz/t6v1tpUnVFnYpdr+YB6rn90cbSNhAW3SZggGO2OACjGv0BlKDs', state=EXPIRED}
Card{id=b489c951-c7bc-4e17-5929-f78f36d47aad, bankAccountId=d54bfc84-6c52-40b4-84c0-9b941d5918fd, number='XPGgPjyWwHUIwdaZcPbT853oyDxBTkWUdCwoorXwmMGRDx7DwCCmTynB7CEFaRDv', state=APPROVED}
Card{id=b118b3f3-f8be-1809-8772-5459ead129de, bankAccountId=d54bfc84-6c52-40b4-84c0-9b941d5918fd, number='phFdN/xa6kmdqzFGQB9YUG4R0PTfTXlNkMu9sY2SyyXLp3AYO/UAkpZHtSDOpwNh', state=ACTIVE}
Card{id=a9f9aee4-eb97-4a66-c37c-7bebadd44465, bankAccountId=d54bfc84-6c52-40b4-84c0-9b941d5918fd, number='gxptbvaHZo41oWgT9hLXkp0vbqjfUyARSrfqf0Maj58Y0yDoNVGwujysJDgTgbZu', state=ACTIVE}
Card{id=4eceebc3-40ac-9962-17ce-def46898115e, bankAccountId=f50e2d46-3212-475f-906a-3ee1cd24db70, number='moIUEpIV05+t1nxGHXOBIS5xjMTbheC8Hnu5N0NsWvhJ541NyxjspqM2Kau1JJie', state=ACTIVE}
Card{id=4acb393f-9619-8a2f-d461-0d1ff564e035, bankAccountId=f50e2d46-3212-475f-906a-3ee1cd24db70, number='hksCgRfqj6lWM4a9AQ/nMT8GHa0jtqo1P3034HnwYkQ8n2c2wNNCYDtWbCrqBo8z', state=APPROVED}
Card{id=2bb47df4-6c55-4600-9c04-bfcb155ab9f7, bankAccountId=8b86beb4-2a84-4229-8204-e183599b79a2, number='8GM34NIfDxMZloh/kijHzVLCmFQR3bPrV0RwcnstLNZzGoAPqkUHoqupSnZ0guj0', state=BLOCKED}
Card{id=5c718052-69c4-c52a-8bc2-2e1a8faa5945, bankAccountId=8b86beb4-2a84-4229-8204-e183599b79a2, number='+HPy2iRPTKDz612ZhXdklk602M8AWWvTiteqHZXUo/eEMBH22D6yBR0b7p5tQRS9', state=APPROVED}
Card{id=9fa7b26f-08c0-9c02-f5bf-51fb8c848957, bankAccountId=c3d0e8d2-eb74-4b11-8343-3a7eb634afa3, number='yDQGScsQWPJ4IhrPBTyFBGPoM0lCzh1gZf/JmZw+9VNUIO1f9gxfrZibYtTR//XU', state=ACTIVE}
Card{id=1ea27ff2-12ab-0b8b-443e-435ba6bf1091, bankAccountId=c3d0e8d2-eb74-4b11-8343-3a7eb634afa3, number='jtZZsINHJRTsxjDEK0EuYWHuY7RfE/q9SDKP4WNA5v+4J+tAXlCtu/mASczFnBmz', state=ACTIVE}
Card{id=1a63e450-e8e9-5333-3fd8-3d0fe56536a0, bankAccountId=81cb25e4-f51a-41c7-a3d6-1e7e54a5f30f, number='vdd/NBsIcD5U3UBa1eEZ8JOK/u7RRhFTnltavwfJAK/DEqzhu5luqAK2OCb2Hzdq', state=ACTIVE}
Card{id=1740c15d-9fec-038a-aa1a-c68fe6f11b10, bankAccountId=81cb25e4-f51a-41c7-a3d6-1e7e54a5f30f, number='wIQGrx+++V64rNPvwp3+CinKDHnbj0qm6nf78x/Kpg3hFPWcZOkbzBnlXOSobWwp', state=ORDERED}
Card{id=f591b9e4-098f-1cd9-16b8-0a9f2bd85edf, bankAccountId=97d2dd1d-6aea-48cf-a75d-9d48c41eb66e, number='rSmsOK40sl35ybR4m60wOKZGoNw0xo3op3zXT/9oKXbt5kLR22cYVGa8qXhkFLc8', state=EXPIRED}
Card{id=0731f22b-f96d-6bb3-4f03-eb20e66f30f6, bankAccountId=97d2dd1d-6aea-48cf-a75d-9d48c41eb66e, number='24RIINIFgTX6R2GGWuOI5zm1pAQqSc8zZs7eSKdHTGtif02i561LsGVUXb4vPmdR', state=ACTIVE}
Card{id=5efa87e9-445f-7b2d-c19d-ec1a349a52b0, bankAccountId=d8aa2716-b230-4de2-98b2-c59c0c5e7b4e, number='DayiMamLSbrt03utwOReYOhQKtJh8RqGRPbbfKt83Jq1d4pjXGUG9HO++Ij+1p0v', state=BLOCKED}
Card{id=d9da63ea-cfad-513f-d6e6-dd286cfd4834, bankAccountId=d8aa2716-b230-4de2-98b2-c59c0c5e7b4e, number='9UgtalvWZYvkLHmWY2PzyOzI+k1lb34ZfqjHh8x2VeHxSfrUPjbFBWGZ7u2X8CPp', state=EXPIRED}
Card{id=409bbc75-ad2a-e8a4-b989-c5de956948ed, bankAccountId=e61e31ec-bd79-40b6-878b-acec1e04a7da, number='lpaE3vOMcu/4AsBHcIPYQxFcS+85eWoxdb/JYQWgcbUZJtjdAB+h3teFN87ONxcG', state=EXPIRED}
Card{id=b64e9e30-caa1-b2f2-463a-e5927701763d, bankAccountId=e61e31ec-bd79-40b6-878b-acec1e04a7da, number='YL6qcuU+sDwOiaKVZFKFuYnCOiebrUpX0MlLUYtLcbq+2dMeqPuzLzV/3fYKmpb2', state=EXPIRED}
Card{id=e01505bd-92f1-c599-27d8-7050d07f8028, bankAccountId=d61fe543-2780-4442-af40-264e6f3a5be3, number='XqbiSkpSMitN+cocXBCpnBpy9VPDCNkmeGaXWvUdk669lWzIkh0Kj7jQuy+NvlAd', state=ACTIVE}
Card{id=982916b8-9947-64d5-3f72-676c45ac3042, bankAccountId=d61fe543-2780-4442-af40-264e6f3a5be3, number='itS7sJHR/q1BdxEfxOyl4ZnDOievBPrm2MmR4KWI7ret0snOZ3o8f+GVhUv/M786', state=ACTIVE}
Card{id=bd33919e-681b-9f7c-a94a-42a43c3dc6ca, bankAccountId=492d13cb-8af8-459d-8739-3f03e0f80229, number='RLpux/+hDAJfW0C3MrkrXc+1XLzMjMzLHTjDAskzNp7wM7kNaKWne75qRv0Rc6Cy', state=ACTIVE}
Card{id=cfdc2cb7-8d3d-c886-b26f-4c24e4192284, bankAccountId=492d13cb-8af8-459d-8739-3f03e0f80229, number='myoZC3g42TwO4iqpY1D5Hi47L4Tsx8dKzlCmbVz63hrlkDm0lGkCrsgQriEddCN/', state=ACTIVE}
Card{id=dce804bd-b98e-830a-a4db-1982f2315794, bankAccountId=de2f500a-c335-4bc1-9c5f-635039aa5e81, number='FqI2XLqod0VFJgzVLHa8/eg8lfFXPaQKfYU4YSgngs5sOvQ0TatLD6IZzxbjFziE', state=APPROVED}
Card{id=486c73c1-5ce1-6ee0-d357-d2e0f9768681, bankAccountId=de2f500a-c335-4bc1-9c5f-635039aa5e81, number='qpLqgSF5jOga453yhBGhyFb1PJJmoTf5ahGdz3wrb0N4JEYLUGAO1xCEnjnXB691', state=ACTIVE}
Card{id=b446ad30-bdba-6d26-8ba4-486ea16774a1, bankAccountId=41bcb58b-5969-42ec-a6ed-5443fe9c19f1, number='978XnJLj4dsQKggxhhuEio+Jv38dp9f2/OdHv3cDFPd0Nki2hJunvrWcglNk7Ltu', state=ACTIVE}
Card{id=865472c6-7379-58ef-9eb1-8c2bb517d618, bankAccountId=41bcb58b-5969-42ec-a6ed-5443fe9c19f1, number='xYt6yFtyQX+qHSP+d/AVsGCFBLUcbFgFLSGC5nsQ0B8igGeoN0wVo/o/i2CiK7Lt', state=ACTIVE}
Card{id=3d499e9b-1753-c853-513e-0df4b4d14701, bankAccountId=e65d8471-6b04-4f94-a598-29970857bdf4, number='dXZ2YSSZb9o3JBLvxRIRcusmOJHza0wj+I8yxs6tildqYhh1CAjQMLlV+25Z5lNG', state=ACTIVE}
Card{id=b6f59d0d-652c-60cd-38aa-23d4f0ef424b, bankAccountId=e65d8471-6b04-4f94-a598-29970857bdf4, number='9twfk68nO72lnabybwQtCAXGPj8FIGRbOx3oOv/lv0Df6i7xKtsB00AFbdQ7GAOz', state=APPROVED}
Card{id=c57e1b7f-bb36-f357-742d-1b8f1e5f48ff, bankAccountId=27eec30f-ffe7-4e33-89fc-3c0c1110caae, number='wKoJiVI1T1CWn9iZP48Uxsq3Vy9hYXC18wLBi+M4X6BzhkQ6HqkSFkYOSyl6VEPo', state=ACTIVE}
Card{id=86d94753-6858-394a-c86c-e9b44dfe21c1, bankAccountId=27eec30f-ffe7-4e33-89fc-3c0c1110caae, number='IM9qcwYNSOpPgsgjXtwTXsV9H52K9Kkb3HmJvVaHh+gEHhwC9YgWn+Oz8evxtkca', state=ACTIVE}
Card{id=635a4ef8-9cb6-44be-6c5f-163a63db3499, bankAccountId=839e77ce-2a58-4e55-8103-682d877b20a3, number='Xr+Rg1VZ4QlsSJknQmsXCiJ7n5opVOOTtIWTdUkSZZHKxpZmTU+v+xLnQQosvwFT', state=ACTIVE}
Card{id=2cd12fca-ff33-7b62-64e0-33adbbf82213, bankAccountId=839e77ce-2a58-4e55-8103-682d877b20a3, number='MdggW6mdVrQ1S4Jemo4UBJNcx06IaXhmEqx5xjgio/VZNq34o5wIv/AHWMGiB3Mi', state=BLOCKED}
Card{id=29c15d2e-f30c-84a2-3691-30639b6bd560, bankAccountId=74592c00-b891-4aba-a605-4ffeb019d669, number='rPwVK5S7yBhdtDJ32Rqqm20TE0DZ29h1wVjU00KerqSbowNR7vJ2Hr29DIdze+D8', state=ACTIVE}
Card{id=94ea5165-c792-e2be-65f1-5b5d31189192, bankAccountId=74592c00-b891-4aba-a605-4ffeb019d669, number='pmWzUwhWHn6DhHEL6I/ZAlIojD+tkaGK5LL+eyTP/uAzE1TiNMRz7embVkqOVdI/', state=ACTIVE}
Card{id=82cb8697-2899-0a60-0523-343abe98334e, bankAccountId=440919d5-d494-4ccb-8347-ebda64dc727b, number='DGA7yIRFI1ph6eqCNtpgkK7rUCSfoEdKBiZnT1J+OciCU0ss7OTu1CeFttYtXIp3', state=ACTIVE}
Card{id=9cfbd62f-e611-0803-a378-88d2add7f628, bankAccountId=440919d5-d494-4ccb-8347-ebda64dc727b, number='aAzs4fxq45iHBOeEHCKwn7cjxQKLdtRkBp9qsDu61htXREzLUx6ZdcI/uTWL6CW7', state=ACTIVE}
Card{id=352d448d-8a2f-ec34-f88c-920e44acab91, bankAccountId=c0de581d-a0aa-4453-883b-6633d0b22545, number='ycjkBFvZFmzYUDTEmO1yVr14s2CprNVPOoV/53YbR5/45I3thgG0vK6t3Etr59Jj', state=ACTIVE}
Card{id=339b102c-e169-69b4-4d64-cbd2d3cf089a, bankAccountId=c0de581d-a0aa-4453-883b-6633d0b22545, number='Vyg7diVJ9TYdbdh/UL80wLmfX8aW0dB4DxJs9Qm1U6iF26xKIgUqcQgy71tmt32z', state=ACTIVE}
Card{id=f7b2af79-5f4d-cc93-ad4a-9e970db57716, bankAccountId=dc11e624-623f-4b56-9e23-65ea4892b0da, number='Hrz1yv2a+gJyzFavkWfW11v4aCYxpCaRo3UsvcD1ivEieYAnOYi8IOWnxQg7Vckc', state=ACTIVE}
Card{id=64ab6e78-1c5f-e6b4-9564-3b358ef7d0e3, bankAccountId=dc11e624-623f-4b56-9e23-65ea4892b0da, number='/bj4PcRwzCUYUVc/XtYPStpbbaGfHxaFHofxpD7aYLk9eXKSjzttVn/wKVsAtNR1', state=BLOCKED}
Card{id=f405fd40-c3f1-3074-59ca-06b390066358, bankAccountId=fa31b7d0-bfc7-4337-9e85-11014f814577, number='d/AnjLUGmRHjbl2mUcLUPNC/adtB+PJqaS7Ao2hNeCmSG5zvPbgbr6pqXtSP7Xwh', state=ORDERED}
Card{id=91d2bd6f-896f-8d78-0b1c-897820d2705e, bankAccountId=fa31b7d0-bfc7-4337-9e85-11014f814577, number='8DlD6udYbCSlzXmPuuLDfsDP+Re1i4nhPPBjVfDwlKRMHOdABAfKRYyLwCGECR/p', state=APPROVED}
Card{id=9a315fb9-82cb-2b5f-61eb-234b76973085, bankAccountId=31dfd7f7-bb93-454d-ada9-0abe8b980385, number='9u+eZHkcwebhkwQhdFn/TBRWQMhEIXInmIFflxwzjw3cLC93qHqSgEc/VXBjJong', state=ACTIVE}
Card{id=65c1cc1b-dedf-7aee-faee-9450fcc8223a, bankAccountId=31dfd7f7-bb93-454d-ada9-0abe8b980385, number='U6/N0YauVg702ZU2/TnZdAOS4eudlNFw8VQLXlQVRiDNwsT+EaeeNFeuI67nNgOH', state=ACTIVE}
Card{id=d6461d99-b47e-b436-08fc-ed5d8119189f, bankAccountId=ff8ffcf5-7dd8-476c-80cd-affe0efb7eec, number='ho9+kdiOnDScaMji6ik++tZt7yk+tElrgrH/8q+7LJ0BT4HTtJYuTjaBtb2qtlUM', state=ACTIVE}
Card{id=8c299531-6cf3-f140-6459-76a484a04f09, bankAccountId=ff8ffcf5-7dd8-476c-80cd-affe0efb7eec, number='lzU7BL9KS3CksngK/A5kgBFYoQVA2AgoQ/lJeITsC8ReopKtNLGStsfbSK2GpAX9', state=APPROVED}
Card{id=257f462f-1485-05c9-e41b-59efa4877fe9, bankAccountId=1395e728-362f-4e61-944c-be057f4fabf6, number='vADciXxQKOdxVVLRlnpwv1OmcbIRiJyBME7B0HRlQWoYKyjLJt6EUO+f12LwQr17', state=ACTIVE}
Card{id=36a6d599-c34b-1d6b-37c4-978fa4ae4b40, bankAccountId=1395e728-362f-4e61-944c-be057f4fabf6, number='c8391oDQUMNe0XLvoLe+vFAyNAeVpiKiasLFvQ5UQPHBN5JK99XLSLYumXc4BXOm', state=ACTIVE}
Card{id=dc056ed1-0cce-ce3c-0bc7-0189aa7746b3, bankAccountId=5c244510-2bc4-40f6-81b2-259624ade2f6, number='JcbQ5XP/uZvKb9XreXVJg7IODMuZWaqJ7+XhEtHuqKeDnjmnvtTm7HkLjBJwuOZF', state=ACTIVE}
Card{id=429175ff-1929-65b5-af17-6a3ed54aebff, bankAccountId=5c244510-2bc4-40f6-81b2-259624ade2f6, number='5/R1M8lwYLOHS1XC2PkZHlMJkzxb5iRxz+zV+KX4ui4R8XGsCB1GXOVB/IrxqCcB', state=BLOCKED}
Card{id=adb6a43d-fbae-ca89-e067-e8e74864e225, bankAccountId=b7606bcc-1352-43ee-b3d7-0b89784ceeea, number='BuNehK/qDi4C8bsdCHkQ/xuY+L1BG4tVG4pXxn4aEI09kK/cISajBg1yFBwaa/Xj', state=ACTIVE}
Card{id=8b1b421c-c09b-b7a6-bea8-d5adadde4c5c, bankAccountId=b7606bcc-1352-43ee-b3d7-0b89784ceeea, number='hD/uLwJw3goq/00vaeXKoK7cb89bfL3urw037myFPpvh3FpBxdcuNc2yipFe5l8C', state=ACTIVE}
Card{id=ae73b503-8888-0de1-1ff5-ecbb05fd3a67, bankAccountId=916326ad-acd7-44d7-9b17-38bde5be4b24, number='zcaX90xpw4H7+687kAOR1EV+ZuamCIRUfGT4dcWhs3gvgxryMHlHj5p99306+z5R', state=ACTIVE}
Card{id=f9482150-19b3-44fd-66c4-a294ea06bd1a, bankAccountId=916326ad-acd7-44d7-9b17-38bde5be4b24, number='1R7aPF8sfraM32xvrqAbOPppRSew48tGxCB8keK/DC5iSEMuZ/DT/HRLHRmbagIh', state=ACTIVE}
Card{id=d0a347db-0122-0990-ff9e-5cdc269ddfd7, bankAccountId=eed2f1b8-8b96-4dba-9f4e-f13eb4c3e750, number='detjNckqXlZVpjGLCooDC+JrpqM+Hyyl+4yu66pAOcFcEC1B/vKVRVl0L29hiRpY', state=ACTIVE}
Card{id=2c3d9bdf-9fbd-d325-edca-6677634d0eae, bankAccountId=eed2f1b8-8b96-4dba-9f4e-f13eb4c3e750, number='2h3j8Clbg9bb3h2xaBbwA4HXDl4tCmLk2oM/b+IVGP4oKz+CLig9C++6pZARqYTO', state=EXPIRED}
Card{id=d564c69c-5aeb-6dd7-57cf-58a7f14aca4f, bankAccountId=5fea7af9-151b-4d88-9393-7f43b2e039f8, number='4+Qdh7y9SEQLcuC5HEdlQ4EDhtfniaEhIdTq066wORTTpvLgLjUJF6OeQY8X12jE', state=ACTIVE}
Card{id=0b9bd386-8b08-e27e-3f60-d9a70d3c2e67, bankAccountId=5fea7af9-151b-4d88-9393-7f43b2e039f8, number='r5GJO3AyXOtndyhlg6g3Vf7zEBWtvzzGf5VnxXhq+mEr4bikD0WkLnx1A4PoxV3o', state=ACTIVE}
Card{id=9c0166a2-8f3f-cbc8-abcb-ff517ccd5bfc, bankAccountId=0dee34f0-6199-4c28-b6b4-df0b5812454e, number='gd6vg66IZ6qU1/JuHRXmReLfIBjlYBM6njfZuc9W+MFBkz7tdWtkcPRI0wCRJws1', state=APPROVED}
Card{id=b8a8d431-2d9d-24e1-6f6d-51c4b03f4e1c, bankAccountId=0dee34f0-6199-4c28-b6b4-df0b5812454e, number='zqiE+MnxpQI4Rg7ynEADkSwMmly7uDJASGa1gsLQMPd4Mk/E2xirIFhTEvASjq5F', state=ACTIVE}
Card{id=bb0952b7-8c7f-0050-5073-00bbcce085f1, bankAccountId=67be1edc-4fc3-4951-8c04-02e713547b40, number='AzO6gVYZbRDZr+18DWWgjh/tfrCv0CbzoGOzizH6CMZps596n4Rv6Ewmo94FOVhn', state=ACTIVE}
Card{id=f423b91d-552a-49a1-2917-dea5402bc8f7, bankAccountId=67be1edc-4fc3-4951-8c04-02e713547b40, number='0hjrlwgTj32LmB6dNL338ucxakm7uiYoZnGUBz5sCp1nnDvs1hjF3iIyLdB8UakM', state=ACTIVE}
Card{id=feded3c9-c94a-6569-ea35-d3a80e8273b2, bankAccountId=aa3682de-a535-4537-8dbf-14dc0961efa9, number='BUHnsWuzEm0Hm4Tc7alWUkpmK3VAvmdtTY8MOn7BeQtTn2npQQ/7g0EBwsuIZOmG', state=ORDERED}
Card{id=4c786340-5b0f-99cd-94fd-788be5559957, bankAccountId=aa3682de-a535-4537-8dbf-14dc0961efa9, number='wVV9VOuD/c7QiWGAX22ZBhlGDkq/x7oShxU6srTLwQxkslInPnpDNw6KG3yiybGj', state=ACTIVE}
Card{id=d9844011-c84c-612e-f6ce-44bc9f95a7d9, bankAccountId=d60f8b8e-9e2f-445c-923b-a06dcbb20b26, number='TC2YB8VW7y/VeDju8pyZzfum+X8dZnHEgDutEQPdvZaiuHAlKVpJf5ww3GiUFqrS', state=EXPIRED}
Card{id=53b5f353-47fe-d667-17a6-87c374f97b41, bankAccountId=d60f8b8e-9e2f-445c-923b-a06dcbb20b26, number='YdSPUvK7jQM12bFHW3qrey4+TXCWnvGQkOSnTBuvYf44ru1MNUxhIY5RmSXzlMXg', state=ORDERED}
Card{id=f0c5a609-c87f-b666-76a3-5d19cd0f8b71, bankAccountId=db18e1d8-8f36-419c-9774-afe301e6c255, number='DgxN4uubSlpahD861nfe3iu7aAVn6pte4gilxZWJjoEuKPxhRGe7wF9qVPE9d+2Y', state=ACTIVE}
Card{id=c997a959-663b-3987-5b38-d2e35407c1e0, bankAccountId=db18e1d8-8f36-419c-9774-afe301e6c255, number='PL2EtjsXCeC5w0vWtfUaWr7uNp3H+2WjIG+aW+L1fQTEVUQgsnY2r9aO0c7+iVrk', state=ACTIVE}
Card{id=dc051dc7-eee9-c498-521c-17749b56b61a, bankAccountId=47aa74b7-a820-4b35-b088-b2b7f38bc9cf, number='x7wsLgIrAOjhpFUTkRpQM4huuvi+QXSXghJm4vxxCeVoRAkGEiugpkHCnOsXmENY', state=ACTIVE}
Card{id=b3d0fd41-c010-1522-4e17-6290a41103f4, bankAccountId=47aa74b7-a820-4b35-b088-b2b7f38bc9cf, number='iAYjtBZ1sSDUnjcsSNwy6vTshMZUSycAGoxkqthInRh1B0GqT4J5dhkYb0OtzPhP', state=ACTIVE}
Card{id=ed30cf70-c3f5-d890-0333-b078a0ebd166, bankAccountId=fd800382-dbb3-4035-abde-164cde244d5a, number='cxLpH9r+03nxk7YwgOFJjBgmAKeZc500LX+7swM+bV8kNeo+/erH4Pgra85uDWxK', state=APPROVED}
Card{id=67ace6f2-e2a5-9b4e-1e39-c9803d81329f, bankAccountId=fd800382-dbb3-4035-abde-164cde244d5a, number='1kEqBOAfx7OYgy1jfX2ciUp0cz0+GK8ZJcGdIgt5DHwgFyVaNM6PWwoZqRPW5MwC', state=EXPIRED}
Card{id=c9ad6f89-181d-4bf6-5576-83144ca83351, bankAccountId=73df60dd-ffc9-4a98-ad07-66d93bd31a1b, number='au5zuIRACM44uGyBswlYfKxdeT0a43nSnt1AKAMfRA5sBOxMJ8BspP/IEe52WtO0', state=ACTIVE}
Card{id=afc73397-4af4-0624-abf8-820de71d273c, bankAccountId=73df60dd-ffc9-4a98-ad07-66d93bd31a1b, number='hmtfL/897GFaGlCkRgnraxhCrya8VZVOtUtkgVBi17TbZsLQiwE/RG57oX7kq8oa', state=ACTIVE}
Card{id=27022741-714c-f1ad-4383-22302172d477, bankAccountId=a701b045-2d53-42ab-a90c-1b34d702d001, number='eGBuJsRyAGZjNX+LX7MrAEVgEVnq9LmQAzgTPkXWOMU1sWUgjH3hIlMuSotPINPg', state=ACTIVE}
Card{id=bb766987-4388-f24d-1b4c-22626dfa87f3, bankAccountId=a701b045-2d53-42ab-a90c-1b34d702d001, number='l6v3cKn6gNQQHRctFhkkfzrhMPeRzFih9XAM/lTRBB49jlBAhtofDsXyXnSrvaFj', state=ACTIVE}
Card{id=d446fb47-b7b4-04f8-fe90-c6c2c7bf8162, bankAccountId=3c9e79a8-7ff1-43c4-a3a3-d8ee80509b72, number='VzMC08ePYO9mg0EvlbiNgOHIjono21RrozFNk5pW/oIqUPeddWzFhQuYhsYEsKii', state=EXPIRED}
Card{id=6dac1a79-9ade-a9e0-1167-8131ffedf95e, bankAccountId=3c9e79a8-7ff1-43c4-a3a3-d8ee80509b72, number='/CQU3GfYvq3qfjLgqUz7CYeh7IZcc/FA7OuU3+YIdbo/2drdncrsTL59DBKxgykJ', state=EXPIRED}
Card{id=b98b0f55-7381-7f3f-6e54-f61f6f00a295, bankAccountId=c51ecd0e-c564-4313-bb6b-0f1b9b92d2aa, number='o01ikzFA4jjgE77TdZClllXGj+BoGeJTxIvKIX8AmrFIKBx4At7ysLH7Cf0ZP5If', state=ACTIVE}
Card{id=8b3764d5-a677-60ba-a8ce-1ffdadf1051b, bankAccountId=c51ecd0e-c564-4313-bb6b-0f1b9b92d2aa, number='NKO/qPYhpEtvPo2SaLJqjIXpIyxVpLPZhgcsQ40YQzHAy2Wdi9KDVMHQMy1UA5AY', state=ACTIVE}
Card{id=fad7e1b6-4dc8-8248-ef5d-33833a2a3d82, bankAccountId=ed3165ef-f5df-42ea-a1d8-a4e65adcbd5b, number='RN6WpKofLpWfQ4dnCSWnIYpOqSH6YEP9AmkeUNT2mN0+aNemiimEyU2r6fR0i3mN', state=ORDERED}
Card{id=92e90724-19b7-6359-54df-0f9b96bfe70e, bankAccountId=ed3165ef-f5df-42ea-a1d8-a4e65adcbd5b, number='2wvIQykbMH60kzKcleEuKbNBFnijayt6oS7aD6ofmvsZ8GnIu7KxEmnoUnOfMZiZ', state=ACTIVE}
Card{id=ebae3046-3d3f-eef7-ad38-456c0ee637fa, bankAccountId=0c044e6c-d703-42e4-a07e-af0204c06bcd, number='S5g0BAUhkOlzsseDVvUJSWJltVnTcOPUX0KkHIfkr+TdXMzij2z6sv+POJ4O/Q8p', state=BLOCKED}
Card{id=99eb0847-b0dd-14f1-d0c3-6957e8625d7e, bankAccountId=0c044e6c-d703-42e4-a07e-af0204c06bcd, number='JFDFv1VMXBqT76yAFfefHec3BBsu+xsBEUPB0ImBDDCZU8zTa1WPn1ygHiOZQY/M', state=APPROVED}
Card{id=9cd944bf-f04a-4c92-592c-5fe62eb467f0, bankAccountId=74c73c19-108c-4da1-8493-ae3ca3488574, number='e8zXp4ShyuqFQyBVtzkiWfbiZQxiTRFuXhntyMCvlQYVuAFR4k8JKQ9LNAmQFCAk', state=APPROVED}
Card{id=676d3f15-de02-d1e7-8683-5f9ddeeef649, bankAccountId=74c73c19-108c-4da1-8493-ae3ca3488574, number='Kr7mI7Zm2Y4pTjTaxxB0AM678MhP51HQNb4bPllsFi6bGKv8rWkyrFS9ZZlK2A7A', state=ACTIVE}
Card{id=482a26d6-6834-1c01-f44c-04c319070292, bankAccountId=a4afcc72-20d8-49ea-b523-42702fd3ebf7, number='QqEipxA7aDzwLVJagIb9wGXglSz99d5nt48SWQwWDnbuo06rRmAZNMAmel+jfX6G', state=ACTIVE}
Card{id=7c77f9b2-cb92-651e-de34-471e8dc2448d, bankAccountId=a4afcc72-20d8-49ea-b523-42702fd3ebf7, number='51kXSaAMSKgjtLEY7VoHUVjFqr0rzoVTeIgXf+KqlKZI0zSxV9hkpw/sKK+ogaLJ', state=BLOCKED}
Card{id=3de20d8e-4030-de6c-5d42-e40da9b7cd8a, bankAccountId=43149f93-24cf-4e6a-be8c-277633b33ee6, number='1OcmAF3PSt6uwhVQ7cwbwh2oWs+UDozQlEQHUj4bcR9bHjO/KO8g+Llb1AaYBIQQ', state=ACTIVE}
Card{id=fe782e04-fdc2-c043-981e-d41fc90b812c, bankAccountId=43149f93-24cf-4e6a-be8c-277633b33ee6, number='maQawjTG6okxLbH9yyOGezqZyjk7epyJABPLCtIZtNwMyrtHR3yeFaNM3/lGEX8S', state=ACTIVE}
Card{id=c55abda1-d450-76cb-1f01-5a9d4db5b7c5, bankAccountId=9f301946-d2a2-4c19-85d0-2650c1cb272e, number='iPYsGCAHpiiTM4rHEC7MbiACaEp/Doq0V6uehPFR7i5gPi1t5gzHt1mP36GNMwaA', state=EXPIRED}
Card{id=7f0c7773-e964-1918-9d0a-ded514d8a8ef, bankAccountId=9f301946-d2a2-4c19-85d0-2650c1cb272e, number='TAC/xEbvOJAyww/Ur4HkxbwkgACwAzpz+Jh18MHZIYwnItdhOKJkvejdvE5EfRe6', state=BLOCKED}
Card{id=8dc2bae8-5bcd-825d-520a-cb27925a470b, bankAccountId=45cb9109-cef4-4166-b6ee-b2e04231fbb3, number='DWv6KdbcsW+LcpOJJ9eex5WV4vbJUWl6kutk5s8zaf0wZoaDiZap0vtkkMPy+anh', state=APPROVED}
Card{id=95c378e3-12fb-2219-6dca-ff55c342bf8e, bankAccountId=45cb9109-cef4-4166-b6ee-b2e04231fbb3, number='3F1t099ZwEbxafob/KOrQmQj1cWx0bhogYdSJEzYMluh3Z5RwarYIP0yTWXQRQAa', state=ACTIVE}
Card{id=e6c7511f-fde9-630d-66d0-666167c87322, bankAccountId=e5411b10-ebfc-4ce5-89c0-a5e5ef7942e0, number='yGykJoKWK0OKQe+n/rCuTLniFu9UmC86meu79o8xSPjDqJ6wvNcQtHeouPDncKtC', state=ACTIVE}
Card{id=68c42203-9bbf-1e16-6eeb-aa2b0f29e71d, bankAccountId=e5411b10-ebfc-4ce5-89c0-a5e5ef7942e0, number='FOt8lgOo2qg9/Y1LleQPTQje0UU7W38zfnI+cP9+WdvbCuRh33WYPqzlIeH+jZnD', state=ACTIVE}
Card{id=d2b1abee-f875-115b-9326-b03f1a649e78, bankAccountId=d93319bb-539c-46c3-a6ef-9d6ca69a566a, number='c0q0QE41FRB/kf6kgVpGiGyVZZHOOiMdBFJDiVUa/y50BoIAWX2+N/SFNPtI+SsH', state=ACTIVE}
Card{id=005c98b7-ea0e-a9ec-1a0c-a0f92e3ffe23, bankAccountId=d93319bb-539c-46c3-a6ef-9d6ca69a566a, number='spMXwNB7fQXNSGocghp9VaqMTw74DOp+m22/ynEguk2A+xWd05GAQDYRaHSrrFX1', state=ACTIVE}
Card{id=00c05e9f-cdaf-c285-0816-275c870cb71c, bankAccountId=7e5bbf75-0b8b-4c7b-92d4-24af30ab3276, number='n1sAzdABUBuXNqdGTpWC6W/TIACPVQGNJkLaKqIGFg6xDc0zWMAXZL5w/k3rTPV8', state=ACTIVE}
Card{id=986d5775-85a4-48b8-d94d-e5346ea4978c, bankAccountId=7e5bbf75-0b8b-4c7b-92d4-24af30ab3276, number='HM9eAoFcXQ/aJr1nkjN27z0MnOK3VPISvs4E9PEGUS/hWFasVXdbLXMa1L76GwsD', state=APPROVED}
Card{id=0548c93d-7a51-1c58-84a6-bdbdb8afb60c, bankAccountId=026722e5-15ac-454d-85f9-3cd28ba1874c, number='SDdUp4XVg7oNa6citnISAHpjXypCTPxDONR5EH5s5CdbVkFGMqw4yK+LpJnfhL0M', state=ACTIVE}
Card{id=80f2de7d-c2a3-6f94-33f6-875666c6315a, bankAccountId=026722e5-15ac-454d-85f9-3cd28ba1874c, number='1ecJm2E9EQdSjyKmxnyD91H4j42w3R3nyqRnYFnJJmhpSNrro/AC0XVc3Ojsh9fT', state=APPROVED}
Card{id=e9838b2e-19dc-a1c8-a9be-3b2a45de7476, bankAccountId=55af9373-6a3d-43f7-8e3f-019fbdbd7dd6, number='hScLLO1dV+Q1jOrUxF0zuunasUts40cF+YjZQEwysSftpaajjk1H2qoGyiO9Y3v1', state=ACTIVE}
Card{id=a0a6c9b6-c17c-3f63-6b3f-256ff2b87f5c, bankAccountId=55af9373-6a3d-43f7-8e3f-019fbdbd7dd6, number='Lqkv1s1xEY8bopBHRDeE3+XvvpHKwI1NV2pAZTwcNOJf83tsiztkpIzYujydnIzy', state=ACTIVE}
Card{id=fc4f62fd-f229-3ff6-bda3-6332d524ad1c, bankAccountId=11a203a2-0232-4c32-a447-0bbd71ac7106, number='OhYoWH1bYXbJ0fUbnYUHAiKMmXtOA6PnGM6FxVsxYo5T8OFkUWQz6yCLjZYhkbUt', state=APPROVED}
Card{id=404f1729-7bb0-10be-e8e6-00ee8859c2e7, bankAccountId=11a203a2-0232-4c32-a447-0bbd71ac7106, number='xpI8YAEsvicwJmJYCChIijhcpjap3kIERGfnYID/JYVJeeHP+T3HWDdLYrl42yf9', state=ACTIVE}
Card{id=eeea741f-617b-ec23-28ff-d7cb8051244c, bankAccountId=b97e3842-c3ea-48cb-a4e8-70e786b24174, number='+gFdFjrHMNtAkCtGM0YeJRpoANNEvMcEPs5VFz2Yx6vkFzQV5tiqi027siWFAoeT', state=ACTIVE}
Card{id=39bc4e1b-0471-df44-c18d-59e1c200ce8c, bankAccountId=b97e3842-c3ea-48cb-a4e8-70e786b24174, number='hgDz8vkZKn1G6hNMvosCwv5dIj7PaJoPDaB/i7Pdou23d0eD+wyBP9ddlOgKL25/', state=ORDERED}
Card{id=a3cfbde0-3369-53e4-d5f7-a6f874c79044, bankAccountId=e2da5778-928b-45a7-ae80-d35ac7250d20, number='K3I5+jUYOYLXJ+sQXNS874eIfygyxzrgAzs5uULqKimjspZoJwMCMruae+x+R6+z', state=EXPIRED}
Card{id=0511120f-5bae-0ba8-caac-aeabe7870149, bankAccountId=e2da5778-928b-45a7-ae80-d35ac7250d20, number='ibnq4OVdMz1/tmZS3jC9koHvDO5THVC+gFJXdL8J1k9HLrex9UkOeAjVzTgmmX16', state=ACTIVE}
Card{id=91189934-1d3e-5e2c-7dcd-d99b71968d9a, bankAccountId=c3e8ffcf-1b96-4634-a6f2-cd5fa7ada882, number='LQ+zk7oWaUGJ89QpE7kWZywheFJbvRSoz9bAiXj3hQgZ6z7IUJZCFYofo2Q3rZK4', state=ACTIVE}
Card{id=7a302ded-4a5d-317d-7fc4-2f47b2063d25, bankAccountId=c3e8ffcf-1b96-4634-a6f2-cd5fa7ada882, number='9giR88tY3lb4DaRWrsVv5y/KROx2OUDW1M5+JBi3mgkMittkFmlnUXUV76N/oDT4', state=APPROVED}
Card{id=96897eb3-2f71-b1a7-fe18-386d0641ff4d, bankAccountId=a351625a-505f-48e0-9ed7-8074889ab567, number='v7vures+skGZj0MWDhkmrcz8sCCOS4m/8cyO4TjzLJT9A5BNsUUFDMxX6T1nKZQ2', state=EXPIRED}
Card{id=2df62b7f-4de1-11a8-909e-6b1f4186ce84, bankAccountId=8b599f96-67e7-474c-adfe-49c02360b6eb, number='2jhBAImHtmEZDYva6Ig2m/I17GGn7SGtPIZivwJjTb1d48do0iLEy0eo4R6B+b5i', state=APPROVED}
Card{id=671a6947-d8f7-641a-2bfa-776905abbf9d, bankAccountId=dae97337-4147-42f7-b395-f53d12ec16a0, number='DCyy6k+KFZs7VnRfMGZSblSswPl8fuf18i6n2nUeg1j8+gZKl8yAUiAp7TL4LpE/', state=ACTIVE}
Card{id=ef0f0f79-bc17-2c32-cab3-1016be9d32fc, bankAccountId=fab69bc6-4aac-47ae-9d6e-86f5d2c22b55, number='GfW+xzcmOJJCdF9QbxhUN/BCPSFQu51rpD8yVBB1PST9cKcORLzh9br9ToAA2prk', state=ORDERED}
Card{id=78a0ad05-d322-8538-4e93-6a2d72c0b1cf, bankAccountId=dd999741-6106-4ba5-8764-7ebf8d912483, number='zVp59GZ49jFBpDNlMQKAAXwohEY0tz/FMq7qBOhkSPkDCpLIugyPFINB87sck07R', state=APPROVED}
Card{id=6ba53a6b-caff-da09-76dd-fd1f6b6e6b86, bankAccountId=5abd6608-a11d-4daa-8270-243fce1bad08, number='vJPKgZqskJblwFN93HHanV+R3vlBPbI74I0nIE6YjvlgmTpsRqen+/AWJ+oB4o0m', state=EXPIRED}
Card{id=9a14b152-8253-5122-6ba4-18b2e68b9f4c, bankAccountId=fe7e85b3-a6a4-4d0d-af5d-4ceb283f8c74, number='INsxT04FMuwYo0kZ7hKxu1rg5+MEURUn1ntqMLHbQCUoMgIvBF/Gv1e+AcG9SNsU', state=BLOCKED}
Card{id=8333d407-c286-3ac9-6edf-453bdda70e17, bankAccountId=2d703557-7960-43e3-ac09-0ed2dfd409b5, number='jkM4WSuGN8rV/zNufPaeD+b8WUKNS+/GsI+cpggGJmyaTxA1zsmT66T+UXe/ZYOO', state=APPROVED}
Card{id=14c53a11-2c96-8bea-b9e8-471fd68d5875, bankAccountId=6042fd8a-49f6-45cc-8cd5-ddf719b9c316, number='RJ9+gFCsHXDtD2/X3PzLD209gBZC2rcg29AW40fOgRej0qh4eU0Nc5iUF4C9+ebB', state=APPROVED}
Card{id=613c425f-753c-58eb-1c82-745531ec4f29, bankAccountId=63211c5d-fc93-4cb2-b793-ebb723b72b29, number='XmLEDskqV36CzWvhS4gvLTGiSXhWqCWqs95VN+dDLWzKc1B+8WKzYsx9KjM8iwsZ', state=ACTIVE}
Card{id=0c2dcdbd-26c9-bac5-b690-1f71ce1b7f8b, bankAccountId=1c5d0ad9-b5eb-42f6-b2f2-df8c0187ffb0, number='jBrWGic4gEZb0l5kTIzXDwcgrE53L5J2IcvscvjijcgcOQUb1S6SfSqpSUePjCrH', state=ACTIVE}
Card{id=6aea7c86-4005-58c8-1b7d-0a15aa8baa63, bankAccountId=e26a1f53-72e4-46c1-849f-560b6be1648c, number='tamQLGg8t/4cuy8T72I7Wzh/5yXKGF04cq+V+7+CAGGAz6cYWQXZJJAcTRFj0O+9', state=BLOCKED}
Card{id=c97a04e3-7740-99f5-52f0-4c4fcdcdd1ac, bankAccountId=e115e6ac-035a-4add-abb6-3c63bc921921, number='BTwFPxna4SOALfSAr1OYKUxLor21mHPRDuQh8q+2TiN3ctS0mvkPrvp5Lc5sgNN6', state=ACTIVE}
Card{id=15cf838e-b16f-8223-39e5-1a4348ce5de7, bankAccountId=6a1e7791-3967-4d19-9b70-9a82dbe20ac1, number='CiYx6kbFaJfGrGQcx2nfddiajSVHoTvwip87r+ul5gEJMbu8LgAAMqXpgJVeEM8d', state=ACTIVE}
Card{id=afa16140-55b4-c39c-491f-1eb1ea95f53c, bankAccountId=6e3b2e6c-6a14-405b-80d5-cda9ca27bc30, number='M4BRWaV4B7yYA0Ixdmzp4vBnL6+RB7KYH3V5EZIwYDWs5od44XuUxbYkipbDf9sP', state=ACTIVE}
Card{id=1b36b341-a2f8-3ba6-52a2-053611a57755, bankAccountId=a19bc46c-5508-4c69-abb3-86748ea95694, number='J1q8BgQb/7UvYY0ijz2Z6Ee05PeRtBXLIxL+YifGeWAp2HHibbVees4p6Q+VvB+D', state=ACTIVE}
Card{id=ddf3d9ea-8081-c7a7-7a5a-56a77b4e7a05, bankAccountId=4db11e14-5d37-4d57-8652-a6379298b8f6, number='Dx16nav3a5kYMXmxzNssZR246AL3F6CioCByDkVY0W89JkAmo4XQlgkzuP/4o2Wv', state=ACTIVE}
Card{id=93c5e4b5-4860-44bf-fa41-ba74b5c58881, bankAccountId=af784bf4-06a5-4aa2-9f9a-f6e6957fb354, number='wBz93gRZcvDJImaBFlirgamLryT8FQyEIMzdpHxjE+14GpvRWlWvXl5wV84Xb/hl', state=APPROVED}
Card{id=6a528670-9c88-0191-a8ed-d5b7a996d5fe, bankAccountId=d18c128a-d3a5-4037-8689-a083c59c05c3, number='EuPQc/eSulDqS991fYiiry3wKNnaLmPArz5kBVFE9bS6Bp0JnlJPOekV974yRW7m', state=ACTIVE}
Card{id=4eb3e2b7-4ede-a5c0-3911-6742a56fabae, bankAccountId=38b2576d-f505-4b30-9e71-96dfbdb7a6b2, number='7WMAPpElyqmeaE62SZSoH5opdtc+01rXPcrENXhSZCqggkANtyJOZLFfbiM6hjhP', state=APPROVED}
Card{id=f1acb95b-3f0f-1930-81be-7d626008e363, bankAccountId=20f5fe23-e8ce-4454-b9c2-d6beeadd9ea1, number='kDhJs/7Rti48T8/qYENs2Ya0Q7xOdwQXnHccvluTFmZh1VGf2cRw+PXWgv2A3ESN', state=ACTIVE}
Card{id=c5b589e4-dd85-3948-5013-137a09027cd0, bankAccountId=22da55c5-7256-4a1f-a0cb-7c800a3cddc1, number='NaE5AJoOZ+xYAwo88yI85fmw5zdlYMW+s7krg9vFCUP9W6t82gkTlL1IHKEGjC28', state=BLOCKED}
Card{id=d1ea30e8-61c3-5d13-e638-aeaea9346647, bankAccountId=c7eecf68-2409-4f61-8909-7684c886cf9a, number='qOmUkIUAY+lFsXgvVUv5pyPKcJW/jwKc9w3jyyyDOVj8TElxaWRnXRxJJfmX5qmk', state=ORDERED}
Card{id=80a9bd9f-d67e-de1a-f7fc-3e4d60f9d685, bankAccountId=bcf63b7a-738d-4d9e-b0e6-4d3e44dbbda8, number='Ez32RP8e5+1vP3XpIYyhT2iw7tnfctBP+hMjcePdsDcvqmAquV2U7E1YZ0RXGXhv', state=ACTIVE}
Card{id=b2acbfe2-3876-efd7-0e91-fbdb7aec33b8, bankAccountId=35d75aba-a9cd-4a49-9640-c9b5d59183cb, number='v84WtYWvuvA8szzH1Bu/CzQV6tRDgK+xsyhb+GvO6kZH37Fr4ngq3yt5VyBIV7AW', state=ACTIVE}
Card{id=6972cedd-e10f-538e-0306-7318e79ed03c, bankAccountId=628f6c05-8aa2-4ca8-91cf-ccf5b53eff90, number='D9bC0/MIdOMJbjyHSVY9lQAW8wr7eUTBKuOeehNQE2YnCQSo1wsE2w3tmmkiAg/I', state=ACTIVE}
Card{id=7a85e848-352c-a126-fdc9-3ca4de95e076, bankAccountId=53720964-440a-4804-8761-0b864682c0c2, number='9IrpxHCnRxnJGIzT0WhkJ4fqDjtFxqAx6btvu0Ed5xTSJVz7bY4Xabixg3srvDaC', state=ORDERED}
Card{id=71e2acef-405f-71bb-7c5b-fcb5c9ea03ef, bankAccountId=390270d4-e285-4594-b5c6-7a0a80256785, number='fDH03YeKceKt303V2CPg+cMPihel+5ys3e3DqucTIMxQJcko6Ho/FpucyxqJ4Fu2', state=ORDERED}
Card{id=c41fc994-4b53-7c73-3e0e-d06cb1020c58, bankAccountId=5a151de0-2c60-40b2-9eb3-0c88ef3d10a4, number='QqmJ/WW6ktAvTZK9S+rXaFUcRvsetiAFf4vHuElmCHqUoumUpzF6Rp7o8uUZ/Ef9', state=ACTIVE}
Card{id=589313d2-f58d-d990-b924-ea17e47919cd, bankAccountId=bc5e41b5-370f-4375-b02b-52eda7f2f38b, number='VcRKC7xWUKD0KUId0UTjZfd0xQdRhXMQpVk83a/AmMZj62YWKaBFkNkyV6yQ4Xbf', state=ACTIVE}
Card{id=ea619b6e-eaf3-1080-4a50-8ccfab5fc852, bankAccountId=e07658ec-e545-4370-9632-0b6788081648, number='DJ+IBoYEjHqRYx3IQYHU5hypj9vc4FHaI5bvJaWfhh7bY40nLUtsNKyP/95TA+J7', state=ACTIVE}
Card{id=c89bc873-60d3-6793-107a-b6e732f3ee49, bankAccountId=1fcf6bad-7dc8-402e-a46f-296b231e2586, number='FP5eAAKFpNeRYg6daVOY8Biqvn+93z8dgnSuQcabte8+oJ0IrTXQpXq3OJ0PPjC8', state=ACTIVE}
Card{id=661ad53a-4918-2a7e-7262-4960c3b2f255, bankAccountId=63038f4f-85b3-42b6-9a6b-7de8e72bb8bd, number='meB86dNSzU4yL9HxxYolEdXGkZkKZSoVrqjzrleDwZy8Yw6uBspodtFMilZ5x70e', state=ACTIVE}
Card{id=ef3d3278-7dda-8bfe-3e84-c537665a8e26, bankAccountId=063c9c47-f56b-4fb3-8e34-a8271a0749d1, number='Eojw0aw1cq62dUUKzInXpXa8Aia6vItzvDhoyCHiBsU8xzcvpT4z6Q5jUUd5YiFQ', state=APPROVED}
Card{id=47d96a7a-07a3-f643-8de7-ab934da358b0, bankAccountId=c5968337-7d01-4a00-964c-fe92062bb972, number='R2eDRkabxPWnrhM7zhTuXFoHffsbak40J4MyArkeSplbYJh2x4ai4SVVbNf07106', state=ACTIVE}
Card{id=e60067cd-3462-9bfb-8338-b7a4d895285b, bankAccountId=597b448b-36e3-4f4f-ae8d-6e5791e57239, number='AY6GDx+uols/HGvUClrHnQzeVTcaEY0V7UD+ovq32XTbrKPetfEtT8wFsIi/ZFBe', state=ACTIVE}
Card{id=a9a94f1d-4638-b8e9-8eb0-c8b7278f9260, bankAccountId=ad8dfbef-a892-44b0-b273-4b06cfd35f6d, number='0WJTPa+pppbgrG+IcxNVcwtNMOFfm6ihbIOgwIBk8K9JIOb0gU47JqXZoYrNjUKa', state=ACTIVE}
Card{id=9f5f5985-327f-9bfa-aa03-371919c47698, bankAccountId=c17147e5-17d5-4009-b98a-bb0b410726bf, number='8HxU2k+704Ybkz14MOv+aEFVwkLy6veHCLZKBXBuxQq/OPDLH0TU3wJVsO3ItevA', state=ACTIVE}
Card{id=1642843f-aa2c-d94b-7679-c168cd6f2bdd, bankAccountId=16143175-9315-491e-8734-64a09f904e58, number='iT/MpK4ftis3CFMVry4P9nfZZ4ORkMd8o2ft9mpCNi2UhK8AtANwgQJxQThw5n1a', state=ORDERED}
Card{id=c911c8d9-a4bc-5896-2649-be196e1e9533, bankAccountId=4d317a44-74ec-4e69-89b3-69a0e8026fc6, number='CUxMDVU30egFxK2QSNBUlxblGgMJ4ACvYF2S/Rb8CX7GbYZOPjYRFQZ8FITmvBzS', state=BLOCKED}
Card{id=d77867aa-23de-8d1c-9eb7-8bb9f997e6e2, bankAccountId=e1e53ef3-a7c7-4b21-8f02-4cfd131acab7, number='15rTNGwVgOlUByr2l516a3b4tyWR00Kbux0K8VZgPcg8zwdwZ+PFTUFRDN5XD6sy', state=APPROVED}
Card{id=2b8cb538-60b4-a33e-a1be-f446ccaebdcc, bankAccountId=8f0d873e-841e-4773-a86b-36067c55374b, number='BHKQxeieaS3Bpm9LNr1rOGQg47mFEVg+YnT9MNGyoNQsaLETM6wnKdrj7RPkg0pP', state=ACTIVE}
Card{id=27bcdcac-bf51-bd94-9d11-99de8d600a18, bankAccountId=385401af-7e11-40af-97ba-438192a1d449, number='+w813hNcflpikWNAYzzqUFoEcuRacZICM+2f5mSMGu+wz2TFG5ZnwA6aB3ZtLMAq', state=ACTIVE}
Card{id=c17afaf9-8891-f54e-6082-ad5c37631b5a, bankAccountId=d75a314d-e491-41d4-ad59-15758a1c8a9d, number='R26pG9PX95Dv7N62FeyjOJQzt5RIcDodXZlnuXtJ+JXxI7fzi52nAmuyDX0s30QG', state=BLOCKED}
Card{id=0511222d-cddb-b74d-f61d-8328501db7d3, bankAccountId=724d6d6c-1a12-41e4-b13c-756608034a33, number='AGRFADPpIl6r3yXNresRxSjO1wkfAk+eJyQA+9SR4l0DSm4f1OZBDZ0RB+i+ISIx', state=EXPIRED}
Card{id=a5f3e9ca-a42d-da61-25a4-efe4e1d19f51, bankAccountId=a0066721-6096-4991-89cd-f82a7068281f, number='b7SXHnjjsKAQnNevDXJ+paplwiJP7og4UL4QMM/3I3T6FWhkqvqYWuEszvTT3P7a', state=ACTIVE}
Card{id=b372191e-80b6-0195-000d-ef173d384cd8, bankAccountId=40acca67-96ac-4dd2-b684-fda346f80fc2, number='TId8O35V7DYdy5LufCW0A4b6zqn5dDBf0XIFGzM2rELeo1a0y8Rd4m6216Iacaj+', state=BLOCKED}
Card{id=26189883-af9a-0f32-441b-263858e0d0fa, bankAccountId=25612244-fbd8-440d-814b-8a0f5124e770, number='4p58I5cbKxfCBaNp1azWoK7IxecHJHVyiJX7tB0IA72/yMIxxShA7mlnTgQHonsX', state=ACTIVE}
Card{id=0228e8e5-b326-23f9-b048-f051b9554688, bankAccountId=0bbd887c-c58f-4176-afa4-94fe06302126, number='HPOX8AiAXoVlc/jsSwBjvZ/Mn88RFlRAk3AWK3AkY5EUID7kZ73AdD/f0wW+mj5r', state=ORDERED}
Card{id=57f9c9aa-d4d6-4f51-4d38-103016fc5d27, bankAccountId=ecfeeb1a-f7d7-478e-8bff-d1faa5617ac1, number='i/dQSwg9JVu+XokJR8Gqi+PQEHFP17/kRa7k4U8e1Oqla3YgnOJW1x97vws4OWhM', state=ACTIVE}
Card{id=fcfa9c43-5f43-3197-36ce-15de9c9c5152, bankAccountId=41ccc789-99d2-4407-ab3a-df1aef6580a0, number='VcpkncnyCnVsyXC+UUfwwQgIZ4cYKHwY5nrUSvNJDk6oNfdFaOkSfUH/x8jSewTd', state=APPROVED}
Card{id=07ae1473-246b-5798-fddf-f54a9bc2882a, bankAccountId=de13365b-9408-48b8-9ad8-dfe859fb216b, number='pqI4krMBxA67/+lf6SCTn0VWezQB2bzGBJYptAN29ueLptXsM+UO7AWP3T11UZfh', state=ACTIVE}
Card{id=eaf186ed-2d20-835e-ef15-ef24c899ce85, bankAccountId=8c80b794-ea33-4120-9b6a-0d4ac5a376b2, number='ZLmgzccKKTffoGBAraCYAQHrLvPiqsyypq30tQqxe75zIYPXFCe+/7yUUo43VNnm', state=ACTIVE}
Card{id=0293892b-6ad9-c2a8-a54d-79f6adf28c2c, bankAccountId=0ce6558f-174b-4cb0-ae32-302af874ee4e, number='i2EnRWQwkFQiLbVBklYptDZRoZnCixnlZNVIUAVik4mATAczHiXjnu4DXWKnNkcG', state=EXPIRED}
Card{id=c8759f8e-138b-cc3e-3eae-00f1a77f71a1, bankAccountId=42d78036-2712-4218-8340-b6cdd720ab57, number='KQtx8/7YaapEKQaqrpKDSc/4CSmsm0NqxKEp0bVhhzps28SehLBEKJFD0Xy1iPSt', state=BLOCKED}
Card{id=84c84adf-51f2-8ff6-851f-1515b9b3c08d, bankAccountId=dfb6e926-e4ce-4f45-9cea-4453190795df, number='Pn/0n/sCXYAsboP5ymAfUbwGh0ap/ejDcBRHaYVQoJMwwXLRuCnrR7ONs76wPO3N', state=EXPIRED}
Card{id=0775095b-d0cc-3d45-f37b-0c5e218c1eb7, bankAccountId=e7dc23ec-0604-42fa-89ff-5d2f3e3d23d7, number='xm9KdyLhCemKe+ApQCKe+r0Es/VAX7muY3Cpc8+yfp2p+86e8AQvcqfg8Y61rUFJ', state=ACTIVE}
Card{id=dacfa7fe-a735-6ec7-9b32-1ff2fe418e88, bankAccountId=1c4ce847-8ca0-4888-94ca-2dfa1782ad5c, number='Dg14Lbm+oF81Di8nTnvJkNFLJ7Ou9KtGncE4KM8RUx013D2hYCSqQ91Gajj5DGdx', state=ACTIVE}
Card{id=0bf40144-95c3-6683-dc7e-e17d44c5d642, bankAccountId=9ff1aa56-2da3-4299-a320-8fab7cf43a33, number='CuSzfiZYv2pCOZnMnf6L/0qn6/mC9ALo4zZKXAnCQ3gH3g6eIFh8O+Kjb3izRr54', state=ACTIVE}
Card{id=260fa23e-7878-c177-462f-42b8f6b26dd2, bankAccountId=b64e9324-be81-476d-814b-a4e30b9514a6, number='7mvsTDqFpmyK775zz/Y/kz+YFcpnN36O7uEGMeWW4vmZJAjNR87mmazUhLNjlEMv', state=EXPIRED}
Card{id=3a2a07ba-2335-84af-ecd7-35a99af1aa30, bankAccountId=a77a159d-989b-44f5-9a2b-72c8e75de35f, number='zmEExkACAgyvrv8HrAZUciM6DL/R8GRGoxOsuBR97TUKzvEh6FHtwGxydpJhLC6s', state=ACTIVE}
Card{id=d93b30f5-3f5f-83e0-4d83-b5b05ae5d925, bankAccountId=b3079840-a04b-4e3b-b328-e4b98d55302b, number='b6JKdfvGu4o8KoH6T8tOd5AjLFQp//fby+oiCCS+zkqKH1RBfeASHee7zIjv+lYg', state=BLOCKED}
Card{id=4cb96f4e-ab9d-e6cf-de07-473f79bf6949, bankAccountId=efc48115-d3b3-469a-911b-f9b1e0e2dfaa, number='qLTRevKVT+n6+LgBGVFmvyNVscBkZ2zoTybbs2HEfc4JwxsHB73iivjo8VjZLSyd', state=ORDERED}
Card{id=7d249693-56aa-d290-5bfd-804ece6f9314, bankAccountId=6131b098-14d4-4f82-abe4-6041b3381b16, number='b2TQOj0vr49+rleGjqnp/2YWtCRmZcTbMJclTTM7D2uz1fLenKHAzl+8hA795alV', state=ORDERED}
Card{id=9d406de2-3178-99ea-a2a1-03850d3b3fc6, bankAccountId=d4c00faa-9274-4642-a7c5-4d40b9f13389, number='58cWSLzKdFdVpTS2MgrN3FXi3eWMNnEUEtkmS7b60MLiVZIj/FrXISq6Di538zBs', state=ACTIVE}
Card{id=986b8d9d-6ee8-c524-1825-7ce0c5e5ebac, bankAccountId=042c8d7e-e423-454e-bb6a-ee91b54739fc, number='42CIN5qNtAzg0NufLd6PHFo2gpbf8xTDVgAziKK88snPlSlKa0I07XQ3skjZUMtx', state=ACTIVE}
Card{id=893a373b-ef02-4f8a-3c38-e5117a1ae448, bankAccountId=11c13314-0176-451b-a5a6-1f5face97b8c, number='1HKYPTPD8IPG5/nQ7HwLME6xqvWA/lmF0TdZRUdJ9NKA77s9yeoXfHwcv/5qJfd0', state=ACTIVE}
Card{id=96b75c3b-962c-bdf5-1a61-e8a5ebdec744, bankAccountId=cc1801d6-0853-4a03-80c8-bfab774c247c, number='B7xCgXVKZvD6XgwDwlfOp/SmtgLqJVbqKWFCSydR6bv0H4rmPMKR0FJNrWmylnK7', state=EXPIRED}
Card{id=fe04896f-20d0-6256-3ac3-d0171813e352, bankAccountId=837e0372-59d6-4cbb-bed6-db1aa016e58e, number='y2DdDWV5iadeG0u1gtlhyt1tyrDewKph1bARch0d717+I/TLI9A7qJDn9jX6FBcW', state=ACTIVE}
Card{id=ef07acc9-8322-f230-5b6f-8800cb897b36, bankAccountId=d5f99e28-7a23-488c-9c86-674f4f8cce0a, number='lTQwUmASQzoaiqFcIOb3W3HnXusCUGXCecC7cDn9rR50TUqgxIbdNh+YAvTUW0Ze', state=APPROVED}
Card{id=a51ef873-64cb-b928-3864-5da80bbc8c9b, bankAccountId=93657acb-17ad-4c54-9140-b0599a2c059a, number='EkD4LzcTMQfMQ6zw+9WcH4taoPB5HctpuMQE/QLNEbIS/hzyKHXH4A5Bfq5mwmIa', state=EXPIRED}
Card{id=aa6b4259-a5d9-26b3-dbbb-454ea5a53dfa, bankAccountId=e1e7375a-7f0f-4ec3-ac6b-727208147861, number='mbb90pRrQvwpQyI/bQ7AJQnzeEUrTEN0chLHxilCja3/xn6Wv3G/88r8lv0kRLHv', state=ACTIVE}
Card{id=aaf0c0bf-faed-e5bc-0570-a8325b191b9c, bankAccountId=3a407d9a-39ad-4eda-8dd4-1d6059754bca, number='k22sR7Fu9ixkxUGC1fCOovTBzZzPdHiaq9fPSa76C/Tjf/b/w339odW9l85pIcP7', state=APPROVED}
Card{id=633acb27-e780-26e1-d184-fd365ced81f7, bankAccountId=ca15e1f6-1c94-48bb-a0a9-0307042423bb, number='c+QNpBdhid4HyUfzZeD0iatjzo9pQ72VrDU1fznY2h3mhAYMwsLRK0yN5o+PAntv', state=APPROVED}
Card{id=b75f51fd-d3f7-b57a-28ba-e46ad5f5cce2, bankAccountId=6f8e9383-574e-4a1f-ae66-4d168356f12e, number='nYgIA09WOZGnf97pH1XPOxFmBI8LRbZDwHKe8D/l2cf1Ngfl4dSt3FzjR15uPJ8R', state=ORDERED}
Card{id=47ac4b64-5132-8b4d-7ca7-19b1dec90f9f, bankAccountId=5c3e6436-80e6-483b-9394-9d1e52711683, number='DL3puXFBG/Y77bxQbnrGPxhUjpFuODS79eCRmfjUrEK3W+2ir0S/4tdBrvYbQ26W', state=ACTIVE}
Card{id=716ed1fd-f887-99e7-abb7-e58b01b2b50e, bankAccountId=f5e39ccb-81b6-4a50-8db2-e1755e5cf804, number='eYHiXdGPd2kyFW4QyI4Bm4R7zNyaqHYIu86vK0wjADigIVCQPnD1IELvAmNrdPUs', state=ACTIVE}
Card{id=44a8f186-6d8e-6188-12a3-949f7d9f2192, bankAccountId=e949f7d8-b611-486d-945c-55df8da4c8f2, number='482lNZYEHdDq7OfDinUQC/BSKncFQBNnz64E3WILLqoophQL/Yf2oa3Hdx2szNAo', state=ACTIVE}
Card{id=7f2ddeb4-76d2-4cb6-e306-85fb0f57fab4, bankAccountId=fda493f6-981d-41dc-880d-8c3daeac0607, number='jWSnEr64sGpb7WS1qi68IjecobI17s4ks5XiEyMLwDmypNkkfi/DY+tCLmh5NmPF', state=APPROVED}
Card{id=32fd8d67-3b85-c8d2-2081-f2d4cc9555f3, bankAccountId=8c5e7b3a-9bf8-4d77-8228-21c7e9c07000, number='Cj2ycYbARIGZWAiudMk1wyg3t8qNPlLBclDpCdwqBG/qY2annoje4c4YE1kDtpL7', state=ACTIVE}
Card{id=05344e1d-4ca7-b082-da03-5732c82e4c60, bankAccountId=aa61079e-8746-41ce-9c6c-3bb39226c914, number='GuhyQylVXWfqyWXtWXhviNRKXK4q9i9r1dhNWg/NJt8QbR2aS6Z+YUFQOMlZXWiN', state=BLOCKED}
Card{id=809607dc-b5eb-23cb-af9b-7a394d87bc03, bankAccountId=0cdaca99-5521-4a37-848e-7c6547c457f0, number='urRX3XzIHnMiX/9l+wBUALKtaD/QvZdcKKZir5paoupRy0e9MNxIJP/c9qqw0HJT', state=BLOCKED}
Card{id=fbba5451-fc5c-af6e-2e32-5d6d81b55840, bankAccountId=8e4d9a76-b861-49fc-a081-c235f7129f86, number='KhSP+X5XhARudTmHPJEQFn5hu31fVW27RjYl3I+fh1TL7c4G0Ou9SrLZk3hb3nfa', state=APPROVED}
Card{id=fb2218c0-9a5c-34de-693c-8432955db623, bankAccountId=dc5af675-20f1-407c-9796-09146e1a6fb0, number='4u4cgsvjuxuCul6MsuEtWFvSJPqBbIy792/h7K4U7DLeSvUtULov8mR4YdhnleM/', state=ORDERED}
Card{id=f2010059-8e63-cfd8-4639-b3362ed991bc, bankAccountId=257b56b9-2dbf-4661-bb8e-250ea7de8c37, number='940VnE399ppNDvb+iJKHKi4TzRLNled7WWNaPhzz0FK5agaHH4M/Jg4QqdGidoai', state=ORDERED}
Card{id=6ca55113-0072-0f58-7409-93c0f6523032, bankAccountId=625a8bb8-e010-40dc-8bf7-e65fca0ffdb0, number='XNnj2RZUE9MQJdwAk07Blz4/QoFodkSDPhYfzmPMVMKfknilboXXDaLSNjHPDf3a', state=ACTIVE}
Card{id=51eb2c96-e5f7-6bf6-8a8b-a12af7309763, bankAccountId=baf463c9-3d0e-4584-813e-e27688c7bd47, number='JUNJjd3tHca9wOxFyiDzjYAFHk/znb8G5+2/s2xSJyQXPAH876Mhm9eKOeanG2Bp', state=ACTIVE}
Card{id=ade8ff75-5c7e-b745-b2d3-b8251f8beea1, bankAccountId=d1d151d9-0eba-48c3-86d9-c032a2d91c3d, number='iCpmYK8EUn5IeluTFtGgb9XnH8Z8mFbBL85stAEey3H+RBj9QET4pIJKeNMvwt6Q', state=ACTIVE}
Card{id=f7ede42f-1066-c64d-11e5-1db817cd985f, bankAccountId=ce48ad8a-bc8a-4f2f-beba-ee081410c4a4, number='MOeD4gkzxkxovnX3oa1RhG9lpVzXNBm88WQ/raD4K6D/QP02E1ri9Ym1dzClw59w', state=ACTIVE}
Card{id=3c11fc63-45dd-0770-4aee-464f8450e835, bankAccountId=be179ddf-7da1-41f3-9ffe-0aa9e58d744e, number='gbG84bdMh6tCRSc5O/MDkD0MEBli+9zCrn0b/FaKmPBxjH6uLBCNbVclqMsS0Xct', state=APPROVED}
Card{id=2a6eb212-dee5-dd87-7d18-7dece0a1ee09, bankAccountId=e81e1347-7b71-4cb0-bc2e-a1b9db8200ea, number='hiasRUcSlVShX+AwxclZrNXIVw4dIZCl4hwOmWD7c/xoLflIawyIWsoG/mg4TjWE', state=ACTIVE}
Card{id=12a1beed-d9d8-6586-6b22-8084dab9a766, bankAccountId=eec14642-b01f-4c76-8ef0-eff065bcf1df, number='dqPVDB1r0a/0eCDYDKyt3ZGmI5q5/rXlBJQy24ZUVTBr1mB30fB2KlbgZ60rJulw', state=BLOCKED}
Card{id=a0182183-76c8-60ed-abdb-3da9221189b0, bankAccountId=5b12c808-9166-4564-8b22-b1618ec0f766, number='olX90sGXycnjy1rEA0MgWcjP9JKUSkWcSWvm+QGEvHDWArS/iA0uLt+Byaoa7c2v', state=ACTIVE}
Card{id=75d393c0-eaa6-3e37-a9d2-d138cb89221c, bankAccountId=dc834c4a-72ec-4761-8f34-74bf4f4aebbe, number='V9eVzm8+WUb3DgR3RUIpzY+y/Xv3U/Zf5iIBUvoJqnIgWhkvMSveWMAR4+HKmVK1', state=ACTIVE}
Card{id=9f686ba8-1960-8b2a-dfb0-eb33137a7e50, bankAccountId=95c454e0-2f33-4d4f-9a44-85e1ea96ba54, number='LxRwd449r8H//g96GjDAzjxhAbp1QwxKU1M4WOSrmv1U8WAwncGIntDd2NABRAO9', state=APPROVED}
Card{id=f1b9c105-f02e-c48e-dea5-714c794b2313, bankAccountId=e7806236-e941-4321-8924-f96a225de02d, number='A027MFRzeERhLfoL5Nl/1e8wzbzWE080N8NorhFCqyAs+L6cg26KRMvUF13lTVl5', state=ACTIVE}
Card{id=8bc000d9-c81f-5719-66c8-6b017eb69809, bankAccountId=77aa0857-f286-4193-8921-addb8f72f2c0, number='a7o+GzMyO5CwWqGccxE0YZNYKy3BuxPlTBir3ZXtads/e020Edu+9akb35Sv9EXi', state=ORDERED}
Card{id=ab561b0e-58c2-6c19-5848-7566e16077cb, bankAccountId=3e2e93d7-279f-45a4-8994-3f7e675a7665, number='ftEjdYBA0r15+J22GotQ7pVNk539SMLCr71NrAPLEo5nQ8qU83EFj19n4zIdhLbe', state=ORDERED}
Card{id=ccec6aa2-dd9f-e48c-88b8-4d91927bb7ed, bankAccountId=14a6b609-2511-4417-8cee-f3be2c459ef0, number='B3YdO3PGN1z21l4TFzCo862tT91DfBsLFxq0rL0wHcuWoU/vTjQFab8aycC7azB4', state=ACTIVE}
Card{id=0c495b47-5d3e-1f10-b777-0179b9c8dd22, bankAccountId=531a5e32-b168-4af4-9ae5-db34bc95044c, number='OEyqhzSI0yy0D2BR1pu52WjAF6hNRat2I+MqKFuPGOi9ykSkVLh+Ijk/j/SgSgtj', state=ACTIVE}
Card{id=61d86ee2-9cb8-c512-954f-62460156e697, bankAccountId=cb3e5438-fd2b-4982-b453-444085c91ed8, number='wvi+qWwp4aLH1yIK1VQQdTuAPrNSB3NeO57hZGedf6axSl8rezGVxiytj6q0GPbg', state=BLOCKED}
Card{id=c130c8a6-e0c2-9187-aad2-95b1e8e45658, bankAccountId=b89b9337-b871-4426-8632-2ad7d2ae9e43, number='OgLO+OmAxc9e9LPGAFjwmlUAjTWNaVrX2cXTXU+LYfxW6VYcIUSSk2E6c7Gz1gRP', state=BLOCKED}
Card{id=8d12cc3b-899a-d80c-13dd-ffc500270bb8, bankAccountId=6b6ff954-a66a-4b1c-95b2-1375540651a8, number='4shHk/N1pHxEA40Cwry9R7QlH+WCpMzvRnTPuIYoq/701QVObrW/nW/LTBmtLsGG', state=APPROVED}
Card{id=c01bbba1-884f-31c5-004d-0148115451de, bankAccountId=a06e5aaf-6a04-4481-949a-7c0ac863cb19, number='6gk1Nb6m73UCsQ4khXEZxG6lYs0aj0JONtlxQjIf8+1egYSkBZesA/C6gbgCGI8n', state=ACTIVE}
Card{id=9d671263-f41f-ac1f-44f6-f6c83e57e769, bankAccountId=10b26d83-d415-4c10-8c56-578165909974, number='Em78RdTXtRFFFOCShss/lwnLLO153kOIHOZBAMsU3j16Z2RZATCvD08tOIrLXk4Q', state=ACTIVE}
Card{id=509a7469-9fab-7245-6165-f2eb0a870b14, bankAccountId=ea5e4b1b-f6ef-4951-9247-240ae1708a30, number='uhGvfajy1N5KwMnVS+nJiRBBIc7FVlP2WPQBT131U3x5T6sQ/v4NyBbfqOVFU9BI', state=ACTIVE}
Card{id=015c2875-599a-9ebf-11b9-3faa54368001, bankAccountId=70b3232d-cbc5-4242-9f17-f1738cd1c9b8, number='+kFbDRriXsXzYV3Gds7UAlmyDzM6a0qv6D7AXCaXYyuFJQzNQlkWoTkDfm1bh9au', state=ACTIVE}
Card{id=54f8fad8-45d1-da34-4e25-dccc89239c99, bankAccountId=69af8c40-359b-400d-b2b6-2706d177633a, number='mYv6jOtK/ZLPT7Q9C4taL58vr0tSKXHP3kmFEimnC9IHHwaBn5zMOP4CXnwQvCqo', state=EXPIRED}
Card{id=8eb26c40-dd50-6ae5-58b1-2147b44bebed, bankAccountId=a565b5e3-3248-4e39-bd25-952d5170b19f, number='IG2Ycixtr6AROPDYbgZozL7vfznvZdGevD2oegQ5PJDEw1RotZI52gAbvTnWG/Zu', state=EXPIRED}
Card{id=ea5f3220-7c21-8934-f2f7-3b321926ad5d, bankAccountId=3a0c75ce-5afe-4130-bc42-d637dfed04cc, number='EBEIuFQTisu7epsUvUis+vNGG/ATOmkLx7ixmdmIRJ02Q7DeSNj5GSCEX3724lFT', state=ACTIVE}
Card{id=20f0260b-a263-2362-35aa-3087ab629b36, bankAccountId=8e0df86f-c520-453f-91c0-f54cffc2f2ff, number='24LXLWQ88j3KxQm4sHmWLMgnLdbJUvWcqiRnCsjCAOBDkSFbyjRw7cL2RmD0biwI', state=ACTIVE}
Card{id=a516d864-f022-d351-9584-1795dc95e772, bankAccountId=469f9b4d-de25-49b9-9ffc-9ed4ce3ec926, number='k+SiSOT8ZHbTL1krCdHokcUBJmSfj+goQ54hAuLTXYVJISbZHXg7Lbb6OG2dasxF', state=APPROVED}
Card{id=d0fd980f-7749-7db4-c489-0ce6fc9ecb1d, bankAccountId=46185459-3304-45d1-877e-10d2aaa79fda, number='LVyPQd6nLZGlXaA6ggSSi+ZLZZQ3eQ16CV71P8xNUU8sU0Lwo7Tc6mfFqVo+ehDQ', state=ORDERED}
Card{id=ddbc0db1-6d9d-11d2-f059-1efd25711a21, bankAccountId=da964347-18f1-493f-a62a-0d5916759a9c, number='lvLXtB7JlACR7zi72FOWHGVatfSDg6QQ/3J3Tb+2X4FACACeJxi7yxiwM8ocUKWF', state=ACTIVE}
Card{id=bc546a6c-f8a7-a68a-5c33-66db93e9d15b, bankAccountId=119b25f4-193c-48f2-accf-ea104d3edc40, number='bBeqenUd1id6nncn4US1N1MiUiyaWpm/q1BYPe2f3CzuWLARsqQQVjXcJh0vCexC', state=ACTIVE}
Card{id=13b2b459-9a3b-8ead-975b-d1079ce18194, bankAccountId=5d221068-9add-4090-98ea-582182fc30a0, number='1Xr1ii1n501dbQhzo8jLlnj5XxU95c/wuG3tsjB6uEHsc2nTnpXF9PvgtaG+NMLQ', state=ACTIVE}
Card{id=b52e49b1-dbd6-3bc5-0bd9-2ca5884897c4, bankAccountId=d34bc0d0-1654-486b-a72e-e99cb3184669, number='lyBAhc/L0R4w+E1kvVCdutx4vySyWDuO/IAWHBpu2JxwszCJCf7f68iZCE5pWtvr', state=ACTIVE}
Card{id=a14bb130-4c51-1f4a-8db6-c00b0deaa57c, bankAccountId=ef807a62-6920-490b-b1c9-7fc006d05f86, number='CLycVUKcc2JmYTNBHGw85UXTTEvMvqEEOCXkvqYai6PRB8DAkNXWJgqgVVnEwjHD', state=ACTIVE}
Card{id=989473b4-7f14-d529-b34a-5cdbe6cdbf5c, bankAccountId=aaef5da2-375d-4865-9f17-ff316ee7122c, number='CwcTZTmA/KsNO8kjmCr4qiw13fXYDkj3uYRA+lTnxnZ2xA7K6xR3Cs2aDdcj8VHY', state=EXPIRED}
Card{id=69433d1c-28b0-216f-d31c-8be0aa097778, bankAccountId=15f75e6e-ebc9-4d45-b959-cc7058b0b3ec, number='Gz87nTuxJ564Cdy7DMAdvLrMeS1E1Z1jnZKnYuo6km33vpWfkOHPSAbGcXbVo+rh', state=ACTIVE}
Card{id=663ae3b9-f455-70a1-ef4a-09a18c00447a, bankAccountId=72c8bbbd-ee34-4916-901b-36df04b23788, number='yCmJlDAZW9B/q09OhJERhudx7Obe4MV+8TLalYcYyL5QWxsCa6Wb801jkmUXbtc0', state=ACTIVE}
Card{id=8e65f5cd-3732-8462-6323-f58d37b3d0b3, bankAccountId=2caf254d-b7af-4b99-a0c8-8e5c8faa8825, number='sYU+FOj+W7HT2ZnUt383zwzHhhx5iEY0PBcfb5xwk2pLm4wh06koPekIV3h2XeRY', state=ACTIVE}
Card{id=cc87e736-2e43-ef33-2dc2-cdeea14238c5, bankAccountId=9da73bd1-cd5f-43ac-97ec-0a91a091f35c, number='x43ATA8fuKNaPTLA/G6m9QCQFuQpVdnTmBAYCzZM3jKPKTz9iLFot4tk9CPWrwsZ', state=ACTIVE}
Card{id=497038cb-30ff-6448-1285-77d28b750291, bankAccountId=fc05df16-5968-4f6b-9c23-65e048e659ab, number='cJNB5tF6x0laNY+MX04wHRTwXAImhkeLq6L1BeggXZHxWEX9VztDKG92UrSgQNm4', state=EXPIRED}
Card{id=b8a47256-7d08-329b-7127-3efc9ecdf341, bankAccountId=842b8717-41bf-45d5-aab1-e4e7a7049eae, number='FP+lDZzn03nXFgkHaZ7AhRYwN+A4VEP4ICDqzz551wMKvJRJMGByl82OUogB240y', state=EXPIRED}
Card{id=66c7eb94-d43f-a12c-6142-0abbca6a25ba, bankAccountId=bc8cb022-6454-4f7a-915b-ad776c34b5d7, number='CYhfCHAwXSlQszyGO9XYWBzIZmf1ujmtFXOLm8ar/HX2r+wA2IfkQbTuxLzWvoCg', state=ACTIVE}
Card{id=f7c7571a-dfe0-07a2-6b5e-6481fca1407f, bankAccountId=0923a0bc-2c64-422e-baec-2b15a2456a7b, number='Z8Xrh1Lp9iDJvXF5hiMa3fgsK7uv/oaIVhZc6dLJbz01L2hIrNrpLAuax2w1qQXr', state=ACTIVE}
Card{id=fcf4324d-8a59-47fc-4feb-0d5237939274, bankAccountId=0e200547-06e0-4af3-8713-233c3cba8b89, number='QUwEJQkrqTMmdSN9pgr5X1UoZUL/VOZ0veUuPC4F8KtUF6QneA4zo19qNA4K4UJc', state=ACTIVE}
Card{id=030a5a67-a501-f137-1ac7-c0ab094b1a18, bankAccountId=be14077e-4083-433f-92d7-45973b0d0f52, number='iNOiDUhpIbZDzaeS8CcuM1YjCFWycHHFomNDe1M2WD8uZu8FbS+8FSQO8K1ftYqw', state=ACTIVE}
Card{id=8a6ac8af-1763-f1fa-2d08-c776461a9914, bankAccountId=3f50cae7-12b8-4537-b037-f41bad84e60d, number='t3KvE97N7eDI6SAagzDsjQXIcGUclgJfDv/0M0NUbCHJfosRv3tLDk/imWu0IuBn', state=ACTIVE}
Card{id=db5f7d72-3e01-f2f5-8873-195952faf86e, bankAccountId=c0c2d4d8-07f0-46f4-b58d-3407889ad219, number='QvWiUcJDdf1/L3NV3KNwrbT5rh5JB8gcdnbTElhdCpDFqPNGZ5Z1CnWVwd3ENjZZ', state=ACTIVE}
Card{id=1fa51c19-4f44-0589-a022-a33e3a878c20, bankAccountId=7b6e882a-0436-4ff9-924d-5e2b6b31ad06, number='SXT2n1vMUEqbJVyiwkR77GsUI6H1jYmX4pix3KwXsWzRueMVXb6MpNqLbxgzxoeX', state=ACTIVE}
Card{id=cb648d86-87de-a12d-322a-eca9690385bd, bankAccountId=9796a89e-6c28-4fc0-8ba7-19d505b18e76, number='fZZs0MEnBexTJklnNZplCHDNG/WfKpvXYC84rYKruEcV3PJfnMx8r3dO5WhhNm7w', state=ACTIVE}
Card{id=4208a4e3-6ee3-878f-66a9-dce764406841, bankAccountId=95be02a2-f30f-4b8a-9326-d9058f64f014, number='r1+t7+VT5zaOfiAwLxXcnF0sUbNJbPPHSEmht9xy5MRIMEzuS4CrBnEHrUYw4lgP', state=ACTIVE}
Card{id=990fa800-3522-c63e-e59e-f67f91b89432, bankAccountId=0fd9ff92-4154-4a21-8ac8-03438435d42d, number='nH27fzsN7IxUV414QFC2+BmWY52GiEmeM6kLplOIEatpYzYAKv8Qqumm2TNHycoF', state=APPROVED}
Card{id=ad83c2a7-686c-7fdf-aa31-e99d749e1d34, bankAccountId=e46a9f99-b4f0-4179-8534-32701ab0c95a, number='0/LTFGOHPoJAJqy1yMcd2gVTYfcFI2cHaS9LjqCWYT1aJRTuPTMWOStpn4qz/St6', state=EXPIRED}
Card{id=16388f7d-28a3-6736-f934-aa413a4fcd7d, bankAccountId=03d1e145-2d35-41d4-a6a3-472db18a07a8, number='EjHbRKNxeqBYECUACxPkjMrNmMGAtr/TdiSuvKXFwf1gcQZpbmoIWWjSaNXvTCus', state=ACTIVE}
Card{id=1e038b69-b38d-9f09-7ccd-d433a22d9e04, bankAccountId=c921502f-0277-4b3c-bef9-d3329644fd09, number='ZCKQuCGdZYomL//8+8HPdjwtFF0unz4xXwhaup6106o/oRFnX2tscP/xSnOEbwbO', state=ACTIVE}
Card{id=25befb16-4425-89f1-7c04-025e330e9e4f, bankAccountId=470d483f-0d03-44a8-beff-23f3d95700b9, number='T10DdSNroIMRsR+uXhUvXivFs1bDNhdFrMB18tXscOPsqYBJCyivOiqQxqGnIyAo', state=ACTIVE}
Card{id=cfb5ad6b-dbad-b9fd-f53d-4cae3767dc01, bankAccountId=11f90251-114e-4903-b5fe-33c7c3bb74d3, number='z26OJsMpbv+Sw96yliXXsyTU4JMSpfRbx8ieAqMeY7nrlHDNYmGQxaQr6LZIOgbU', state=ACTIVE}
Card{id=850b3cbe-af38-38d2-07ec-d735c5d2eb09, bankAccountId=5e6e96ad-c44c-4709-95b9-f25afbd98546, number='o2rGuIozuMfOcmJcYffuxdnYC1i+pemDsZRKROMoumlL7L5CnvpMSTm6MWQA8l0k', state=ACTIVE}
Card{id=a4e86806-82c6-24a0-f11d-c512313af4dc, bankAccountId=fa14e77b-9e45-4c61-937b-fb7a2502855c, number='lrh2Bx31d5iV1Qvb4/bE5zf5Q/+h/u1vcjCY+s1dtmtOIoL+zP0ARppzzO7kmYVZ', state=ACTIVE}
Card{id=052ec8dc-b382-6ea2-bdb3-63b564844275, bankAccountId=3c1ed125-df70-4511-adc6-ab5c999778e3, number='diOE4uAsFcyu3FLbbjUB7u9c6PsVHm98VzCe5OnTHzDeJHrHAu5+X9IjmQ+APbqp', state=ACTIVE}
Card{id=e938e96c-b8d1-8bfc-ca85-83038a20b2e9, bankAccountId=84cb3c7e-4584-431e-a24c-78eeb01bfa79, number='sJTJBw/nhyZD78GN98ikLCqfbiZnbZl/XzWT6xm8K+lbAqfFcpK7KQcvWgfD4MSX', state=ORDERED}
Card{id=f3ad6f0d-1723-fd76-544a-f2ff05eaa6ac, bankAccountId=f633b6d3-9b61-41e6-8582-eac8a2838885, number='RudT3FzPPZieNRY8IbYSHU8/L/z68GTRT1NkZioxm+ky0Qj5IPiQQY7NOeKtvt2y', state=EXPIRED}
Card{id=771f6bdf-dec3-21d6-3374-0a60161c3d43, bankAccountId=bc6c3258-d5f0-409c-8fca-3f89d529039e, number='luCJV/Hv7LfL4HS4CvWxcgUfzbVg20alXVATTipQ6Z74WC7Sqto+WwaMCy2ZvxGc', state=ACTIVE}
Card{id=30485ba0-d428-652c-e0f6-b3dcd2075c98, bankAccountId=17fb3341-f1ef-4e60-bdd9-b4f6812bfedb, number='3ItX5aJC2x34vNsFeJJrPdtGsrPCEndVPWYAuLq2apkVee4QrajakkgPlIABmxC9', state=EXPIRED}
Card{id=316d6616-cf50-ba0d-7a04-b665f42a378b, bankAccountId=a8ee5844-ba20-47ce-ad14-a9cabd0b835e, number='hHkajyahCAKHhrj3+rWg8NsMis9IDm/wiZnGSG6IlKkfyLLDCqcKmFscbm74k62a', state=APPROVED}
Card{id=3379765e-2ee8-907f-1869-1f13b5f45194, bankAccountId=dcfe144c-d725-4862-8df7-3c8721ecb5d1, number='Tz0mb0PGlMFL+eoASdiP2CxIwzDV37OpGeHxwg8Tz10h27i4HUAZyMB3bUQqGw+o', state=APPROVED}
Card{id=87a41417-e823-c7c5-e616-5e4eab9988fa, bankAccountId=ac0988e9-c6e1-454b-9d35-d80509f588b3, number='aaJL+NmUjX7oZIidtRe34qcpXAoJ3pfkTSS4aIKyS+X0CNGpgPGqhwwuaoyaJMSC', state=BLOCKED}
]]></system-out>
    <system-err><![CDATA[[2024-10-10 08:54:49.350] - 18528 INFO [main] --- liquibase.database: Set default schema name to PUBLIC
[2024-10-10 08:54:49.367] - 18528 INFO [main] --- liquibase.lockservice: Successfully acquired change log lock
[2024-10-10 08:54:49.379] - 18528 INFO [main] --- liquibase.changelog: Reading resource: db/changelog/01.000.00/20240919-001-ddl-create-tables.yaml
[2024-10-10 08:54:49.437] - 18528 INFO [main] --- liquibase.changelog: Reading resource: db/changelog/01.000.00/20240925-001-ddl-create-tables.yaml
[2024-10-10 08:54:49.460] - 18528 INFO [main] --- liquibase.changelog: Reading resource: db/changelog/01.000.00/20241008-001-dml-insert-rows.yaml
[2024-10-10 08:54:49.489] - 18528 INFO [main] --- liquibase.changelog: Reading from PUBLIC.DATABASECHANGELOG
[2024-10-10 08:54:49.539] - 18528 INFO [main] --- liquibase.util: UPDATE SUMMARY
[2024-10-10 08:54:49.539] - 18528 INFO [main] --- liquibase.util: Run:                          0
[2024-10-10 08:54:49.540] - 18528 INFO [main] --- liquibase.util: Previously run:               3
[2024-10-10 08:54:49.540] - 18528 INFO [main] --- liquibase.util: Filtered out:                 0
[2024-10-10 08:54:49.540] - 18528 INFO [main] --- liquibase.util: -------------------------------
[2024-10-10 08:54:49.541] - 18528 INFO [main] --- liquibase.util: Total change sets:            3

[2024-10-10 08:54:49.541] - 18528 INFO [main] --- liquibase.util: Update summary generated
[2024-10-10 08:54:49.543] - 18528 INFO [main] --- liquibase.lockservice: Successfully released change log lock
[2024-10-10 08:54:49.548] - 18528 INFO [main] --- liquibase.lockservice: Successfully released change log lock
[2024-10-10 08:54:49.548] - 18528 INFO [main] --- liquibase.command: Command execution complete
]]></system-err>
  </testcase>
  <testcase name="createUser_ShouldInsertUserAndReturnCreatedUser" classname="ru.sberstart.finalproject.infrastructure.repostitory.UserRepositoryImplIntegrationTest" time="0.014"/>
  <testcase name="updateUserRoles" classname="ru.sberstart.finalproject.infrastructure.repostitory.UserRepositoryImplIntegrationTest" time="0.033"/>
  <testcase name="getUserWithRoles" classname="ru.sberstart.finalproject.infrastructure.repostitory.UserRepositoryImplIntegrationTest" time="0.014"/>
</testsuite>